
# 2006-11-04 17.17.27 # com.appium.impl.core.xee.Bootstrap                                                         # Info      # ========== Process starting ========== # 
# 2006-11-04 17.17.32 # com.appium.impl.core.xee.XManagerImpl.virtual                                              # Info      # [XHandler Loaded] com.appium.impl.core.xee.LockImpl.LockImplMain$FactoryImpl (0 ms) # 
# 2006-11-04 17.17.32 # com.appium.impl.core.xee.XManagerImpl.virtual                                              # Info      # [XHandler Loaded] com.appium.impl.upgrade.RemoveOldTags/RemoveOldTags (0 ms) # 
# 2006-11-04 17.17.32 # com.appium.impl.core.xee.XFileImpl.XLockableFileImpl                                       # Info      # Number of File Format Upgrade Handlers: 1 # 
# 2006-11-04 17.17.32 # com.appium.impl.core.xee.XFileImpl.XLockableFileImpl                                       # Info      # File format checked without changes by com.appium.impl.upgrade.RemoveOldTags # 
# 2006-11-04 17.17.32 # com.appium.impl.core.xee.XManagerImpl.virtual                                              # Info      # [XHandler Loaded] com.appium.impl.core.xee.XFileImpl.XLockableFileImpl/primary-config-file (32 ms) # 
# 2006-11-04 17.17.33 # com.appium.impl.core.xee.XManagerImpl.virtual                                              # Info      # [XHandler Loaded] com.appium.impl.core.xee.XCryptoImpl.XCryptoImplMain (1312 ms) # 
# 2006-11-04 17.17.36 # com.appium.impl.core.xee.XManagerImpl.virtual                                              # Info      # [XHandler Loaded] com.appium.impl.core.xee.XCorbaImpl.XCorbaImplMain/corba (2688 ms) # 
# 2006-11-04 17.17.36 # com.appium.impl.core.xee.XManagerImpl.virtual                                              # Info      # [XHandler Loaded] com.appium.impl.core.xee.XContextImpl.XContextImplMain (15 ms) # 
# 2006-11-04 17.17.36 # com.appium.impl.core.xee.XManagerImpl.virtual                                              # Info      # [XHandler Loaded] com.appium.impl.core.xee.XRunnerImpl.XRunnerImplMain/Registration Thread Pool (16 ms) # 
# 2006-11-04 17.17.36 # com.appium.impl.core.xee.XProcessImpl.XProcessImplMain                                     # Info      # XProcess.type: OAMServer # 
# 2006-11-04 17.17.36 # com.appium.impl.core.xee.XProcessImpl.XProcessImplMain                                     # Info      # XProcess.group: Primary # 
# 2006-11-04 17.17.36 # com.appium.impl.core.xee.XProcessImpl.XProcessImplMain                                     # Info      # XProcess.processID: OAMServer.Primary # 
# 2006-11-04 17.17.36 # com.appium.impl.core.xee.XProcessImpl.XProcessImplMain                                     # Info      # XProcess.index: 0 # 
# 2006-11-04 17.17.36 # com.appium.impl.core.xee.XProcessImpl.XProcessImplMain                                     # Info      # XProcess.OAMServerAddress (supplied): Acer # 
# 2006-11-04 17.17.36 # com.appium.impl.core.xee.XProcessImpl.XProcessImplMain                                     # Info      # XProcess.OAMServerAddress (complete): Acer:20000 # 
# 2006-11-04 17.17.36 # com.appium.impl.core.xee.XProcessImpl                                                      # Info      # Exposing MainRegistryAccess port on: 20000 # 
# 2006-11-04 17.17.36 # com.appium.impl.core.xee.XProcessImpl                                                      # Info      # RegistrationHandler created for Acer:20000 # 
# 2006-11-04 17.17.36 # com.appium.impl.core.xee.XProcessImpl                                                      # Info      # RegistrationHandler for Acer:20000 will run locally without CORBA communication. # 
# 2006-11-04 17.17.36 # com.appium.impl.core.xee.XProcessImpl                                                      # Info      # RegistrationHandler started for Acer:20000 # 
# 2006-11-04 17.17.37 # com.appium.impl.core.xee.XManagerImpl.virtual                                              # Info      # [XHandler Loaded] com.appium.impl.core.xee.XProcessImpl.XProcessImplMain (594 ms) # 
# 2006-11-04 17.17.37 # com.appium.impl.core.xee.XProcessImpl                                                      # Info      # Registration available on: Acer:20000 # 
# 2006-11-04 17.17.37 # com.appium.impl.core.xee.XProcessImpl                                                      # Info      # Registering object: OAMServer on Acer:20000 # 
# 2006-11-04 17.17.37 # com.appium.impl.core.xee.XProcessImpl                                                      # Info      # Registering object: XTransport on Acer:20000 # 
# 2006-11-04 17.17.37 # com.appium.impl.core.xee.XProcessImpl                                                      # Info      # Process online: OAMServer.Primary (inactive) # 
# 2006-11-04 17.17.37 # com.appium.impl.core.xee.XProcessImpl                                                      # Info      # Starting Process Surveillance Thread for OAMServer.Primary # 
# 2006-11-04 17.17.37 # com.appium.impl.core.xee.XProcessImpl                                                      # Info      # Object active (new): XTransport_Primary@OAMServer.Primary (reported by ObjectRegistry) # 
# 2006-11-04 17.17.37 # com.appium.impl.core.xee.XManagerImpl.virtual                                              # Info      # [XHandler Loaded] com.appium.impl.core.xee.XTransportImpl.XTransportImplMain (484 ms) # 
# 2006-11-04 17.17.37 # com.appium.impl.core.xee.XFileImpl.XSynchronizedFileImpl                                   # Error     # Failed to copy xml file content from remote OAM Server  - XTransport$REMOTE_XHANDLER_NOT_FOUND - No XHandler with the ID='secondary-config-file' could be found in any process. # 
com.appium.core.xee.XTransport$REMOTE_XHANDLER_NOT_FOUND: No XHandler with the ID='secondary-config-file' could be found in any process.
	at com.appium.impl.core.xee.XTransportImpl.XTransportImplMain$ObjectInvocationHandler.invoke(Unknown Source)
	at $Proxy9.load(Unknown Source)
	at com.appium.impl.core.xee.XFileImpl.XSynchronizedFileImpl.a(Unknown Source)
	at com.appium.impl.core.xee.XFileImpl.XSynchronizedFileImpl.<init>(Unknown Source)
	at sun.reflect.NativeConstructorAccessorImpl.newInstance0(Native Method)
	at sun.reflect.NativeConstructorAccessorImpl.newInstance(Unknown Source)
	at sun.reflect.DelegatingConstructorAccessorImpl.newInstance(Unknown Source)
	at java.lang.reflect.Constructor.newInstance(Unknown Source)
	at com.appium.impl.core.xee.XManagerImpl.virtual.h$d_$0.b(Unknown Source)
	at com.appium.impl.core.xee.XManagerImpl.d.run(Unknown Source)

# 2006-11-04 17.17.37 # com.appium.impl.core.xee.XManagerImpl.virtual                                              # Info      # [XHandler Loaded] com.appium.impl.core.xee.XFileImpl.XSynchronizedFileImpl/TASxml (0 ms) # 
# 2006-11-04 17.17.37 # com.appium.impl.core.xee.XManagerImpl.virtual                                              # Info      # [XHandler Loaded] com.appium.impl.core.xee.XConfigImpl.XConfigImplMain/xconfig (0 ms) # 
# 2006-11-04 17.17.37 # com.appium.impl.core.xee.XManagerImpl.virtual                                              # Info      # [XHandler Loaded] com.appium.impl.core.xee.XProcessImpl.XProcessConfigurator/xprocess-configurator (0 ms) # 
# 2006-11-04 17.17.37 # com.appium.impl.core.xee.XManagerImpl.virtual                                              # Info      # [XHandler Loaded] com.appium.Basement.Registry.LegacyRegistryToXEEAdaptor (234 ms) # 
# 2006-11-04 17.17.38 # com.appium.impl.core.xee.XManagerImpl.virtual                                              # Info      # [XHandler Loaded] com.appium.Basement.Registry.OAM.ConfigXMLEditorBackendProviderImpl (156 ms) # 
# 2006-11-04 17.17.38 # com.appium.impl.core.xee.XManagerImpl.virtual                                              # Info      # [XHandler Loaded] com.appium.impl.core.xee.XSessionsImpl.e/session-distributed-registry (62 ms) # 
# 2006-11-04 17.17.38 # com.appium.impl.core.xee.XManagerImpl.virtual                                              # Info      # [XHandler Loaded] com.appium.impl.core.xee.XSessionsImpl.a/basic-session-id-handler (16 ms) # 
# 2006-11-04 17.17.38 # com.appium.impl.core.xee.XManagerImpl.virtual                                              # Info      # [XHandler Loaded] com.appium.impl.core.xee.XSessionsImpl.XSessionsImplMain/xsessions (0 ms) # 
# 2006-11-04 17.17.39 # com.appium.impl.core.xee.XManagerImpl.virtual                                              # Info      # [Secret XNode Registration] license.menu # 
# 2006-11-04 17.17.39 # com.appium.impl.core.xee.XManagerImpl.virtual                                              # Info      # [XHandler Loaded] com.appium.Basement.XNodeConfig.XEEXNodesXHandler (0 ms) # 
# 2006-11-04 17.17.43 # com.appium.impl.core.xee.XManagerImpl.virtual                                              # Info      # [Secret XNode Registration] basement.menu # 
# 2006-11-04 17.17.43 # com.appium.impl.core.xee.XManagerImpl.virtual                                              # Info      # [Secret XNode Registration] LinkSurveillance.menu # 
# 2006-11-04 17.17.43 # com.appium.impl.core.xee.XManagerImpl.virtual                                              # Info      # [Secret XNode Registration] versionhistory.menu # 
# 2006-11-04 17.17.43 # com.appium.impl.core.xee.XManagerImpl.virtual                                              # Info      # [XHandler Loaded] com.appium.Registry.RegistryPlatformModule (5266 ms) # 
# 2006-11-04 17.17.43 # com.appium.impl.core.xee.XManagerImpl.virtual                                              # Info      # [XHandler Loaded] com.appium.XView.Server.Backend.LogFileMarkerInserter$Impl/logfile-marker-inserter (0 ms) # 
# 2006-11-04 17.17.43 # com.appium.impl.core.xee.XManagerImpl.virtual                                              # Info      # [XHandler Loaded] com.appium.ExecDaemon.Client.ExecDaemonMonitor (0 ms) # 
# 2006-11-04 17.17.43 # com.appium.impl.core.xee.XManagerImpl.virtual                                              # Info      # [XHandler Loaded] com.appium.Monitoring.Alarm.d/alarm-info (0 ms) # 
# 2006-11-04 17.17.43 # com.appium.impl.core.xee.XManagerImpl.virtual                                              # Info      # [XHandler Loaded] com.appium.Monitoring.Alarm.AlarmLog/alarms (219 ms) # 
# 2006-11-04 17.17.43 # com.appium.impl.core.xee.XManagerImpl.virtual                                              # Info      # [XHandler Loaded] com.appium.Monitoring.StatusInfo.a/status-info (16 ms) # 
# 2006-11-04 17.17.44 # com.appium.impl.core.xee.XManagerImpl.virtual                                              # Info      # [XHandler Loaded] com.appium.Monitoring.Log.LogImplMain/logging (62 ms) # 
# 2006-11-04 17.17.44 # com.appium.impl.core.xee.XManagerImpl.virtual                                              # Info      # [XHandler Loaded] com.appium.Monitoring.Statistics.StatisticsImplMain/statistics (78 ms) # 
# 2006-11-04 17.17.44 # com.appium.impl.core.xee.XProcessImpl                                                      # Info      # Registering object: StatusInfoAccess on Acer:20000 # 
# 2006-11-04 17.17.44 # com.appium.impl.core.xee.XProcessImpl                                                      # Info      # Object active (new): StatusInfoAccess_Primary@OAMServer.Primary (reported by ObjectRegistry) # 
# 2006-11-04 17.17.44 # com.appium.impl.core.xee.XManagerImpl.virtual                                              # Info      # [XHandler Loaded] lib\wrappers\Kannel/com.appium.ResourceAdaptor.Wrappers.ResourceAdaptor/Kannel (16 ms) # 
# 2006-11-04 17.17.44 # com.appium.impl.core.xee.XManagerImpl.virtual                                              # Info      # [XHandler Loaded] lib\wrappers\OMA/com.appium.ResourceAdaptor.Wrappers.ResourceAdaptor/OMA (0 ms) # 
# 2006-11-04 17.17.44 # com.appium.impl.core.xee.XManagerImpl.virtual                                              # Info      # [XHandler Loaded] lib\wrappers\OSAX/com.appium.ParlayAdaptor.Wrappers.OSAX.ParlayAdaptor/OSAX (0 ms) # 
# 2006-11-04 17.17.44 # com.appium.impl.core.xee.XManagerImpl.virtual                                              # Info      # [XHandler Loaded] lib\wrappers\Parlay213/com.appium.ParlayAdaptor.Wrappers.ParlayAdaptor/Parlay213 (15 ms) # 
# 2006-11-04 17.17.44 # com.appium.Monitoring.Log.DebugLog                                                         # Info      # Purging Debug log files before 2006-11-02 17:17:44 # 
# 2006-11-04 17.17.49 # com.appium.impl.core.xee.XManagerImpl.virtual                                              # Info      # [XHandler Loaded] com.appium.TAS.RateControl.CoreImpl.LoadEstimationFactoryImpl (0 ms) # 
# 2006-11-04 17.17.49 # com.appium.impl.core.xee.XManagerImpl.virtual                                              # Info      # [XHandler Loaded] lib\wrappers\Parlay31/com.appium.ParlayAdaptor.Wrappers.ParlayAdaptor/Parlay31 (0 ms) # 
# 2006-11-04 17.17.51 # com.appium.impl.core.xee.XManagerImpl.virtual                                              # Info      # [XHandler Loaded] lib\wrappers\Parlay32/com.appium.ParlayAdaptor.Wrappers.ParlayAdaptor/Parlay32 (0 ms) # 
# 2006-11-04 17.17.52 # com.appium.impl.core.xee.XManagerImpl.virtual                                              # Info      # [XHandler Loaded] com.appium.ResourceAdapterLoader.ResourceAdapterPlatformModule (343 ms) # 
# 2006-11-04 17.17.52 # com.appium.impl.core.xee.XManagerImpl.virtual                                              # Info      # [XHandler Loaded] com.appium.SNMP.a/snmp (0 ms) # 
# 2006-11-04 17.17.52 # com.appium.impl.core.xee.XManagerImpl.virtual                                              # Info      # [XHandler Loaded] com.appium.SystemInfo.ProcessInfoModule (187 ms) # 
# 2006-11-04 17.17.52 # com.appium.SystemInfo.SystemStatisticsModule                                               # Event     # Starting System Statistics... # 
# 2006-11-04 17.17.52 # com.appium.impl.core.xee.XManagerImpl.virtual                                              # Info      # [XHandler Loaded] com.appium.SystemInfo.SystemStatisticsModule (0 ms) # 
# 2006-11-04 17.17.52 # com.appium.impl.core.xee.XManagerImpl.virtual                                              # Info      # [XHandler Loaded] com.appium.TAS.RateControl.StaticRateAdaptor.StaticRateAdaptorFactory (0 ms) # 
# 2006-11-04 17.17.52 # com.appium.impl.core.xee.XManagerImpl.virtual                                              # Info      # [XHandler Loaded] com.appium.TAS.RateControl.LoadLevelRateAdaptor.LoadLevelRateAdaptorFactory (0 ms) # 
# 2006-11-04 17.17.52 # com.appium.impl.core.xee.XManagerImpl.virtual                                              # Info      # [XHandler Loaded] com.appium.TAS.RateControl.LeakyBucketRateRestrictor2.LeakyBucketRRFactory (0 ms) # 
# 2006-11-04 17.17.52 # com.appium.impl.core.xee.XManagerImpl.virtual                                              # Info      # [XHandler Loaded] com.appium.TAS.RateControl.CoreImpl.LoadConfigImpl (0 ms) # 
# 2006-11-04 17.17.52 # com.appium.impl.core.xee.XManagerImpl.virtual                                              # Info      # [XHandler Loaded] com.appium.TAS.RateControl.RateManager (0 ms) # 
# 2006-11-04 17.17.52 # com.appium.impl.core.xee.XManagerImpl.virtual                                              # Info      # [Secret XNode Registration] sessiontransport.menu # 
# 2006-11-04 17.17.52 # com.appium.impl.core.xee.XManagerImpl.virtual                                              # Info      # [Secret XNode Registration] serviceconfig.menu # 
# 2006-11-04 17.17.52 # com.appium.impl.core.xee.XManagerImpl.virtual                                              # Info      # [Secret XNode Registration] sc.sl.service_list.menu # 
# 2006-11-04 17.17.52 # com.appium.impl.core.xee.XManagerImpl.virtual                                              # Info      # [XHandler Loaded] com.appium.TAS.TASPlatformModule (109 ms) # 
# 2006-11-04 17.17.52 # com.appium.impl.core.xee.XManagerImpl.virtual                                              # Info      # [XHandler Loaded] com.appium.Basement.UserRoles.UserGroupConfig/user-roles (47 ms) # 
# 2006-11-04 17.17.52 # com.appium.impl.core.xee.XManagerImpl.virtual                                              # Info      # [XHandler Loaded] com.appium.Basement.XNodeEditor.XNodeEditorMain (0 ms) # 
# 2006-11-04 17.17.52 # com.appium.impl.core.xee.XManagerImpl.virtual                                              # Info      # [XHandler Loaded] com.appium.TASStatusRMI.a (0 ms) # 
# 2006-11-04 17.17.52 # com.appium.impl.core.xee.XManagerImpl.virtual                                              # Info      # [XHandler Loaded] com.appium.Monitoring.Alarm.e/alarm-global-cache (47 ms) # 
# 2006-11-04 17.17.53 # com.appium.impl.core.xee.XManagerImpl.virtual                                              # Info      # [XHandler Loaded] com.appium.SNMP.f/snmp-with-control (422 ms) # 
# 2006-11-04 17.17.53 # com.appium.impl.core.xee.XProcessImpl                                                      # Info      # Registering object: TraceReceiver on Acer:20000 # 
# 2006-11-04 17.17.53 # com.appium.impl.core.xee.XProcessImpl                                                      # Info      # Object active (new): TraceReceiver_Primary@OAMServer.Primary (reported by ObjectRegistry) # 
# 2006-11-04 17.17.54 # com.appium.impl.core.xee.XManagerImpl.virtual                                              # Info      # [XHandler Loaded] com.appium.ExecDaemon.ExecDaemonMain (968 ms) # 
# 2006-11-04 17.17.54 # com.appium.impl.core.xee.XManagerImpl.virtual                                              # Info      # [XHandler Loaded] com.appium.XView.Server.FileAccess.FileAccessDaemonModule (16 ms) # 
# 2006-11-04 17.17.54 # com.appium.impl.core.xee.XManagerImpl.virtual                                              # Info      # [XHandler Loaded] com.appium.Monitoring.StatusInfo.HostStatusDaemonModule (47 ms) # 
# 2006-11-04 17.17.54 # com.appium.SystemInfo.SystemInfoModule                                                     # Event     # Starting System Info... # 
# 2006-11-04 17.17.54 # com.appium.impl.core.xee.XManagerImpl.virtual                                              # Info      # [XHandler Loaded] com.appium.SystemInfo.SystemInfoModule (62 ms) # 
# 2006-11-04 17.17.54 # com.appium.impl.core.xee.XManagerImpl.virtual                                              # Info      # [XHandler Loaded] com.appium.Registry.Config.GroupManager (0 ms) # 
# 2006-11-04 17.17.54 # com.appium.impl.core.xee.XProcessImpl                                                      # Info      # Registering object: XNodeDatabase on Acer:20000 # 
# 2006-11-04 17.17.54 # com.appium.impl.core.xee.XProcessImpl                                                      # Info      # Object active (new): XNodeDatabase_Primary@OAMServer.Primary (reported by ObjectRegistry) # 
# 2006-11-04 17.17.55 # com.appium.impl.core.xee.XManagerImpl.virtual                                              # Info      # [Secret XNode Registration] versionhistory.menu # 
# 2006-11-04 17.17.55 # com.appium.impl.core.xee.XManagerImpl.virtual                                              # Info      # [XHandler Loaded] com.appium.Registry.RegistryServerModule (1328 ms) # 
# 2006-11-04 17.17.55 # com.appium.impl.core.xee.XManagerImpl.virtual                                              # Info      # [XHandler Loaded] com.appium.Registry.b.a/autorestart-daemon (0 ms) # 
# 2006-11-04 17.17.55 # com.appium.impl.core.xee.XManagerImpl.virtual                                              # Info      # [XHandler Loaded] com.appium.MMC.Server.MMCServer/mmc-server (0 ms) # 
# 2006-11-04 17.17.55 # com.appium.impl.core.xee.XManagerImpl.virtual                                              # Info      # [Secret XNode Registration] distributor.cryptokey.menu.OAMServer.Primary # 
# 2006-11-04 17.17.55 # com.appium.impl.core.xee.XManagerImpl.virtual                                              # Info      # [Secret XNode Registration] UserActionLog.menu # 
# 2006-11-04 17.17.55 # com.appium.impl.core.xee.XManagerImpl.virtual                                              # Info      # [Secret XNode Registration] ApplicationLogonBanner.menu # 
# 2006-11-04 17.17.55 # com.appium.impl.core.xee.XManagerImpl.virtual                                              # Info      # [Secret XNode Registration] confirm.menu # 
# 2006-11-04 17.17.55 # com.appium.impl.core.xee.XManagerImpl.virtual                                              # Info      # [XHandler Loaded] com.appium.Monitoring.MonitoringServerModule/server-monitoring (188 ms) # 
# 2006-11-04 17.17.56 # com.appium.impl.core.xee.XManagerImpl.virtual                                              # Info      # [XHandler Loaded] com.appium.ResourceAdapterLoader.Framework.FrameworkConfig (703 ms) # 
# 2006-11-04 17.17.56 # com.appium.impl.core.xee.XManagerImpl.virtual                                              # Info      # [XHandler Loaded] com.appium.ResourceAdapterLoader.Framework.ServiceStatusConfig (15 ms) # 
# 2006-11-04 17.17.56 # com.appium.impl.core.xee.XManagerImpl.virtual                                              # Info      # [XHandler Loaded] com.appium.XView.Server.ProcessControlAPI (16 ms) # 
# 2006-11-04 17.17.56 # com.appium.impl.core.xee.XManagerImpl.virtual                                              # Info      # [XHandler Loaded] com.appium.XView.Server.SystemStatusAPI (0 ms) # 
# 2006-11-04 17.17.56 # com.appium.impl.core.xee.XManagerImpl.virtual                                              # Info      # [XHandler Loaded] com.appium.XView.Server.Backend.XViewConfigFileImpl (63 ms) # 
# 2006-11-04 17.17.56 # com.appium.impl.core.xee.XManagerImpl.virtual                                              # Info      # [XHandler Loaded] com.appium.XView.Server.Backend.GroupConnectionsCache$Impl (140 ms) # 
# 2006-11-04 17.17.56 # com.appium.impl.core.xee.XManagerImpl.virtual                                              # Info      # [XHandler Loaded] com.appium.XView.Server.GraphAPI (0 ms) # 
# 2006-11-04 17.17.57 # com.appium.impl.core.xee.XManagerImpl.virtual                                              # Info      # [XHandler Loaded] com.appium.impl.core.xee.XMulticastImpl.XMulticastImplMain (16 ms) # 
# 2006-11-04 17.17.57 # com.appium.impl.core.xee.XManagerImpl.virtual                                              # Info      # [XHandler Loaded] com.appium.XView.Server.c.XManagerClientImplMain (0 ms) # 
# 2006-11-04 17.17.57 # com.appium.impl.core.xee.XManagerImpl.virtual                                              # Info      # [XHandler Loaded] com.appium.XView.Server.SPagesAPI (0 ms) # 
# 2006-11-04 17.17.57 # com.appium.impl.core.xee.XManagerImpl.virtual                                              # Info      # [XHandler Loaded] com.appium.XView.Server.LayoutAPI (0 ms) # 
# 2006-11-04 17.17.57 # com.appium.impl.core.xee.XManagerImpl.virtual                                              # Info      # [XHandler Loaded] com.appium.XView.Server.AlarmAPI (0 ms) # 
# 2006-11-04 17.17.57 # com.appium.impl.core.xee.XManagerImpl.virtual                                              # Info      # [XHandler Loaded] com.appium.XView.Server.FlowLog.FlowLogAPI (15 ms) # 
# 2006-11-04 17.17.57 # com.appium.impl.core.xee.XManagerImpl.virtual                                              # Info      # [XHandler Loaded] com.appium.XView.Server.FileAccess.FileAccessAPI (0 ms) # 
# 2006-11-04 17.17.57 # com.appium.impl.core.xee.XManagerImpl.virtual                                              # Info      # [XHandler Loaded] com.appium.XView.Server.Hardware.HardwareAPI (0 ms) # 
# 2006-11-04 17.17.57 # com.appium.impl.core.xee.XManagerImpl.virtual                                              # Info      # [XHandler Loaded] com.appium.XView.Server.UsersAPI (0 ms) # 
# 2006-11-04 17.17.57 # com.appium.impl.core.xee.XManagerImpl.virtual                                              # Info      # [XHandler Loaded] com.appium.XView.Server.XViewConfigFileTransportAPI (0 ms) # 
# 2006-11-04 17.17.57 # com.appium.impl.core.xee.XManagerImpl.virtual                                              # Info      # [XHandler Loaded] com.appium.XView.Server.XWayInfoAPI (0 ms) # 
# 2006-11-04 17.17.57 # com.appium.impl.core.xee.XManagerImpl.virtual                                              # Info      # [XHandler Loaded] com.appium.XView.Server.OtherObjectsAPI (0 ms) # 
# 2006-11-04 17.17.57 # com.appium.impl.core.xee.XManagerImpl.virtual                                              # Info      # [XHandler Loaded] com.appium.XView.Server.EditSiteLabelAPI (0 ms) # 
# 2006-11-04 17.17.57 # com.appium.impl.core.xee.XManagerImpl.virtual                                              # Info      # [XHandler Loaded] com.appium.Monitoring.Statistics.g/statistics-provider (0 ms) # 
# 2006-11-04 17.17.57 # com.appium.impl.core.xee.XManagerImpl.virtual                                              # Info      # [XHandler Loaded] com.appium.XView.Server.StatisticsAPI (0 ms) # 
# 2006-11-04 17.17.57 # com.appium.impl.core.xee.XManagerImpl.virtual                                              # Info      # [XHandler Loaded] com.appium.XView.Server.TimeZoneAPI (0 ms) # 
# 2006-11-04 17.17.57 # com.appium.impl.core.xee.XManagerImpl.virtual                                              # Info      # [Secret XNode Registration] hosts.menu # 
# 2006-11-04 17.17.57 # com.appium.impl.core.xee.XManagerImpl.virtual                                              # Info      # [XHandler Loaded] com.appium.XView.Server.XViewServerModule (204 ms) # 
# 2006-11-04 17.17.57 # com.appium.TASStatusRMI                                                                    # Info      # Starting RMI Registry # 
# 2006-11-04 17.17.57 # com.appium.TASStatusRMI                                                                    # Info      # RMI registry created and exported on port 1099 # 
# 2006-11-04 17.17.57 # com.appium.impl.core.xee.XManagerImpl.virtual                                              # Info      # [XHandler Loaded] com.appium.TASStatusRMI.j/rmi (46 ms) # 
# 2006-11-04 17.17.57 # com.appium.impl.core.xee.XManagerImpl.virtual                                              # Info      # [XHandler Loaded] com.appium.impl.core.xstorage.StorageManagerImpl.StorageManagerImplMain$FactoryImpl/storage-manager (0 ms) # 
# 2006-11-04 17.17.57 # com.appium.impl.core.xee.XManagerImpl.virtual                                              # Info      # [XHandler Loaded] com.appium.impl.ws.control.ProvisioningImpl.ProvisioningImplOAM/XEEProvisioningOAM (31 ms) # 
# 2006-11-04 17.17.57 # com.appium.Basement.XNodeConfig.XEEXNodesXHandler                                          # Info      # [Commit XNode] license.menu # 
# 2006-11-04 17.17.57 # com.appium.Basement.XNodeConfig.XEEXNodesXHandler                                          # Info      # [Commit XNode] basement.menu # 
# 2006-11-04 17.17.57 # com.appium.Basement.XNodeConfig.XEEXNodesXHandler                                          # Info      # [Commit XNode] LinkSurveillance.menu # 
# 2006-11-04 17.17.57 # com.appium.Basement.XNodeConfig.XEEXNodesXHandler                                          # Info      # [Commit XNode] versionhistory.menu # 
# 2006-11-04 17.17.57 # com.appium.Basement.XNodeConfig.XEEXNodesXHandler                                          # Info      # [Commit XNode] oam.snmp_settings.menu # 
# 2006-11-04 17.17.58 # com.appium.SNMP.Agent                                                                      # Info      # Successfully initialized the SNMP Agent # 
# 2006-11-04 17.17.58 # com.appium.Basement.XNodeConfig.XEEXNodesXHandler                                          # Info      # [Commit XNode] LoadConfig.menu # 
# 2006-11-04 17.17.58 # com.appium.Basement.XNodeConfig.XEEXNodesXHandler                                          # Info      # [Commit XNode] sessiontransport.menu # 
# 2006-11-04 17.17.58 # com.appium.Basement.XNodeConfig.XEEXNodesXHandler                                          # Info      # [Commit XNode] serviceconfig.menu # 
# 2006-11-04 17.17.58 # com.appium.Basement.XNodeConfig.XEEXNodesXHandler                                          # Info      # [Commit XNode] sc.sl.service_list.menu # 
# 2006-11-04 17.17.58 # com.appium.Basement.XNodeConfig.XEEXNodesXHandler                                          # Info      # [Commit XNode] UserGroups.MENU # 
# 2006-11-04 17.17.58 # com.appium.Basement.XNodeConfig.XEEXNodesXHandler                                          # Info      # [Commit XNode] oam.rmi_settings.menu # 
# 2006-11-04 17.17.58 # com.appium.Basement.XNodeConfig.XEEXNodesXHandler                                          # Info      # [Commit XNode] AutoRestartConfig.menu # 
# 2006-11-04 17.17.58 # com.appium.Basement.XNodeConfig.XEEXNodesXHandler                                          # Info      # [Commit XNode] distributor.cryptokey.menu.OAMServer.Primary # 
# 2006-11-04 17.17.58 # com.appium.Basement.XNodeConfig.XEEXNodesXHandler                                          # Info      # [Commit XNode] UserActionLog.menu # 
# 2006-11-04 17.17.58 # com.appium.Basement.XNodeConfig.XEEXNodesXHandler                                          # Info      # [Commit XNode] ApplicationLogonBanner.menu # 
# 2006-11-04 17.17.58 # com.appium.Basement.XNodeConfig.XEEXNodesXHandler                                          # Info      # [Commit XNode] confirm.menu # 
# 2006-11-04 17.17.58 # com.appium.Basement.XNodeConfig.XEEXNodesXHandler                                          # Info      # [Commit XNode] distributor.framework.menu.OAMServer.Primary # 
# 2006-11-04 17.17.59 # com.appium.impl.core.xee.XProcessImpl                                                      # Info      # Registering object: ServiceUpdate on Acer:20000 # 
# 2006-11-04 17.17.59 # com.appium.impl.core.xee.XProcessImpl                                                      # Info      # Object active (new): ServiceUpdate_Primary@OAMServer.Primary (reported by ObjectRegistry) # 
# 2006-11-04 17.17.59 # com.appium.Registry.Config                                                                 # Info      # Creating GroupXNodeProvider for OAMServer/Primary # 
# 2006-11-04 17.17.59 # com.appium.ResourceAdapterLoader.Framework.FrameworkConfig                                 # Info      # Framework settings updated # 
# 2006-11-04 17.17.59 # com.appium.Basement.XNodeConfig.XEEXNodesXHandler                                          # Info      # [Commit XNode] framework.service_status.menu # 
# 2006-11-04 17.17.59 # com.appium.ResourceAdapterLoader.Framework                                                 # Critical  # Cannot obtain Parlay service NSIM:P_MPCC_NSIM[0] # 
# 2006-11-04 17.17.59 # com.appium.Basement.XNodeConfig.XEEXNodesXHandler                                          # Info      # [Commit XNode] hosts.menu # 
# 2006-11-04 17.17.59 # com.appium.impl.core.xee.XProcessImpl                                                      # Info      # Process active: OAMServer.Primary # 
# 2006-11-04 17.17.59 # com.appium.impl.core.xee.XProcessImpl                                                      # Info      # Registering object: Framework on Acer:20000 # 
# 2006-11-04 17.17.59 # com.appium.impl.core.xee.XProcessImpl                                                      # Info      # Object active (new): Framework_Primary@OAMServer.Primary (reported by ObjectRegistry) # 
# 2006-11-04 17.18.00 # com.appium.ParlayAdaptor.Wrappers.Parlay32.Framework.GatewayHandler                        # Critical  # Failed to obtain IpAccess of gateway NSIM: TheOrb: Could not open socket at localhost:15000 # 
# 2006-11-04 17.18.08 # com.appium.Basement.UserRoles                                                              # Info      # User authenticated: admin # 
# 2006-11-04 17.18.09 # com.appium.Registry.Config                                                                 # Info      # Creating GroupXNodeProvider for NSim/Default # 
# 2006-11-04 17.18.09 # com.appium.impl.core.xee.XProcessImpl                                                      # Info      # Registering object: GraphDataEventReceiver on Acer:20000 # 
# 2006-11-04 17.18.09 # com.appium.impl.core.xee.XProcessImpl                                                      # Info      # Object active (new): GraphDataEventReceiver_Primary@OAMServer.Primary (reported by ObjectRegistry) # 
# 2006-11-04 17.18.09 # com.appium.Registry.Config                                                                 # Info      # Creating GroupXNodeProvider for Distributor/Trrigering # 
# 2006-11-04 17.18.09 # com.appium.Registry.Config                                                                 # Info      # Creating GroupXNodeProvider for XContainer/XTE # 
# 2006-11-04 17.18.09 # com.appium.Registry.Config                                                                 # Info      # Creating GroupXNodeProvider for XContainer/Collect Calls # 
# 2006-11-04 17.18.48 # com.appium.impl.core.xee.XProcessImpl                                                      # Info      # Process online: XContainer.Collect Calls@localhost.50 (inactive) # 
# 2006-11-04 17.18.48 # com.appium.impl.core.xee.XProcessImpl                                                      # Info      # Starting Process Surveillance Thread for XContainer.Collect Calls@localhost.50 # 
# 2006-11-04 17.18.48 # com.appium.impl.core.xee.XProcessImpl                                                      # Info      # Object active (new): XTransport_Collect Calls@XContainer.Collect Calls@localhost.50 (reported by ObjectRegistry) # 
# 2006-11-04 17.18.48 # com.appium.impl.core.xee.XProcessImpl                                                      # Info      # Process online: NSim.Default@localhost.0 (inactive) # 
# 2006-11-04 17.18.48 # com.appium.impl.core.xee.XProcessImpl                                                      # Info      # Starting Process Surveillance Thread for NSim.Default@localhost.0 # 
# 2006-11-04 17.18.48 # com.appium.impl.core.xee.XProcessImpl                                                      # Info      # Object active (new): XTransport_Default@NSim.Default@localhost.0 (reported by ObjectRegistry) # 
# 2006-11-04 17.18.48 # com.appium.impl.core.xee.XProcessImpl                                                      # Info      # Process online: Distributor.Trrigering@localhost.0 (inactive) # 
# 2006-11-04 17.18.48 # com.appium.impl.core.xee.XProcessImpl                                                      # Info      # Starting Process Surveillance Thread for Distributor.Trrigering@localhost.0 # 
# 2006-11-04 17.18.49 # com.appium.impl.core.xee.XProcessImpl                                                      # Info      # Object active (new): XTransport_Trrigering@Distributor.Trrigering@localhost.0 (reported by ObjectRegistry) # 
# 2006-11-04 17.18.54 # com.appium.impl.core.xee.XProcessImpl                                                      # Info      # Object active (new): StatusInfoAccess_Default@NSim.Default@localhost.0 (reported by ObjectRegistry) # 
# 2006-11-04 17.18.54 # com.appium.impl.core.xee.XProcessImpl                                                      # Info      # Object active (new): StatusInfoAccess_Collect Calls@XContainer.Collect Calls@localhost.50 (reported by ObjectRegistry) # 
# 2006-11-04 17.18.54 # com.appium.impl.core.xee.XProcessImpl                                                      # Info      # Object active (new): StatusInfoAccess_Trrigering@Distributor.Trrigering@localhost.0 (reported by ObjectRegistry) # 
# 2006-11-04 17.19.03 # com.appium.impl.core.xee.XProcessImpl                                                      # Info      # Object active (new): SessionRegistry_Trrigering@Distributor.Trrigering@localhost.0 (reported by ObjectRegistry) # 
# 2006-11-04 17.19.03 # com.appium.impl.core.xee.XProcessImpl                                                      # Info      # Object active (new): ServiceUpdate_Trrigering@Distributor.Trrigering@localhost.0 (reported by ObjectRegistry) # 
# 2006-11-04 17.19.18 # com.appium.impl.core.xee.XProcessImpl                                                      # Info      # Object active (new): ServiceUpdate_Default@NSim.Default@localhost.0 (reported by ObjectRegistry) # 
# 2006-11-04 17.19.18 # com.appium.impl.core.xee.XProcessImpl                                                      # Info      # Object active (new): ServiceUpdate_Collect Calls@XContainer.Collect Calls@localhost.50 (reported by ObjectRegistry) # 
# 2006-11-04 17.19.18 # com.appium.impl.core.xee.XProcessImpl                                                      # Info      # Process active: XContainer.Collect Calls@localhost.50 # 
# 2006-11-04 17.19.19 # com.appium.impl.core.xee.XProcessImpl                                                      # Info      # Process active: NSim.Default@localhost.0 # 
# 2006-11-04 17.19.25 # com.appium.impl.core.xee.XProcessImpl                                                      # Info      # Process active: Distributor.Trrigering@localhost.0 # 
# 2006-11-04 17.19.47 # com.appium.ParlayAdaptor.Wrappers.Parlay32.Framework.GatewayHandler                        # Info      # Discovered serviceID: P_MPCC_NSIM/1162657161234 # 
# 2006-11-04 17.25.50 # com.appium.impl.core.xee.XProcessImpl                                                      # Info      # Surveillance failed for process XContainer.Collect Calls@localhost.50 # 
# 2006-11-04 17.25.50 # com.appium.impl.core.xee.XProcessImpl                                                      # Info      # Object offline: ServiceUpdate_Collect Calls@XContainer.Collect Calls@localhost.50 (reported by Surveillance ) # 
# 2006-11-04 17.25.51 # com.appium.impl.core.xee.XProcessImpl                                                      # Info      # Object offline: StatusInfoAccess_Collect Calls@XContainer.Collect Calls@localhost.50 (reported by Surveillance ) # 
# 2006-11-04 17.25.51 # com.appium.impl.core.xee.XProcessImpl                                                      # Major     # Process offline: XContainer.Collect Calls@localhost.50 # 
# 2006-11-04 17.25.51 # com.appium.impl.core.xee.XProcessImpl                                                      # Info      # Object offline: XTransport_Collect Calls@XContainer.Collect Calls@localhost.50 (reported by Surveillance ) # 
# 2006-11-04 17.26.32 # com.appium.ParlayAdaptor.Wrappers.Parlay32.Framework.GatewayHandler                        # Critical  # Failed to obtain IpAccess of gateway XTE: TheOrb: Could not open socket at localhost:14702 # 
# 2006-11-04 17.26.32 # com.appium.ResourceAdapterLoader.Framework.FrameworkConfig                                 # Info      # Framework settings updated # 
# 2006-11-04 17.26.33 # com.appium.ParlayAdaptor.Wrappers.Parlay32.Framework.GatewayHandler                        # Critical  # Failed to obtain IpAccess of gateway XTE: TheOrb: Could not open socket at localhost:14702 # 
# 2006-11-04 17.26.34 # com.appium.ParlayAdaptor.Wrappers.Parlay32.Framework.GatewayHandler                        # Critical  # Failed to obtain IpAccess of gateway XTE: TheOrb: Could not open socket at localhost:14702 # 
# 2006-11-04 17.27.13 # com.appium.impl.core.xee.XProcessImpl                                                      # Info      # Process online: XContainer.XTE@localhost.0 (inactive) # 
# 2006-11-04 17.27.13 # com.appium.impl.core.xee.XProcessImpl                                                      # Info      # Starting Process Surveillance Thread for XContainer.XTE@localhost.0 # 
# 2006-11-04 17.27.16 # com.appium.impl.core.xee.XProcessImpl                                                      # Info      # Object active (new): XTransport_XTE@XContainer.XTE@localhost.0 (reported by ObjectRegistry) # 
# 2006-11-04 17.27.16 # com.appium.impl.core.xee.XProcessImpl                                                      # Info      # Object active (new): StatusInfoAccess_XTE@XContainer.XTE@localhost.0 (reported by ObjectRegistry) # 
# 2006-11-04 17.27.23 # com.appium.impl.core.xee.XProcessImpl                                                      # Info      # Object active (new): ServiceUpdate_XTE@XContainer.XTE@localhost.0 (reported by ObjectRegistry) # 
# 2006-11-04 17.27.23 # com.appium.impl.core.xee.XProcessImpl                                                      # Info      # Process active: XContainer.XTE@localhost.0 # 
# 2006-11-04 17.27.27 # com.appium.Basement.Registry.FeatureSearchTree                                             # Warning   # Feature  not found! # 
# 2006-11-04 17.28.22 # com.appium.ParlayAdaptor.Wrappers.Parlay32.Framework.GatewayHandler                        # Critical  # Failed to obtain IpAccess of gateway XTE: TheOrb: Could not open socket at localhost:14702 # 
# 2006-11-04 17.28.22 # com.appium.ParlayAdaptor.Wrappers.Parlay32.Framework.GatewayHandler                        # Critical  # Failed to get service P_US_TCTESTGW: java.lang.Exception # 
# 2006-11-04 17.28.22 # com.appium.ResourceAdapterLoader.Framework                                                 # Critical  # Cannot obtain Parlay service XTE:P_US_TCTESTGW: TheOrb: Could not open socket at localhost:14702 # 
# 2006-11-04 17.28.23 # com.appium.ParlayAdaptor.Wrappers.Parlay32.Framework.GatewayHandler                        # Critical  # Failed to obtain IpAccess of gateway XTE: TheOrb: Could not open socket at localhost:14702 # 
# 2006-11-04 17.28.27 # com.appium.ParlayAdaptor.Wrappers.Parlay32.Framework.GatewayHandler                        # Critical  # Failed to obtain IpAccess of gateway XTE: TheOrb: Could not open socket at localhost:14702 # 
# 2006-11-04 17.29.33 # com.appium.ParlayAdaptor.Wrappers.Parlay32.Framework.GatewayHandler                        # Critical  # Failed to obtain IpAccess of gateway XTE: TheOrb: Could not open socket at localhost:14702 # 
# 2006-11-04 17.29.33 # com.appium.ParlayAdaptor.Wrappers.Parlay32.Framework.GatewayHandler                        # Critical  # Failed to get service P_USER_STATUS: java.lang.Exception # 
# 2006-11-04 17.29.33 # com.appium.ResourceAdapterLoader.Framework                                                 # Critical  # Cannot obtain Parlay service XTE:P_USER_STATUS: TheOrb: Could not open socket at localhost:14702 # 
# 2006-11-04 17.29.34 # com.appium.ParlayAdaptor.Wrappers.Parlay32.Framework.GatewayHandler                        # Critical  # Failed to obtain IpAccess of gateway XTE: TheOrb: Could not open socket at localhost:14702 # 
# 2006-11-04 17.29.36 # com.appium.ParlayAdaptor.Wrappers.Parlay32.Framework.GatewayHandler                        # Critical  # Failed to obtain IpAccess of gateway XTE: TheOrb: Could not open socket at localhost:14702 # 
# 2006-11-04 17.29.58 # com.appium.ParlayAdaptor.Wrappers.Parlay32.Framework.GatewayHandler                        # Critical  # Failed to obtain IpAccess of gateway XTE: TheOrb: Could not open socket at localhost:14702 # 
# 2006-11-04 17.29.58 # com.appium.ParlayAdaptor.Wrappers.Parlay32.Framework.GatewayHandler                        # Critical  # Failed to get service P_ULC_TCTESTGW: java.lang.Exception # 
# 2006-11-04 17.29.58 # com.appium.ResourceAdapterLoader.Framework                                                 # Critical  # Cannot obtain Parlay service XTE:P_ULC_TCTESTGW: TheOrb: Could not open socket at localhost:14702 # 
# 2006-11-04 17.29.59 # com.appium.ParlayAdaptor.Wrappers.Parlay32.Framework.GatewayHandler                        # Critical  # Failed to obtain IpAccess of gateway XTE: TheOrb: Could not open socket at localhost:14702 # 
# 2006-11-04 17.30.06 # com.appium.ParlayAdaptor.Wrappers.Parlay32.Framework.GatewayHandler                        # Critical  # Failed to obtain IpAccess of gateway XTE: TheOrb: Could not open socket at localhost:14702 # 
# 2006-11-04 17.30.17 # com.appium.ParlayAdaptor.Wrappers.Parlay32.Framework.GatewayHandler                        # Critical  # Failed to obtain IpAccess of gateway XTE: TheOrb: Could not open socket at localhost:14702 # 
# 2006-11-04 17.31.39 # com.appium.impl.core.xee.XProcessImpl                                                      # Info      # Surveillance failed for process XContainer.XTE@localhost.0 # 
# 2006-11-04 17.31.40 # com.appium.impl.core.xee.XProcessImpl                                                      # Info      # Object offline: ServiceUpdate_XTE@XContainer.XTE@localhost.0 (reported by Surveillance ) # 
# 2006-11-04 17.31.40 # com.appium.impl.core.xee.XProcessImpl                                                      # Info      # Object offline: StatusInfoAccess_XTE@XContainer.XTE@localhost.0 (reported by Surveillance ) # 
# 2006-11-04 17.31.40 # com.appium.impl.core.xee.XProcessImpl                                                      # Major     # Process offline: XContainer.XTE@localhost.0 # 
# 2006-11-04 17.31.40 # com.appium.impl.core.xee.XProcessImpl                                                      # Info      # Object offline: XTransport_XTE@XContainer.XTE@localhost.0 (reported by Surveillance ) # 
# 2006-11-04 17.31.42 # com.appium.Basement.OAM.StatusOverview.StatusInfoAccessClient                              # Warning   # Could not get grid of status info from other process  - NO_RESPONSE - Connection timeout # 
org.omg.CORBA.NO_RESPONSE: Connection timeout  minor code: 0x0  completed: No
	at com.ooc.OB.GIOPClient.getWorker(GIOPClient.java:94)
	at com.ooc.OB.GIOPClient.bind(GIOPClient.java:434)
	at com.ooc.OB.DowncallStub.locate_request(DowncallStub.java:518)
	at com.ooc.CORBA.Delegate._OB_getDowncallStub(Delegate.java:1248)
	at com.ooc.CORBA.Delegate.request(Delegate.java:602)
	at org.omg.CORBA.portable.ObjectImpl._request(ObjectImpl.java:95)
	at com.appium.Basement.Def._StatusInfoAccessInterfaceStub.getMany(Unknown Source)
	at com.appium.Basement.OAM.StatusOverview.StatusInfoAccessClient.getStatusGrid(Unknown Source)
	at com.appium.XView.Server.SystemStatusAPI$b_.run(Unknown Source)
	at java.lang.Thread.run(Unknown Source)

# 2006-11-04 17.32.22 # com.appium.impl.core.xee.XManagerImpl.virtual                                              # Error     # Missing dependency: database API=com.appium.core.xstorage.XDatabase$TableSpace. (no specific ID required)  - No such XHandler defined: API = com.appium.core.xstorage.XDatabase$TableSpace # 
java.lang.Exception: No such XHandler defined: API = com.appium.core.xstorage.XDatabase$TableSpace
	at com.appium.impl.core.xee.XManagerImpl.virtual.e.a(Unknown Source)
	at com.appium.impl.core.xee.XManagerImpl.virtual.h.a(Unknown Source)
	at com.appium.impl.core.xee.XManagerImpl.virtual.h.a(Unknown Source)
	at com.appium.impl.core.xee.XManagerImpl.virtual.h.a(Unknown Source)
	at com.appium.impl.core.xee.XManagerImpl.virtual.e.b(Unknown Source)
	at com.appium.impl.core.xee.XManagerImpl.virtual.e.a(Unknown Source)
	at com.appium.impl.core.xee.XManagerImpl.virtual.e.a(Unknown Source)
	at com.appium.impl.core.xee.XManagerImpl.virtual.h.a(Unknown Source)
	at com.appium.impl.core.xee.XManagerImpl.virtual.h.a(Unknown Source)
	at com.appium.impl.core.xee.XManagerImpl.virtual.h.a(Unknown Source)
	at com.appium.impl.core.xee.XManagerImpl.virtual.h.a(Unknown Source)
	at com.appium.impl.core.xee.XManagerImpl.virtual.h.a(Unknown Source)
	at com.appium.impl.core.xee.XManagerImpl.virtual.e.b(Unknown Source)
	at com.appium.impl.core.xee.XManagerImpl.virtual.e.a(Unknown Source)
	at com.appium.impl.core.xee.XManagerImpl.virtual.e.b(Unknown Source)
	at com.appium.impl.core.xee.XManagerImpl.virtual.VirtualProcessImplMain.<init>(Unknown Source)
	at com.appium.impl.core.xee.XManagerImpl.virtual.VirtualProcessImplMain$Factory.runScript(Unknown Source)
	at com.appium.impl.core.xee.XManagerImpl.a.a(Unknown Source)
	at com.appium.impl.core.xee.XManagerImpl.a.editTableCell(Unknown Source)
	at com.appium.XView.Server.c.b$a_.a(Unknown Source)
	at com.appium.XView.Server.c.b$a_.addTableRow(Unknown Source)
	at com.appium.XView.Server.b.addTableRow(Unknown Source)
	at sun.reflect.NativeMethodAccessorImpl.invoke0(Native Method)
	at sun.reflect.NativeMethodAccessorImpl.invoke(Unknown Source)
	at sun.reflect.DelegatingMethodAccessorImpl.invoke(Unknown Source)
	at java.lang.reflect.Method.invoke(Unknown Source)
	at com.appium.XStream.e$7.run(Unknown Source)

# 2006-11-04 17.32.22 # com.appium.impl.core.xee.XManagerImpl.virtual                                              # Warning   # Configuration error: database: Missing dependency: database API=com.appium.core.xstorage.XDatabase$TableSpace. (no specific ID required) # 
# 2006-11-04 17.32.41 # com.appium.impl.core.xee.XManagerImpl.virtual                                              # Error     # Failed to load com.appium.XTE.ParlayModule/ParlayModule  - NoClassDefFoundError - org/csapi/fw/fw_access/trust_and_security/IpInitialPOA # 
java.lang.NoClassDefFoundError: org/csapi/fw/fw_access/trust_and_security/IpInitialPOA
	at java.lang.ClassLoader.defineClass1(Native Method)
	at java.lang.ClassLoader.defineClass(Unknown Source)
	at java.security.SecureClassLoader.defineClass(Unknown Source)
	at java.net.URLClassLoader.defineClass(Unknown Source)
	at java.net.URLClassLoader.access$100(Unknown Source)
	at java.net.URLClassLoader$1.run(Unknown Source)
	at java.security.AccessController.doPrivileged(Native Method)
	at java.net.URLClassLoader.findClass(Unknown Source)
	at java.lang.ClassLoader.loadClass(Unknown Source)
	at java.lang.ClassLoader.loadClass(Unknown Source)
	at java.lang.ClassLoader.loadClassInternal(Unknown Source)
	at java.lang.Class.getDeclaredConstructors0(Native Method)
	at java.lang.Class.privateGetDeclaredConstructors(Unknown Source)
	at java.lang.Class.getConstructors(Unknown Source)
	at com.appium.impl.core.xee.XManagerImpl.virtual.h.b(Unknown Source)
	at com.appium.impl.core.xee.XManagerImpl.virtual.h.a(Unknown Source)
	at com.appium.impl.core.xee.XManagerImpl.virtual.e.b(Unknown Source)
	at com.appium.impl.core.xee.XManagerImpl.virtual.e.a(Unknown Source)
	at com.appium.impl.core.xee.XManagerImpl.virtual.e.a(Unknown Source)
	at com.appium.impl.core.xee.XManagerImpl.virtual.h.a(Unknown Source)
	at com.appium.impl.core.xee.XManagerImpl.virtual.h.a(Unknown Source)
	at com.appium.impl.core.xee.XManagerImpl.virtual.h.a(Unknown Source)
	at com.appium.impl.core.xee.XManagerImpl.virtual.h.a(Unknown Source)
	at com.appium.impl.core.xee.XManagerImpl.virtual.h.a(Unknown Source)
	at com.appium.impl.core.xee.XManagerImpl.virtual.e.b(Unknown Source)
	at com.appium.impl.core.xee.XManagerImpl.virtual.e.a(Unknown Source)
	at com.appium.impl.core.xee.XManagerImpl.virtual.e.b(Unknown Source)
	at com.appium.impl.core.xee.XManagerImpl.virtual.VirtualProcessImplMain.<init>(Unknown Source)
	at com.appium.impl.core.xee.XManagerImpl.virtual.VirtualProcessImplMain$Factory.runScript(Unknown Source)
	at com.appium.impl.core.xee.XManagerImpl.a.a(Unknown Source)
	at com.appium.impl.core.xee.XManagerImpl.a.editTableCell(Unknown Source)
	at com.appium.XView.Server.c.b$a_.a(Unknown Source)
	at com.appium.XView.Server.b.editTableCell(Unknown Source)
	at sun.reflect.NativeMethodAccessorImpl.invoke0(Native Method)
	at sun.reflect.NativeMethodAccessorImpl.invoke(Unknown Source)
	at sun.reflect.DelegatingMethodAccessorImpl.invoke(Unknown Source)
	at java.lang.reflect.Method.invoke(Unknown Source)
	at com.appium.XStream.e$7.run(Unknown Source)

# 2006-11-04 17.32.41 # com.appium.impl.core.xee.XManagerImpl.virtual                                              # Error     # Required XHandler not found. API=com.appium.XTE.Interfaces.XTEModules, ID=ParlayModule.  - Failed to load com.appium.XTE.ParlayModule/ParlayModule # 
java.lang.Exception: Failed to load com.appium.XTE.ParlayModule/ParlayModule
	at com.appium.impl.core.xee.XManagerImpl.virtual.e.b(Unknown Source)
	at com.appium.impl.core.xee.XManagerImpl.virtual.e.a(Unknown Source)
	at com.appium.impl.core.xee.XManagerImpl.virtual.e.a(Unknown Source)
	at com.appium.impl.core.xee.XManagerImpl.virtual.h.a(Unknown Source)
	at com.appium.impl.core.xee.XManagerImpl.virtual.h.a(Unknown Source)
	at com.appium.impl.core.xee.XManagerImpl.virtual.h.a(Unknown Source)
	at com.appium.impl.core.xee.XManagerImpl.virtual.h.a(Unknown Source)
	at com.appium.impl.core.xee.XManagerImpl.virtual.h.a(Unknown Source)
	at com.appium.impl.core.xee.XManagerImpl.virtual.e.b(Unknown Source)
	at com.appium.impl.core.xee.XManagerImpl.virtual.e.a(Unknown Source)
	at com.appium.impl.core.xee.XManagerImpl.virtual.e.b(Unknown Source)
	at com.appium.impl.core.xee.XManagerImpl.virtual.VirtualProcessImplMain.<init>(Unknown Source)
	at com.appium.impl.core.xee.XManagerImpl.virtual.VirtualProcessImplMain$Factory.runScript(Unknown Source)
	at com.appium.impl.core.xee.XManagerImpl.a.a(Unknown Source)
	at com.appium.impl.core.xee.XManagerImpl.a.editTableCell(Unknown Source)
	at com.appium.XView.Server.c.b$a_.a(Unknown Source)
	at com.appium.XView.Server.b.editTableCell(Unknown Source)
	at sun.reflect.NativeMethodAccessorImpl.invoke0(Native Method)
	at sun.reflect.NativeMethodAccessorImpl.invoke(Unknown Source)
	at sun.reflect.DelegatingMethodAccessorImpl.invoke(Unknown Source)
	at java.lang.reflect.Method.invoke(Unknown Source)
	at com.appium.XStream.e$7.run(Unknown Source)
Caused by: java.lang.NoClassDefFoundError: org/csapi/fw/fw_access/trust_and_security/IpInitialPOA
	at java.lang.ClassLoader.defineClass1(Native Method)
	at java.lang.ClassLoader.defineClass(Unknown Source)
	at java.security.SecureClassLoader.defineClass(Unknown Source)
	at java.net.URLClassLoader.defineClass(Unknown Source)
	at java.net.URLClassLoader.access$100(Unknown Source)
	at java.net.URLClassLoader$1.run(Unknown Source)
	at java.security.AccessController.doPrivileged(Native Method)
	at java.net.URLClassLoader.findClass(Unknown Source)
	at java.lang.ClassLoader.loadClass(Unknown Source)
	at java.lang.ClassLoader.loadClass(Unknown Source)
	at java.lang.ClassLoader.loadClassInternal(Unknown Source)
	at java.lang.Class.getDeclaredConstructors0(Native Method)
	at java.lang.Class.privateGetDeclaredConstructors(Unknown Source)
	at java.lang.Class.getConstructors(Unknown Source)
	at com.appium.impl.core.xee.XManagerImpl.virtual.h.b(Unknown Source)
	at com.appium.impl.core.xee.XManagerImpl.virtual.h.a(Unknown Source)
	... 22 more

# 2006-11-04 17.32.42 # com.appium.impl.core.xee.XManagerImpl.virtual                                              # Error     # Failed to load com.appium.XTE.ParlayModule/ParlayModule  - NoClassDefFoundError - org/csapi/fw/fw_access/trust_and_security/IpInitialPOA # 
java.lang.NoClassDefFoundError: org/csapi/fw/fw_access/trust_and_security/IpInitialPOA
	at java.lang.ClassLoader.defineClass1(Native Method)
	at java.lang.ClassLoader.defineClass(Unknown Source)
	at java.security.SecureClassLoader.defineClass(Unknown Source)
	at java.net.URLClassLoader.defineClass(Unknown Source)
	at java.net.URLClassLoader.access$100(Unknown Source)
	at java.net.URLClassLoader$1.run(Unknown Source)
	at java.security.AccessController.doPrivileged(Native Method)
	at java.net.URLClassLoader.findClass(Unknown Source)
	at java.lang.ClassLoader.loadClass(Unknown Source)
	at java.lang.ClassLoader.loadClass(Unknown Source)
	at java.lang.ClassLoader.loadClassInternal(Unknown Source)
	at java.lang.Class.getDeclaredConstructors0(Native Method)
	at java.lang.Class.privateGetDeclaredConstructors(Unknown Source)
	at java.lang.Class.getConstructors(Unknown Source)
	at com.appium.impl.core.xee.XManagerImpl.virtual.h.b(Unknown Source)
	at com.appium.impl.core.xee.XManagerImpl.virtual.h.a(Unknown Source)
	at com.appium.impl.core.xee.XManagerImpl.virtual.e.b(Unknown Source)
	at com.appium.impl.core.xee.XManagerImpl.virtual.e.a(Unknown Source)
	at com.appium.impl.core.xee.XManagerImpl.virtual.e.a(Unknown Source)
	at com.appium.impl.core.xee.XManagerImpl.virtual.h.a(Unknown Source)
	at com.appium.impl.core.xee.XManagerImpl.virtual.h.a(Unknown Source)
	at com.appium.impl.core.xee.XManagerImpl.virtual.h.a(Unknown Source)
	at com.appium.impl.core.xee.XManagerImpl.virtual.h.a(Unknown Source)
	at com.appium.impl.core.xee.XManagerImpl.virtual.h.a(Unknown Source)
	at com.appium.impl.core.xee.XManagerImpl.virtual.e.b(Unknown Source)
	at com.appium.impl.core.xee.XManagerImpl.virtual.e.a(Unknown Source)
	at com.appium.impl.core.xee.XManagerImpl.virtual.e.b(Unknown Source)
	at com.appium.impl.core.xee.XManagerImpl.virtual.VirtualProcessImplMain.<init>(Unknown Source)
	at com.appium.impl.core.xee.XManagerImpl.virtual.VirtualProcessImplMain$Factory.runScript(Unknown Source)
	at com.appium.impl.core.xee.XManagerImpl.a.c(Unknown Source)
	at com.appium.impl.core.xee.XManagerImpl.a.commit(Unknown Source)
	at com.appium.XView.Server.c.b$a_.a(Unknown Source)
	at com.appium.XView.Server.b.commit(Unknown Source)
	at sun.reflect.NativeMethodAccessorImpl.invoke0(Native Method)
	at sun.reflect.NativeMethodAccessorImpl.invoke(Unknown Source)
	at sun.reflect.DelegatingMethodAccessorImpl.invoke(Unknown Source)
	at java.lang.reflect.Method.invoke(Unknown Source)
	at com.appium.XStream.e$7.run(Unknown Source)

# 2006-11-04 17.32.43 # com.appium.impl.core.xee.XManagerImpl.virtual                                              # Error     # Required XHandler not found. API=com.appium.XTE.Interfaces.XTEModules, ID=ParlayModule.  - Failed to load com.appium.XTE.ParlayModule/ParlayModule # 
java.lang.Exception: Failed to load com.appium.XTE.ParlayModule/ParlayModule
	at com.appium.impl.core.xee.XManagerImpl.virtual.e.b(Unknown Source)
	at com.appium.impl.core.xee.XManagerImpl.virtual.e.a(Unknown Source)
	at com.appium.impl.core.xee.XManagerImpl.virtual.e.a(Unknown Source)
	at com.appium.impl.core.xee.XManagerImpl.virtual.h.a(Unknown Source)
	at com.appium.impl.core.xee.XManagerImpl.virtual.h.a(Unknown Source)
	at com.appium.impl.core.xee.XManagerImpl.virtual.h.a(Unknown Source)
	at com.appium.impl.core.xee.XManagerImpl.virtual.h.a(Unknown Source)
	at com.appium.impl.core.xee.XManagerImpl.virtual.h.a(Unknown Source)
	at com.appium.impl.core.xee.XManagerImpl.virtual.e.b(Unknown Source)
	at com.appium.impl.core.xee.XManagerImpl.virtual.e.a(Unknown Source)
	at com.appium.impl.core.xee.XManagerImpl.virtual.e.b(Unknown Source)
	at com.appium.impl.core.xee.XManagerImpl.virtual.VirtualProcessImplMain.<init>(Unknown Source)
	at com.appium.impl.core.xee.XManagerImpl.virtual.VirtualProcessImplMain$Factory.runScript(Unknown Source)
	at com.appium.impl.core.xee.XManagerImpl.a.c(Unknown Source)
	at com.appium.impl.core.xee.XManagerImpl.a.commit(Unknown Source)
	at com.appium.XView.Server.c.b$a_.a(Unknown Source)
	at com.appium.XView.Server.b.commit(Unknown Source)
	at sun.reflect.NativeMethodAccessorImpl.invoke0(Native Method)
	at sun.reflect.NativeMethodAccessorImpl.invoke(Unknown Source)
	at sun.reflect.DelegatingMethodAccessorImpl.invoke(Unknown Source)
	at java.lang.reflect.Method.invoke(Unknown Source)
	at com.appium.XStream.e$7.run(Unknown Source)
Caused by: java.lang.NoClassDefFoundError: org/csapi/fw/fw_access/trust_and_security/IpInitialPOA
	at java.lang.ClassLoader.defineClass1(Native Method)
	at java.lang.ClassLoader.defineClass(Unknown Source)
	at java.security.SecureClassLoader.defineClass(Unknown Source)
	at java.net.URLClassLoader.defineClass(Unknown Source)
	at java.net.URLClassLoader.access$100(Unknown Source)
	at java.net.URLClassLoader$1.run(Unknown Source)
	at java.security.AccessController.doPrivileged(Native Method)
	at java.net.URLClassLoader.findClass(Unknown Source)
	at java.lang.ClassLoader.loadClass(Unknown Source)
	at java.lang.ClassLoader.loadClass(Unknown Source)
	at java.lang.ClassLoader.loadClassInternal(Unknown Source)
	at java.lang.Class.getDeclaredConstructors0(Native Method)
	at java.lang.Class.privateGetDeclaredConstructors(Unknown Source)
	at java.lang.Class.getConstructors(Unknown Source)
	at com.appium.impl.core.xee.XManagerImpl.virtual.h.b(Unknown Source)
	at com.appium.impl.core.xee.XManagerImpl.virtual.h.a(Unknown Source)
	... 22 more

# 2006-11-04 17.34.02 # com.appium.impl.core.xee.XProcessImpl                                                      # Info      # Process online: XContainer.XTE@localhost.0 (inactive) # 
# 2006-11-04 17.34.02 # com.appium.impl.core.xee.XProcessImpl                                                      # Info      # Process online again (fast restart): XContainer.XTE@localhost.0(inactive) (reported by ObjectRegistry) # 
# 2006-11-04 17.34.02 # com.appium.impl.core.xee.XProcessImpl                                                      # Info      # Object active: XTransport_XTE@XContainer.XTE@localhost.0 (reported by ObjectRegistry) # 
# 2006-11-04 17.34.05 # com.appium.impl.core.xee.XProcessImpl                                                      # Info      # Object active: StatusInfoAccess_XTE@XContainer.XTE@localhost.0 (reported by ObjectRegistry) # 
# 2006-11-04 17.34.08 # com.appium.impl.core.xee.XProcessImpl                                                      # Info      # Object active: ServiceUpdate_XTE@XContainer.XTE@localhost.0 (reported by ObjectRegistry) # 
# 2006-11-04 17.34.09 # com.appium.impl.core.xee.XProcessImpl                                                      # Info      # Object active (new): SessionRegistry_XTE@XContainer.XTE@localhost.0 (reported by ObjectRegistry) # 
# 2006-11-04 17.35.47 # com.appium.impl.core.xee.XProcessImpl                                                      # Info      # Object active (new): SessionBackupStore_XTE@XContainer.XTE@localhost.0 (reported by ObjectRegistry) # 
# 2006-11-04 17.35.48 # com.appium.impl.core.xee.XProcessImpl                                                      # Info      # Process active: XContainer.XTE@localhost.0 # 
# 2006-11-04 17.37.43 # com.appium.impl.core.xee.XProcessImpl                                                      # Info      # Process online: XContainer.XTE@localhost.250 (inactive) # 
# 2006-11-04 17.37.44 # com.appium.impl.core.xee.XProcessImpl                                                      # Info      # Starting Process Surveillance Thread for XContainer.XTE@localhost.250 # 
# 2006-11-04 17.37.44 # com.appium.impl.core.xee.XProcessImpl                                                      # Info      # Object active (new): XTransport_XTE@XContainer.XTE@localhost.250 (reported by ObjectRegistry) # 
# 2006-11-04 17.37.59 # com.appium.impl.core.xee.LockImpl.LockImplMain                                             # Error     # Lock wait timeout expired (5760903) locked by the included stack  - LockImplMain$STACK_TRACE # 
com.appium.impl.core.xee.LockImpl.LockImplMain$STACK_TRACE
	at com.appium.impl.core.xee.LockImpl.LockImplMain.lock(Unknown Source)
	at com.appium.impl.core.xee.XFileImpl.XLockableFileImpl.lock(Unknown Source)
	at com.appium.impl.core.xee.XFileImpl.XSynchronizedFileImpl$c_.<init>(Unknown Source)
	at com.appium.impl.core.xee.XFileImpl.XSynchronizedFileImpl.obtainLockedFileAccess(Unknown Source)
	at com.appium.impl.core.xee.XFileImpl.XSynchronizedFileImpl.save(Unknown Source)
	at com.appium.impl.core.xee.XConfigImpl.XConfigImplMain.saveGroupXML(Unknown Source)
	at com.appium.Registry.Config.c.a(Unknown Source)
	at com.appium.Registry.Config.c.c(Unknown Source)
	at com.appium.Registry.Config.a.setOnlinePreferred(Unknown Source)
	at com.appium.Registry.b.b.objectUp(Unknown Source)
	at com.appium.Basement.Registry.ActiveObjectList.a(Unknown Source)
	at com.appium.Basement.Registry.ActiveObjectList.guardedObjectArrayUpdated(Unknown Source)
	at com.appium.Basement.Registry.ActiveObjectList_XEEAdapted.objectListUpdated(Unknown Source)
	at com.appium.impl.core.xee.XProcessImpl.e.a(Unknown Source)
	at com.appium.impl.core.xee.XProcessImpl.e.a(Unknown Source)
	at com.appium.impl.core.xee.XProcessImpl.b$b_.run(Unknown Source)

# 2006-11-04 17.38.03 # com.appium.XView.Server.Backend.Coordinates                                                # Error     # Internal error while saving group connectsions  - Could not lock neither primary nor secondary file storage! # 
java.lang.Exception: Could not lock neither primary nor secondary file storage!
	at com.appium.impl.core.xee.XFileImpl.XSynchronizedFileImpl$c_.<init>(Unknown Source)
	at com.appium.impl.core.xee.XFileImpl.XSynchronizedFileImpl.obtainLockedFileAccess(Unknown Source)
	at com.appium.Basement.Registry.OAM.ConfigXMLEditorBackendProviderImpl$LockWrapper.<init>(Unknown Source)
	at com.appium.Basement.Registry.OAM.ConfigXMLEditorBackendProviderImpl.obtainLock(Unknown Source)
	at com.appium.Basement.Registry.OAM.ConfigXMLEditor.lock(Unknown Source)
	at com.appium.XView.Server.Backend.GroupConnectionsCache$Impl.saveGroupConnections(Unknown Source)
	at com.appium.XView.Server.GraphAPI$Session.a(Unknown Source)
	at com.appium.XView.Server.GraphAPI$Session.sendGroupNodeItemUpdate(Unknown Source)
	at com.appium.XView.Server.GraphAPI$Session$b_.configurationChanged(Unknown Source)
	at com.appium.Basement.Registry.OAM.OAMEvents$1.run(Unknown Source)

# 2006-11-04 17.38.31 # com.appium.impl.core.xee.XProcessImpl                                                      # Info      # Object active (new): StatusInfoAccess_XTE@XContainer.XTE@localhost.250 (reported by ObjectRegistry) # 
# 2006-11-04 17.42.30 # com.appium.Basement.UserRoles                                                              # Info      # Logged out: admin from host: 127.0.0.1 # 
# 2006-11-04 17.42.31 # com.appium.Basement.UserRoles                                                              # Info      # User authenticated: admin # 
# 2006-11-04 18.22.25 # com.appium.impl.core.xee.XProcessImpl                                                      # Info      # Process deactivated: NSim.Default@localhost.0 # 
# 2006-11-04 18.22.25 # com.appium.impl.core.xee.XProcessImpl                                                      # Info      # Process deactivated: Distributor.Trrigering@localhost.0 # 
# 2006-11-04 18.22.40 # com.appium.impl.core.xee.XProcessImpl                                                      # Info      # Surveillance failed for process Distributor.Trrigering@localhost.0 # 
# 2006-11-04 18.22.40 # com.appium.impl.core.xee.XProcessImpl                                                      # Major     # Process offline: Distributor.Trrigering@localhost.0 # 
# 2006-11-04 18.22.40 # com.appium.impl.core.xee.XProcessImpl                                                      # Info      # Object offline: ServiceUpdate_Trrigering@Distributor.Trrigering@localhost.0 (reported by Surveillance ) # 
# 2006-11-04 18.22.40 # com.appium.impl.core.xee.XProcessImpl                                                      # Info      # Object offline: SessionRegistry_Trrigering@Distributor.Trrigering@localhost.0 (reported by Surveillance ) # 
# 2006-11-04 18.22.40 # com.appium.impl.core.xee.XProcessImpl                                                      # Info      # Object offline: StatusInfoAccess_Trrigering@Distributor.Trrigering@localhost.0 (reported by Surveillance ) # 
# 2006-11-04 18.22.40 # com.appium.impl.core.xee.XProcessImpl                                                      # Info      # Object offline: XTransport_Trrigering@Distributor.Trrigering@localhost.0 (reported by Surveillance ) # 
# 2006-11-04 18.22.46 # com.appium.impl.core.xee.XProcessImpl                                                      # Info      # Surveillance failed for process NSim.Default@localhost.0 # 
# 2006-11-04 18.22.46 # com.appium.impl.core.xee.XProcessImpl                                                      # Major     # Process offline: NSim.Default@localhost.0 # 
# 2006-11-04 18.22.46 # com.appium.impl.core.xee.XProcessImpl                                                      # Info      # Object offline: ServiceUpdate_Default@NSim.Default@localhost.0 (reported by Surveillance ) # 
# 2006-11-04 18.22.46 # com.appium.impl.core.xee.XProcessImpl                                                      # Info      # Object offline: StatusInfoAccess_Default@NSim.Default@localhost.0 (reported by Surveillance ) # 
# 2006-11-04 18.22.46 # com.appium.impl.core.xee.XProcessImpl                                                      # Info      # Object offline: XTransport_Default@NSim.Default@localhost.0 (reported by Surveillance ) # 
# 2006-11-04 18.22.46 # com.appium.Basement.OAM.StatusOverview.StatusInfoAccessClient                              # Warning   # Could not get grid of status info from other process  - TRANSIENT - no usable profile in IOR # 
org.omg.CORBA.TRANSIENT: no usable profile in IOR  minor code: 0x4f4d0002  completed: No
	at com.ooc.OB.DowncallStub.getClientProfilePair(DowncallStub.java:84)
	at com.ooc.OB.DowncallStub.createDowncall(DowncallStub.java:166)
	at com.ooc.OB.DowncallStub.setupRequest(DowncallStub.java:603)
	at com.ooc.CORBA.Delegate.request(Delegate.java:604)
	at org.omg.CORBA.portable.ObjectImpl._request(ObjectImpl.java:95)
	at com.appium.Basement.Def._StatusInfoAccessInterfaceStub.getMany(Unknown Source)
	at com.appium.Basement.OAM.StatusOverview.StatusInfoAccessClient.getStatusGrid(Unknown Source)
	at com.appium.XView.Server.SystemStatusAPI$b_.run(Unknown Source)
	at java.lang.Thread.run(Unknown Source)

# 2006-11-04 18.22.51 # com.appium.Basement.OAM.StatusOverview.StatusInfoAccessClient                              # Warning   # Could not get grid of status info from other process  - NO_RESPONSE - Connection timeout # 
org.omg.CORBA.NO_RESPONSE: Connection timeout  minor code: 0x0  completed: No
	at com.ooc.OB.GIOPClient.getWorker(GIOPClient.java:94)
	at com.ooc.OB.GIOPClient.bind(GIOPClient.java:434)
	at com.ooc.OB.DowncallStub.locate_request(DowncallStub.java:518)
	at com.ooc.CORBA.Delegate._OB_getDowncallStub(Delegate.java:1248)
	at com.ooc.CORBA.Delegate.request(Delegate.java:602)
	at org.omg.CORBA.portable.ObjectImpl._request(ObjectImpl.java:95)
	at com.appium.Basement.Def._StatusInfoAccessInterfaceStub.getMany(Unknown Source)
	at com.appium.Basement.OAM.StatusOverview.StatusInfoAccessClient.getStatusGrid(Unknown Source)
	at com.appium.XView.Server.SystemStatusAPI$b_.run(Unknown Source)
	at java.lang.Thread.run(Unknown Source)

# 2006-11-04 18.23.29 # com.appium.impl.core.xee.XProcessImpl                                                      # Info      # Process deactivated: XContainer.XTE@localhost.0 # 
# 2006-11-04 18.23.33 # com.appium.impl.core.xee.XProcessImpl                                                      # Info      # Surveillance failed for process XContainer.XTE@localhost.250 # 
# 2006-11-04 18.23.33 # com.appium.impl.core.xee.XProcessImpl                                                      # Info      # Object offline: StatusInfoAccess_XTE@XContainer.XTE@localhost.250 (reported by Surveillance ) # 
# 2006-11-04 18.23.33 # com.appium.impl.core.xee.XProcessImpl                                                      # Major     # Process offline: XContainer.XTE@localhost.250 # 
# 2006-11-04 18.23.33 # com.appium.impl.core.xee.XProcessImpl                                                      # Info      # Object offline: XTransport_XTE@XContainer.XTE@localhost.250 (reported by Surveillance ) # 
# 2006-11-04 18.23.34 # com.appium.Basement.OAM.StatusOverview.StatusInfoAccessClient                              # Warning   # Could not get grid of status info from other process  - NO_RESPONSE - Connection timeout # 
org.omg.CORBA.NO_RESPONSE: Connection timeout  minor code: 0x0  completed: No
	at com.ooc.OB.GIOPClient.getWorker(GIOPClient.java:94)
	at com.ooc.OB.GIOPClient.bind(GIOPClient.java:434)
	at com.ooc.OB.DowncallStub.locate_request(DowncallStub.java:518)
	at com.ooc.CORBA.Delegate._OB_getDowncallStub(Delegate.java:1248)
	at com.ooc.CORBA.Delegate.request(Delegate.java:602)
	at org.omg.CORBA.portable.ObjectImpl._request(ObjectImpl.java:95)
	at com.appium.Basement.Def._StatusInfoAccessInterfaceStub.getMany(Unknown Source)
	at com.appium.Basement.OAM.StatusOverview.StatusInfoAccessClient.getStatusGrid(Unknown Source)
	at com.appium.XView.Server.SystemStatusAPI$b_.run(Unknown Source)
	at java.lang.Thread.run(Unknown Source)

# 2006-11-04 18.23.35 # com.appium.Basement.OAM.StatusOverview.StatusInfoAccessClient                              # Warning   # Could not get grid of status info from other process  - NO_RESPONSE - Connection timeout # 
org.omg.CORBA.NO_RESPONSE: Connection timeout  minor code: 0x0  completed: No
	at com.ooc.OB.GIOPClient.getWorker(GIOPClient.java:94)
	at com.ooc.OB.GIOPClient.bind(GIOPClient.java:434)
	at com.ooc.OB.DowncallStub.locate_request(DowncallStub.java:518)
	at com.ooc.CORBA.Delegate._OB_getDowncallStub(Delegate.java:1248)
	at com.ooc.CORBA.Delegate.request(Delegate.java:602)
	at org.omg.CORBA.portable.ObjectImpl._request(ObjectImpl.java:95)
	at com.appium.Basement.Def._StatusInfoAccessInterfaceStub.getMany(Unknown Source)
	at com.appium.Basement.OAM.StatusOverview.StatusInfoAccessClient.getStatusGrid(Unknown Source)
	at com.appium.XView.Server.SystemStatusAPI$b_.run(Unknown Source)
	at java.lang.Thread.run(Unknown Source)

# 2006-11-04 18.23.37 # com.appium.impl.core.xee.XProcessImpl                                                      # Info      # Surveillance failed for process XContainer.XTE@localhost.0 # 
# 2006-11-04 18.23.37 # com.appium.impl.core.xee.XProcessImpl                                                      # Info      # Object offline: ServiceUpdate_XTE@XContainer.XTE@localhost.0 (reported by Surveillance ) # 
# 2006-11-04 18.23.37 # com.appium.impl.core.xee.XProcessImpl                                                      # Info      # Object offline: SessionBackupStore_XTE@XContainer.XTE@localhost.0 (reported by Surveillance ) # 
# 2006-11-04 18.23.37 # com.appium.impl.core.xee.XProcessImpl                                                      # Info      # Object offline: SessionRegistry_XTE@XContainer.XTE@localhost.0 (reported by Surveillance ) # 
# 2006-11-04 18.23.37 # com.appium.impl.core.xee.XProcessImpl                                                      # Info      # Object offline: StatusInfoAccess_XTE@XContainer.XTE@localhost.0 (reported by Surveillance ) # 
# 2006-11-04 18.23.37 # com.appium.impl.core.xee.XProcessImpl                                                      # Major     # Process offline: XContainer.XTE@localhost.0 # 
# 2006-11-04 18.23.37 # com.appium.impl.core.xee.XProcessImpl                                                      # Info      # Object offline: XTransport_XTE@XContainer.XTE@localhost.0 (reported by Surveillance ) # 
# 2006-11-04 18.24.09 # com.appium.impl.core.xee.XProcessImpl                                                      # Info      # Process deactivated: OAMServer.Primary # 
# 2006-11-04 18.24.09 # com.appium.ParlayAdaptor.Wrappers.Parlay32.Framework.GatewayHandler                        # Warning   # Failed to call endAccess: org.omg.CORBA.NO_RESPONSE # 
