
# 2006-11-10 20.50.07 # com.appium.impl.core.xee.Bootstrap                                                         # Info      # ========== Process starting ========== # 
# 2006-11-10 20.50.12 # com.appium.impl.core.xee.XManagerImpl.virtual                                              # Info      # [XHandler Loaded] com.appium.impl.core.xee.LockImpl.LockImplMain$FactoryImpl (15 ms) # 
# 2006-11-10 20.50.12 # com.appium.impl.core.xee.XManagerImpl.virtual                                              # Info      # [XHandler Loaded] com.appium.impl.upgrade.RemoveOldTags/RemoveOldTags (0 ms) # 
# 2006-11-10 20.50.12 # com.appium.impl.core.xee.XFileImpl.XLockableFileImpl                                       # Info      # Number of File Format Upgrade Handlers: 1 # 
# 2006-11-10 20.50.12 # com.appium.impl.core.xee.XFileImpl.XLockableFileImpl                                       # Info      # File format checked without changes by com.appium.impl.upgrade.RemoveOldTags # 
# 2006-11-10 20.50.12 # com.appium.impl.core.xee.XManagerImpl.virtual                                              # Info      # [XHandler Loaded] com.appium.impl.core.xee.XFileImpl.XLockableFileImpl/primary-config-file (79 ms) # 
# 2006-11-10 20.50.15 # com.appium.impl.core.xee.XManagerImpl.virtual                                              # Info      # [XHandler Loaded] com.appium.impl.core.xee.XCryptoImpl.XCryptoImplMain (2204 ms) # 
# 2006-11-10 20.50.15 # com.appium.impl.core.xee.XManagerImpl.virtual                                              # Info      # [XHandler Loaded] com.appium.impl.core.xee.XCorbaImpl.XCorbaImplMain/corba (578 ms) # 
# 2006-11-10 20.50.15 # com.appium.impl.core.xee.XManagerImpl.virtual                                              # Info      # [XHandler Loaded] com.appium.impl.core.xee.XContextImpl.XContextImplMain (0 ms) # 
# 2006-11-10 20.50.15 # com.appium.impl.core.xee.XManagerImpl.virtual                                              # Info      # [XHandler Loaded] com.appium.impl.core.xee.XRunnerImpl.XRunnerImplMain/Registration Thread Pool (0 ms) # 
# 2006-11-10 20.50.15 # com.appium.impl.core.xee.XProcessImpl.XProcessImplMain                                     # Info      # XProcess.type: OAMServer # 
# 2006-11-10 20.50.15 # com.appium.impl.core.xee.XProcessImpl.XProcessImplMain                                     # Info      # XProcess.group: Primary # 
# 2006-11-10 20.50.15 # com.appium.impl.core.xee.XProcessImpl.XProcessImplMain                                     # Info      # XProcess.processID: OAMServer.Primary # 
# 2006-11-10 20.50.15 # com.appium.impl.core.xee.XProcessImpl.XProcessImplMain                                     # Info      # XProcess.index: 0 # 
# 2006-11-10 20.50.15 # com.appium.impl.core.xee.XProcessImpl.XProcessImplMain                                     # Info      # XProcess.OAMServerAddress (supplied): Acer # 
# 2006-11-10 20.50.15 # com.appium.impl.core.xee.XProcessImpl.XProcessImplMain                                     # Info      # XProcess.OAMServerAddress (complete): Acer:20000 # 
# 2006-11-10 20.50.15 # com.appium.impl.core.xee.XProcessImpl                                                      # Info      # Exposing MainRegistryAccess port on: 20000 # 
# 2006-11-10 20.50.16 # com.appium.impl.core.xee.XProcessImpl                                                      # Info      # RegistrationHandler created for Acer:20000 # 
# 2006-11-10 20.50.16 # com.appium.impl.core.xee.XProcessImpl                                                      # Info      # RegistrationHandler for Acer:20000 will run locally without CORBA communication. # 
# 2006-11-10 20.50.16 # com.appium.impl.core.xee.XProcessImpl                                                      # Info      # RegistrationHandler started for Acer:20000 # 
# 2006-11-10 20.50.16 # com.appium.impl.core.xee.XManagerImpl.virtual                                              # Info      # [XHandler Loaded] com.appium.impl.core.xee.XProcessImpl.XProcessImplMain (531 ms) # 
# 2006-11-10 20.50.16 # com.appium.impl.core.xee.XProcessImpl                                                      # Info      # Registration available on: Acer:20000 # 
# 2006-11-10 20.50.16 # com.appium.impl.core.xee.XProcessImpl                                                      # Info      # Registering object: OAMServer on Acer:20000 # 
# 2006-11-10 20.50.16 # com.appium.impl.core.xee.XProcessImpl                                                      # Info      # Process online: OAMServer.Primary (inactive) # 
# 2006-11-10 20.50.16 # com.appium.impl.core.xee.XProcessImpl                                                      # Info      # Registering object: XTransport on Acer:20000 # 
# 2006-11-10 20.50.16 # com.appium.impl.core.xee.XProcessImpl                                                      # Info      # Starting Process Surveillance Thread for OAMServer.Primary # 
# 2006-11-10 20.50.16 # com.appium.impl.core.xee.XProcessImpl                                                      # Info      # Object active (new): XTransport_Primary@OAMServer.Primary (reported by ObjectRegistry) # 
# 2006-11-10 20.50.16 # com.appium.impl.core.xee.XManagerImpl.virtual                                              # Info      # [XHandler Loaded] com.appium.impl.core.xee.XTransportImpl.XTransportImplMain (594 ms) # 
# 2006-11-10 20.50.16 # com.appium.impl.core.xee.XFileImpl.XSynchronizedFileImpl                                   # Error     # Failed to copy xml file content from remote OAM Server  - XTransport$REMOTE_XHANDLER_NOT_FOUND - No XHandler with the ID='secondary-config-file' could be found in any process. # 
com.appium.core.xee.XTransport$REMOTE_XHANDLER_NOT_FOUND: No XHandler with the ID='secondary-config-file' could be found in any process.
	at com.appium.impl.core.xee.XTransportImpl.XTransportImplMain$ObjectInvocationHandler.invoke(Unknown Source)
	at $Proxy9.load(Unknown Source)
	at com.appium.impl.core.xee.XFileImpl.XSynchronizedFileImpl.a(Unknown Source)
	at com.appium.impl.core.xee.XFileImpl.XSynchronizedFileImpl.<init>(Unknown Source)
	at sun.reflect.NativeConstructorAccessorImpl.newInstance0(Native Method)
	at sun.reflect.NativeConstructorAccessorImpl.newInstance(Unknown Source)
	at sun.reflect.DelegatingConstructorAccessorImpl.newInstance(Unknown Source)
	at java.lang.reflect.Constructor.newInstance(Unknown Source)
	at com.appium.impl.core.xee.XManagerImpl.virtual.h$d_$0.b(Unknown Source)
	at com.appium.impl.core.xee.XManagerImpl.d.run(Unknown Source)

# 2006-11-10 20.50.16 # com.appium.impl.core.xee.XManagerImpl.virtual                                              # Info      # [XHandler Loaded] com.appium.impl.core.xee.XFileImpl.XSynchronizedFileImpl/TASxml (0 ms) # 
# 2006-11-10 20.50.16 # com.appium.impl.core.xee.XManagerImpl.virtual                                              # Info      # [XHandler Loaded] com.appium.impl.core.xee.XConfigImpl.XConfigImplMain/xconfig (0 ms) # 
# 2006-11-10 20.50.17 # com.appium.impl.core.xee.XManagerImpl.virtual                                              # Info      # [XHandler Loaded] com.appium.impl.core.xee.XProcessImpl.XProcessConfigurator/xprocess-configurator (313 ms) # 
# 2006-11-10 20.50.17 # com.appium.impl.core.xee.XManagerImpl.virtual                                              # Info      # [XHandler Loaded] com.appium.Basement.Registry.LegacyRegistryToXEEAdaptor (109 ms) # 
# 2006-11-10 20.50.17 # com.appium.impl.core.xee.XManagerImpl.virtual                                              # Info      # [XHandler Loaded] com.appium.Basement.Registry.OAM.ConfigXMLEditorBackendProviderImpl (0 ms) # 
# 2006-11-10 20.50.17 # com.appium.impl.core.xee.XManagerImpl.virtual                                              # Info      # [XHandler Loaded] com.appium.impl.core.xee.XSessionsImpl.e/session-distributed-registry (0 ms) # 
# 2006-11-10 20.50.17 # com.appium.impl.core.xee.XManagerImpl.virtual                                              # Info      # [XHandler Loaded] com.appium.impl.core.xee.XSessionsImpl.a/basic-session-id-handler (0 ms) # 
# 2006-11-10 20.50.17 # com.appium.impl.core.xee.XManagerImpl.virtual                                              # Info      # [XHandler Loaded] com.appium.impl.core.xee.XSessionsImpl.XSessionsImplMain/xsessions (0 ms) # 
# 2006-11-10 20.50.17 # com.appium.impl.core.xee.XManagerImpl.virtual                                              # Info      # [Secret XNode Registration] license.menu # 
# 2006-11-10 20.50.17 # com.appium.impl.core.xee.XManagerImpl.virtual                                              # Info      # [XHandler Loaded] com.appium.Basement.XNodeConfig.XEEXNodesXHandler (0 ms) # 
# 2006-11-10 20.50.22 # com.appium.impl.core.xee.XManagerImpl.virtual                                              # Info      # [Secret XNode Registration] basement.menu # 
# 2006-11-10 20.50.22 # com.appium.impl.core.xee.XManagerImpl.virtual                                              # Info      # [Secret XNode Registration] LinkSurveillance.menu # 
# 2006-11-10 20.50.22 # com.appium.impl.core.xee.XManagerImpl.virtual                                              # Info      # [Secret XNode Registration] versionhistory.menu # 
# 2006-11-10 20.50.22 # com.appium.impl.core.xee.XManagerImpl.virtual                                              # Info      # [XHandler Loaded] com.appium.Registry.RegistryPlatformModule (4703 ms) # 
# 2006-11-10 20.50.22 # com.appium.impl.core.xee.XManagerImpl.virtual                                              # Info      # [XHandler Loaded] com.appium.XView.Server.Backend.LogFileMarkerInserter$Impl/logfile-marker-inserter (0 ms) # 
# 2006-11-10 20.50.22 # com.appium.impl.core.xee.XManagerImpl.virtual                                              # Info      # [XHandler Loaded] com.appium.ExecDaemon.Client.ExecDaemonMonitor (0 ms) # 
# 2006-11-10 20.50.22 # com.appium.impl.core.xee.XManagerImpl.virtual                                              # Info      # [XHandler Loaded] com.appium.Monitoring.Alarm.d/alarm-info (0 ms) # 
# 2006-11-10 20.50.24 # com.appium.impl.core.xee.XManagerImpl.virtual                                              # Info      # [XHandler Loaded] com.appium.Monitoring.Alarm.AlarmLog/alarms (1766 ms) # 
# 2006-11-10 20.50.24 # com.appium.impl.core.xee.XManagerImpl.virtual                                              # Info      # [XHandler Loaded] com.appium.Monitoring.StatusInfo.a/status-info (31 ms) # 
# 2006-11-10 20.50.24 # com.appium.impl.core.xee.XManagerImpl.virtual                                              # Info      # [XHandler Loaded] com.appium.Monitoring.Log.LogImplMain/logging (407 ms) # 
# 2006-11-10 20.50.24 # com.appium.impl.core.xee.XProcessImpl                                                      # Info      # Registering object: StatusInfoAccess on Acer:20000 # 
# 2006-11-10 20.50.24 # com.appium.impl.core.xee.XProcessImpl                                                      # Info      # Object active (new): StatusInfoAccess_Primary@OAMServer.Primary (reported by ObjectRegistry) # 
# 2006-11-10 20.50.24 # com.appium.impl.core.xee.XManagerImpl.virtual                                              # Info      # [XHandler Loaded] com.appium.Monitoring.Statistics.StatisticsImplMain/statistics (125 ms) # 
# 2006-11-10 20.50.24 # com.appium.impl.core.xee.XManagerImpl.virtual                                              # Info      # [XHandler Loaded] lib\wrappers\Kannel/com.appium.ResourceAdaptor.Wrappers.ResourceAdaptor/Kannel (15 ms) # 
# 2006-11-10 20.50.24 # com.appium.impl.core.xee.XManagerImpl.virtual                                              # Info      # [XHandler Loaded] lib\wrappers\OMA/com.appium.ResourceAdaptor.Wrappers.ResourceAdaptor/OMA (15 ms) # 
# 2006-11-10 20.50.25 # com.appium.impl.core.xee.XManagerImpl.virtual                                              # Info      # [XHandler Loaded] lib\wrappers\OSAX/com.appium.ParlayAdaptor.Wrappers.OSAX.ParlayAdaptor/OSAX (0 ms) # 
# 2006-11-10 20.50.25 # com.appium.impl.core.xee.XManagerImpl.virtual                                              # Info      # [XHandler Loaded] lib\wrappers\Parlay213/com.appium.ParlayAdaptor.Wrappers.ParlayAdaptor/Parlay213 (31 ms) # 
# 2006-11-10 20.50.25 # com.appium.Monitoring.Log.DebugLog                                                         # Info      # Purging Debug log files before 2006-11-08 20:50:25 # 
# 2006-11-10 20.50.28 # com.appium.impl.core.xee.XManagerImpl.virtual                                              # Info      # [XHandler Loaded] com.appium.TAS.RateControl.CoreImpl.LoadEstimationFactoryImpl (0 ms) # 
# 2006-11-10 20.50.28 # com.appium.impl.core.xee.XManagerImpl.virtual                                              # Info      # [XHandler Loaded] lib\wrappers\Parlay31/com.appium.ParlayAdaptor.Wrappers.ParlayAdaptor/Parlay31 (0 ms) # 
# 2006-11-10 20.50.32 # com.appium.impl.core.xee.XManagerImpl.virtual                                              # Info      # [XHandler Loaded] lib\wrappers\Parlay32/com.appium.ParlayAdaptor.Wrappers.ParlayAdaptor/Parlay32 (0 ms) # 
# 2006-11-10 20.50.32 # com.appium.impl.core.xee.XManagerImpl.virtual                                              # Info      # [XHandler Loaded] com.appium.ResourceAdapterLoader.ResourceAdapterPlatformModule (203 ms) # 
# 2006-11-10 20.50.32 # com.appium.impl.core.xee.XManagerImpl.virtual                                              # Info      # [XHandler Loaded] com.appium.SNMP.a/snmp (16 ms) # 
# 2006-11-10 20.50.33 # com.appium.impl.core.xee.XManagerImpl.virtual                                              # Info      # [XHandler Loaded] com.appium.SystemInfo.ProcessInfoModule (875 ms) # 
# 2006-11-10 20.50.33 # com.appium.SystemInfo.SystemStatisticsModule                                               # Event     # Starting System Statistics... # 
# 2006-11-10 20.50.33 # com.appium.impl.core.xee.XManagerImpl.virtual                                              # Info      # [XHandler Loaded] com.appium.SystemInfo.SystemStatisticsModule (0 ms) # 
# 2006-11-10 20.50.33 # com.appium.impl.core.xee.XManagerImpl.virtual                                              # Info      # [XHandler Loaded] com.appium.TAS.RateControl.StaticRateAdaptor.StaticRateAdaptorFactory (15 ms) # 
# 2006-11-10 20.50.33 # com.appium.impl.core.xee.XManagerImpl.virtual                                              # Info      # [XHandler Loaded] com.appium.TAS.RateControl.LoadLevelRateAdaptor.LoadLevelRateAdaptorFactory (0 ms) # 
# 2006-11-10 20.50.33 # com.appium.impl.core.xee.XManagerImpl.virtual                                              # Info      # [XHandler Loaded] com.appium.TAS.RateControl.LeakyBucketRateRestrictor2.LeakyBucketRRFactory (0 ms) # 
# 2006-11-10 20.50.33 # com.appium.impl.core.xee.XManagerImpl.virtual                                              # Info      # [XHandler Loaded] com.appium.TAS.RateControl.CoreImpl.LoadConfigImpl (0 ms) # 
# 2006-11-10 20.50.33 # com.appium.impl.core.xee.XManagerImpl.virtual                                              # Info      # [XHandler Loaded] com.appium.TAS.RateControl.RateManager (0 ms) # 
# 2006-11-10 20.50.33 # com.appium.impl.core.xee.XManagerImpl.virtual                                              # Info      # [Secret XNode Registration] sessiontransport.menu # 
# 2006-11-10 20.50.33 # com.appium.impl.core.xee.XManagerImpl.virtual                                              # Info      # [Secret XNode Registration] serviceconfig.menu # 
# 2006-11-10 20.50.33 # com.appium.impl.core.xee.XManagerImpl.virtual                                              # Info      # [Secret XNode Registration] sc.sl.service_list.menu # 
# 2006-11-10 20.50.33 # com.appium.impl.core.xee.XManagerImpl.virtual                                              # Info      # [XHandler Loaded] com.appium.TAS.TASPlatformModule (250 ms) # 
# 2006-11-10 20.50.34 # com.appium.impl.core.xee.XManagerImpl.virtual                                              # Info      # [XHandler Loaded] com.appium.Basement.UserRoles.UserGroupConfig/user-roles (484 ms) # 
# 2006-11-10 20.50.34 # com.appium.impl.core.xee.XManagerImpl.virtual                                              # Info      # [XHandler Loaded] com.appium.Basement.XNodeEditor.XNodeEditorMain (0 ms) # 
# 2006-11-10 20.50.34 # com.appium.impl.core.xee.XManagerImpl.virtual                                              # Info      # [XHandler Loaded] com.appium.TASStatusRMI.a (16 ms) # 
# 2006-11-10 20.50.34 # com.appium.impl.core.xee.XManagerImpl.virtual                                              # Info      # [XHandler Loaded] com.appium.Monitoring.Alarm.e/alarm-global-cache (125 ms) # 
# 2006-11-10 20.50.36 # com.appium.impl.core.xee.XManagerImpl.virtual                                              # Info      # [XHandler Loaded] com.appium.SNMP.f/snmp-with-control (1922 ms) # 
# 2006-11-10 20.50.36 # com.appium.impl.core.xee.XProcessImpl                                                      # Info      # Registering object: TraceReceiver on Acer:20000 # 
# 2006-11-10 20.50.36 # com.appium.impl.core.xee.XProcessImpl                                                      # Info      # Object active (new): TraceReceiver_Primary@OAMServer.Primary (reported by ObjectRegistry) # 
# 2006-11-10 20.50.37 # com.appium.impl.core.xee.XManagerImpl.virtual                                              # Info      # [XHandler Loaded] com.appium.ExecDaemon.ExecDaemonMain (1078 ms) # 
# 2006-11-10 20.50.37 # com.appium.impl.core.xee.XManagerImpl.virtual                                              # Info      # [XHandler Loaded] com.appium.XView.Server.FileAccess.FileAccessDaemonModule (15 ms) # 
# 2006-11-10 20.50.37 # com.appium.impl.core.xee.XManagerImpl.virtual                                              # Info      # [XHandler Loaded] com.appium.Monitoring.StatusInfo.HostStatusDaemonModule (63 ms) # 
# 2006-11-10 20.50.37 # com.appium.SystemInfo.SystemInfoModule                                                     # Event     # Starting System Info... # 
# 2006-11-10 20.50.37 # com.appium.impl.core.xee.XManagerImpl.virtual                                              # Info      # [XHandler Loaded] com.appium.SystemInfo.SystemInfoModule (375 ms) # 
# 2006-11-10 20.50.37 # com.appium.impl.core.xee.XManagerImpl.virtual                                              # Info      # [XHandler Loaded] com.appium.Registry.Config.GroupManager (0 ms) # 
# 2006-11-10 20.50.38 # com.appium.impl.core.xee.XProcessImpl                                                      # Info      # Registering object: XNodeDatabase on Acer:20000 # 
# 2006-11-10 20.50.38 # com.appium.impl.core.xee.XProcessImpl                                                      # Info      # Object active (new): XNodeDatabase_Primary@OAMServer.Primary (reported by ObjectRegistry) # 
# 2006-11-10 20.50.39 # com.appium.impl.core.xee.XManagerImpl.virtual                                              # Info      # [Secret XNode Registration] versionhistory.menu # 
# 2006-11-10 20.50.39 # com.appium.impl.core.xee.XManagerImpl.virtual                                              # Info      # [XHandler Loaded] com.appium.Registry.RegistryServerModule (1703 ms) # 
# 2006-11-10 20.50.39 # com.appium.impl.core.xee.XManagerImpl.virtual                                              # Info      # [XHandler Loaded] com.appium.Registry.b.a/autorestart-daemon (0 ms) # 
# 2006-11-10 20.50.39 # com.appium.impl.core.xee.XManagerImpl.virtual                                              # Info      # [XHandler Loaded] com.appium.MMC.Server.MMCServer/mmc-server (15 ms) # 
# 2006-11-10 20.50.40 # com.appium.impl.core.xee.XManagerImpl.virtual                                              # Info      # [Secret XNode Registration] distributor.cryptokey.menu.OAMServer.Primary # 
# 2006-11-10 20.50.40 # com.appium.impl.core.xee.XManagerImpl.virtual                                              # Info      # [Secret XNode Registration] UserActionLog.menu # 
# 2006-11-10 20.50.40 # com.appium.impl.core.xee.XManagerImpl.virtual                                              # Info      # [Secret XNode Registration] ApplicationLogonBanner.menu # 
# 2006-11-10 20.50.40 # com.appium.impl.core.xee.XManagerImpl.virtual                                              # Info      # [Secret XNode Registration] confirm.menu # 
# 2006-11-10 20.50.40 # com.appium.impl.core.xee.XManagerImpl.virtual                                              # Info      # [XHandler Loaded] com.appium.Monitoring.MonitoringServerModule/server-monitoring (844 ms) # 
# 2006-11-10 20.50.41 # com.appium.impl.core.xee.XManagerImpl.virtual                                              # Info      # [XHandler Loaded] com.appium.ResourceAdapterLoader.Framework.FrameworkConfig (1047 ms) # 
# 2006-11-10 20.50.41 # com.appium.impl.core.xee.XManagerImpl.virtual                                              # Info      # [XHandler Loaded] com.appium.ResourceAdapterLoader.Framework.ServiceStatusConfig (31 ms) # 
# 2006-11-10 20.50.41 # com.appium.impl.core.xee.XManagerImpl.virtual                                              # Info      # [XHandler Loaded] com.appium.XView.Server.ProcessControlAPI (0 ms) # 
# 2006-11-10 20.50.41 # com.appium.impl.core.xee.XManagerImpl.virtual                                              # Info      # [XHandler Loaded] com.appium.XView.Server.SystemStatusAPI (16 ms) # 
# 2006-11-10 20.50.43 # com.appium.impl.core.xee.XManagerImpl.virtual                                              # Info      # [XHandler Loaded] com.appium.XView.Server.Backend.XViewConfigFileImpl (1328 ms) # 
# 2006-11-10 20.50.44 # com.appium.impl.core.xee.XManagerImpl.virtual                                              # Info      # [XHandler Loaded] com.appium.XView.Server.Backend.GroupConnectionsCache$Impl (16 ms) # 
# 2006-11-10 20.50.44 # com.appium.impl.core.xee.XManagerImpl.virtual                                              # Info      # [XHandler Loaded] com.appium.XView.Server.GraphAPI (0 ms) # 
# 2006-11-10 20.50.44 # com.appium.impl.core.xee.XManagerImpl.virtual                                              # Info      # [XHandler Loaded] com.appium.impl.core.xee.XMulticastImpl.XMulticastImplMain (0 ms) # 
# 2006-11-10 20.50.44 # com.appium.impl.core.xee.XManagerImpl.virtual                                              # Info      # [XHandler Loaded] com.appium.XView.Server.c.XManagerClientImplMain (0 ms) # 
# 2006-11-10 20.50.44 # com.appium.impl.core.xee.XManagerImpl.virtual                                              # Info      # [XHandler Loaded] com.appium.XView.Server.SPagesAPI (0 ms) # 
# 2006-11-10 20.50.44 # com.appium.impl.core.xee.XManagerImpl.virtual                                              # Info      # [XHandler Loaded] com.appium.XView.Server.LayoutAPI (0 ms) # 
# 2006-11-10 20.50.44 # com.appium.impl.core.xee.XManagerImpl.virtual                                              # Info      # [XHandler Loaded] com.appium.XView.Server.AlarmAPI (0 ms) # 
# 2006-11-10 20.50.44 # com.appium.impl.core.xee.XManagerImpl.virtual                                              # Info      # [XHandler Loaded] com.appium.XView.Server.FlowLog.FlowLogAPI (15 ms) # 
# 2006-11-10 20.50.44 # com.appium.impl.core.xee.XManagerImpl.virtual                                              # Info      # [XHandler Loaded] com.appium.XView.Server.FileAccess.FileAccessAPI (0 ms) # 
# 2006-11-10 20.50.44 # com.appium.impl.core.xee.XManagerImpl.virtual                                              # Info      # [XHandler Loaded] com.appium.XView.Server.Hardware.HardwareAPI (16 ms) # 
# 2006-11-10 20.50.44 # com.appium.impl.core.xee.XManagerImpl.virtual                                              # Info      # [XHandler Loaded] com.appium.XView.Server.UsersAPI (16 ms) # 
# 2006-11-10 20.50.44 # com.appium.impl.core.xee.XManagerImpl.virtual                                              # Info      # [XHandler Loaded] com.appium.XView.Server.XViewConfigFileTransportAPI (0 ms) # 
# 2006-11-10 20.50.44 # com.appium.impl.core.xee.XManagerImpl.virtual                                              # Info      # [XHandler Loaded] com.appium.XView.Server.XWayInfoAPI (0 ms) # 
# 2006-11-10 20.50.44 # com.appium.impl.core.xee.XManagerImpl.virtual                                              # Info      # [XHandler Loaded] com.appium.XView.Server.OtherObjectsAPI (0 ms) # 
# 2006-11-10 20.50.44 # com.appium.impl.core.xee.XManagerImpl.virtual                                              # Info      # [XHandler Loaded] com.appium.XView.Server.EditSiteLabelAPI (0 ms) # 
# 2006-11-10 20.50.44 # com.appium.impl.core.xee.XManagerImpl.virtual                                              # Info      # [XHandler Loaded] com.appium.Monitoring.Statistics.g/statistics-provider (16 ms) # 
# 2006-11-10 20.50.44 # com.appium.impl.core.xee.XManagerImpl.virtual                                              # Info      # [XHandler Loaded] com.appium.XView.Server.StatisticsAPI (0 ms) # 
# 2006-11-10 20.50.44 # com.appium.impl.core.xee.XManagerImpl.virtual                                              # Info      # [XHandler Loaded] com.appium.XView.Server.TimeZoneAPI (0 ms) # 
# 2006-11-10 20.50.45 # com.appium.impl.core.xee.XManagerImpl.virtual                                              # Info      # [Secret XNode Registration] hosts.menu # 
# 2006-11-10 20.50.45 # com.appium.impl.core.xee.XManagerImpl.virtual                                              # Info      # [XHandler Loaded] com.appium.XView.Server.XViewServerModule (797 ms) # 
# 2006-11-10 20.50.45 # com.appium.TASStatusRMI                                                                    # Info      # Starting RMI Registry # 
# 2006-11-10 20.50.45 # com.appium.TASStatusRMI                                                                    # Info      # RMI registry created and exported on port 1099 # 
# 2006-11-10 20.50.45 # com.appium.impl.core.xee.XManagerImpl.virtual                                              # Info      # [XHandler Loaded] com.appium.TASStatusRMI.j/rmi (235 ms) # 
# 2006-11-10 20.50.45 # com.appium.impl.core.xee.XManagerImpl.virtual                                              # Info      # [XHandler Loaded] com.appium.impl.core.xstorage.StorageManagerImpl.StorageManagerImplMain$FactoryImpl/storage-manager (0 ms) # 
# 2006-11-10 20.50.45 # com.appium.impl.core.xee.XManagerImpl.virtual                                              # Info      # [XHandler Loaded] com.appium.impl.ws.control.ProvisioningImpl.ProvisioningImplOAM/XEEProvisioningOAM (62 ms) # 
# 2006-11-10 20.50.45 # com.appium.Basement.XNodeConfig.XEEXNodesXHandler                                          # Info      # [Commit XNode] license.menu # 
# 2006-11-10 20.50.45 # com.appium.Basement.XNodeConfig.XEEXNodesXHandler                                          # Info      # [Commit XNode] basement.menu # 
# 2006-11-10 20.50.45 # com.appium.Basement.XNodeConfig.XEEXNodesXHandler                                          # Info      # [Commit XNode] LinkSurveillance.menu # 
# 2006-11-10 20.50.45 # com.appium.Basement.XNodeConfig.XEEXNodesXHandler                                          # Info      # [Commit XNode] versionhistory.menu # 
# 2006-11-10 20.50.45 # com.appium.Basement.XNodeConfig.XEEXNodesXHandler                                          # Info      # [Commit XNode] oam.snmp_settings.menu # 
# 2006-11-10 20.50.47 # com.appium.SNMP.Agent                                                                      # Info      # Successfully initialized the SNMP Agent # 
# 2006-11-10 20.50.47 # com.appium.Basement.XNodeConfig.XEEXNodesXHandler                                          # Info      # [Commit XNode] LoadConfig.menu # 
# 2006-11-10 20.50.47 # com.appium.Basement.XNodeConfig.XEEXNodesXHandler                                          # Info      # [Commit XNode] sessiontransport.menu # 
# 2006-11-10 20.50.47 # com.appium.Basement.XNodeConfig.XEEXNodesXHandler                                          # Info      # [Commit XNode] serviceconfig.menu # 
# 2006-11-10 20.50.47 # com.appium.Basement.XNodeConfig.XEEXNodesXHandler                                          # Info      # [Commit XNode] sc.sl.service_list.menu # 
# 2006-11-10 20.50.47 # com.appium.Basement.XNodeConfig.XEEXNodesXHandler                                          # Info      # [Commit XNode] UserGroups.MENU # 
# 2006-11-10 20.50.48 # com.appium.impl.core.xee.XProcessImpl                                                      # Info      # Registering object: ServiceUpdate on Acer:20000 # 
# 2006-11-10 20.50.48 # com.appium.Basement.XNodeConfig.XEEXNodesXHandler                                          # Info      # [Commit XNode] oam.rmi_settings.menu # 
# 2006-11-10 20.50.48 # com.appium.Basement.XNodeConfig.XEEXNodesXHandler                                          # Info      # [Commit XNode] AutoRestartConfig.menu # 
# 2006-11-10 20.50.48 # com.appium.impl.core.xee.XProcessImpl                                                      # Info      # Object active (new): ServiceUpdate_Primary@OAMServer.Primary (reported by ObjectRegistry) # 
# 2006-11-10 20.50.48 # com.appium.Basement.XNodeConfig.XEEXNodesXHandler                                          # Info      # [Commit XNode] distributor.cryptokey.menu.OAMServer.Primary # 
# 2006-11-10 20.50.48 # com.appium.Basement.XNodeConfig.XEEXNodesXHandler                                          # Info      # [Commit XNode] UserActionLog.menu # 
# 2006-11-10 20.50.48 # com.appium.Basement.XNodeConfig.XEEXNodesXHandler                                          # Info      # [Commit XNode] ApplicationLogonBanner.menu # 
# 2006-11-10 20.50.48 # com.appium.Basement.XNodeConfig.XEEXNodesXHandler                                          # Info      # [Commit XNode] confirm.menu # 
# 2006-11-10 20.50.48 # com.appium.Basement.XNodeConfig.XEEXNodesXHandler                                          # Info      # [Commit XNode] distributor.framework.menu.OAMServer.Primary # 
# 2006-11-10 20.50.49 # com.appium.Registry.Config                                                                 # Info      # Creating GroupXNodeProvider for OAMServer/Primary # 
# 2006-11-10 20.50.49 # com.appium.ResourceAdapterLoader.Framework.FrameworkConfig                                 # Info      # Framework settings updated # 
# 2006-11-10 20.50.50 # com.appium.ResourceAdapterLoader.Framework                                                 # Critical  # Cannot obtain Parlay service XTE:P_US_TCTESTGW # 
# 2006-11-10 20.50.50 # com.appium.ResourceAdapterLoader.Framework                                                 # Critical  # Cannot obtain Parlay service XTE:P_USER_STATUS # 
# 2006-11-10 20.50.50 # com.appium.ResourceAdapterLoader.Framework                                                 # Critical  # Cannot obtain Parlay service XTE:P_ULC_TCTESTGW # 
# 2006-11-10 20.50.50 # com.appium.Basement.XNodeConfig.XEEXNodesXHandler                                          # Info      # [Commit XNode] framework.service_status.menu # 
# 2006-11-10 20.50.50 # com.appium.Basement.XNodeConfig.XEEXNodesXHandler                                          # Info      # [Commit XNode] hosts.menu # 
# 2006-11-10 20.50.50 # com.appium.ParlayAdaptor.Wrappers.Parlay32.Framework.GatewayHandler                        # Critical  # Failed to obtain IpAccess of gateway XTE: TheOrb: Could not open socket at localhost:14702 # 
# 2006-11-10 20.50.50 # com.appium.ParlayAdaptor.Wrappers.Parlay32.Framework.GatewayHandler                        # Critical  # Failed to obtain IpAccess of gateway NSIM: TheOrb: Could not open socket at localhost:15000 # 
# 2006-11-10 20.50.50 # com.appium.impl.core.xee.XProcessImpl                                                      # Info      # Registering object: Framework on Acer:20000 # 
# 2006-11-10 20.50.50 # com.appium.impl.core.xee.XProcessImpl                                                      # Info      # Object active (new): Framework_Primary@OAMServer.Primary (reported by ObjectRegistry) # 
# 2006-11-10 20.50.50 # com.appium.impl.core.xee.XProcessImpl                                                      # Info      # Process active: OAMServer.Primary # 
# 2006-11-10 20.50.53 # com.appium.Basement.UserRoles                                                              # Info      # User authenticated: admin # 
# 2006-11-10 20.50.54 # com.appium.Registry.Config                                                                 # Info      # Creating GroupXNodeProvider for NSim/Default # 
# 2006-11-10 20.50.54 # com.appium.impl.core.xee.XProcessImpl                                                      # Info      # Registering object: GraphDataEventReceiver on Acer:20000 # 
# 2006-11-10 20.50.54 # com.appium.impl.core.xee.XProcessImpl                                                      # Info      # Object active (new): GraphDataEventReceiver_Primary@OAMServer.Primary (reported by ObjectRegistry) # 
# 2006-11-10 20.50.55 # com.appium.Registry.Config                                                                 # Info      # Creating GroupXNodeProvider for Distributor/Trrigering # 
# 2006-11-10 20.50.55 # com.appium.Registry.Config                                                                 # Info      # Creating GroupXNodeProvider for XContainer/USTestApp # 
# 2006-11-10 20.50.55 # com.appium.Registry.Config                                                                 # Info      # Creating GroupXNodeProvider for XContainer/XTE # 
# 2006-11-10 20.50.55 # com.appium.Registry.Config                                                                 # Info      # Creating GroupXNodeProvider for XContainer/Collect Calls # 
# 2006-11-10 20.50.55 # com.appium.Registry.Config                                                                 # Info      # Creating GroupXNodeProvider for XContainer/XTE Parlay # 
# 2006-11-10 20.52.14 # com.appium.XView.Server.ProcessControlAPI$Session                                          # Error     # Couldn't start XContainer.XTE Parlay@localhost.0 because the lock port is already in use. Please configure another lock port # 
# 2006-11-10 20.52.20 # com.appium.impl.core.xee.XProcessImpl                                                      # Info      # Process online: XContainer.XTE@localhost.0 (inactive) # 
# 2006-11-10 20.52.20 # com.appium.impl.core.xee.XProcessImpl                                                      # Info      # Starting Process Surveillance Thread for XContainer.XTE@localhost.0 # 
# 2006-11-10 20.52.20 # com.appium.impl.core.xee.XProcessImpl                                                      # Info      # Object active (new): XTransport_XTE@XContainer.XTE@localhost.0 (reported by ObjectRegistry) # 
# 2006-11-10 20.52.23 # com.appium.impl.core.xee.XProcessImpl                                                      # Info      # Object active (new): StatusInfoAccess_XTE@XContainer.XTE@localhost.0 (reported by ObjectRegistry) # 
# 2006-11-10 20.52.31 # com.appium.impl.core.xee.XProcessImpl                                                      # Info      # Object active (new): ServiceUpdate_XTE@XContainer.XTE@localhost.0 (reported by ObjectRegistry) # 
# 2006-11-10 20.52.31 # com.appium.impl.core.xee.XProcessImpl                                                      # Info      # Process active: XContainer.XTE@localhost.0 # 
# 2006-11-10 20.52.33 # com.appium.impl.core.xee.XProcessImpl                                                      # Info      # Object active (new): SessionBackupStore_XTE@XContainer.XTE@localhost.0 (reported by ObjectRegistry) # 
# 2006-11-10 20.52.38 # com.appium.impl.core.xee.XProcessImpl                                                      # Info      # Object active (new): SessionRegistry_XTE@XContainer.XTE@localhost.0 (reported by ObjectRegistry) # 
# 2006-11-10 20.54.26 # com.appium.XView.Server.ProcessControlAPI$Session                                          # Error     # Couldn't start XContainer.XTE Parlay@localhost.0 because the lock port is already in use. Please configure another lock port # 
# 2006-11-10 20.54.41 # com.appium.impl.core.xee.XProcessImpl                                                      # Info      # Process online: XContainer.Collect Calls@localhost.50 (inactive) # 
# 2006-11-10 20.54.41 # com.appium.impl.core.xee.XProcessImpl                                                      # Info      # Starting Process Surveillance Thread for XContainer.Collect Calls@localhost.50 # 
# 2006-11-10 20.54.41 # com.appium.impl.core.xee.XProcessImpl                                                      # Info      # Object active (new): XTransport_Collect Calls@XContainer.Collect Calls@localhost.50 (reported by ObjectRegistry) # 
# 2006-11-10 20.54.50 # com.appium.impl.core.xee.XProcessImpl                                                      # Info      # Object active (new): StatusInfoAccess_Collect Calls@XContainer.Collect Calls@localhost.50 (reported by ObjectRegistry) # 
# 2006-11-10 20.55.06 # com.appium.impl.core.xee.XProcessImpl                                                      # Info      # Object active (new): ServiceUpdate_Collect Calls@XContainer.Collect Calls@localhost.50 (reported by ObjectRegistry) # 
# 2006-11-10 20.55.06 # com.appium.impl.core.xee.XProcessImpl                                                      # Info      # Process active: XContainer.Collect Calls@localhost.50 # 
# 2006-11-10 20.55.54 # com.appium.XView.Server.ProcessControlAPI$Session                                          # Error     # Couldn't start XContainer.XTE Parlay@localhost.0 because the lock port is already in use. Please configure another lock port # 
# 2006-11-10 21.06.02 # com.appium.Basement.OAM.StatusOverview.StatusInfoAccessClient                              # Warning   # Could not get grid of status info from other process  - TRANSIENT - no usable profile in IOR # 
org.omg.CORBA.TRANSIENT: no usable profile in IOR  minor code: 0x4f4d0002  completed: No
	at com.ooc.OB.DowncallStub.getClientProfilePair(DowncallStub.java:84)
	at com.ooc.OB.DowncallStub.createDowncall(DowncallStub.java:166)
	at com.ooc.OB.DowncallStub.setupRequest(DowncallStub.java:603)
	at com.ooc.CORBA.Delegate.request(Delegate.java:604)
	at org.omg.CORBA.portable.ObjectImpl._request(ObjectImpl.java:95)
	at com.appium.Basement.Def._StatusInfoAccessInterfaceStub.getMany(Unknown Source)
	at com.appium.Basement.OAM.StatusOverview.StatusInfoAccessClient.getStatusGrid(Unknown Source)
	at com.appium.XView.Server.SystemStatusAPI$b_.run(Unknown Source)
	at java.lang.Thread.run(Unknown Source)

# 2006-11-10 21.06.02 # com.appium.impl.core.xee.XProcessImpl                                                      # Info      # Surveillance failed for process XContainer.XTE@localhost.0 # 
# 2006-11-10 21.06.02 # com.appium.impl.core.xee.XProcessImpl                                                      # Info      # Object offline: ServiceUpdate_XTE@XContainer.XTE@localhost.0 (reported by Surveillance ) # 
# 2006-11-10 21.06.02 # com.appium.impl.core.xee.XProcessImpl                                                      # Info      # Object offline: SessionBackupStore_XTE@XContainer.XTE@localhost.0 (reported by Surveillance ) # 
# 2006-11-10 21.06.02 # com.appium.impl.core.xee.XProcessImpl                                                      # Info      # Object offline: SessionRegistry_XTE@XContainer.XTE@localhost.0 (reported by Surveillance ) # 
# 2006-11-10 21.06.02 # com.appium.impl.core.xee.XProcessImpl                                                      # Info      # Object offline: StatusInfoAccess_XTE@XContainer.XTE@localhost.0 (reported by Surveillance ) # 
# 2006-11-10 21.06.02 # com.appium.impl.core.xee.XProcessImpl                                                      # Major     # Process offline: XContainer.XTE@localhost.0 # 
# 2006-11-10 21.06.02 # com.appium.impl.core.xee.XProcessImpl                                                      # Info      # Object offline: XTransport_XTE@XContainer.XTE@localhost.0 (reported by Surveillance ) # 
# 2006-11-10 21.06.06 # com.appium.impl.core.xee.XProcessImpl                                                      # Info      # Surveillance failed for process XContainer.Collect Calls@localhost.50 # 
# 2006-11-10 21.06.06 # com.appium.impl.core.xee.XProcessImpl                                                      # Info      # Object offline: ServiceUpdate_Collect Calls@XContainer.Collect Calls@localhost.50 (reported by Surveillance ) # 
# 2006-11-10 21.06.06 # com.appium.impl.core.xee.XProcessImpl                                                      # Info      # Object offline: StatusInfoAccess_Collect Calls@XContainer.Collect Calls@localhost.50 (reported by Surveillance ) # 
# 2006-11-10 21.06.06 # com.appium.impl.core.xee.XProcessImpl                                                      # Major     # Process offline: XContainer.Collect Calls@localhost.50 # 
# 2006-11-10 21.06.06 # com.appium.impl.core.xee.XProcessImpl                                                      # Info      # Object offline: XTransport_Collect Calls@XContainer.Collect Calls@localhost.50 (reported by Surveillance ) # 
