
# 2006-10-28 20.18.11 # com.appium.impl.core.xee.Bootstrap                                                         # Info      # ========== Process starting ========== # 
# 2006-10-28 20.18.16 # com.appium.impl.core.xee.XManagerImpl.virtual                                              # Info      # [XHandler Loaded] com.appium.impl.core.xee.XCryptoImpl.XCryptoImplMain (1453 ms) # 
# 2006-10-28 20.18.16 # com.appium.impl.core.xee.XManagerImpl.virtual                                              # Info      # [XHandler Loaded] com.appium.impl.core.xee.XCorbaImpl.XCorbaImplMain/corba (141 ms) # 
# 2006-10-28 20.18.16 # com.appium.impl.core.xee.XManagerImpl.virtual                                              # Info      # [XHandler Loaded] com.appium.impl.core.xee.XContextImpl.XContextImplMain (0 ms) # 
# 2006-10-28 20.18.16 # com.appium.impl.core.xee.XManagerImpl.virtual                                              # Info      # [XHandler Loaded] com.appium.impl.core.xee.XRunnerImpl.XRunnerImplMain/Registration Thread Pool (16 ms) # 
# 2006-10-28 20.18.16 # com.appium.impl.core.xee.XProcessImpl.XProcessImplMain                                     # Info      # XProcess.type: Distributor # 
# 2006-10-28 20.18.16 # com.appium.impl.core.xee.XProcessImpl.XProcessImplMain                                     # Info      # XProcess.group: Trrigering # 
# 2006-10-28 20.18.16 # com.appium.impl.core.xee.XProcessImpl.XProcessImplMain                                     # Info      # XProcess.processID: Distributor.Trrigering@localhost.0 # 
# 2006-10-28 20.18.16 # com.appium.impl.core.xee.XProcessImpl.XProcessImplMain                                     # Info      # XProcess.index: 0 # 
# 2006-10-28 20.18.16 # com.appium.impl.core.xee.XProcessImpl.XProcessImplMain                                     # Info      # XProcess.OAMServerAddress (supplied): Acer # 
# 2006-10-28 20.18.16 # com.appium.impl.core.xee.XProcessImpl.XProcessImplMain                                     # Info      # XProcess.OAMServerAddress (complete): Acer:20000 # 
# 2006-10-28 20.18.16 # com.appium.impl.core.xee.XProcessImpl                                                      # Info      # RegistrationHandler created for Acer:20000 # 
# 2006-10-28 20.18.16 # com.appium.impl.core.xee.XProcessImpl                                                      # Info      # RegistrationHandler started for Acer:20000 # 
# 2006-10-28 20.18.16 # com.appium.impl.core.xee.XManagerImpl.virtual                                              # Info      # [XHandler Loaded] com.appium.impl.core.xee.XProcessImpl.XProcessImplMain (234 ms) # 
# 2006-10-28 20.18.17 # com.appium.impl.core.xee.XProcessImpl                                                      # Info      # Registration available on: Acer:20000 # 
# 2006-10-28 20.18.17 # com.appium.impl.core.xee.XProcessImpl                                                      # Info      # Registering object: Distributor on Acer:20000 # 
# 2006-10-28 20.18.17 # com.appium.impl.core.xee.XProcessImpl                                                      # Info      # Registering object: XTransport on Acer:20000 # 
# 2006-10-28 20.18.17 # com.appium.impl.core.xee.XProcessImpl                                                      # Info      # Object online (new): Distributor.Trrigering@localhost.0 (inactive, reported by ObjectRegistry) # 
# 2006-10-28 20.18.17 # com.appium.impl.core.xee.XProcessImpl                                                      # Info      # Starting Process Surveillance Thread for Distributor.Trrigering@localhost.0 # 
# 2006-10-28 20.18.17 # com.appium.impl.core.xee.XProcessImpl                                                      # Info      # Object active (new): Framework_Primary@OAMServer.Primary (reported by ObjectRegistry) # 
# 2006-10-28 20.18.17 # com.appium.impl.core.xee.XProcessImpl                                                      # Info      # Starting Process Surveillance Thread for OAMServer.Primary # 
# 2006-10-28 20.18.17 # com.appium.impl.core.xee.XProcessImpl                                                      # Info      # Object active (new): GraphDataEventReceiver_Primary@OAMServer.Primary (reported by ObjectRegistry) # 
# 2006-10-28 20.18.17 # com.appium.impl.core.xee.XProcessImpl                                                      # Info      # Object active (new): NSim.Default@Acer.0 (reported by ObjectRegistry) # 
# 2006-10-28 20.18.17 # com.appium.impl.core.xee.XProcessImpl                                                      # Info      # Starting Process Surveillance Thread for NSim.Default@Acer.0 # 
# 2006-10-28 20.18.17 # com.appium.impl.core.xee.XProcessImpl                                                      # Info      # Object active (new): OAMServer.Primary (reported by ObjectRegistry) # 
# 2006-10-28 20.18.17 # com.appium.impl.core.xee.XProcessImpl                                                      # Info      # Object active (new): ServiceUpdate_Default@NSim.Default@Acer.0 (reported by ObjectRegistry) # 
# 2006-10-28 20.18.17 # com.appium.impl.core.xee.XProcessImpl                                                      # Info      # Object active (new): ServiceUpdate_Primary@OAMServer.Primary (reported by ObjectRegistry) # 
# 2006-10-28 20.18.17 # com.appium.impl.core.xee.XProcessImpl                                                      # Info      # Object active (new): StatusInfoAccess_Default@NSim.Default@Acer.0 (reported by ObjectRegistry) # 
# 2006-10-28 20.18.17 # com.appium.impl.core.xee.XProcessImpl                                                      # Info      # Object active (new): StatusInfoAccess_Primary@OAMServer.Primary (reported by ObjectRegistry) # 
# 2006-10-28 20.18.17 # com.appium.impl.core.xee.XProcessImpl                                                      # Info      # Object active (new): TraceReceiver_Primary@OAMServer.Primary (reported by ObjectRegistry) # 
# 2006-10-28 20.18.17 # com.appium.impl.core.xee.XProcessImpl                                                      # Info      # Object active (new): XNodeDatabase_Primary@OAMServer.Primary (reported by ObjectRegistry) # 
# 2006-10-28 20.18.17 # com.appium.impl.core.xee.XProcessImpl                                                      # Info      # Object active (new): XTransport_Default@NSim.Default@Acer.0 (reported by ObjectRegistry) # 
# 2006-10-28 20.18.17 # com.appium.impl.core.xee.XProcessImpl                                                      # Info      # Object active (new): XTransport_Primary@OAMServer.Primary (reported by ObjectRegistry) # 
# 2006-10-28 20.18.17 # com.appium.impl.core.xee.XProcessImpl                                                      # Info      # Object active (new): XTransport_Trrigering@Distributor.Trrigering@localhost.0 (reported by ObjectRegistry) # 
# 2006-10-28 20.18.17 # com.appium.impl.core.xee.XManagerImpl.virtual                                              # Info      # [XHandler Loaded] com.appium.impl.core.xee.XTransportImpl.XTransportImplMain (422 ms) # 
# 2006-10-28 20.18.17 # com.appium.impl.core.xee.XManagerImpl.virtual                                              # Info      # [XHandler Loaded] com.appium.impl.core.xee.XFileImpl.XSynchronizedFileImpl/TASxml (16 ms) # 
# 2006-10-28 20.18.17 # com.appium.impl.core.xee.XManagerImpl.virtual                                              # Info      # [XHandler Loaded] com.appium.impl.core.xee.XConfigImpl.XConfigImplMain/xconfig (0 ms) # 
# 2006-10-28 20.18.18 # com.appium.impl.core.xee.XManagerImpl.virtual                                              # Info      # [XHandler Loaded] com.appium.impl.core.xee.XProcessImpl.XProcessConfigurator/xprocess-configurator (78 ms) # 
# 2006-10-28 20.18.18 # com.appium.impl.core.xee.XManagerImpl.virtual                                              # Info      # [XHandler Loaded] com.appium.Basement.Registry.LegacyRegistryToXEEAdaptor (109 ms) # 
# 2006-10-28 20.18.18 # com.appium.impl.core.xee.XManagerImpl.virtual                                              # Info      # [XHandler Loaded] com.appium.Basement.Registry.OAM.ConfigXMLEditorBackendProviderImpl (0 ms) # 
# 2006-10-28 20.18.18 # com.appium.impl.core.xee.XManagerImpl.virtual                                              # Info      # [XHandler Loaded] com.appium.impl.core.xee.XSessionsImpl.e/session-distributed-registry (16 ms) # 
# 2006-10-28 20.18.18 # com.appium.impl.core.xee.XManagerImpl.virtual                                              # Info      # [XHandler Loaded] com.appium.impl.core.xee.XSessionsImpl.a/basic-session-id-handler (15 ms) # 
# 2006-10-28 20.18.18 # com.appium.impl.core.xee.XManagerImpl.virtual                                              # Info      # [XHandler Loaded] com.appium.impl.core.xee.XSessionsImpl.XSessionsImplMain/xsessions (0 ms) # 
# 2006-10-28 20.18.18 # com.appium.impl.core.xee.XManagerImpl.virtual                                              # Info      # [Secret XNode Registration] license.menu # 
# 2006-10-28 20.18.18 # com.appium.impl.core.xee.XManagerImpl.virtual                                              # Info      # [XHandler Loaded] com.appium.Basement.XNodeConfig.XEEXNodesXHandler (0 ms) # 
# 2006-10-28 20.18.19 # com.appium.impl.core.xee.XManagerImpl.virtual                                              # Info      # [Secret XNode Registration] basement.menu # 
# 2006-10-28 20.18.19 # com.appium.impl.core.xee.XManagerImpl.virtual                                              # Info      # [Secret XNode Registration] LinkSurveillance.menu # 
# 2006-10-28 20.18.19 # com.appium.impl.core.xee.XManagerImpl.virtual                                              # Info      # [Secret XNode Registration] versionhistory.menu # 
# 2006-10-28 20.18.19 # com.appium.impl.core.xee.XManagerImpl.virtual                                              # Info      # [XHandler Loaded] com.appium.Registry.RegistryPlatformModule (1250 ms) # 
# 2006-10-28 20.18.19 # com.appium.impl.core.xee.XManagerImpl.virtual                                              # Info      # [XHandler Loaded] com.appium.XView.Server.Backend.LogFileMarkerInserter$Impl/logfile-marker-inserter (0 ms) # 
# 2006-10-28 20.18.19 # com.appium.impl.core.xee.XManagerImpl.virtual                                              # Info      # [XHandler Loaded] com.appium.ExecDaemon.Client.ExecDaemonMonitor (0 ms) # 
# 2006-10-28 20.18.19 # com.appium.impl.core.xee.XManagerImpl.virtual                                              # Info      # [XHandler Loaded] com.appium.Monitoring.Alarm.d/alarm-info (0 ms) # 
# 2006-10-28 20.18.19 # com.appium.impl.core.xee.XManagerImpl.virtual                                              # Info      # [XHandler Loaded] com.appium.Monitoring.Alarm.AlarmLog/alarms (16 ms) # 
# 2006-10-28 20.18.19 # com.appium.impl.core.xee.XManagerImpl.virtual                                              # Info      # [XHandler Loaded] com.appium.Monitoring.StatusInfo.a/status-info (15 ms) # 
# 2006-10-28 20.18.19 # com.appium.Monitoring.Log.LogImplMain                                                      # Error     # LOGGING ENDS HERE since logging is disabled for Debug in the Log configuration (this line is only here because startup log files cannot be deleted if opened in Windows) (msg no. 1) # 
# 2006-10-28 20.18.19 # com.appium.Monitoring.Log.LogImplMain                                                      # Error     # LOGGING ENDS HERE since logging is disabled for Debug in the Log configuration (this line is only here because startup log files cannot be deleted if opened in Windows) (msg no. 2) # 
# 2006-10-28 20.18.19 # com.appium.Monitoring.Log.LogImplMain                                                      # Error     # LOGGING ENDS HERE since logging is disabled for Debug in the Log configuration (this line is only here because startup log files cannot be deleted if opened in Windows) (msg no. 3) # 
# 2006-10-28 20.18.19 # com.appium.Monitoring.Log.LogImplMain                                                      # Error     # LOGGING ENDS HERE since logging is disabled for Debug in the Log configuration (this line is only here because startup log files cannot be deleted if opened in Windows) (msg no. 4) # 
# 2006-10-28 20.18.19 # com.appium.Monitoring.Log.LogImplMain                                                      # Error     # LOGGING ENDS HERE since logging is disabled for Debug in the Log configuration (this line is only here because startup log files cannot be deleted if opened in Windows) (msg no. 5) # 
# 2006-10-28 20.18.19 # com.appium.Monitoring.Log.LogImplMain                                                      # Error     # LOGGING ENDS HERE since logging is disabled for Debug in the Log configuration (this line is only here because startup log files cannot be deleted if opened in Windows) (msg no. 6) # 
# 2006-10-28 20.18.19 # com.appium.Monitoring.Log.LogImplMain                                                      # Error     # LOGGING ENDS HERE since logging is disabled for Debug in the Log configuration (this line is only here because startup log files cannot be deleted if opened in Windows) (msg no. 7) # 
# 2006-10-28 20.18.19 # com.appium.Monitoring.Log.LogImplMain                                                      # Error     # LOGGING ENDS HERE since logging is disabled for Debug in the Log configuration (this line is only here because startup log files cannot be deleted if opened in Windows) (msg no. 8) # 
# 2006-10-28 20.18.19 # com.appium.Monitoring.Log.LogImplMain                                                      # Error     # LOGGING ENDS HERE since logging is disabled for Debug in the Log configuration (this line is only here because startup log files cannot be deleted if opened in Windows) (msg no. 9) # 
# 2006-10-28 20.18.19 # com.appium.Monitoring.Log.LogImplMain                                                      # Error     # LOGGING ENDS HERE since logging is disabled for Debug in the Log configuration (this line is only here because startup log files cannot be deleted if opened in Windows) (msg no. 10) # 
# 2006-10-28 20.18.19 # com.appium.impl.core.xee.XManagerImpl.virtual                                              # Info      # [XHandler Loaded] com.appium.Monitoring.Log.LogImplMain/logging (78 ms) # 
# 2006-10-28 20.18.19 # com.appium.Monitoring.Log.LogImplMain$Deleter                                              # Info      # Trying to delete file: C:\Appium\Appium-XWay\log\Debug Distributor.Trrigering@localhost.0 2006-10-28 00000001.log # 
# 2006-10-28 20.18.19 # com.appium.impl.core.xee.XManagerImpl.virtual                                              # Info      # [XHandler Loaded] com.appium.Monitoring.Statistics.StatisticsImplMain/statistics (31 ms) # 
# 2006-10-28 20.18.19 # com.appium.Monitoring.Log.LogImplMain                                                      # Info      # Successfully deleted startup logging file: C:\Appium\Appium-XWay\log\Debug Distributor.Trrigering@localhost.0 2006-10-28 00000001.log # 
# 2006-10-28 20.18.19 # com.appium.impl.core.xee.XManagerImpl.virtual                                              # Info      # [XHandler Loaded] lib\wrappers\Kannel/com.appium.ResourceAdaptor.Wrappers.ResourceAdaptor/Kannel (15 ms) # 
# 2006-10-28 20.18.19 # com.appium.impl.core.xee.XManagerImpl.virtual                                              # Info      # [XHandler Loaded] lib\wrappers\OMA/com.appium.ResourceAdaptor.Wrappers.ResourceAdaptor/OMA (0 ms) # 
# 2006-10-28 20.18.19 # com.appium.impl.core.xee.XManagerImpl.virtual                                              # Info      # [XHandler Loaded] lib\wrappers\OSAX/com.appium.ParlayAdaptor.Wrappers.OSAX.ParlayAdaptor/OSAX (0 ms) # 
# 2006-10-28 20.18.19 # com.appium.impl.core.xee.XManagerImpl.virtual                                              # Info      # [XHandler Loaded] lib\wrappers\Parlay213/com.appium.ParlayAdaptor.Wrappers.ParlayAdaptor/Parlay213 (0 ms) # 
# 2006-10-28 20.18.20 # com.appium.impl.core.xee.XProcessImpl                                                      # Info      # Registering object: StatusInfoAccess on Acer:20000 # 
# 2006-10-28 20.18.20 # com.appium.impl.core.xee.XProcessImpl                                                      # Info      # Object active (new): StatusInfoAccess_Trrigering@Distributor.Trrigering@localhost.0 (reported by ObjectRegistry) # 
# 2006-10-28 20.18.20 # com.appium.Monitoring.Log.DebugLog                                                         # Info      # Purging Debug log files before 2006-10-26 20:18:20 # 
# 2006-10-28 20.18.20 # com.appium.impl.core.xee.XManagerImpl.virtual                                              # Info      # [XHandler Loaded] com.appium.TAS.RateControl.CoreImpl.LoadEstimationFactoryImpl (0 ms) # 
# 2006-10-28 20.18.20 # com.appium.impl.core.xee.XManagerImpl.virtual                                              # Info      # [XHandler Loaded] lib\wrappers\Parlay31/com.appium.ParlayAdaptor.Wrappers.ParlayAdaptor/Parlay31 (0 ms) # 
# 2006-10-28 20.18.21 # com.appium.impl.core.xee.XManagerImpl.virtual                                              # Info      # [XHandler Loaded] lib\wrappers\Parlay32/com.appium.ParlayAdaptor.Wrappers.ParlayAdaptor/Parlay32 (0 ms) # 
# 2006-10-28 20.18.21 # com.appium.impl.core.xee.XManagerImpl.virtual                                              # Info      # [XHandler Loaded] com.appium.ResourceAdapterLoader.ResourceAdapterPlatformModule (78 ms) # 
# 2006-10-28 20.18.21 # com.appium.impl.core.xee.XManagerImpl.virtual                                              # Info      # [XHandler Loaded] com.appium.SNMP.a/snmp (15 ms) # 
# 2006-10-28 20.18.21 # com.appium.impl.core.xee.XManagerImpl.virtual                                              # Info      # [XHandler Loaded] com.appium.SystemInfo.ProcessInfoModule (79 ms) # 
# 2006-10-28 20.18.21 # com.appium.SystemInfo.SystemStatisticsModule                                               # Event     # Starting System Statistics... # 
# 2006-10-28 20.18.21 # com.appium.impl.core.xee.XManagerImpl.virtual                                              # Info      # [XHandler Loaded] com.appium.SystemInfo.SystemStatisticsModule (15 ms) # 
# 2006-10-28 20.18.21 # com.appium.impl.core.xee.XManagerImpl.virtual                                              # Info      # [XHandler Loaded] com.appium.TAS.RateControl.StaticRateAdaptor.StaticRateAdaptorFactory (0 ms) # 
# 2006-10-28 20.18.21 # com.appium.impl.core.xee.XManagerImpl.virtual                                              # Info      # [XHandler Loaded] com.appium.TAS.RateControl.LoadLevelRateAdaptor.LoadLevelRateAdaptorFactory (0 ms) # 
# 2006-10-28 20.18.21 # com.appium.impl.core.xee.XManagerImpl.virtual                                              # Info      # [XHandler Loaded] com.appium.TAS.RateControl.LeakyBucketRateRestrictor2.LeakyBucketRRFactory (0 ms) # 
# 2006-10-28 20.18.21 # com.appium.impl.core.xee.XManagerImpl.virtual                                              # Info      # [XHandler Loaded] com.appium.TAS.RateControl.CoreImpl.LoadConfigImpl (15 ms) # 
# 2006-10-28 20.18.21 # com.appium.impl.core.xee.XManagerImpl.virtual                                              # Info      # [XHandler Loaded] com.appium.TAS.RateControl.RateManager (0 ms) # 
# 2006-10-28 20.18.21 # com.appium.impl.core.xee.XManagerImpl.virtual                                              # Info      # [Secret XNode Registration] sessiontransport.menu # 
# 2006-10-28 20.18.21 # com.appium.impl.core.xee.XManagerImpl.virtual                                              # Info      # [Secret XNode Registration] serviceconfig.menu # 
# 2006-10-28 20.18.21 # com.appium.impl.core.xee.XManagerImpl.virtual                                              # Info      # [Secret XNode Registration] sc.sl.service_list.menu # 
# 2006-10-28 20.18.21 # com.appium.impl.core.xee.XManagerImpl.virtual                                              # Info      # [XHandler Loaded] com.appium.TAS.TASPlatformModule (32 ms) # 
# 2006-10-28 20.18.21 # com.appium.impl.core.xee.XManagerImpl.virtual                                              # Info      # [Secret XNode Registration] addtranslation.menu # 
# 2006-10-28 20.18.21 # com.appium.impl.core.xee.XManagerImpl.virtual                                              # Info      # [Secret XNode Registration] distributor.status.menu # 
# 2006-10-28 20.18.21 # com.appium.impl.core.xee.XManagerImpl.virtual                                              # Info      # [XHandler Loaded] com.appium.TAS.Distributor.DistributorModule (125 ms) # 
# 2006-10-28 20.18.21 # com.appium.impl.core.xee.XManagerImpl.virtual                                              # Info      # [XHandler Loaded] com.appium.TAS.SessionTriggers.MultiPartyCallControl.AdditionalCallEventCriteriaConfig (15 ms) # 
# 2006-10-28 20.18.21 # com.appium.impl.core.xee.XManagerImpl.virtual                                              # Info      # [XHandler Loaded] com.appium.TAS.Distributor.CallControlConfig (0 ms) # 
# 2006-10-28 20.18.21 # com.appium.impl.core.xee.XManagerImpl.virtual                                              # Info      # [XHandler Loaded] com.appium.TAS.SessionTriggers.MultiMediaCallControl.MultiMediaCallControlConfig (16 ms) # 
# 2006-10-28 20.18.21 # com.appium.impl.core.xee.XManagerImpl.virtual                                              # Info      # [XHandler Loaded] com.appium.TAS.SessionTriggers.MultiPartyCallControl.MultiPartyCallControlConfig (0 ms) # 
# 2006-10-28 20.18.21 # com.appium.impl.core.xee.XManagerImpl.virtual                                              # Info      # [XHandler Loaded] com.appium.TAS.SessionTriggers.UserInteraction.UIConfig (0 ms) # 
# 2006-10-28 20.18.21 # com.appium.impl.core.xee.XManagerImpl.virtual                                              # Info      # [XHandler Loaded] com.appium.TAS.SessionTriggers.UserLocation.UserLocationConfig (0 ms) # 
# 2006-10-28 20.18.21 # com.appium.impl.core.xee.XManagerImpl.virtual                                              # Info      # [XHandler Loaded] com.appium.TAS.SessionTriggers.UserLocationCamel.UserLocationCamelConfig (0 ms) # 
# 2006-10-28 20.18.21 # com.appium.Basement.XNodeConfig.XEEXNodesXHandler                                          # Info      # [Commit XNode] license.menu # 
# 2006-10-28 20.18.22 # com.appium.Basement.XNodeConfig.XEEXNodesXHandler                                          # Info      # [Commit XNode] basement.menu # 
# 2006-10-28 20.18.22 # com.appium.impl.core.xee.XProcessImpl                                                      # Info      # Registering object: SessionRegistry on Acer:20000 # 
# 2006-10-28 20.18.22 # com.appium.impl.core.xee.XProcessImpl                                                      # Info      # Registering object: ServiceUpdate on Acer:20000 # 
# 2006-10-28 20.18.22 # com.appium.Basement.XNodeConfig.XEEXNodesXHandler                                          # Info      # [Commit XNode] LinkSurveillance.menu # 
# 2006-10-28 20.18.22 # com.appium.impl.core.xee.XProcessImpl                                                      # Info      # Object active (new): ServiceUpdate_Trrigering@Distributor.Trrigering@localhost.0 (reported by ObjectRegistry) # 
# 2006-10-28 20.18.22 # com.appium.impl.core.xee.XProcessImpl                                                      # Info      # Object active (new): SessionRegistry_Trrigering@Distributor.Trrigering@localhost.0 (reported by ObjectRegistry) # 
# 2006-10-28 20.18.22 # com.appium.Basement.XNodeConfig.XEEXNodesXHandler                                          # Info      # [Commit XNode] versionhistory.menu # 
# 2006-10-28 20.18.22 # com.appium.Basement.XNodeConfig.XEEXNodesXHandler                                          # Info      # [Commit XNode] oam.snmp_settings.menu # 
# 2006-10-28 20.18.24 # com.appium.SNMP.Agent                                                                      # Info      # SNMP Agent listening on port 1967 # 
# 2006-10-28 20.18.24 # com.appium.SNMP.Agent                                                                      # Info      # Successfully initialized the SNMP Agent # 
# 2006-10-28 20.18.24 # com.appium.Basement.XNodeConfig.XEEXNodesXHandler                                          # Info      # [Commit XNode] LoadConfig.menu # 
# 2006-10-28 20.18.24 # com.appium.Basement.XNodeConfig.XEEXNodesXHandler                                          # Info      # [Commit XNode] sessiontransport.menu # 
# 2006-10-28 20.18.24 # com.appium.Basement.XNodeConfig.XEEXNodesXHandler                                          # Info      # [Commit XNode] serviceconfig.menu # 
# 2006-10-28 20.18.25 # com.appium.Basement.XNodeConfig.XEEXNodesXHandler                                          # Info      # [Commit XNode] sc.sl.service_list.menu # 
# 2006-10-28 20.18.25 # com.appium.Basement.XNodeConfig.XEEXNodesXHandler                                          # Info      # [Commit XNode] addtranslation.menu # 
# 2006-10-28 20.18.25 # com.appium.Basement.XNodeConfig.XEEXNodesXHandler                                          # Info      # [Commit XNode] distributor.status.menu # 
# 2006-10-28 20.18.25 # com.appium.Basement.XNodeConfig.XEEXNodesXHandler                                          # Info      # [Commit XNode] distributors.additional.menu # 
# 2006-10-28 20.18.25 # com.appium.Basement.XNodeConfig.XEEXNodesXHandler                                          # Info      # [Commit XNode] distributor.cc.menu # 
# 2006-10-28 20.18.25 # com.appium.Basement.XNodeConfig.XEEXNodesXHandler                                          # Info      # [Commit XNode] distributor.mmcc.menu # 
# 2006-10-28 20.18.25 # com.appium.Basement.XNodeConfig.XEEXNodesXHandler                                          # Info      # [Commit XNode] distributor.mpcc.menu # 
# 2006-10-28 20.18.26 # com.appium.Basement.XNodeConfig.XEEXNodesXHandler                                          # Info      # [Commit XNode] distributor.ui.menu # 
# 2006-10-28 20.18.26 # com.appium.Basement.XNodeConfig.XEEXNodesXHandler                                          # Info      # [Commit XNode] distributor.ul.menu # 
# 2006-10-28 20.18.26 # com.appium.Basement.XNodeConfig.XEEXNodesXHandler                                          # Info      # [Commit XNode] distributor.ulc.menu # 
# 2006-10-28 20.18.27 # com.appium.impl.core.xee.XProcessImpl                                                      # Info      # Object activated: Distributor.Trrigering@localhost.0 (reported by Surveillance  ) # 
# 2006-10-28 20.20.33 # com.appium.impl.core.xee.XProcessImpl                                                      # Info      # Object online (new): XContainer.Collect Calls@localhost.50 (inactive, reported by ObjectRegistry) # 
# 2006-10-28 20.20.37 # com.appium.impl.core.xee.XProcessImpl                                                      # Info      # Starting Process Surveillance Thread for XContainer.Collect Calls@localhost.50 # 
# 2006-10-28 20.20.37 # com.appium.impl.core.xee.XProcessImpl                                                      # Info      # Object active (new): XTransport_Collect Calls@XContainer.Collect Calls@localhost.50 (reported by ObjectRegistry) # 
# 2006-10-28 20.20.42 # com.appium.impl.core.xee.XProcessImpl                                                      # Info      # Object active (new): StatusInfoAccess_Collect Calls@XContainer.Collect Calls@localhost.50 (reported by ObjectRegistry) # 
# 2006-10-28 20.21.33 # com.appium.impl.core.xee.XManagerImpl.virtual                                              # Info      # [XHandler reconfigured] com.appium.impl.core.xee.XRunnerImpl.XRunnerImplMain/Registration Thread Pool (12110 ms) # 
# 2006-10-28 20.21.33 # com.appium.impl.core.xee.XManagerImpl.virtual                                              # Info      # [XHandler reconfigured] com.appium.impl.core.xee.XProcessImpl.XProcessConfigurator/xprocess-configurator (0 ms) # 
# 2006-10-28 20.21.33 # com.appium.impl.core.xee.XManagerImpl.virtual                                              # Info      # [XHandler verified and reconfigured] com.appium.impl.core.xee.XSessionsImpl.XSessionsImplMain/xsessions (0 ms) # 
# 2006-10-28 20.21.33 # com.appium.impl.core.xee.XManagerImpl.virtual                                              # Info      # [XHandler verified and reconfigured] com.appium.Monitoring.Alarm.AlarmLog/alarms (16 ms) # 
# 2006-10-28 20.21.33 # com.appium.impl.core.xee.XManagerImpl.virtual                                              # Info      # [XHandler verified and reconfigured] com.appium.Monitoring.Log.LogImplMain/logging (140 ms) # 
# 2006-10-28 20.21.34 # com.appium.impl.core.xee.XManagerImpl.virtual                                              # Info      # [XHandler verified and reconfigured] com.appium.Monitoring.Statistics.StatisticsImplMain/statistics (47 ms) # 
# 2006-10-28 20.22.51 # com.appium.impl.core.xee.XManagerImpl.virtual                                              # Info      # [XHandler reconfigured] com.appium.impl.core.xee.XRunnerImpl.XRunnerImplMain/Registration Thread Pool (0 ms) # 
# 2006-10-28 20.22.51 # com.appium.impl.core.xee.XManagerImpl.virtual                                              # Info      # [XHandler reconfigured] com.appium.impl.core.xee.XProcessImpl.XProcessConfigurator/xprocess-configurator (0 ms) # 
# 2006-10-28 20.22.51 # com.appium.impl.core.xee.XManagerImpl.virtual                                              # Info      # [XHandler verified and reconfigured] com.appium.impl.core.xee.XSessionsImpl.XSessionsImplMain/xsessions (0 ms) # 
# 2006-10-28 20.22.51 # com.appium.impl.core.xee.XManagerImpl.virtual                                              # Info      # [XHandler verified and reconfigured] com.appium.Monitoring.Alarm.AlarmLog/alarms (0 ms) # 
# 2006-10-28 20.22.51 # com.appium.impl.core.xee.XManagerImpl.virtual                                              # Info      # [XHandler verified and reconfigured] com.appium.Monitoring.Log.LogImplMain/logging (0 ms) # 
# 2006-10-28 20.22.51 # com.appium.impl.core.xee.XManagerImpl.virtual                                              # Info      # [XHandler verified and reconfigured] com.appium.Monitoring.Statistics.StatisticsImplMain/statistics (16 ms) # 
# 2006-10-28 20.28.05 # com.appium.impl.core.xee.XManagerImpl.virtual                                              # Info      # [XHandler reconfigured] com.appium.impl.core.xee.XRunnerImpl.XRunnerImplMain/Registration Thread Pool (16 ms) # 
# 2006-10-28 20.28.05 # com.appium.impl.core.xee.XManagerImpl.virtual                                              # Info      # [XHandler reconfigured] com.appium.impl.core.xee.XProcessImpl.XProcessConfigurator/xprocess-configurator (0 ms) # 
# 2006-10-28 20.28.05 # com.appium.impl.core.xee.XManagerImpl.virtual                                              # Info      # [XHandler verified and reconfigured] com.appium.impl.core.xee.XSessionsImpl.XSessionsImplMain/xsessions (0 ms) # 
# 2006-10-28 20.28.05 # com.appium.impl.core.xee.XManagerImpl.virtual                                              # Info      # [XHandler verified and reconfigured] com.appium.Monitoring.Alarm.AlarmLog/alarms (0 ms) # 
# 2006-10-28 20.28.05 # com.appium.impl.core.xee.XManagerImpl.virtual                                              # Info      # [XHandler verified and reconfigured] com.appium.Monitoring.Log.LogImplMain/logging (0 ms) # 
# 2006-10-28 20.28.05 # com.appium.impl.core.xee.XManagerImpl.virtual                                              # Info      # [XHandler verified and reconfigured] com.appium.Monitoring.Statistics.StatisticsImplMain/statistics (0 ms) # 
# 2006-10-28 20.30.35 # com.appium.impl.core.xee.XProcessImpl                                                      # Info      # Surveillance failed for process XContainer.Collect Calls@localhost.50 # 
# 2006-10-28 20.30.35 # com.appium.impl.core.xee.XProcessImpl                                                      # Info      # Object offline: StatusInfoAccess_Collect Calls@XContainer.Collect Calls@localhost.50 (reported by Surveillance ) # 
# 2006-10-28 20.30.35 # com.appium.impl.core.xee.XProcessImpl                                                      # Info      # Object offline: XContainer.Collect Calls@localhost.50 (reported by Surveillance ) # 
# 2006-10-28 20.30.35 # com.appium.impl.core.xee.XProcessImpl                                                      # Info      # Object offline: XTransport_Collect Calls@XContainer.Collect Calls@localhost.50 (reported by Surveillance ) # 
# 2006-10-28 20.30.59 # com.appium.impl.core.xee.XManagerImpl.virtual                                              # Info      # [XHandler reconfigured] com.appium.impl.core.xee.XRunnerImpl.XRunnerImplMain/Registration Thread Pool (16 ms) # 
# 2006-10-28 20.30.59 # com.appium.impl.core.xee.XManagerImpl.virtual                                              # Info      # [XHandler reconfigured] com.appium.impl.core.xee.XProcessImpl.XProcessConfigurator/xprocess-configurator (0 ms) # 
# 2006-10-28 20.30.59 # com.appium.impl.core.xee.XManagerImpl.virtual                                              # Info      # [XHandler verified and reconfigured] com.appium.impl.core.xee.XSessionsImpl.XSessionsImplMain/xsessions (0 ms) # 
# 2006-10-28 20.30.59 # com.appium.impl.core.xee.XManagerImpl.virtual                                              # Info      # [XHandler verified and reconfigured] com.appium.Monitoring.Alarm.AlarmLog/alarms (16 ms) # 
# 2006-10-28 20.30.59 # com.appium.impl.core.xee.XManagerImpl.virtual                                              # Info      # [XHandler verified and reconfigured] com.appium.Monitoring.Log.LogImplMain/logging (0 ms) # 
# 2006-10-28 20.30.59 # com.appium.impl.core.xee.XManagerImpl.virtual                                              # Info      # [XHandler verified and reconfigured] com.appium.Monitoring.Statistics.StatisticsImplMain/statistics (0 ms) # 
# 2006-10-28 20.31.10 # com.appium.impl.core.xee.XManagerImpl.virtual                                              # Info      # [XHandler reconfigured] com.appium.impl.core.xee.XRunnerImpl.XRunnerImplMain/Registration Thread Pool (0 ms) # 
# 2006-10-28 20.31.10 # com.appium.impl.core.xee.XManagerImpl.virtual                                              # Info      # [XHandler reconfigured] com.appium.impl.core.xee.XProcessImpl.XProcessConfigurator/xprocess-configurator (0 ms) # 
# 2006-10-28 20.31.10 # com.appium.impl.core.xee.XManagerImpl.virtual                                              # Info      # [XHandler verified and reconfigured] com.appium.impl.core.xee.XSessionsImpl.XSessionsImplMain/xsessions (0 ms) # 
# 2006-10-28 20.31.11 # com.appium.impl.core.xee.XManagerImpl.virtual                                              # Info      # [XHandler verified and reconfigured] com.appium.Monitoring.Alarm.AlarmLog/alarms (0 ms) # 
# 2006-10-28 20.31.11 # com.appium.impl.core.xee.XManagerImpl.virtual                                              # Info      # [XHandler verified and reconfigured] com.appium.Monitoring.Log.LogImplMain/logging (0 ms) # 
# 2006-10-28 20.31.11 # com.appium.impl.core.xee.XManagerImpl.virtual                                              # Info      # [XHandler verified and reconfigured] com.appium.Monitoring.Statistics.StatisticsImplMain/statistics (16 ms) # 
# 2006-10-28 20.31.45 # com.appium.impl.core.xee.XProcessImpl                                                      # Info      # Object online again: XContainer.Collect Calls@localhost.50 (inactive, reported by ObjectRegistry) # 
# 2006-10-28 20.31.45 # com.appium.impl.core.xee.XProcessImpl                                                      # Info      # Object active: XTransport_Collect Calls@XContainer.Collect Calls@localhost.50 (reported by ObjectRegistry) # 
# 2006-10-28 20.31.49 # com.appium.impl.core.xee.XProcessImpl                                                      # Info      # Object active: StatusInfoAccess_Collect Calls@XContainer.Collect Calls@localhost.50 (reported by ObjectRegistry) # 
# 2006-10-28 20.37.00 # com.appium.impl.core.xee.XProcessImpl                                                      # Info      # Surveillance failed for process XContainer.Collect Calls@localhost.50 # 
# 2006-10-28 20.37.00 # com.appium.impl.core.xee.XProcessImpl                                                      # Info      # Object offline: StatusInfoAccess_Collect Calls@XContainer.Collect Calls@localhost.50 (reported by Surveillance ) # 
# 2006-10-28 20.37.00 # com.appium.impl.core.xee.XProcessImpl                                                      # Info      # Object offline: XContainer.Collect Calls@localhost.50 (reported by Surveillance ) # 
# 2006-10-28 20.37.00 # com.appium.impl.core.xee.XProcessImpl                                                      # Info      # Object offline: XTransport_Collect Calls@XContainer.Collect Calls@localhost.50 (reported by Surveillance ) # 
# 2006-10-28 20.37.44 # com.appium.impl.core.xee.XProcessImpl                                                      # Info      # Object deactivated: OAMServer.Primary (reported by Surveillance  ) # 
# 2006-10-28 20.38.05 # com.appium.impl.core.xee.XProcessImpl                                                      # Info      # Surveillance failed for process OAMServer.Primary # 
# 2006-10-28 20.38.05 # com.appium.impl.core.xee.XProcessImpl                                                      # Info      # Object offline: Framework_Primary@OAMServer.Primary (reported by Surveillance ) # 
# 2006-10-28 20.38.05 # com.appium.impl.core.xee.XProcessImpl                                                      # Info      # Object offline: GraphDataEventReceiver_Primary@OAMServer.Primary (reported by Surveillance ) # 
# 2006-10-28 20.38.05 # com.appium.impl.core.xee.XProcessImpl                                                      # Info      # Object offline: OAMServer.Primary (reported by Surveillance ) # 
# 2006-10-28 20.38.05 # com.appium.impl.core.xee.XProcessImpl                                                      # Info      # Object offline: ServiceUpdate_Primary@OAMServer.Primary (reported by Surveillance ) # 
# 2006-10-28 20.38.05 # com.appium.impl.core.xee.XProcessImpl                                                      # Info      # Object offline: StatusInfoAccess_Primary@OAMServer.Primary (reported by Surveillance ) # 
# 2006-10-28 20.38.05 # com.appium.impl.core.xee.XProcessImpl                                                      # Info      # Object offline: TraceReceiver_Primary@OAMServer.Primary (reported by Surveillance ) # 
# 2006-10-28 20.38.05 # com.appium.impl.core.xee.XProcessImpl                                                      # Info      # Object offline: XNodeDatabase_Primary@OAMServer.Primary (reported by Surveillance ) # 
# 2006-10-28 20.38.05 # com.appium.impl.core.xee.XProcessImpl                                                      # Info      # Object offline: XTransport_Primary@OAMServer.Primary (reported by Surveillance ) # 
# 2006-10-28 20.38.06 # com.appium.impl.core.xee.XProcessImpl                                                      # Info      # Registration no longer available # 
# 2006-10-28 20.39.55 # com.appium.impl.core.xee.XProcessImpl                                                      # Info      # Surveillance failed for process NSim.Default@Acer.0 # 
# 2006-10-28 20.39.55 # com.appium.impl.core.xee.XProcessImpl                                                      # Info      # Object offline: NSim.Default@Acer.0 (reported by Surveillance ) # 
# 2006-10-28 20.39.55 # com.appium.impl.core.xee.XProcessImpl                                                      # Info      # Object offline: ServiceUpdate_Default@NSim.Default@Acer.0 (reported by Surveillance ) # 
# 2006-10-28 20.39.55 # com.appium.impl.core.xee.XProcessImpl                                                      # Info      # Object offline: StatusInfoAccess_Default@NSim.Default@Acer.0 (reported by Surveillance ) # 
# 2006-10-28 20.39.55 # com.appium.impl.core.xee.XProcessImpl                                                      # Info      # Object offline: XTransport_Default@NSim.Default@Acer.0 (reported by Surveillance ) # 
