
# 2006-10-28 20.49.04 # com.appium.impl.core.xee.Bootstrap                                                         # Info      # ========== Process starting ========== # 
# 2006-10-28 20.49.06 # com.appium.impl.core.xee.XManagerImpl.virtual                                              # Info      # [XHandler Loaded] com.appium.impl.core.xee.XCryptoImpl.XCryptoImplMain (687 ms) # 
# 2006-10-28 20.49.06 # com.appium.impl.core.xee.XManagerImpl.virtual                                              # Info      # [XHandler Loaded] com.appium.impl.core.xee.XCorbaImpl.XCorbaImplMain/corba (47 ms) # 
# 2006-10-28 20.49.06 # com.appium.impl.core.xee.XManagerImpl.virtual                                              # Info      # [XHandler Loaded] com.appium.impl.core.xee.XContextImpl.XContextImplMain (0 ms) # 
# 2006-10-28 20.49.06 # com.appium.impl.core.xee.XManagerImpl.virtual                                              # Info      # [XHandler Loaded] com.appium.impl.core.xee.XRunnerImpl.XRunnerImplMain/Registration Thread Pool (0 ms) # 
# 2006-10-28 20.49.06 # com.appium.impl.core.xee.XProcessImpl.XProcessImplMain                                     # Info      # XProcess.type: Distributor # 
# 2006-10-28 20.49.06 # com.appium.impl.core.xee.XProcessImpl.XProcessImplMain                                     # Info      # XProcess.group: Trrigering # 
# 2006-10-28 20.49.06 # com.appium.impl.core.xee.XProcessImpl.XProcessImplMain                                     # Info      # XProcess.processID: Distributor.Trrigering@localhost.0 # 
# 2006-10-28 20.49.06 # com.appium.impl.core.xee.XProcessImpl.XProcessImplMain                                     # Info      # XProcess.index: 0 # 
# 2006-10-28 20.49.06 # com.appium.impl.core.xee.XProcessImpl.XProcessImplMain                                     # Info      # XProcess.OAMServerAddress (supplied): Acer # 
# 2006-10-28 20.49.06 # com.appium.impl.core.xee.XProcessImpl.XProcessImplMain                                     # Info      # XProcess.OAMServerAddress (complete): Acer:20000 # 
# 2006-10-28 20.49.06 # com.appium.impl.core.xee.XProcessImpl                                                      # Info      # RegistrationHandler created for Acer:20000 # 
# 2006-10-28 20.49.06 # com.appium.impl.core.xee.XManagerImpl.virtual                                              # Info      # [XHandler Loaded] com.appium.impl.core.xee.XProcessImpl.XProcessImplMain (63 ms) # 
# 2006-10-28 20.49.06 # com.appium.impl.core.xee.XProcessImpl                                                      # Info      # RegistrationHandler started for Acer:20000 # 
# 2006-10-28 20.49.06 # com.appium.impl.core.xee.XProcessImpl                                                      # Info      # Registration available on: Acer:20000 # 
# 2006-10-28 20.49.06 # com.appium.impl.core.xee.XProcessImpl                                                      # Info      # Registering object: Distributor on Acer:20000 # 
# 2006-10-28 20.49.06 # com.appium.impl.core.xee.XProcessImpl                                                      # Info      # Registering object: XTransport on Acer:20000 # 
# 2006-10-28 20.49.06 # com.appium.impl.core.xee.XProcessImpl                                                      # Info      # Object online (new): Distributor.Trrigering@localhost.0 (inactive, reported by ObjectRegistry) # 
# 2006-10-28 20.49.06 # com.appium.impl.core.xee.XProcessImpl                                                      # Info      # Starting Process Surveillance Thread for Distributor.Trrigering@localhost.0 # 
# 2006-10-28 20.49.06 # com.appium.impl.core.xee.XProcessImpl                                                      # Info      # Object active (new): Framework_Primary@OAMServer.Primary (reported by ObjectRegistry) # 
# 2006-10-28 20.49.06 # com.appium.impl.core.xee.XProcessImpl                                                      # Info      # Starting Process Surveillance Thread for OAMServer.Primary # 
# 2006-10-28 20.49.06 # com.appium.impl.core.xee.XProcessImpl                                                      # Info      # Object active (new): GraphDataEventReceiver_Primary@OAMServer.Primary (reported by ObjectRegistry) # 
# 2006-10-28 20.49.06 # com.appium.impl.core.xee.XProcessImpl                                                      # Info      # Object active (new): OAMServer.Primary (reported by ObjectRegistry) # 
# 2006-10-28 20.49.06 # com.appium.impl.core.xee.XProcessImpl                                                      # Info      # Object active (new): ServiceUpdate_Primary@OAMServer.Primary (reported by ObjectRegistry) # 
# 2006-10-28 20.49.06 # com.appium.impl.core.xee.XProcessImpl                                                      # Info      # Object active (new): StatusInfoAccess_Primary@OAMServer.Primary (reported by ObjectRegistry) # 
# 2006-10-28 20.49.06 # com.appium.impl.core.xee.XProcessImpl                                                      # Info      # Object active (new): TraceReceiver_Primary@OAMServer.Primary (reported by ObjectRegistry) # 
# 2006-10-28 20.49.06 # com.appium.impl.core.xee.XProcessImpl                                                      # Info      # Object active (new): XNodeDatabase_Primary@OAMServer.Primary (reported by ObjectRegistry) # 
# 2006-10-28 20.49.06 # com.appium.impl.core.xee.XProcessImpl                                                      # Info      # Object active (new): XTransport_Primary@OAMServer.Primary (reported by ObjectRegistry) # 
# 2006-10-28 20.49.06 # com.appium.impl.core.xee.XProcessImpl                                                      # Info      # Object active (new): XTransport_Trrigering@Distributor.Trrigering@localhost.0 (reported by ObjectRegistry) # 
# 2006-10-28 20.49.06 # com.appium.impl.core.xee.XManagerImpl.virtual                                              # Info      # [XHandler Loaded] com.appium.impl.core.xee.XTransportImpl.XTransportImplMain (515 ms) # 
# 2006-10-28 20.49.06 # com.appium.impl.core.xee.XManagerImpl.virtual                                              # Info      # [XHandler Loaded] com.appium.impl.core.xee.XFileImpl.XSynchronizedFileImpl/TASxml (0 ms) # 
# 2006-10-28 20.49.06 # com.appium.impl.core.xee.XManagerImpl.virtual                                              # Info      # [XHandler Loaded] com.appium.impl.core.xee.XConfigImpl.XConfigImplMain/xconfig (0 ms) # 
# 2006-10-28 20.49.07 # com.appium.impl.core.xee.XManagerImpl.virtual                                              # Info      # [XHandler Loaded] com.appium.impl.core.xee.XProcessImpl.XProcessConfigurator/xprocess-configurator (0 ms) # 
# 2006-10-28 20.49.07 # com.appium.impl.core.xee.XManagerImpl.virtual                                              # Info      # [XHandler Loaded] com.appium.Basement.Registry.LegacyRegistryToXEEAdaptor (15 ms) # 
# 2006-10-28 20.49.07 # com.appium.impl.core.xee.XManagerImpl.virtual                                              # Info      # [XHandler Loaded] com.appium.Basement.Registry.OAM.ConfigXMLEditorBackendProviderImpl (0 ms) # 
# 2006-10-28 20.49.07 # com.appium.impl.core.xee.XManagerImpl.virtual                                              # Info      # [XHandler Loaded] com.appium.impl.core.xee.XSessionsImpl.e/session-distributed-registry (32 ms) # 
# 2006-10-28 20.49.07 # com.appium.impl.core.xee.XManagerImpl.virtual                                              # Info      # [XHandler Loaded] com.appium.impl.core.xee.XSessionsImpl.a/basic-session-id-handler (47 ms) # 
# 2006-10-28 20.49.07 # com.appium.impl.core.xee.XManagerImpl.virtual                                              # Info      # [XHandler Loaded] com.appium.impl.core.xee.XSessionsImpl.XSessionsImplMain/xsessions (15 ms) # 
# 2006-10-28 20.49.07 # com.appium.impl.core.xee.XManagerImpl.virtual                                              # Info      # [Secret XNode Registration] license.menu # 
# 2006-10-28 20.49.07 # com.appium.impl.core.xee.XManagerImpl.virtual                                              # Info      # [XHandler Loaded] com.appium.Basement.XNodeConfig.XEEXNodesXHandler (0 ms) # 
# 2006-10-28 20.49.07 # com.appium.impl.core.xee.XManagerImpl.virtual                                              # Info      # [Secret XNode Registration] basement.menu # 
# 2006-10-28 20.49.07 # com.appium.impl.core.xee.XManagerImpl.virtual                                              # Info      # [Secret XNode Registration] LinkSurveillance.menu # 
# 2006-10-28 20.49.07 # com.appium.impl.core.xee.XManagerImpl.virtual                                              # Info      # [Secret XNode Registration] versionhistory.menu # 
# 2006-10-28 20.49.07 # com.appium.impl.core.xee.XManagerImpl.virtual                                              # Info      # [XHandler Loaded] com.appium.Registry.RegistryPlatformModule (235 ms) # 
# 2006-10-28 20.49.07 # com.appium.impl.core.xee.XManagerImpl.virtual                                              # Info      # [XHandler Loaded] com.appium.XView.Server.Backend.LogFileMarkerInserter$Impl/logfile-marker-inserter (0 ms) # 
# 2006-10-28 20.49.07 # com.appium.impl.core.xee.XManagerImpl.virtual                                              # Info      # [XHandler Loaded] com.appium.ExecDaemon.Client.ExecDaemonMonitor (0 ms) # 
# 2006-10-28 20.49.07 # com.appium.impl.core.xee.XManagerImpl.virtual                                              # Info      # [XHandler Loaded] com.appium.Monitoring.Alarm.d/alarm-info (16 ms) # 
# 2006-10-28 20.49.07 # com.appium.impl.core.xee.XManagerImpl.virtual                                              # Info      # [XHandler Loaded] com.appium.Monitoring.Alarm.AlarmLog/alarms (0 ms) # 
# 2006-10-28 20.49.07 # com.appium.impl.core.xee.XManagerImpl.virtual                                              # Info      # [XHandler Loaded] com.appium.Monitoring.StatusInfo.a/status-info (0 ms) # 
# 2006-10-28 20.49.07 # com.appium.impl.core.xee.XManagerImpl.virtual                                              # Info      # [XHandler Loaded] com.appium.Monitoring.Log.LogImplMain/logging (15 ms) # 
# 2006-10-28 20.49.07 # com.appium.impl.core.xee.XManagerImpl.virtual                                              # Info      # [XHandler Loaded] com.appium.Monitoring.Statistics.StatisticsImplMain/statistics (16 ms) # 
# 2006-10-28 20.49.07 # com.appium.impl.core.xee.XManagerImpl.virtual                                              # Info      # [XHandler Loaded] lib\wrappers\Kannel/com.appium.ResourceAdaptor.Wrappers.ResourceAdaptor/Kannel (16 ms) # 
# 2006-10-28 20.49.07 # com.appium.impl.core.xee.XManagerImpl.virtual                                              # Info      # [XHandler Loaded] lib\wrappers\OMA/com.appium.ResourceAdaptor.Wrappers.ResourceAdaptor/OMA (15 ms) # 
# 2006-10-28 20.49.07 # com.appium.impl.core.xee.XManagerImpl.virtual                                              # Info      # [XHandler Loaded] lib\wrappers\OSAX/com.appium.ParlayAdaptor.Wrappers.OSAX.ParlayAdaptor/OSAX (0 ms) # 
# 2006-10-28 20.49.07 # com.appium.impl.core.xee.XManagerImpl.virtual                                              # Info      # [XHandler Loaded] lib\wrappers\Parlay213/com.appium.ParlayAdaptor.Wrappers.ParlayAdaptor/Parlay213 (0 ms) # 
# 2006-10-28 20.49.07 # com.appium.impl.core.xee.XManagerImpl.virtual                                              # Info      # [XHandler Loaded] com.appium.TAS.RateControl.CoreImpl.LoadEstimationFactoryImpl (0 ms) # 
# 2006-10-28 20.49.07 # com.appium.impl.core.xee.XManagerImpl.virtual                                              # Info      # [XHandler Loaded] lib\wrappers\Parlay31/com.appium.ParlayAdaptor.Wrappers.ParlayAdaptor/Parlay31 (0 ms) # 
# 2006-10-28 20.49.07 # com.appium.impl.core.xee.XManagerImpl.virtual                                              # Info      # [XHandler Loaded] lib\wrappers\Parlay32/com.appium.ParlayAdaptor.Wrappers.ParlayAdaptor/Parlay32 (15 ms) # 
# 2006-10-28 20.49.07 # com.appium.impl.core.xee.XManagerImpl.virtual                                              # Info      # [XHandler Loaded] com.appium.ResourceAdapterLoader.ResourceAdapterPlatformModule (31 ms) # 
# 2006-10-28 20.49.07 # com.appium.impl.core.xee.XManagerImpl.virtual                                              # Info      # [XHandler Loaded] com.appium.SNMP.a/snmp (0 ms) # 
# 2006-10-28 20.49.07 # com.appium.impl.core.xee.XManagerImpl.virtual                                              # Info      # [XHandler Loaded] com.appium.SystemInfo.ProcessInfoModule (16 ms) # 
# 2006-10-28 20.49.07 # com.appium.SystemInfo.SystemStatisticsModule                                               # Event     # Starting System Statistics... # 
# 2006-10-28 20.49.07 # com.appium.impl.core.xee.XManagerImpl.virtual                                              # Info      # [XHandler Loaded] com.appium.SystemInfo.SystemStatisticsModule (0 ms) # 
# 2006-10-28 20.49.07 # com.appium.impl.core.xee.XManagerImpl.virtual                                              # Info      # [XHandler Loaded] com.appium.TAS.RateControl.StaticRateAdaptor.StaticRateAdaptorFactory (0 ms) # 
# 2006-10-28 20.49.07 # com.appium.impl.core.xee.XManagerImpl.virtual                                              # Info      # [XHandler Loaded] com.appium.TAS.RateControl.LoadLevelRateAdaptor.LoadLevelRateAdaptorFactory (0 ms) # 
# 2006-10-28 20.49.07 # com.appium.impl.core.xee.XManagerImpl.virtual                                              # Info      # [XHandler Loaded] com.appium.TAS.RateControl.LeakyBucketRateRestrictor2.LeakyBucketRRFactory (0 ms) # 
# 2006-10-28 20.49.07 # com.appium.impl.core.xee.XManagerImpl.virtual                                              # Info      # [XHandler Loaded] com.appium.TAS.RateControl.CoreImpl.LoadConfigImpl (0 ms) # 
# 2006-10-28 20.49.07 # com.appium.impl.core.xee.XManagerImpl.virtual                                              # Info      # [XHandler Loaded] com.appium.TAS.RateControl.RateManager (0 ms) # 
# 2006-10-28 20.49.07 # com.appium.impl.core.xee.XManagerImpl.virtual                                              # Info      # [Secret XNode Registration] sessiontransport.menu # 
# 2006-10-28 20.49.07 # com.appium.impl.core.xee.XManagerImpl.virtual                                              # Info      # [Secret XNode Registration] serviceconfig.menu # 
# 2006-10-28 20.49.07 # com.appium.impl.core.xee.XManagerImpl.virtual                                              # Info      # [Secret XNode Registration] sc.sl.service_list.menu # 
# 2006-10-28 20.49.07 # com.appium.impl.core.xee.XManagerImpl.virtual                                              # Info      # [XHandler Loaded] com.appium.TAS.TASPlatformModule (0 ms) # 
# 2006-10-28 20.49.08 # com.appium.impl.core.xee.XManagerImpl.virtual                                              # Info      # [Secret XNode Registration] addtranslation.menu # 
# 2006-10-28 20.49.08 # com.appium.impl.core.xee.XManagerImpl.virtual                                              # Info      # [Secret XNode Registration] distributor.status.menu # 
# 2006-10-28 20.49.08 # com.appium.impl.core.xee.XManagerImpl.virtual                                              # Info      # [XHandler Loaded] com.appium.TAS.Distributor.DistributorModule (78 ms) # 
# 2006-10-28 20.49.08 # com.appium.impl.core.xee.XManagerImpl.virtual                                              # Info      # [XHandler Loaded] com.appium.TAS.SessionTriggers.MultiPartyCallControl.AdditionalCallEventCriteriaConfig (16 ms) # 
# 2006-10-28 20.49.08 # com.appium.impl.core.xee.XProcessImpl                                                      # Info      # Registering object: StatusInfoAccess on Acer:20000 # 
# 2006-10-28 20.49.08 # com.appium.impl.core.xee.XProcessImpl                                                      # Info      # Registering object: SessionRegistry on Acer:20000 # 
# 2006-10-28 20.49.08 # com.appium.impl.core.xee.XProcessImpl                                                      # Info      # Registering object: ServiceUpdate on Acer:20000 # 
# 2006-10-28 20.49.08 # com.appium.impl.core.xee.XProcessImpl                                                      # Info      # Object active (new): ServiceUpdate_Trrigering@Distributor.Trrigering@localhost.0 (reported by ObjectRegistry) # 
# 2006-10-28 20.49.08 # com.appium.impl.core.xee.XProcessImpl                                                      # Info      # Object active (new): SessionRegistry_Trrigering@Distributor.Trrigering@localhost.0 (reported by ObjectRegistry) # 
# 2006-10-28 20.49.08 # com.appium.impl.core.xee.XProcessImpl                                                      # Info      # Object active (new): StatusInfoAccess_Trrigering@Distributor.Trrigering@localhost.0 (reported by ObjectRegistry) # 
# 2006-10-28 20.49.08 # com.appium.impl.core.xee.XManagerImpl.virtual                                              # Info      # [XHandler Loaded] com.appium.TAS.Distributor.CallControlConfig (0 ms) # 
# 2006-10-28 20.49.08 # com.appium.impl.core.xee.XManagerImpl.virtual                                              # Info      # [XHandler Loaded] com.appium.TAS.SessionTriggers.MultiMediaCallControl.MultiMediaCallControlConfig (15 ms) # 
# 2006-10-28 20.49.08 # com.appium.impl.core.xee.XManagerImpl.virtual                                              # Info      # [XHandler Loaded] com.appium.TAS.SessionTriggers.MultiPartyCallControl.MultiPartyCallControlConfig (47 ms) # 
# 2006-10-28 20.49.08 # com.appium.impl.core.xee.XManagerImpl.virtual                                              # Info      # [XHandler Loaded] com.appium.TAS.SessionTriggers.UserInteraction.UIConfig (94 ms) # 
# 2006-10-28 20.49.08 # com.appium.impl.core.xee.XManagerImpl.virtual                                              # Info      # [XHandler Loaded] com.appium.TAS.SessionTriggers.UserLocation.UserLocationConfig (16 ms) # 
# 2006-10-28 20.49.08 # com.appium.impl.core.xee.XManagerImpl.virtual                                              # Info      # [XHandler Loaded] com.appium.TAS.SessionTriggers.UserLocationCamel.UserLocationCamelConfig (0 ms) # 
# 2006-10-28 20.49.08 # com.appium.Basement.XNodeConfig.XEEXNodesXHandler                                          # Info      # [Commit XNode] license.menu # 
# 2006-10-28 20.49.08 # com.appium.Basement.XNodeConfig.XEEXNodesXHandler                                          # Info      # [Commit XNode] basement.menu # 
# 2006-10-28 20.49.08 # com.appium.Basement.XNodeConfig.XEEXNodesXHandler                                          # Info      # [Commit XNode] LinkSurveillance.menu # 
# 2006-10-28 20.49.08 # com.appium.Basement.XNodeConfig.XEEXNodesXHandler                                          # Info      # [Commit XNode] versionhistory.menu # 
# 2006-10-28 20.49.08 # com.appium.Basement.XNodeConfig.XEEXNodesXHandler                                          # Info      # [Commit XNode] oam.snmp_settings.menu # 
# 2006-10-28 20.49.08 # com.appium.Monitoring.Log.DebugLog                                                         # Info      # Purging Debug log files before 2006-10-26 20:49:08 # 
# 2006-10-28 20.49.08 # com.appium.SNMP.Agent                                                                      # Info      # SNMP Agent listening on port 1966 # 
# 2006-10-28 20.49.08 # com.appium.SNMP.Agent                                                                      # Info      # Successfully initialized the SNMP Agent # 
# 2006-10-28 20.49.08 # com.appium.Basement.XNodeConfig.XEEXNodesXHandler                                          # Info      # [Commit XNode] LoadConfig.menu # 
# 2006-10-28 20.49.08 # com.appium.Basement.XNodeConfig.XEEXNodesXHandler                                          # Info      # [Commit XNode] sessiontransport.menu # 
# 2006-10-28 20.49.09 # com.appium.Basement.XNodeConfig.XEEXNodesXHandler                                          # Info      # [Commit XNode] serviceconfig.menu # 
# 2006-10-28 20.49.09 # com.appium.Basement.XNodeConfig.XEEXNodesXHandler                                          # Info      # [Commit XNode] sc.sl.service_list.menu # 
# 2006-10-28 20.49.09 # com.appium.Basement.XNodeConfig.XEEXNodesXHandler                                          # Info      # [Commit XNode] addtranslation.menu # 
# 2006-10-28 20.49.09 # com.appium.Basement.XNodeConfig.XEEXNodesXHandler                                          # Info      # [Commit XNode] distributor.status.menu # 
# 2006-10-28 20.49.09 # com.appium.Basement.XNodeConfig.XEEXNodesXHandler                                          # Info      # [Commit XNode] distributors.additional.menu # 
# 2006-10-28 20.49.09 # com.appium.Basement.XNodeConfig.XEEXNodesXHandler                                          # Info      # [Commit XNode] distributor.cc.menu # 
# 2006-10-28 20.49.09 # com.appium.Basement.XNodeConfig.XEEXNodesXHandler                                          # Info      # [Commit XNode] distributor.mmcc.menu # 
# 2006-10-28 20.49.09 # com.appium.Basement.XNodeConfig.XEEXNodesXHandler                                          # Info      # [Commit XNode] distributor.mpcc.menu # 
# 2006-10-28 20.49.09 # com.appium.Basement.XNodeConfig.XEEXNodesXHandler                                          # Info      # [Commit XNode] distributor.ui.menu # 
# 2006-10-28 20.49.09 # com.appium.Basement.XNodeConfig.XEEXNodesXHandler                                          # Info      # [Commit XNode] distributor.ul.menu # 
# 2006-10-28 20.49.09 # com.appium.Basement.XNodeConfig.XEEXNodesXHandler                                          # Info      # [Commit XNode] distributor.ulc.menu # 
# 2006-10-28 20.49.13 # com.appium.impl.core.xee.XProcessImpl                                                      # Info      # Object activated: Distributor.Trrigering@localhost.0 (reported by Surveillance  ) # 
# 2006-10-28 20.50.06 # com.appium.impl.core.xee.XProcessImpl                                                      # Info      # Object online (new): NSim.Default@localhost.0 (inactive, reported by ObjectRegistry) # 
# 2006-10-28 20.50.06 # com.appium.impl.core.xee.XProcessImpl                                                      # Info      # Starting Process Surveillance Thread for NSim.Default@localhost.0 # 
# 2006-10-28 20.50.06 # com.appium.impl.core.xee.XProcessImpl                                                      # Info      # Object active (new): XTransport_Default@NSim.Default@localhost.0 (reported by ObjectRegistry) # 
# 2006-10-28 20.50.07 # com.appium.impl.core.xee.XProcessImpl                                                      # Info      # Object active (new): StatusInfoAccess_Default@NSim.Default@localhost.0 (reported by ObjectRegistry) # 
# 2006-10-28 20.50.11 # com.appium.impl.core.xee.XProcessImpl                                                      # Info      # Object activated: NSim.Default@localhost.0 (reported by ObjectRegistry) # 
# 2006-10-28 20.50.11 # com.appium.impl.core.xee.XProcessImpl                                                      # Info      # Object active (new): ServiceUpdate_Default@NSim.Default@localhost.0 (reported by ObjectRegistry) # 
# 2006-10-28 20.50.49 # com.appium.Log                                                                             # Info      # ========== Administrator Marker ========== # 
# 2006-10-28 20.51.00 # com.appium.impl.core.xee.XProcessImpl                                                      # Info      # Object online (new): XContainer.Collect Calls@localhost.50 (inactive, reported by ObjectRegistry) # 
# 2006-10-28 20.51.00 # com.appium.impl.core.xee.XProcessImpl                                                      # Info      # Starting Process Surveillance Thread for XContainer.Collect Calls@localhost.50 # 
# 2006-10-28 20.51.00 # com.appium.impl.core.xee.XProcessImpl                                                      # Info      # Object active (new): XTransport_Collect Calls@XContainer.Collect Calls@localhost.50 (reported by ObjectRegistry) # 
# 2006-10-28 20.51.05 # com.appium.impl.core.xee.XProcessImpl                                                      # Info      # Object active (new): StatusInfoAccess_Collect Calls@XContainer.Collect Calls@localhost.50 (reported by ObjectRegistry) # 
# 2006-10-28 20.51.16 # com.appium.SystemInfo.ProcessInfo                                                          # Warning   # Could not find local ExecDaemon # 
# 2006-10-28 20.51.22 # com.appium.impl.core.xee.XProcessImpl                                                      # Info      # Object active (new): ServiceUpdate_Collect Calls@XContainer.Collect Calls@localhost.50 (reported by ObjectRegistry) # 
# 2006-10-28 20.51.22 # com.appium.impl.core.xee.XProcessImpl                                                      # Info      # Object activated: XContainer.Collect Calls@localhost.50 (reported by ObjectRegistry) # 
# 2006-10-28 20.56.34 # com.appium.impl.core.xee.XProcessImpl                                                      # Info      # Surveillance failed for process NSim.Default@localhost.0 # 
# 2006-10-28 20.56.39 # com.appium.impl.core.xee.XProcessImpl                                                      # Info      # Object offline: NSim.Default@localhost.0 (reported by Surveillance ) # 
# 2006-10-28 20.56.40 # com.appium.impl.core.xee.XProcessImpl                                                      # Info      # Object offline: ServiceUpdate_Default@NSim.Default@localhost.0 (reported by Surveillance ) # 
# 2006-10-28 20.56.40 # com.appium.impl.core.xee.XProcessImpl                                                      # Info      # Object offline: StatusInfoAccess_Default@NSim.Default@localhost.0 (reported by Surveillance ) # 
# 2006-10-28 20.56.40 # com.appium.impl.core.xee.XProcessImpl                                                      # Info      # Object offline: XTransport_Default@NSim.Default@localhost.0 (reported by Surveillance ) # 
# 2006-10-28 20.56.40 # com.appium.impl.core.xee.XProcessImpl                                                      # Info      # Surveillance failed for process XContainer.Collect Calls@localhost.50 # 
# 2006-10-28 20.56.40 # com.appium.impl.core.xee.XProcessImpl                                                      # Info      # Object offline: ServiceUpdate_Collect Calls@XContainer.Collect Calls@localhost.50 (reported by Surveillance ) # 
# 2006-10-28 20.56.40 # com.appium.impl.core.xee.XProcessImpl                                                      # Info      # Object offline: StatusInfoAccess_Collect Calls@XContainer.Collect Calls@localhost.50 (reported by Surveillance ) # 
# 2006-10-28 20.56.41 # com.appium.impl.core.xee.XProcessImpl                                                      # Info      # Object offline: XContainer.Collect Calls@localhost.50 (reported by Surveillance ) # 
# 2006-10-28 20.56.41 # com.appium.impl.core.xee.XProcessImpl                                                      # Info      # Object offline: XTransport_Collect Calls@XContainer.Collect Calls@localhost.50 (reported by Surveillance ) # 
# 2006-10-28 20.57.48 # com.appium.impl.core.xee.XProcessImpl                                                      # Info      # Object active: NSim.Default@localhost.0 (reported by ObjectRegistry) # 
# 2006-10-28 20.57.50 # com.appium.impl.core.xee.XProcessImpl                                                      # Info      # Object active: ServiceUpdate_Default@NSim.Default@localhost.0 (reported by ObjectRegistry) # 
# 2006-10-28 20.57.50 # com.appium.impl.core.xee.XProcessImpl                                                      # Info      # Object active: StatusInfoAccess_Default@NSim.Default@localhost.0 (reported by ObjectRegistry) # 
# 2006-10-28 20.57.50 # com.appium.impl.core.xee.XProcessImpl                                                      # Info      # Object active: XTransport_Default@NSim.Default@localhost.0 (reported by ObjectRegistry) # 
# 2006-10-28 20.58.55 # com.appium.impl.core.xee.XProcessImpl                                                      # Info      # Object active: ServiceUpdate_Collect Calls@XContainer.Collect Calls@localhost.50 (reported by ObjectRegistry) # 
# 2006-10-28 20.58.55 # com.appium.impl.core.xee.XProcessImpl                                                      # Info      # Object active: StatusInfoAccess_Collect Calls@XContainer.Collect Calls@localhost.50 (reported by ObjectRegistry) # 
# 2006-10-28 20.58.55 # com.appium.impl.core.xee.XProcessImpl                                                      # Info      # Object active: XContainer.Collect Calls@localhost.50 (reported by ObjectRegistry) # 
# 2006-10-28 20.58.55 # com.appium.impl.core.xee.XProcessImpl                                                      # Info      # Object active: XTransport_Collect Calls@XContainer.Collect Calls@localhost.50 (reported by ObjectRegistry) # 
# 2006-10-28 20.59.10 # com.appium.TAS.SessionTriggers.MultiPartyCallControl                                       # Info      # Creating AppCallControlManager: NSIM:P_ULC_NSIM[0] # 
# 2006-10-28 20.59.25 # com.appium.TAS.ServiceSelection.ServiceSelectionMain                                       # Info      # Service fetched from Framework. service identifier=NSIM:P_ULC_NSIM[0] # 
# 2006-10-28 20.59.25 # com.appium.TAS.ServiceSelection.ServiceSelectionMain                                       # Info      # Service fetched from Framework. wrapped reference=com.appium.ParlayAdaptor.Wrappers.Parlay32.Service.MultiPartyCallControlManager@10872ce # 
# 2006-10-28 20.59.25 # com.appium.TAS.ServiceSelection.ServiceStatus                                              # Info      # Service online: NSIM:P_ULC_NSIM[0] # 
# 2006-10-28 20.59.29 # com.appium.TAS.SessionTriggers.MultiPartyCallControl                                       # Error     # Error using the callControlManager: org.omg.CORBA.BAD_OPERATION:   minor code: 0x0  completed: No # 
# 2006-10-28 20.59.30 # com.appium.TAS.ServiceSelection.ServiceStatus                                              # Critical  # service offline: NSIM:P_ULC_NSIM[0] # 
# 2006-10-28 20.59.31 # com.appium.TAS.ServiceSelection.ServiceStatus                                              # Info      # Service online: NSIM:P_ULC_NSIM[0] # 
# 2006-10-28 20.59.31 # com.appium.TAS.SessionTriggers.MultiPartyCallControl                                       # Error     # Error using the callControlManager: org.omg.CORBA.BAD_OPERATION:   minor code: 0x0  completed: No # 
# 2006-10-28 20.59.31 # com.appium.TAS.ServiceSelection.ServiceStatus                                              # Critical  # service offline: NSIM:P_ULC_NSIM[0] # 
# 2006-10-28 20.59.41 # com.appium.TAS.ServiceSelection.ServiceStatus                                              # Info      # Service online: NSIM:P_ULC_NSIM[0] # 
# 2006-10-28 20.59.41 # com.appium.TAS.SessionTriggers.MultiPartyCallControl                                       # Error     # Error using the callControlManager: org.omg.CORBA.BAD_OPERATION:   minor code: 0x0  completed: No # 
# 2006-10-28 20.59.41 # com.appium.TAS.ServiceSelection.ServiceStatus                                              # Critical  # service offline: NSIM:P_ULC_NSIM[0] # 
# 2006-10-28 20.59.51 # com.appium.TAS.ServiceSelection.ServiceStatus                                              # Info      # Service online: NSIM:P_ULC_NSIM[0] # 
# 2006-10-28 20.59.51 # com.appium.TAS.SessionTriggers.MultiPartyCallControl                                       # Error     # Error using the callControlManager: org.omg.CORBA.BAD_OPERATION:   minor code: 0x0  completed: No # 
# 2006-10-28 20.59.51 # com.appium.TAS.ServiceSelection.ServiceStatus                                              # Critical  # service offline: NSIM:P_ULC_NSIM[0] # 
# 2006-10-28 21.00.01 # com.appium.TAS.ServiceSelection.ServiceStatus                                              # Info      # Service online: NSIM:P_ULC_NSIM[0] # 
# 2006-10-28 21.00.01 # com.appium.TAS.SessionTriggers.MultiPartyCallControl                                       # Error     # Error using the callControlManager: org.omg.CORBA.BAD_OPERATION:   minor code: 0x0  completed: No # 
# 2006-10-28 21.00.01 # com.appium.TAS.ServiceSelection.ServiceStatus                                              # Critical  # service offline: NSIM:P_ULC_NSIM[0] # 
# 2006-10-28 21.00.11 # com.appium.TAS.ServiceSelection.ServiceStatus                                              # Info      # Service online: NSIM:P_ULC_NSIM[0] # 
# 2006-10-28 21.00.11 # com.appium.TAS.SessionTriggers.MultiPartyCallControl                                       # Error     # Error using the callControlManager: org.omg.CORBA.BAD_OPERATION:   minor code: 0x0  completed: No # 
# 2006-10-28 21.00.11 # com.appium.TAS.ServiceSelection.ServiceStatus                                              # Critical  # service offline: NSIM:P_ULC_NSIM[0] # 
# 2006-10-28 21.00.17 # com.appium.TAS.SessionTriggers.MultiPartyCallControl                                       # Info      # Creating AppCallControlManager: NSIM:P_MPCC_NSIM[0] # 
# 2006-10-28 21.00.18 # com.appium.TAS.ServiceSelection.ServiceSelectionMain                                       # Info      # Service fetched from Framework. service identifier=NSIM:P_MPCC_NSIM[0] # 
# 2006-10-28 21.00.18 # com.appium.TAS.ServiceSelection.ServiceSelectionMain                                       # Info      # Service fetched from Framework. wrapped reference=com.appium.ParlayAdaptor.Wrappers.Parlay32.Service.MultiPartyCallControlManager@3c37f4 # 
# 2006-10-28 21.00.18 # com.appium.TAS.ServiceSelection.ServiceStatus                                              # Info      # Service online: NSIM:P_MPCC_NSIM[0] # 
# 2006-10-28 21.00.19 # com.appium.TAS.ServiceSelection.ServiceStatus                                              # Info      # Service removed from config: NSIM:P_ULC_NSIM[0] # 
# 2006-10-28 21.02.55 # com.appium.impl.core.xee.XProcessImpl                                                      # Info      # Surveillance failed for process XContainer.Collect Calls@localhost.50 # 
# 2006-10-28 21.02.55 # com.appium.impl.core.xee.XProcessImpl                                                      # Info      # Object offline: ServiceUpdate_Collect Calls@XContainer.Collect Calls@localhost.50 (reported by Surveillance ) # 
# 2006-10-28 21.02.55 # com.appium.impl.core.xee.XProcessImpl                                                      # Info      # Object offline: StatusInfoAccess_Collect Calls@XContainer.Collect Calls@localhost.50 (reported by Surveillance ) # 
# 2006-10-28 21.02.55 # com.appium.impl.core.xee.XProcessImpl                                                      # Info      # Object offline: XContainer.Collect Calls@localhost.50 (reported by Surveillance ) # 
# 2006-10-28 21.02.55 # com.appium.impl.core.xee.XProcessImpl                                                      # Info      # Object offline: XTransport_Collect Calls@XContainer.Collect Calls@localhost.50 (reported by Surveillance ) # 
# 2006-10-28 21.02.55 # com.appium.impl.core.xee.XProcessImpl                                                      # Info      # Surveillance failed for process NSim.Default@localhost.0 # 
# 2006-10-28 21.02.55 # com.appium.impl.core.xee.XProcessImpl                                                      # Info      # Object offline: NSim.Default@localhost.0 (reported by Surveillance ) # 
# 2006-10-28 21.02.55 # com.appium.impl.core.xee.XProcessImpl                                                      # Info      # Object offline: ServiceUpdate_Default@NSim.Default@localhost.0 (reported by Surveillance ) # 
# 2006-10-28 21.02.55 # com.appium.impl.core.xee.XProcessImpl                                                      # Info      # Object offline: StatusInfoAccess_Default@NSim.Default@localhost.0 (reported by Surveillance ) # 
# 2006-10-28 21.02.55 # com.appium.impl.core.xee.XProcessImpl                                                      # Info      # Object offline: XTransport_Default@NSim.Default@localhost.0 (reported by Surveillance ) # 
# 2006-10-28 21.02.59 # com.appium.TAS.SessionTriggers.MultiPartyCallControl                                       # Critical  # The call control interface NSIM:P_MPCC_NSIM[0] seems to be down # 
# 2006-10-28 21.02.59 # com.appium.TAS.ServiceSelection.ServiceStatus                                              # Critical  # service offline: NSIM:P_MPCC_NSIM[0] # 
# 2006-10-28 21.03.09 # com.appium.ResourceAdapterLoader.ResourceAdapterPlatformModule                             # Critical  # ServiceObtainingException: Cannot obtain Parlay service NSIM:P_MPCC_NSIM[0]: socket() failed: java.net.NoRouteToHostException: No route to host: connect # 
# 2006-10-28 21.03.09 # com.appium.TAS.ServiceSelection.ServiceSelectionMain                                       # Info      # Service fetched from Framework. service identifier=NSIM:P_MPCC_NSIM[0] # 
# 2006-10-28 21.03.09 # com.appium.TAS.ServiceSelection.ServiceSelectionMain                                       # Info      # Service fetched from Framework. wrapped reference=null # 
# 2006-10-28 21.03.19 # com.appium.ResourceAdapterLoader.ResourceAdapterPlatformModule                             # Critical  # ServiceObtainingException: Cannot obtain Parlay service NSIM:P_MPCC_NSIM[0]: socket() failed: java.net.NoRouteToHostException: No route to host: connect # 
# 2006-10-28 21.03.19 # com.appium.TAS.ServiceSelection.ServiceSelectionMain                                       # Info      # Service fetched from Framework. service identifier=NSIM:P_MPCC_NSIM[0] # 
# 2006-10-28 21.03.19 # com.appium.TAS.ServiceSelection.ServiceSelectionMain                                       # Info      # Service fetched from Framework. wrapped reference=null # 
# 2006-10-28 21.03.29 # com.appium.ResourceAdapterLoader.ResourceAdapterPlatformModule                             # Critical  # ServiceObtainingException: Cannot obtain Parlay service NSIM:P_MPCC_NSIM[0]: socket() failed: java.net.NoRouteToHostException: No route to host: connect # 
# 2006-10-28 21.03.29 # com.appium.TAS.ServiceSelection.ServiceSelectionMain                                       # Info      # Service fetched from Framework. service identifier=NSIM:P_MPCC_NSIM[0] # 
# 2006-10-28 21.03.29 # com.appium.TAS.ServiceSelection.ServiceSelectionMain                                       # Info      # Service fetched from Framework. wrapped reference=null # 
# 2006-10-28 21.03.39 # com.appium.ResourceAdapterLoader.ResourceAdapterPlatformModule                             # Critical  # ServiceObtainingException: Cannot obtain Parlay service NSIM:P_MPCC_NSIM[0]: socket() failed: java.net.NoRouteToHostException: No route to host: connect # 
# 2006-10-28 21.03.39 # com.appium.TAS.ServiceSelection.ServiceSelectionMain                                       # Info      # Service fetched from Framework. service identifier=NSIM:P_MPCC_NSIM[0] # 
# 2006-10-28 21.03.39 # com.appium.TAS.ServiceSelection.ServiceSelectionMain                                       # Info      # Service fetched from Framework. wrapped reference=null # 
# 2006-10-28 21.03.49 # com.appium.ResourceAdapterLoader.ResourceAdapterPlatformModule                             # Critical  # ServiceObtainingException: Cannot obtain Parlay service NSIM:P_MPCC_NSIM[0]: socket() failed: java.net.NoRouteToHostException: No route to host: connect # 
# 2006-10-28 21.03.49 # com.appium.TAS.ServiceSelection.ServiceSelectionMain                                       # Info      # Service fetched from Framework. service identifier=NSIM:P_MPCC_NSIM[0] # 
# 2006-10-28 21.03.49 # com.appium.TAS.ServiceSelection.ServiceSelectionMain                                       # Info      # Service fetched from Framework. wrapped reference=null # 
# 2006-10-28 21.03.59 # com.appium.ResourceAdapterLoader.ResourceAdapterPlatformModule                             # Critical  # ServiceObtainingException: Cannot obtain Parlay service NSIM:P_MPCC_NSIM[0]: socket() failed: java.net.NoRouteToHostException: No route to host: connect # 
# 2006-10-28 21.03.59 # com.appium.TAS.ServiceSelection.ServiceSelectionMain                                       # Info      # Service fetched from Framework. service identifier=NSIM:P_MPCC_NSIM[0] # 
# 2006-10-28 21.03.59 # com.appium.TAS.ServiceSelection.ServiceSelectionMain                                       # Info      # Service fetched from Framework. wrapped reference=null # 
# 2006-10-28 21.04.10 # com.appium.TAS.ServiceSelection.ServiceSelectionMain                                       # Info      # Service fetched from Framework. service identifier=NSIM:P_MPCC_NSIM[0] # 
# 2006-10-28 21.04.10 # com.appium.TAS.ServiceSelection.ServiceSelectionMain                                       # Info      # Service fetched from Framework. wrapped reference=com.appium.ParlayAdaptor.Wrappers.Parlay32.Service.MultiPartyCallControlManager@14fcd9a # 
# 2006-10-28 21.04.10 # com.appium.TAS.ServiceSelection.ServiceStatus                                              # Info      # Service online: NSIM:P_MPCC_NSIM[0] # 
# 2006-10-28 21.04.17 # com.appium.TAS.ServiceSelection.ServiceStatus                                              # Critical  # service offline: NSIM:P_MPCC_NSIM[0] # 
# 2006-10-28 21.04.23 # com.appium.ResourceAdapterLoader.ResourceAdapterPlatformModule                             # Critical  # ServiceObtainingException: Cannot obtain Parlay service NSIM:P_MPCC_NSIM[0]: Connection timeout # 
# 2006-10-28 21.04.23 # com.appium.TAS.ServiceSelection.ServiceSelectionMain                                       # Info      # Service fetched from Framework. service identifier=NSIM:P_MPCC_NSIM[0] # 
# 2006-10-28 21.04.23 # com.appium.TAS.ServiceSelection.ServiceSelectionMain                                       # Info      # Service fetched from Framework. wrapped reference=null # 
# 2006-10-28 21.04.39 # com.appium.ResourceAdapterLoader.ResourceAdapterPlatformModule                             # Critical  # ServiceObtainingException: Cannot obtain Parlay service NSIM:P_MPCC_NSIM[0]: Connection timeout [*2] # 
# 2006-10-28 21.04.39 # com.appium.TAS.ServiceSelection.ServiceSelectionMain                                       # Info      # Service fetched from Framework. service identifier=NSIM:P_MPCC_NSIM[0] [*2] # 
# 2006-10-28 21.04.39 # com.appium.TAS.ServiceSelection.ServiceSelectionMain                                       # Info      # Service fetched from Framework. wrapped reference=null [*2] # 
# 2006-10-28 21.04.54 # com.appium.ResourceAdapterLoader.ResourceAdapterPlatformModule                             # Critical  # ServiceObtainingException: Cannot obtain Parlay service NSIM:P_MPCC_NSIM[0]: Connection timeout # 
# 2006-10-28 21.04.54 # com.appium.TAS.ServiceSelection.ServiceSelectionMain                                       # Info      # Service fetched from Framework. service identifier=NSIM:P_MPCC_NSIM[0] # 
# 2006-10-28 21.04.54 # com.appium.TAS.ServiceSelection.ServiceSelectionMain                                       # Info      # Service fetched from Framework. wrapped reference=null # 
# 2006-10-28 21.05.09 # com.appium.ResourceAdapterLoader.ResourceAdapterPlatformModule                             # Critical  # ServiceObtainingException: Cannot obtain Parlay service NSIM:P_MPCC_NSIM[0]: Connection timeout # 
# 2006-10-28 21.05.09 # com.appium.TAS.ServiceSelection.ServiceSelectionMain                                       # Info      # Service fetched from Framework. service identifier=NSIM:P_MPCC_NSIM[0] # 
# 2006-10-28 21.05.09 # com.appium.TAS.ServiceSelection.ServiceSelectionMain                                       # Info      # Service fetched from Framework. wrapped reference=null # 
# 2006-10-28 21.05.27 # com.appium.ResourceAdapterLoader.ResourceAdapterPlatformModule                             # Critical  # ServiceObtainingException: Cannot obtain Parlay service NSIM:P_MPCC_NSIM[0]: Connection timeout # 
# 2006-10-28 21.05.27 # com.appium.TAS.ServiceSelection.ServiceSelectionMain                                       # Info      # Service fetched from Framework. service identifier=NSIM:P_MPCC_NSIM[0] # 
# 2006-10-28 21.05.27 # com.appium.TAS.ServiceSelection.ServiceSelectionMain                                       # Info      # Service fetched from Framework. wrapped reference=null # 
# 2006-10-28 21.05.37 # com.appium.ResourceAdapterLoader.ResourceAdapterPlatformModule                             # Critical  # ServiceObtainingException: Cannot obtain Parlay service NSIM:P_MPCC_NSIM[0]: socket() failed: java.net.NoRouteToHostException: No route to host: connect # 
# 2006-10-28 21.05.37 # com.appium.TAS.ServiceSelection.ServiceSelectionMain                                       # Info      # Service fetched from Framework. service identifier=NSIM:P_MPCC_NSIM[0] # 
# 2006-10-28 21.05.37 # com.appium.TAS.ServiceSelection.ServiceSelectionMain                                       # Info      # Service fetched from Framework. wrapped reference=null # 
# 2006-10-28 21.05.50 # com.appium.ResourceAdapterLoader.ResourceAdapterPlatformModule                             # Critical  # ServiceObtainingException: Cannot obtain Parlay service NSIM:P_MPCC_NSIM[0]: TheOrb: Error while reading the IOR from localhost:15000 # 
# 2006-10-28 21.05.50 # com.appium.TAS.ServiceSelection.ServiceSelectionMain                                       # Info      # Service fetched from Framework. service identifier=NSIM:P_MPCC_NSIM[0] # 
# 2006-10-28 21.05.50 # com.appium.TAS.ServiceSelection.ServiceSelectionMain                                       # Info      # Service fetched from Framework. wrapped reference=null # 
# 2006-10-28 21.06.01 # com.appium.ResourceAdapterLoader.ResourceAdapterPlatformModule                             # Critical  # ServiceObtainingException: Cannot obtain Parlay service NSIM:P_MPCC_NSIM[0]: TheOrb: Could not open socket at localhost:15000 # 
# 2006-10-28 21.06.01 # com.appium.TAS.ServiceSelection.ServiceSelectionMain                                       # Info      # Service fetched from Framework. service identifier=NSIM:P_MPCC_NSIM[0] # 
# 2006-10-28 21.06.01 # com.appium.TAS.ServiceSelection.ServiceSelectionMain                                       # Info      # Service fetched from Framework. wrapped reference=null # 
# 2006-10-28 21.06.10 # com.appium.impl.core.xee.XProcessImpl                                                      # Info      # Object online again: NSim.Default@localhost.0 (inactive, reported by ObjectRegistry) # 
# 2006-10-28 21.06.10 # com.appium.impl.core.xee.XProcessImpl                                                      # Info      # Object active: XTransport_Default@NSim.Default@localhost.0 (reported by ObjectRegistry) # 
# 2006-10-28 21.06.12 # com.appium.ResourceAdapterLoader.ResourceAdapterPlatformModule                             # Critical  # ServiceObtainingException: Cannot obtain Parlay service NSIM:P_MPCC_NSIM[0]: TheOrb: Could not open socket at localhost:15000 # 
# 2006-10-28 21.06.12 # com.appium.TAS.ServiceSelection.ServiceSelectionMain                                       # Info      # Service fetched from Framework. service identifier=NSIM:P_MPCC_NSIM[0] # 
# 2006-10-28 21.06.12 # com.appium.TAS.ServiceSelection.ServiceSelectionMain                                       # Info      # Service fetched from Framework. wrapped reference=null # 
# 2006-10-28 21.06.13 # com.appium.impl.core.xee.XProcessImpl                                                      # Info      # Object active: StatusInfoAccess_Default@NSim.Default@localhost.0 (reported by ObjectRegistry) # 
# 2006-10-28 21.06.20 # com.appium.impl.core.xee.XProcessImpl                                                      # Info      # Object activated: NSim.Default@localhost.0 (reported by ObjectRegistry) # 
# 2006-10-28 21.06.20 # com.appium.impl.core.xee.XProcessImpl                                                      # Info      # Object active: ServiceUpdate_Default@NSim.Default@localhost.0 (reported by ObjectRegistry) # 
# 2006-10-28 21.06.26 # com.appium.TAS.ServiceSelection.ServiceSelectionMain                                       # Info      # Service fetched from Framework. service identifier=NSIM:P_MPCC_NSIM[0] # 
# 2006-10-28 21.06.26 # com.appium.TAS.ServiceSelection.ServiceSelectionMain                                       # Info      # Service fetched from Framework. wrapped reference=com.appium.ParlayAdaptor.Wrappers.Parlay32.Service.MultiPartyCallControlManager@151ac10 # 
# 2006-10-28 21.06.26 # com.appium.TAS.ServiceSelection.ServiceStatus                                              # Info      # Service online: NSIM:P_MPCC_NSIM[0] # 
# 2006-10-28 21.13.03 # com.appium.TAS.SessionTriggers.MultiPartyCallControl                                       # Critical  # The call control interface NSIM:P_MPCC_NSIM[0] seems to be down # 
# 2006-10-28 21.13.03 # com.appium.impl.core.xee.XProcessImpl                                                      # Info      # Surveillance failed for process NSim.Default@localhost.0 # 
# 2006-10-28 21.13.04 # com.appium.impl.core.xee.XProcessImpl                                                      # Info      # Object offline: NSim.Default@localhost.0 (reported by Surveillance ) # 
# 2006-10-28 21.13.05 # com.appium.impl.core.xee.XProcessImpl                                                      # Info      # Object offline: ServiceUpdate_Default@NSim.Default@localhost.0 (reported by Surveillance ) # 
# 2006-10-28 21.13.05 # com.appium.impl.core.xee.XProcessImpl                                                      # Info      # Object offline: StatusInfoAccess_Default@NSim.Default@localhost.0 (reported by Surveillance ) # 
# 2006-10-28 21.13.05 # com.appium.TAS.ServiceSelection.ServiceStatus                                              # Critical  # service offline: NSIM:P_MPCC_NSIM[0] # 
# 2006-10-28 21.13.09 # com.appium.impl.core.xee.XProcessImpl                                                      # Info      # Object offline: XTransport_Default@NSim.Default@localhost.0 (reported by Surveillance ) # 
