
# 2006-11-04 17.18.26 # com.appium.impl.core.xee.Bootstrap                                                         # Info      # ========== Process starting ========== # 
# 2006-11-04 17.18.41 # com.appium.impl.core.xee.XManagerImpl.virtual                                              # Info      # [XHandler Loaded] com.appium.impl.core.xee.XCryptoImpl.XCryptoImplMain (7359 ms) # 
# 2006-11-04 17.18.45 # com.appium.impl.core.xee.XManagerImpl.virtual                                              # Info      # [XHandler Loaded] com.appium.impl.core.xee.XCorbaImpl.XCorbaImplMain/corba (4000 ms) # 
# 2006-11-04 17.18.46 # com.appium.impl.core.xee.XManagerImpl.virtual                                              # Info      # [XHandler Loaded] com.appium.impl.core.xee.XContextImpl.XContextImplMain (0 ms) # 
# 2006-11-04 17.18.46 # com.appium.impl.core.xee.XManagerImpl.virtual                                              # Info      # [XHandler Loaded] com.appium.impl.core.xee.XRunnerImpl.XRunnerImplMain/Registration Thread Pool (32 ms) # 
# 2006-11-04 17.18.46 # com.appium.impl.core.xee.XProcessImpl.XProcessImplMain                                     # Info      # XProcess.type: Distributor # 
# 2006-11-04 17.18.46 # com.appium.impl.core.xee.XProcessImpl.XProcessImplMain                                     # Info      # XProcess.group: Trrigering # 
# 2006-11-04 17.18.46 # com.appium.impl.core.xee.XProcessImpl.XProcessImplMain                                     # Info      # XProcess.processID: Distributor.Trrigering@localhost.0 # 
# 2006-11-04 17.18.46 # com.appium.impl.core.xee.XProcessImpl.XProcessImplMain                                     # Info      # XProcess.index: 0 # 
# 2006-11-04 17.18.46 # com.appium.impl.core.xee.XProcessImpl.XProcessImplMain                                     # Info      # XProcess.OAMServerAddress (supplied): Acer # 
# 2006-11-04 17.18.46 # com.appium.impl.core.xee.XProcessImpl.XProcessImplMain                                     # Info      # XProcess.OAMServerAddress (complete): Acer:20000 # 
# 2006-11-04 17.18.46 # com.appium.impl.core.xee.XProcessImpl                                                      # Info      # RegistrationHandler created for Acer:20000 # 
# 2006-11-04 17.18.46 # com.appium.impl.core.xee.XProcessImpl                                                      # Info      # RegistrationHandler started for Acer:20000 # 
# 2006-11-04 17.18.46 # com.appium.impl.core.xee.XManagerImpl.virtual                                              # Info      # [XHandler Loaded] com.appium.impl.core.xee.XProcessImpl.XProcessImplMain (500 ms) # 
# 2006-11-04 17.18.48 # com.appium.impl.core.xee.XProcessImpl                                                      # Info      # Registration available on: Acer:20000 # 
# 2006-11-04 17.18.48 # com.appium.impl.core.xee.XProcessImpl                                                      # Info      # Registering object: Distributor on Acer:20000 # 
# 2006-11-04 17.18.48 # com.appium.impl.core.xee.XProcessImpl                                                      # Info      # Registering object: XTransport on Acer:20000 # 
# 2006-11-04 17.18.49 # com.appium.impl.core.xee.XProcessImpl                                                      # Info      # Object online (new): Distributor.Trrigering@localhost.0 (inactive, reported by ObjectRegistry) # 
# 2006-11-04 17.18.49 # com.appium.impl.core.xee.XProcessImpl                                                      # Info      # Starting Process Surveillance Thread for Distributor.Trrigering@localhost.0 # 
# 2006-11-04 17.18.49 # com.appium.impl.core.xee.XProcessImpl                                                      # Info      # Object active (new): Framework_Primary@OAMServer.Primary (reported by ObjectRegistry) # 
# 2006-11-04 17.18.49 # com.appium.impl.core.xee.XProcessImpl                                                      # Info      # Starting Process Surveillance Thread for OAMServer.Primary # 
# 2006-11-04 17.18.49 # com.appium.impl.core.xee.XProcessImpl                                                      # Info      # Object active (new): GraphDataEventReceiver_Primary@OAMServer.Primary (reported by ObjectRegistry) # 
# 2006-11-04 17.18.49 # com.appium.impl.core.xee.XProcessImpl                                                      # Info      # Object online (new): NSim.Default@localhost.0 (inactive, reported by ObjectRegistry) # 
# 2006-11-04 17.18.49 # com.appium.impl.core.xee.XProcessImpl                                                      # Info      # Starting Process Surveillance Thread for NSim.Default@localhost.0 # 
# 2006-11-04 17.18.49 # com.appium.impl.core.xee.XProcessImpl                                                      # Info      # Object active (new): OAMServer.Primary (reported by ObjectRegistry) # 
# 2006-11-04 17.18.49 # com.appium.impl.core.xee.XProcessImpl                                                      # Info      # Object active (new): ServiceUpdate_Primary@OAMServer.Primary (reported by ObjectRegistry) # 
# 2006-11-04 17.18.49 # com.appium.impl.core.xee.XProcessImpl                                                      # Info      # Object active (new): StatusInfoAccess_Primary@OAMServer.Primary (reported by ObjectRegistry) # 
# 2006-11-04 17.18.49 # com.appium.impl.core.xee.XProcessImpl                                                      # Info      # Object active (new): TraceReceiver_Primary@OAMServer.Primary (reported by ObjectRegistry) # 
# 2006-11-04 17.18.49 # com.appium.impl.core.xee.XProcessImpl                                                      # Info      # Object online (new): XContainer.Collect Calls@localhost.50 (inactive, reported by ObjectRegistry) # 
# 2006-11-04 17.18.49 # com.appium.impl.core.xee.XProcessImpl                                                      # Info      # Starting Process Surveillance Thread for XContainer.Collect Calls@localhost.50 # 
# 2006-11-04 17.18.49 # com.appium.impl.core.xee.XProcessImpl                                                      # Info      # Object active (new): XNodeDatabase_Primary@OAMServer.Primary (reported by ObjectRegistry) # 
# 2006-11-04 17.18.49 # com.appium.impl.core.xee.XProcessImpl                                                      # Info      # Object active (new): XTransport_Collect Calls@XContainer.Collect Calls@localhost.50 (reported by ObjectRegistry) # 
# 2006-11-04 17.18.49 # com.appium.impl.core.xee.XProcessImpl                                                      # Info      # Object active (new): XTransport_Default@NSim.Default@localhost.0 (reported by ObjectRegistry) # 
# 2006-11-04 17.18.49 # com.appium.impl.core.xee.XProcessImpl                                                      # Info      # Object active (new): XTransport_Primary@OAMServer.Primary (reported by ObjectRegistry) # 
# 2006-11-04 17.18.49 # com.appium.impl.core.xee.XProcessImpl                                                      # Info      # Object active (new): XTransport_Trrigering@Distributor.Trrigering@localhost.0 (reported by ObjectRegistry) # 
# 2006-11-04 17.18.49 # com.appium.impl.core.xee.XManagerImpl.virtual                                              # Info      # [XHandler Loaded] com.appium.impl.core.xee.XTransportImpl.XTransportImplMain (2750 ms) # 
# 2006-11-04 17.18.49 # com.appium.impl.core.xee.XManagerImpl.virtual                                              # Info      # [XHandler Loaded] com.appium.impl.core.xee.XFileImpl.XSynchronizedFileImpl/TASxml (0 ms) # 
# 2006-11-04 17.18.49 # com.appium.impl.core.xee.XManagerImpl.virtual                                              # Info      # [XHandler Loaded] com.appium.impl.core.xee.XConfigImpl.XConfigImplMain/xconfig (16 ms) # 
# 2006-11-04 17.18.51 # com.appium.impl.core.xee.XManagerImpl.virtual                                              # Info      # [XHandler Loaded] com.appium.impl.core.xee.XProcessImpl.XProcessConfigurator/xprocess-configurator (16 ms) # 
# 2006-11-04 17.18.51 # com.appium.impl.core.xee.XManagerImpl.virtual                                              # Info      # [XHandler Loaded] com.appium.Basement.Registry.LegacyRegistryToXEEAdaptor (218 ms) # 
# 2006-11-04 17.18.51 # com.appium.impl.core.xee.XManagerImpl.virtual                                              # Info      # [XHandler Loaded] com.appium.Basement.Registry.OAM.ConfigXMLEditorBackendProviderImpl (0 ms) # 
# 2006-11-04 17.18.51 # com.appium.impl.core.xee.XManagerImpl.virtual                                              # Info      # [XHandler Loaded] com.appium.impl.core.xee.XSessionsImpl.e/session-distributed-registry (16 ms) # 
# 2006-11-04 17.18.51 # com.appium.impl.core.xee.XManagerImpl.virtual                                              # Info      # [XHandler Loaded] com.appium.impl.core.xee.XSessionsImpl.a/basic-session-id-handler (15 ms) # 
# 2006-11-04 17.18.51 # com.appium.impl.core.xee.XManagerImpl.virtual                                              # Info      # [XHandler Loaded] com.appium.impl.core.xee.XSessionsImpl.XSessionsImplMain/xsessions (16 ms) # 
# 2006-11-04 17.18.52 # com.appium.impl.core.xee.XManagerImpl.virtual                                              # Info      # [Secret XNode Registration] license.menu # 
# 2006-11-04 17.18.52 # com.appium.impl.core.xee.XManagerImpl.virtual                                              # Info      # [XHandler Loaded] com.appium.Basement.XNodeConfig.XEEXNodesXHandler (63 ms) # 
# 2006-11-04 17.18.53 # com.appium.impl.core.xee.XManagerImpl.virtual                                              # Info      # [Secret XNode Registration] basement.menu # 
# 2006-11-04 17.18.53 # com.appium.impl.core.xee.XManagerImpl.virtual                                              # Info      # [Secret XNode Registration] LinkSurveillance.menu # 
# 2006-11-04 17.18.53 # com.appium.impl.core.xee.XManagerImpl.virtual                                              # Info      # [Secret XNode Registration] versionhistory.menu # 
# 2006-11-04 17.18.53 # com.appium.impl.core.xee.XManagerImpl.virtual                                              # Info      # [XHandler Loaded] com.appium.Registry.RegistryPlatformModule (1531 ms) # 
# 2006-11-04 17.18.53 # com.appium.impl.core.xee.XManagerImpl.virtual                                              # Info      # [XHandler Loaded] com.appium.XView.Server.Backend.LogFileMarkerInserter$Impl/logfile-marker-inserter (31 ms) # 
# 2006-11-04 17.18.53 # com.appium.impl.core.xee.XManagerImpl.virtual                                              # Info      # [XHandler Loaded] com.appium.ExecDaemon.Client.ExecDaemonMonitor (0 ms) # 
# 2006-11-04 17.18.53 # com.appium.impl.core.xee.XManagerImpl.virtual                                              # Info      # [XHandler Loaded] com.appium.Monitoring.Alarm.d/alarm-info (0 ms) # 
# 2006-11-04 17.18.54 # com.appium.impl.core.xee.XManagerImpl.virtual                                              # Info      # [XHandler Loaded] com.appium.Monitoring.Alarm.AlarmLog/alarms (593 ms) # 
# 2006-11-04 17.18.54 # com.appium.impl.core.xee.XManagerImpl.virtual                                              # Info      # [XHandler Loaded] com.appium.Monitoring.StatusInfo.a/status-info (31 ms) # 
# 2006-11-04 17.18.54 # com.appium.impl.core.xee.XManagerImpl.virtual                                              # Info      # [XHandler Loaded] com.appium.Monitoring.Log.LogImplMain/logging (172 ms) # 
# 2006-11-04 17.18.54 # com.appium.impl.core.xee.XManagerImpl.virtual                                              # Info      # [XHandler Loaded] com.appium.Monitoring.Statistics.StatisticsImplMain/statistics (78 ms) # 
# 2006-11-04 17.18.54 # com.appium.impl.core.xee.XManagerImpl.virtual                                              # Info      # [XHandler Loaded] lib\wrappers\Kannel/com.appium.ResourceAdaptor.Wrappers.ResourceAdaptor/Kannel (0 ms) # 
# 2006-11-04 17.18.54 # com.appium.impl.core.xee.XProcessImpl                                                      # Info      # Registering object: StatusInfoAccess on Acer:20000 # 
# 2006-11-04 17.18.54 # com.appium.impl.core.xee.XProcessImpl                                                      # Info      # Object active (new): StatusInfoAccess_Collect Calls@XContainer.Collect Calls@localhost.50 (reported by ObjectRegistry) # 
# 2006-11-04 17.18.54 # com.appium.impl.core.xee.XProcessImpl                                                      # Info      # Object active (new): StatusInfoAccess_Default@NSim.Default@localhost.0 (reported by ObjectRegistry) # 
# 2006-11-04 17.18.55 # com.appium.impl.core.xee.XManagerImpl.virtual                                              # Info      # [XHandler Loaded] lib\wrappers\OMA/com.appium.ResourceAdaptor.Wrappers.ResourceAdaptor/OMA (94 ms) # 
# 2006-11-04 17.18.55 # com.appium.impl.core.xee.XManagerImpl.virtual                                              # Info      # [XHandler Loaded] lib\wrappers\OSAX/com.appium.ParlayAdaptor.Wrappers.OSAX.ParlayAdaptor/OSAX (16 ms) # 
# 2006-11-04 17.18.55 # com.appium.Monitoring.Log.DebugLog                                                         # Info      # Purging Debug log files before 2006-11-02 17:18:55 # 
# 2006-11-04 17.18.55 # com.appium.impl.core.xee.XManagerImpl.virtual                                              # Info      # [XHandler Loaded] lib\wrappers\Parlay213/com.appium.ParlayAdaptor.Wrappers.ParlayAdaptor/Parlay213 (0 ms) # 
# 2006-11-04 17.18.55 # com.appium.impl.core.xee.XProcessImpl                                                      # Info      # Object active (new): StatusInfoAccess_Trrigering@Distributor.Trrigering@localhost.0 (reported by ObjectRegistry) # 
# 2006-11-04 17.18.59 # com.appium.impl.core.xee.XManagerImpl.virtual                                              # Info      # [XHandler Loaded] com.appium.TAS.RateControl.CoreImpl.LoadEstimationFactoryImpl (0 ms) # 
# 2006-11-04 17.18.59 # com.appium.impl.core.xee.XManagerImpl.virtual                                              # Info      # [XHandler Loaded] lib\wrappers\Parlay31/com.appium.ParlayAdaptor.Wrappers.ParlayAdaptor/Parlay31 (0 ms) # 
# 2006-11-04 17.19.01 # com.appium.impl.core.xee.XManagerImpl.virtual                                              # Info      # [XHandler Loaded] lib\wrappers\Parlay32/com.appium.ParlayAdaptor.Wrappers.ParlayAdaptor/Parlay32 (31 ms) # 
# 2006-11-04 17.19.01 # com.appium.impl.core.xee.XManagerImpl.virtual                                              # Info      # [XHandler Loaded] com.appium.ResourceAdapterLoader.ResourceAdapterPlatformModule (328 ms) # 
# 2006-11-04 17.19.01 # com.appium.impl.core.xee.XManagerImpl.virtual                                              # Info      # [XHandler Loaded] com.appium.SNMP.a/snmp (94 ms) # 
# 2006-11-04 17.19.02 # com.appium.impl.core.xee.XManagerImpl.virtual                                              # Info      # [XHandler Loaded] com.appium.SystemInfo.ProcessInfoModule (453 ms) # 
# 2006-11-04 17.19.02 # com.appium.SystemInfo.SystemStatisticsModule                                               # Event     # Starting System Statistics... # 
# 2006-11-04 17.19.02 # com.appium.impl.core.xee.XManagerImpl.virtual                                              # Info      # [XHandler Loaded] com.appium.SystemInfo.SystemStatisticsModule (16 ms) # 
# 2006-11-04 17.19.02 # com.appium.impl.core.xee.XManagerImpl.virtual                                              # Info      # [XHandler Loaded] com.appium.TAS.RateControl.StaticRateAdaptor.StaticRateAdaptorFactory (16 ms) # 
# 2006-11-04 17.19.02 # com.appium.impl.core.xee.XManagerImpl.virtual                                              # Info      # [XHandler Loaded] com.appium.TAS.RateControl.LoadLevelRateAdaptor.LoadLevelRateAdaptorFactory (16 ms) # 
# 2006-11-04 17.19.02 # com.appium.impl.core.xee.XManagerImpl.virtual                                              # Info      # [XHandler Loaded] com.appium.TAS.RateControl.LeakyBucketRateRestrictor2.LeakyBucketRRFactory (0 ms) # 
# 2006-11-04 17.19.02 # com.appium.impl.core.xee.XManagerImpl.virtual                                              # Info      # [XHandler Loaded] com.appium.TAS.RateControl.CoreImpl.LoadConfigImpl (16 ms) # 
# 2006-11-04 17.19.02 # com.appium.impl.core.xee.XManagerImpl.virtual                                              # Info      # [XHandler Loaded] com.appium.TAS.RateControl.RateManager (0 ms) # 
# 2006-11-04 17.19.02 # com.appium.impl.core.xee.XManagerImpl.virtual                                              # Info      # [Secret XNode Registration] sessiontransport.menu # 
# 2006-11-04 17.19.02 # com.appium.impl.core.xee.XManagerImpl.virtual                                              # Info      # [Secret XNode Registration] serviceconfig.menu # 
# 2006-11-04 17.19.02 # com.appium.impl.core.xee.XManagerImpl.virtual                                              # Info      # [Secret XNode Registration] sc.sl.service_list.menu # 
# 2006-11-04 17.19.02 # com.appium.impl.core.xee.XManagerImpl.virtual                                              # Info      # [XHandler Loaded] com.appium.TAS.TASPlatformModule (109 ms) # 
# 2006-11-04 17.19.02 # com.appium.impl.core.xee.XManagerImpl.virtual                                              # Info      # [Secret XNode Registration] addtranslation.menu # 
# 2006-11-04 17.19.02 # com.appium.impl.core.xee.XManagerImpl.virtual                                              # Info      # [Secret XNode Registration] distributor.status.menu # 
# 2006-11-04 17.19.02 # com.appium.impl.core.xee.XManagerImpl.virtual                                              # Info      # [XHandler Loaded] com.appium.TAS.Distributor.DistributorModule (469 ms) # 
# 2006-11-04 17.19.02 # com.appium.impl.core.xee.XManagerImpl.virtual                                              # Info      # [XHandler Loaded] com.appium.TAS.SessionTriggers.MultiPartyCallControl.AdditionalCallEventCriteriaConfig (0 ms) # 
# 2006-11-04 17.19.02 # com.appium.impl.core.xee.XManagerImpl.virtual                                              # Info      # [XHandler Loaded] com.appium.TAS.Distributor.CallControlConfig (0 ms) # 
# 2006-11-04 17.19.03 # com.appium.impl.core.xee.XProcessImpl                                                      # Info      # Registering object: SessionRegistry on Acer:20000 # 
# 2006-11-04 17.19.03 # com.appium.impl.core.xee.XProcessImpl                                                      # Info      # Registering object: ServiceUpdate on Acer:20000 # 
# 2006-11-04 17.19.03 # com.appium.impl.core.xee.XProcessImpl                                                      # Info      # Object active (new): ServiceUpdate_Trrigering@Distributor.Trrigering@localhost.0 (reported by ObjectRegistry) # 
# 2006-11-04 17.19.03 # com.appium.impl.core.xee.XProcessImpl                                                      # Info      # Object active (new): SessionRegistry_Trrigering@Distributor.Trrigering@localhost.0 (reported by ObjectRegistry) # 
# 2006-11-04 17.19.03 # com.appium.impl.core.xee.XManagerImpl.virtual                                              # Info      # [XHandler Loaded] com.appium.TAS.SessionTriggers.MultiMediaCallControl.MultiMediaCallControlConfig (63 ms) # 
# 2006-11-04 17.19.03 # com.appium.impl.core.xee.XManagerImpl.virtual                                              # Info      # [XHandler Loaded] com.appium.TAS.SessionTriggers.MultiPartyCallControl.MultiPartyCallControlConfig (0 ms) # 
# 2006-11-04 17.19.03 # com.appium.impl.core.xee.XManagerImpl.virtual                                              # Info      # [XHandler Loaded] com.appium.TAS.SessionTriggers.UserInteraction.UIConfig (344 ms) # 
# 2006-11-04 17.19.03 # com.appium.impl.core.xee.XManagerImpl.virtual                                              # Info      # [XHandler Loaded] com.appium.TAS.SessionTriggers.UserLocation.UserLocationConfig (78 ms) # 
# 2006-11-04 17.19.03 # com.appium.impl.core.xee.XManagerImpl.virtual                                              # Info      # [XHandler Loaded] com.appium.TAS.SessionTriggers.UserLocationCamel.UserLocationCamelConfig (16 ms) # 
# 2006-11-04 17.19.05 # com.appium.Basement.XNodeConfig.XEEXNodesXHandler                                          # Info      # [Commit XNode] license.menu # 
# 2006-11-04 17.19.05 # com.appium.Basement.XNodeConfig.XEEXNodesXHandler                                          # Info      # [Commit XNode] basement.menu # 
# 2006-11-04 17.19.07 # com.appium.Basement.XNodeConfig.XEEXNodesXHandler                                          # Info      # [Commit XNode] LinkSurveillance.menu # 
# 2006-11-04 17.19.08 # com.appium.Basement.XNodeConfig.XEEXNodesXHandler                                          # Info      # [Commit XNode] versionhistory.menu # 
# 2006-11-04 17.19.13 # com.appium.Basement.XNodeConfig.XEEXNodesXHandler                                          # Info      # [Commit XNode] oam.snmp_settings.menu # 
# 2006-11-04 17.19.16 # com.appium.SNMP.Agent                                                                      # Info      # SNMP Agent listening on port 1968 # 
# 2006-11-04 17.19.17 # com.appium.SNMP.Agent                                                                      # Info      # Successfully initialized the SNMP Agent # 
# 2006-11-04 17.19.17 # com.appium.Basement.XNodeConfig.XEEXNodesXHandler                                          # Info      # [Commit XNode] LoadConfig.menu # 
# 2006-11-04 17.19.17 # com.appium.Basement.XNodeConfig.XEEXNodesXHandler                                          # Info      # [Commit XNode] sessiontransport.menu # 
# 2006-11-04 17.19.17 # com.appium.Basement.XNodeConfig.XEEXNodesXHandler                                          # Info      # [Commit XNode] serviceconfig.menu # 
# 2006-11-04 17.19.18 # com.appium.Basement.XNodeConfig.XEEXNodesXHandler                                          # Info      # [Commit XNode] sc.sl.service_list.menu # 
# 2006-11-04 17.19.18 # com.appium.impl.core.xee.XProcessImpl                                                      # Info      # Object activated: NSim.Default@localhost.0 (reported by Surveillance  ) # 
# 2006-11-04 17.19.18 # com.appium.impl.core.xee.XProcessImpl                                                      # Info      # Object activated: XContainer.Collect Calls@localhost.50 (reported by Surveillance  ) # 
# 2006-11-04 17.19.19 # com.appium.impl.core.xee.XProcessImpl                                                      # Info      # Object deactivated: NSim.Default@localhost.0 (reported by ObjectRegistry) # 
# 2006-11-04 17.19.19 # com.appium.impl.core.xee.XProcessImpl                                                      # Info      # Object active (new): ServiceUpdate_Collect Calls@XContainer.Collect Calls@localhost.50 (reported by ObjectRegistry) # 
# 2006-11-04 17.19.19 # com.appium.impl.core.xee.XProcessImpl                                                      # Info      # Object active (new): ServiceUpdate_Default@NSim.Default@localhost.0 (reported by ObjectRegistry) # 
# 2006-11-04 17.19.19 # com.appium.Basement.XNodeConfig.XEEXNodesXHandler                                          # Info      # [Commit XNode] addtranslation.menu # 
# 2006-11-04 17.19.19 # com.appium.Basement.XNodeConfig.XEEXNodesXHandler                                          # Info      # [Commit XNode] distributor.status.menu # 
# 2006-11-04 17.19.20 # com.appium.Basement.XNodeConfig.XEEXNodesXHandler                                          # Info      # [Commit XNode] distributors.additional.menu # 
# 2006-11-04 17.19.20 # com.appium.Basement.XNodeConfig.XEEXNodesXHandler                                          # Info      # [Commit XNode] distributor.cc.menu # 
# 2006-11-04 17.19.21 # com.appium.Basement.XNodeConfig.XEEXNodesXHandler                                          # Info      # [Commit XNode] distributor.mmcc.menu # 
# 2006-11-04 17.19.22 # com.appium.Basement.XNodeConfig.XEEXNodesXHandler                                          # Info      # [Commit XNode] distributor.mpcc.menu # 
# 2006-11-04 17.19.22 # com.appium.Basement.XNodeConfig.XEEXNodesXHandler                                          # Info      # [Commit XNode] distributor.ui.menu # 
# 2006-11-04 17.19.22 # com.appium.Basement.XNodeConfig.XEEXNodesXHandler                                          # Info      # [Commit XNode] distributor.ul.menu # 
# 2006-11-04 17.19.22 # com.appium.Basement.XNodeConfig.XEEXNodesXHandler                                          # Info      # [Commit XNode] distributor.ulc.menu # 
# 2006-11-04 17.19.24 # com.appium.impl.core.xee.XProcessImpl                                                      # Info      # Object activated: Distributor.Trrigering@localhost.0 (reported by Surveillance  ) # 
# 2006-11-04 17.19.39 # com.appium.TAS.SessionTriggers.MultiPartyCallControl                                       # Info      # Creating AppCallControlManager: NSIM:P_MPCC_NSIM[0] # 
# 2006-11-04 17.19.51 # com.appium.TAS.ServiceSelection.ServiceSelectionMain                                       # Info      # Service fetched from Framework. service identifier=NSIM:P_MPCC_NSIM[0] # 
# 2006-11-04 17.19.51 # com.appium.TAS.ServiceSelection.ServiceSelectionMain                                       # Info      # Service fetched from Framework. wrapped reference=com.appium.ParlayAdaptor.Wrappers.Parlay32.Service.MultiPartyCallControlManager@1861086 # 
# 2006-11-04 17.19.51 # com.appium.TAS.ServiceSelection.ServiceStatus                                              # Info      # Service online: NSIM:P_MPCC_NSIM[0] # 
# 2006-11-04 17.25.49 # com.appium.impl.core.xee.XProcessImpl                                                      # Info      # Surveillance failed for process XContainer.Collect Calls@localhost.50 # 
# 2006-11-04 17.25.49 # com.appium.impl.core.xee.XProcessImpl                                                      # Info      # Object offline: ServiceUpdate_Collect Calls@XContainer.Collect Calls@localhost.50 (reported by Surveillance ) # 
# 2006-11-04 17.25.49 # com.appium.impl.core.xee.XProcessImpl                                                      # Info      # Object offline: StatusInfoAccess_Collect Calls@XContainer.Collect Calls@localhost.50 (reported by Surveillance ) # 
# 2006-11-04 17.25.49 # com.appium.impl.core.xee.XProcessImpl                                                      # Info      # Object offline: XContainer.Collect Calls@localhost.50 (reported by Surveillance ) # 
# 2006-11-04 17.25.49 # com.appium.impl.core.xee.XProcessImpl                                                      # Info      # Object offline: XTransport_Collect Calls@XContainer.Collect Calls@localhost.50 (reported by Surveillance ) # 
# 2006-11-04 17.27.13 # com.appium.impl.core.xee.XProcessImpl                                                      # Info      # Object online (new): XContainer.XTE@localhost.0 (inactive, reported by ObjectRegistry) # 
# 2006-11-04 17.27.13 # com.appium.impl.core.xee.XProcessImpl                                                      # Info      # Starting Process Surveillance Thread for XContainer.XTE@localhost.0 # 
# 2006-11-04 17.27.16 # com.appium.impl.core.xee.XProcessImpl                                                      # Info      # Object active (new): StatusInfoAccess_XTE@XContainer.XTE@localhost.0 (reported by ObjectRegistry) # 
# 2006-11-04 17.27.16 # com.appium.impl.core.xee.XProcessImpl                                                      # Info      # Object active (new): XTransport_XTE@XContainer.XTE@localhost.0 (reported by ObjectRegistry) # 
# 2006-11-04 17.27.23 # com.appium.impl.core.xee.XProcessImpl                                                      # Info      # Object active (new): ServiceUpdate_XTE@XContainer.XTE@localhost.0 (reported by ObjectRegistry) # 
# 2006-11-04 17.27.23 # com.appium.impl.core.xee.XProcessImpl                                                      # Info      # Object activated: XContainer.XTE@localhost.0 (reported by ObjectRegistry) # 
# 2006-11-04 17.31.37 # com.appium.impl.core.xee.XProcessImpl                                                      # Info      # Surveillance failed for process XContainer.XTE@localhost.0 # 
# 2006-11-04 17.31.38 # com.appium.impl.core.xee.XProcessImpl                                                      # Info      # Object offline: ServiceUpdate_XTE@XContainer.XTE@localhost.0 (reported by Surveillance ) # 
# 2006-11-04 17.31.39 # com.appium.impl.core.xee.XProcessImpl                                                      # Info      # Object offline: StatusInfoAccess_XTE@XContainer.XTE@localhost.0 (reported by Surveillance ) # 
# 2006-11-04 17.31.39 # com.appium.impl.core.xee.XProcessImpl                                                      # Info      # Object offline: XContainer.XTE@localhost.0 (reported by Surveillance ) # 
# 2006-11-04 17.31.40 # com.appium.impl.core.xee.XProcessImpl                                                      # Info      # Object offline: XTransport_XTE@XContainer.XTE@localhost.0 (reported by Surveillance ) # 
# 2006-11-04 17.34.02 # com.appium.impl.core.xee.XProcessImpl                                                      # Info      # Object online again: XContainer.XTE@localhost.0 (inactive, reported by ObjectRegistry) # 
# 2006-11-04 17.34.02 # com.appium.impl.core.xee.XProcessImpl                                                      # Info      # Object active: XTransport_XTE@XContainer.XTE@localhost.0 (reported by ObjectRegistry) # 
# 2006-11-04 17.34.05 # com.appium.impl.core.xee.XProcessImpl                                                      # Info      # Object active: StatusInfoAccess_XTE@XContainer.XTE@localhost.0 (reported by ObjectRegistry) # 
# 2006-11-04 17.34.08 # com.appium.impl.core.xee.XProcessImpl                                                      # Info      # Object active: ServiceUpdate_XTE@XContainer.XTE@localhost.0 (reported by ObjectRegistry) # 
# 2006-11-04 17.34.09 # com.appium.impl.core.xee.XProcessImpl                                                      # Info      # Object active (new): SessionRegistry_XTE@XContainer.XTE@localhost.0 (reported by ObjectRegistry) # 
# 2006-11-04 17.35.47 # com.appium.impl.core.xee.XProcessImpl                                                      # Info      # Object active (new): SessionBackupStore_XTE@XContainer.XTE@localhost.0 (reported by ObjectRegistry) # 
# 2006-11-04 17.35.49 # com.appium.impl.core.xee.XProcessImpl                                                      # Info      # Object activated: XContainer.XTE@localhost.0 (reported by Surveillance  ) # 
# 2006-11-04 17.37.49 # com.appium.impl.core.xee.XProcessImpl                                                      # Info      # Object online (new): XContainer.XTE@localhost.250 (inactive, reported by ObjectRegistry) # 
# 2006-11-04 17.38.02 # com.appium.impl.core.xee.XProcessImpl                                                      # Info      # Starting Process Surveillance Thread for XContainer.XTE@localhost.250 # 
# 2006-11-04 17.38.03 # com.appium.impl.core.xee.XProcessImpl                                                      # Info      # Object active (new): XTransport_XTE@XContainer.XTE@localhost.250 (reported by ObjectRegistry) # 
# 2006-11-04 17.38.35 # com.appium.impl.core.xee.XProcessImpl                                                      # Info      # Object active (new): StatusInfoAccess_XTE@XContainer.XTE@localhost.250 (reported by ObjectRegistry) # 
# 2006-11-04 18.22.22 # com.appium.impl.core.xee.XProcessImpl                                                      # Info      # Object deactivated: NSim.Default@localhost.0 (reported by Surveillance  ) # 
# 2006-11-04 18.22.26 # com.appium.impl.core.xee.XProcessImpl                                                      # Info      # Object deactivated: Distributor.Trrigering@localhost.0 (reported by Surveillance  ) # 
