
# 2006-10-28 20.12.43 # com.appium.impl.core.xee.Bootstrap                                                         # Info      # ========== Process starting ========== # 
# 2006-10-28 20.12.57 # com.appium.impl.core.xee.XManagerImpl.virtual                                              # Info      # [XHandler Loaded] com.appium.impl.core.xee.XCryptoImpl.XCryptoImplMain (2812 ms) # 
# 2006-10-28 20.12.58 # com.appium.impl.core.xee.XManagerImpl.virtual                                              # Info      # [XHandler Loaded] com.appium.impl.core.xee.XCorbaImpl.XCorbaImplMain/corba (1063 ms) # 
# 2006-10-28 20.12.58 # com.appium.impl.core.xee.XManagerImpl.virtual                                              # Info      # [XHandler Loaded] com.appium.impl.core.xee.XContextImpl.XContextImplMain (31 ms) # 
# 2006-10-28 20.12.58 # com.appium.impl.core.xee.XManagerImpl.virtual                                              # Info      # [XHandler Loaded] com.appium.impl.core.xee.XRunnerImpl.XRunnerImplMain/Registration Thread Pool (16 ms) # 
# 2006-10-28 20.12.58 # com.appium.impl.core.xee.XProcessImpl.XProcessImplMain                                     # Info      # XProcess.type: NSim # 
# 2006-10-28 20.12.58 # com.appium.impl.core.xee.XProcessImpl.XProcessImplMain                                     # Info      # XProcess.group: NSim # 
# 2006-10-28 20.12.58 # com.appium.impl.core.xee.XProcessImpl.XProcessImplMain                                     # Info      # XProcess.processID: NSim.NSim@localhost.100 # 
# 2006-10-28 20.12.58 # com.appium.impl.core.xee.XProcessImpl.XProcessImplMain                                     # Info      # XProcess.index: 100 # 
# 2006-10-28 20.12.58 # com.appium.impl.core.xee.XProcessImpl.XProcessImplMain                                     # Info      # XProcess.OAMServerAddress (supplied): Acer # 
# 2006-10-28 20.12.58 # com.appium.impl.core.xee.XProcessImpl.XProcessImplMain                                     # Info      # XProcess.OAMServerAddress (complete): Acer:20000 # 
# 2006-10-28 20.12.58 # com.appium.impl.core.xee.XProcessImpl                                                      # Info      # RegistrationHandler created for Acer:20000 # 
# 2006-10-28 20.12.58 # com.appium.impl.core.xee.XProcessImpl                                                      # Info      # RegistrationHandler started for Acer:20000 # 
# 2006-10-28 20.12.58 # com.appium.impl.core.xee.XManagerImpl.virtual                                              # Info      # [XHandler Loaded] com.appium.impl.core.xee.XProcessImpl.XProcessImplMain (438 ms) # 
# 2006-10-28 20.12.59 # com.appium.impl.core.xee.XProcessImpl                                                      # Info      # Registration available on: Acer:20000 # 
# 2006-10-28 20.12.59 # com.appium.impl.core.xee.XProcessImpl                                                      # Info      # Registering object: NSim on Acer:20000 # 
# 2006-10-28 20.12.59 # com.appium.impl.core.xee.XProcessImpl                                                      # Info      # Registering object: XTransport on Acer:20000 # 
# 2006-10-28 20.12.59 # com.appium.impl.core.xee.XProcessImpl                                                      # Info      # Registration no longer available # 
# 2006-10-28 20.12.59 # com.appium.impl.core.xee.XProcessImpl                                                      # Critical  # Failed to register NSim  - TRANSIENT - no usable profile in IOR # 
org.omg.CORBA.TRANSIENT: no usable profile in IOR  minor code: 0x4f4d0002  completed: No
	at com.ooc.OB.DowncallStub.getClientProfilePair(DowncallStub.java:84)
	at com.ooc.OB.DowncallStub.createDowncall(DowncallStub.java:166)
	at com.ooc.OB.DowncallStub.setupRequest(DowncallStub.java:603)
	at com.ooc.CORBA.Delegate.request(Delegate.java:604)
	at org.omg.CORBA.portable.ObjectImpl._request(ObjectImpl.java:95)
	at com.appium.Basement.Def._MainRegistryAccessInterfaceStub.registerObject(Unknown Source)
	at com.appium.impl.core.xee.XProcessImpl.f$d_.exec(Unknown Source)
	at com.appium.impl.core.xee.XRunnerImpl.a.a(Unknown Source)
	at com.appium.impl.core.xee.XRunnerImpl.c.run(Unknown Source)

# 2006-10-28 20.12.59 # com.appium.impl.core.xee.XProcessImpl                                                      # Critical  # Failed to register XTransport  - COMM_FAILURE - socket() failed: java.net.NoRouteToHostException: No route to host: connect # 
org.omg.CORBA.COMM_FAILURE: socket() failed: java.net.NoRouteToHostException: No route to host: connect  minor code: 0x4f4f0005  completed: No
	at com.ooc.OCI.IIOP.Connector_impl.connect_timeout(Connector_impl.java:347)
	at com.ooc.OB.GIOPClient.getWorker(GIOPClient.java:88)
	at com.ooc.OB.GIOPClient.bind(GIOPClient.java:434)
	at com.ooc.OB.DowncallStub.locate_request(DowncallStub.java:518)
	at com.ooc.CORBA.Delegate._OB_getDowncallStub(Delegate.java:1248)
	at com.ooc.CORBA.Delegate.request(Delegate.java:602)
	at org.omg.CORBA.portable.ObjectImpl._request(ObjectImpl.java:95)
	at com.appium.Basement.Def._MainRegistryAccessInterfaceStub.registerObject(Unknown Source)
	at com.appium.impl.core.xee.XProcessImpl.f$d_.exec(Unknown Source)
	at com.appium.impl.core.xee.XRunnerImpl.a.a(Unknown Source)
	at com.appium.impl.core.xee.XRunnerImpl.c.run(Unknown Source)

# 2006-10-28 20.12.59 # com.appium.impl.core.xee.XProcessImpl                                                      # Info      # Registration available on: Acer:20000 # 
# 2006-10-28 20.12.59 # com.appium.impl.core.xee.XProcessImpl                                                      # Info      # Registering object: NSim on Acer:20000 # 
# 2006-10-28 20.12.59 # com.appium.impl.core.xee.XProcessImpl                                                      # Info      # Registering object: XTransport on Acer:20000 # 
# 2006-10-28 20.12.59 # com.appium.impl.core.xee.XProcessImpl                                                      # Critical  # Failed to register NSim  - TRANSIENT - no usable profile in IOR # 
org.omg.CORBA.TRANSIENT: no usable profile in IOR  minor code: 0x4f4d0002  completed: No
	at com.ooc.OB.DowncallStub.getClientProfilePair(DowncallStub.java:84)
	at com.ooc.OB.DowncallStub.createDowncall(DowncallStub.java:166)
	at com.ooc.OB.DowncallStub.setupRequest(DowncallStub.java:603)
	at com.ooc.CORBA.Delegate.request(Delegate.java:604)
	at org.omg.CORBA.portable.ObjectImpl._request(ObjectImpl.java:95)
	at com.appium.Basement.Def._MainRegistryAccessInterfaceStub.registerObject(Unknown Source)
	at com.appium.impl.core.xee.XProcessImpl.f$d_.exec(Unknown Source)
	at com.appium.impl.core.xee.XRunnerImpl.a.a(Unknown Source)
	at com.appium.impl.core.xee.XRunnerImpl.c.run(Unknown Source)

# 2006-10-28 20.12.59 # com.appium.impl.core.xee.XProcessImpl                                                      # Info      # Registration no longer available # 
# 2006-10-28 20.12.59 # com.appium.impl.core.xee.XProcessImpl                                                      # Critical  # Failed to register XTransport  - TRANSIENT - no usable profile in IOR # 
org.omg.CORBA.TRANSIENT: no usable profile in IOR  minor code: 0x4f4d0002  completed: No
	at com.ooc.OB.DowncallStub.getClientProfilePair(DowncallStub.java:84)
	at com.ooc.OB.DowncallStub.createDowncall(DowncallStub.java:166)
	at com.ooc.OB.DowncallStub.setupRequest(DowncallStub.java:603)
	at com.ooc.CORBA.Delegate.request(Delegate.java:604)
	at org.omg.CORBA.portable.ObjectImpl._request(ObjectImpl.java:95)
	at com.appium.Basement.Def._MainRegistryAccessInterfaceStub.registerObject(Unknown Source)
	at com.appium.impl.core.xee.XProcessImpl.f$d_.exec(Unknown Source)
	at com.appium.impl.core.xee.XRunnerImpl.a.a(Unknown Source)
	at com.appium.impl.core.xee.XRunnerImpl.c.run(Unknown Source)

# 2006-10-28 20.13.00 # com.appium.impl.core.xee.XProcessImpl                                                      # Info      # Registration available on: Acer:20000 [*2] # 
# 2006-10-28 20.13.00 # com.appium.impl.core.xee.XProcessImpl                                                      # Info      # Registering object: NSim on Acer:20000 [*2] # 
# 2006-10-28 20.13.00 # com.appium.impl.core.xee.XProcessImpl                                                      # Info      # Registering object: XTransport on Acer:20000 [*2] # 
# 2006-10-28 20.13.00 # com.appium.impl.core.xee.XProcessImpl                                                      # Critical  # Failed to register XTransport [*2]  - TRANSIENT - no usable profile in IOR # 
org.omg.CORBA.TRANSIENT: no usable profile in IOR  minor code: 0x4f4d0002  completed: No
	at com.ooc.OB.DowncallStub.getClientProfilePair(DowncallStub.java:84)
	at com.ooc.OB.DowncallStub.createDowncall(DowncallStub.java:166)
	at com.ooc.OB.DowncallStub.setupRequest(DowncallStub.java:603)
	at com.ooc.CORBA.Delegate.request(Delegate.java:604)
	at org.omg.CORBA.portable.ObjectImpl._request(ObjectImpl.java:95)
	at com.appium.Basement.Def._MainRegistryAccessInterfaceStub.registerObject(Unknown Source)
	at com.appium.impl.core.xee.XProcessImpl.f$d_.exec(Unknown Source)
	at com.appium.impl.core.xee.XRunnerImpl.a.a(Unknown Source)
	at com.appium.impl.core.xee.XRunnerImpl.c.run(Unknown Source)

# 2006-10-28 20.13.00 # com.appium.impl.core.xee.XProcessImpl                                                      # Critical  # Failed to register NSim [*2]  - COMM_FAILURE - socket() failed: java.net.NoRouteToHostException: No route to host: connect # 
org.omg.CORBA.COMM_FAILURE: socket() failed: java.net.NoRouteToHostException: No route to host: connect  minor code: 0x4f4f0005  completed: No
	at com.ooc.OCI.IIOP.Connector_impl.connect_timeout(Connector_impl.java:347)
	at com.ooc.OB.GIOPClient.getWorker(GIOPClient.java:88)
	at com.ooc.OB.GIOPClient.bind(GIOPClient.java:434)
	at com.ooc.OB.DowncallStub.locate_request(DowncallStub.java:518)
	at com.ooc.CORBA.Delegate._OB_getDowncallStub(Delegate.java:1248)
	at com.ooc.CORBA.Delegate.request(Delegate.java:602)
	at org.omg.CORBA.portable.ObjectImpl._request(ObjectImpl.java:95)
	at com.appium.Basement.Def._MainRegistryAccessInterfaceStub.registerObject(Unknown Source)
	at com.appium.impl.core.xee.XProcessImpl.f$d_.exec(Unknown Source)
	at com.appium.impl.core.xee.XRunnerImpl.a.a(Unknown Source)
	at com.appium.impl.core.xee.XRunnerImpl.c.run(Unknown Source)

# 2006-10-28 20.13.00 # com.appium.impl.core.xee.XProcessImpl                                                      # Info      # Registration no longer available [*2] # 
# 2006-10-28 20.13.02 # com.appium.impl.core.xee.XProcessImpl                                                      # Info      # Registration available on: Acer:20000 [*4] # 
# 2006-10-28 20.13.02 # com.appium.impl.core.xee.XProcessImpl                                                      # Info      # Registering object: NSim on Acer:20000 [*4] # 
# 2006-10-28 20.13.02 # com.appium.impl.core.xee.XProcessImpl                                                      # Info      # Registering object: XTransport on Acer:20000 [*4] # 
# 2006-10-28 20.13.02 # com.appium.impl.core.xee.XProcessImpl                                                      # Critical  # Failed to register NSim [*4]  - TRANSIENT - no usable profile in IOR # 
org.omg.CORBA.TRANSIENT: no usable profile in IOR  minor code: 0x4f4d0002  completed: No
	at com.ooc.OB.DowncallStub.getClientProfilePair(DowncallStub.java:84)
	at com.ooc.OB.DowncallStub.createDowncall(DowncallStub.java:166)
	at com.ooc.OB.DowncallStub.setupRequest(DowncallStub.java:603)
	at com.ooc.CORBA.Delegate.request(Delegate.java:604)
	at org.omg.CORBA.portable.ObjectImpl._request(ObjectImpl.java:95)
	at com.appium.Basement.Def._MainRegistryAccessInterfaceStub.registerObject(Unknown Source)
	at com.appium.impl.core.xee.XProcessImpl.f$d_.exec(Unknown Source)
	at com.appium.impl.core.xee.XRunnerImpl.a.a(Unknown Source)
	at com.appium.impl.core.xee.XRunnerImpl.c.run(Unknown Source)

# 2006-10-28 20.13.02 # com.appium.impl.core.xee.XProcessImpl                                                      # Info      # Registration no longer available [*4] # 
# 2006-10-28 20.13.02 # com.appium.impl.core.xee.XProcessImpl                                                      # Critical  # Failed to register XTransport [*4]  - COMM_FAILURE - socket() failed: java.net.NoRouteToHostException: No route to host: connect # 
org.omg.CORBA.COMM_FAILURE: socket() failed: java.net.NoRouteToHostException: No route to host: connect  minor code: 0x4f4f0005  completed: No
	at com.ooc.OCI.IIOP.Connector_impl.connect_timeout(Connector_impl.java:347)
	at com.ooc.OB.GIOPClient.getWorker(GIOPClient.java:88)
	at com.ooc.OB.GIOPClient.bind(GIOPClient.java:434)
	at com.ooc.OB.DowncallStub.locate_request(DowncallStub.java:518)
	at com.ooc.CORBA.Delegate._OB_getDowncallStub(Delegate.java:1248)
	at com.ooc.CORBA.Delegate.request(Delegate.java:602)
	at org.omg.CORBA.portable.ObjectImpl._request(ObjectImpl.java:95)
	at com.appium.Basement.Def._MainRegistryAccessInterfaceStub.registerObject(Unknown Source)
	at com.appium.impl.core.xee.XProcessImpl.f$d_.exec(Unknown Source)
	at com.appium.impl.core.xee.XRunnerImpl.a.a(Unknown Source)
	at com.appium.impl.core.xee.XRunnerImpl.c.run(Unknown Source)

# 2006-10-28 20.13.04 # com.appium.impl.core.xee.XProcessImpl                                                      # Info      # Registration available on: Acer:20000 [*4] # 
# 2006-10-28 20.13.04 # com.appium.impl.core.xee.XProcessImpl                                                      # Info      # Registering object: NSim on Acer:20000 [*4] # 
# 2006-10-28 20.13.04 # com.appium.impl.core.xee.XProcessImpl                                                      # Info      # Registering object: XTransport on Acer:20000 [*4] # 
# 2006-10-28 20.13.04 # com.appium.impl.core.xee.XProcessImpl                                                      # Info      # Registration no longer available [*4] # 
# 2006-10-28 20.13.04 # com.appium.impl.core.xee.XProcessImpl                                                      # Critical  # Failed to register NSim [*4]  - TRANSIENT - no usable profile in IOR # 
org.omg.CORBA.TRANSIENT: no usable profile in IOR  minor code: 0x4f4d0002  completed: No
	at com.ooc.OB.DowncallStub.getClientProfilePair(DowncallStub.java:84)
	at com.ooc.OB.DowncallStub.createDowncall(DowncallStub.java:166)
	at com.ooc.OB.DowncallStub.setupRequest(DowncallStub.java:603)
	at com.ooc.CORBA.Delegate.request(Delegate.java:604)
	at org.omg.CORBA.portable.ObjectImpl._request(ObjectImpl.java:95)
	at com.appium.Basement.Def._MainRegistryAccessInterfaceStub.registerObject(Unknown Source)
	at com.appium.impl.core.xee.XProcessImpl.f$d_.exec(Unknown Source)
	at com.appium.impl.core.xee.XRunnerImpl.a.a(Unknown Source)
	at com.appium.impl.core.xee.XRunnerImpl.c.run(Unknown Source)

# 2006-10-28 20.13.04 # com.appium.impl.core.xee.XProcessImpl                                                      # Critical  # Failed to register XTransport [*4]  - COMM_FAILURE - socket() failed: java.net.NoRouteToHostException: No route to host: connect # 
org.omg.CORBA.COMM_FAILURE: socket() failed: java.net.NoRouteToHostException: No route to host: connect  minor code: 0x4f4f0005  completed: No
	at com.ooc.OCI.IIOP.Connector_impl.connect_timeout(Connector_impl.java:347)
	at com.ooc.OB.GIOPClient.getWorker(GIOPClient.java:88)
	at com.ooc.OB.GIOPClient.bind(GIOPClient.java:434)
	at com.ooc.OB.DowncallStub.locate_request(DowncallStub.java:518)
	at com.ooc.CORBA.Delegate._OB_getDowncallStub(Delegate.java:1248)
	at com.ooc.CORBA.Delegate.request(Delegate.java:602)
	at org.omg.CORBA.portable.ObjectImpl._request(ObjectImpl.java:95)
	at com.appium.Basement.Def._MainRegistryAccessInterfaceStub.registerObject(Unknown Source)
	at com.appium.impl.core.xee.XProcessImpl.f$d_.exec(Unknown Source)
	at com.appium.impl.core.xee.XRunnerImpl.a.a(Unknown Source)
	at com.appium.impl.core.xee.XRunnerImpl.c.run(Unknown Source)

# 2006-10-28 20.13.06 # com.appium.impl.core.xee.XProcessImpl                                                      # Info      # Registration available on: Acer:20000 [*4] # 
# 2006-10-28 20.13.06 # com.appium.impl.core.xee.XProcessImpl                                                      # Info      # Registering object: NSim on Acer:20000 [*4] # 
# 2006-10-28 20.13.06 # com.appium.impl.core.xee.XProcessImpl                                                      # Info      # Registering object: XTransport on Acer:20000 [*4] # 
# 2006-10-28 20.13.06 # com.appium.impl.core.xee.XProcessImpl                                                      # Critical  # Failed to register NSim [*4]  - COMM_FAILURE - socket() failed: java.net.NoRouteToHostException: No route to host: connect # 
org.omg.CORBA.COMM_FAILURE: socket() failed: java.net.NoRouteToHostException: No route to host: connect  minor code: 0x4f4f0005  completed: No
	at com.ooc.OCI.IIOP.Connector_impl.connect_timeout(Connector_impl.java:347)
	at com.ooc.OB.GIOPClient.getWorker(GIOPClient.java:88)
	at com.ooc.OB.GIOPClient.bind(GIOPClient.java:434)
	at com.ooc.OB.DowncallStub.locate_request(DowncallStub.java:518)
	at com.ooc.CORBA.Delegate._OB_getDowncallStub(Delegate.java:1248)
	at com.ooc.CORBA.Delegate.request(Delegate.java:602)
	at org.omg.CORBA.portable.ObjectImpl._request(ObjectImpl.java:95)
	at com.appium.Basement.Def._MainRegistryAccessInterfaceStub.registerObject(Unknown Source)
	at com.appium.impl.core.xee.XProcessImpl.f$d_.exec(Unknown Source)
	at com.appium.impl.core.xee.XRunnerImpl.a.a(Unknown Source)
	at com.appium.impl.core.xee.XRunnerImpl.c.run(Unknown Source)

# 2006-10-28 20.13.06 # com.appium.impl.core.xee.XProcessImpl                                                      # Info      # Registration no longer available [*4] # 
# 2006-10-28 20.13.07 # com.appium.impl.core.xee.XProcessImpl                                                      # Critical  # Failed to register XTransport [*5]  - TRANSIENT - no usable profile in IOR # 
org.omg.CORBA.TRANSIENT: no usable profile in IOR  minor code: 0x4f4d0002  completed: No
	at com.ooc.OB.DowncallStub.getClientProfilePair(DowncallStub.java:84)
	at com.ooc.OB.DowncallStub.createDowncall(DowncallStub.java:166)
	at com.ooc.OB.DowncallStub.setupRequest(DowncallStub.java:603)
	at com.ooc.CORBA.Delegate.request(Delegate.java:604)
	at org.omg.CORBA.portable.ObjectImpl._request(ObjectImpl.java:95)
	at com.appium.Basement.Def._MainRegistryAccessInterfaceStub.registerObject(Unknown Source)
	at com.appium.impl.core.xee.XProcessImpl.f$d_.exec(Unknown Source)
	at com.appium.impl.core.xee.XRunnerImpl.a.a(Unknown Source)
	at com.appium.impl.core.xee.XRunnerImpl.c.run(Unknown Source)

# 2006-10-28 20.13.08 # com.appium.impl.core.xee.XProcessImpl                                                      # Info      # Registration available on: Acer:20000 [*4] # 
# 2006-10-28 20.13.08 # com.appium.impl.core.xee.XProcessImpl                                                      # Info      # Registering object: NSim on Acer:20000 [*4] # 
# 2006-10-28 20.13.08 # com.appium.impl.core.xee.XProcessImpl                                                      # Info      # Registering object: XTransport on Acer:20000 [*4] # 
# 2006-10-28 20.13.08 # com.appium.impl.core.xee.XProcessImpl                                                      # Info      # Registration no longer available [*4] # 
# 2006-10-28 20.13.08 # com.appium.impl.core.xee.XProcessImpl                                                      # Critical  # Failed to register NSim [*4]  - COMM_FAILURE - socket() failed: java.net.NoRouteToHostException: No route to host: connect # 
org.omg.CORBA.COMM_FAILURE: socket() failed: java.net.NoRouteToHostException: No route to host: connect  minor code: 0x4f4f0005  completed: No
	at com.ooc.OCI.IIOP.Connector_impl.connect_timeout(Connector_impl.java:347)
	at com.ooc.OB.GIOPClient.getWorker(GIOPClient.java:88)
	at com.ooc.OB.GIOPClient.bind(GIOPClient.java:434)
	at com.ooc.OB.DowncallStub.locate_request(DowncallStub.java:518)
	at com.ooc.CORBA.Delegate._OB_getDowncallStub(Delegate.java:1248)
	at com.ooc.CORBA.Delegate.request(Delegate.java:602)
	at org.omg.CORBA.portable.ObjectImpl._request(ObjectImpl.java:95)
	at com.appium.Basement.Def._MainRegistryAccessInterfaceStub.registerObject(Unknown Source)
	at com.appium.impl.core.xee.XProcessImpl.f$d_.exec(Unknown Source)
	at com.appium.impl.core.xee.XRunnerImpl.a.a(Unknown Source)
	at com.appium.impl.core.xee.XRunnerImpl.c.run(Unknown Source)

# 2006-10-28 20.13.09 # com.appium.impl.core.xee.XProcessImpl                                                      # Critical  # Failed to register XTransport [*4]  - TRANSIENT - no usable profile in IOR # 
org.omg.CORBA.TRANSIENT: no usable profile in IOR  minor code: 0x4f4d0002  completed: No
	at com.ooc.OB.DowncallStub.getClientProfilePair(DowncallStub.java:84)
	at com.ooc.OB.DowncallStub.createDowncall(DowncallStub.java:166)
	at com.ooc.OB.DowncallStub.setupRequest(DowncallStub.java:603)
	at com.ooc.CORBA.Delegate.request(Delegate.java:604)
	at org.omg.CORBA.portable.ObjectImpl._request(ObjectImpl.java:95)
	at com.appium.Basement.Def._MainRegistryAccessInterfaceStub.registerObject(Unknown Source)
	at com.appium.impl.core.xee.XProcessImpl.f$d_.exec(Unknown Source)
	at com.appium.impl.core.xee.XRunnerImpl.a.a(Unknown Source)
	at com.appium.impl.core.xee.XRunnerImpl.c.run(Unknown Source)

# 2006-10-28 20.13.10 # com.appium.impl.core.xee.XProcessImpl                                                      # Info      # Registration available on: Acer:20000 [*4] # 
# 2006-10-28 20.13.10 # com.appium.impl.core.xee.XProcessImpl                                                      # Info      # Registering object: NSim on Acer:20000 [*4] # 
# 2006-10-28 20.13.10 # com.appium.impl.core.xee.XProcessImpl                                                      # Info      # Registering object: XTransport on Acer:20000 [*4] # 
# 2006-10-28 20.13.10 # com.appium.impl.core.xee.XProcessImpl                                                      # Info      # Registration no longer available [*4] # 
# 2006-10-28 20.13.10 # com.appium.impl.core.xee.XProcessImpl                                                      # Critical  # Failed to register NSim [*4]  - COMM_FAILURE - socket() failed: java.net.NoRouteToHostException: No route to host: connect # 
org.omg.CORBA.COMM_FAILURE: socket() failed: java.net.NoRouteToHostException: No route to host: connect  minor code: 0x4f4f0005  completed: No
	at com.ooc.OCI.IIOP.Connector_impl.connect_timeout(Connector_impl.java:347)
	at com.ooc.OB.GIOPClient.getWorker(GIOPClient.java:88)
	at com.ooc.OB.GIOPClient.bind(GIOPClient.java:434)
	at com.ooc.OB.DowncallStub.locate_request(DowncallStub.java:518)
	at com.ooc.CORBA.Delegate._OB_getDowncallStub(Delegate.java:1248)
	at com.ooc.CORBA.Delegate.request(Delegate.java:602)
	at org.omg.CORBA.portable.ObjectImpl._request(ObjectImpl.java:95)
	at com.appium.Basement.Def._MainRegistryAccessInterfaceStub.registerObject(Unknown Source)
	at com.appium.impl.core.xee.XProcessImpl.f$d_.exec(Unknown Source)
	at com.appium.impl.core.xee.XRunnerImpl.a.a(Unknown Source)
	at com.appium.impl.core.xee.XRunnerImpl.c.run(Unknown Source)

# 2006-10-28 20.13.11 # com.appium.impl.core.xee.XProcessImpl                                                      # Critical  # Failed to register XTransport [*4]  - TRANSIENT - no usable profile in IOR # 
org.omg.CORBA.TRANSIENT: no usable profile in IOR  minor code: 0x4f4d0002  completed: No
	at com.ooc.OB.DowncallStub.getClientProfilePair(DowncallStub.java:84)
	at com.ooc.OB.DowncallStub.createDowncall(DowncallStub.java:166)
	at com.ooc.OB.DowncallStub.setupRequest(DowncallStub.java:603)
	at com.ooc.CORBA.Delegate.request(Delegate.java:604)
	at org.omg.CORBA.portable.ObjectImpl._request(ObjectImpl.java:95)
	at com.appium.Basement.Def._MainRegistryAccessInterfaceStub.registerObject(Unknown Source)
	at com.appium.impl.core.xee.XProcessImpl.f$d_.exec(Unknown Source)
	at com.appium.impl.core.xee.XRunnerImpl.a.a(Unknown Source)
	at com.appium.impl.core.xee.XRunnerImpl.c.run(Unknown Source)

# 2006-10-28 20.13.12 # com.appium.impl.core.xee.XProcessImpl                                                      # Info      # Registration available on: Acer:20000 [*4] # 
# 2006-10-28 20.13.12 # com.appium.impl.core.xee.XProcessImpl                                                      # Info      # Registering object: NSim on Acer:20000 [*4] # 
# 2006-10-28 20.13.12 # com.appium.impl.core.xee.XProcessImpl                                                      # Info      # Registering object: XTransport on Acer:20000 [*4] # 
# 2006-10-28 20.13.12 # com.appium.impl.core.xee.XProcessImpl                                                      # Info      # Registration no longer available [*4] # 
# 2006-10-28 20.13.12 # com.appium.impl.core.xee.XProcessImpl                                                      # Critical  # Failed to register NSim [*4]  - COMM_FAILURE - socket() failed: java.net.NoRouteToHostException: No route to host: connect # 
org.omg.CORBA.COMM_FAILURE: socket() failed: java.net.NoRouteToHostException: No route to host: connect  minor code: 0x4f4f0005  completed: No
	at com.ooc.OCI.IIOP.Connector_impl.connect_timeout(Connector_impl.java:347)
	at com.ooc.OB.GIOPClient.getWorker(GIOPClient.java:88)
	at com.ooc.OB.GIOPClient.bind(GIOPClient.java:434)
	at com.ooc.OB.DowncallStub.locate_request(DowncallStub.java:518)
	at com.ooc.CORBA.Delegate._OB_getDowncallStub(Delegate.java:1248)
	at com.ooc.CORBA.Delegate.request(Delegate.java:602)
	at org.omg.CORBA.portable.ObjectImpl._request(ObjectImpl.java:95)
	at com.appium.Basement.Def._MainRegistryAccessInterfaceStub.registerObject(Unknown Source)
	at com.appium.impl.core.xee.XProcessImpl.f$d_.exec(Unknown Source)
	at com.appium.impl.core.xee.XRunnerImpl.a.a(Unknown Source)
	at com.appium.impl.core.xee.XRunnerImpl.c.run(Unknown Source)

# 2006-10-28 20.13.13 # com.appium.impl.core.xee.XProcessImpl                                                      # Critical  # Failed to register XTransport [*4]  - TRANSIENT - no usable profile in IOR # 
org.omg.CORBA.TRANSIENT: no usable profile in IOR  minor code: 0x4f4d0002  completed: No
	at com.ooc.OB.DowncallStub.getClientProfilePair(DowncallStub.java:84)
	at com.ooc.OB.DowncallStub.createDowncall(DowncallStub.java:166)
	at com.ooc.OB.DowncallStub.setupRequest(DowncallStub.java:603)
	at com.ooc.CORBA.Delegate.request(Delegate.java:604)
	at org.omg.CORBA.portable.ObjectImpl._request(ObjectImpl.java:95)
	at com.appium.Basement.Def._MainRegistryAccessInterfaceStub.registerObject(Unknown Source)
	at com.appium.impl.core.xee.XProcessImpl.f$d_.exec(Unknown Source)
	at com.appium.impl.core.xee.XRunnerImpl.a.a(Unknown Source)
	at com.appium.impl.core.xee.XRunnerImpl.c.run(Unknown Source)

# 2006-10-28 20.13.15 # com.appium.impl.core.xee.XProcessImpl                                                      # Info      # Registration available on: Acer:20000 [*4] # 
# 2006-10-28 20.13.15 # com.appium.impl.core.xee.XProcessImpl                                                      # Info      # Registering object: NSim on Acer:20000 [*4] # 
# 2006-10-28 20.13.15 # com.appium.impl.core.xee.XProcessImpl                                                      # Info      # Registering object: XTransport on Acer:20000 [*4] # 
# 2006-10-28 20.13.15 # com.appium.impl.core.xee.XProcessImpl                                                      # Info      # Registration no longer available [*4] # 
# 2006-10-28 20.13.15 # com.appium.impl.core.xee.XProcessImpl                                                      # Critical  # Failed to register NSim [*4]  - COMM_FAILURE - socket() failed: java.net.NoRouteToHostException: No route to host: connect # 
org.omg.CORBA.COMM_FAILURE: socket() failed: java.net.NoRouteToHostException: No route to host: connect  minor code: 0x4f4f0005  completed: No
	at com.ooc.OCI.IIOP.Connector_impl.connect_timeout(Connector_impl.java:347)
	at com.ooc.OB.GIOPClient.getWorker(GIOPClient.java:88)
	at com.ooc.OB.GIOPClient.bind(GIOPClient.java:434)
	at com.ooc.OB.DowncallStub.locate_request(DowncallStub.java:518)
	at com.ooc.CORBA.Delegate._OB_getDowncallStub(Delegate.java:1248)
	at com.ooc.CORBA.Delegate.request(Delegate.java:602)
	at org.omg.CORBA.portable.ObjectImpl._request(ObjectImpl.java:95)
	at com.appium.Basement.Def._MainRegistryAccessInterfaceStub.registerObject(Unknown Source)
	at com.appium.impl.core.xee.XProcessImpl.f$d_.exec(Unknown Source)
	at com.appium.impl.core.xee.XRunnerImpl.a.a(Unknown Source)
	at com.appium.impl.core.xee.XRunnerImpl.c.run(Unknown Source)

# 2006-10-28 20.13.15 # com.appium.impl.core.xee.XProcessImpl                                                      # Critical  # Failed to register XTransport [*4]  - TRANSIENT - no usable profile in IOR # 
org.omg.CORBA.TRANSIENT: no usable profile in IOR  minor code: 0x4f4d0002  completed: No
	at com.ooc.OB.DowncallStub.getClientProfilePair(DowncallStub.java:84)
	at com.ooc.OB.DowncallStub.createDowncall(DowncallStub.java:166)
	at com.ooc.OB.DowncallStub.setupRequest(DowncallStub.java:603)
	at com.ooc.CORBA.Delegate.request(Delegate.java:604)
	at org.omg.CORBA.portable.ObjectImpl._request(ObjectImpl.java:95)
	at com.appium.Basement.Def._MainRegistryAccessInterfaceStub.registerObject(Unknown Source)
	at com.appium.impl.core.xee.XProcessImpl.f$d_.exec(Unknown Source)
	at com.appium.impl.core.xee.XRunnerImpl.a.a(Unknown Source)
	at com.appium.impl.core.xee.XRunnerImpl.c.run(Unknown Source)

# 2006-10-28 20.13.17 # com.appium.impl.core.xee.XProcessImpl                                                      # Info      # Registration available on: Acer:20000 [*4] # 
# 2006-10-28 20.13.17 # com.appium.impl.core.xee.XProcessImpl                                                      # Info      # Registering object: NSim on Acer:20000 [*4] # 
# 2006-10-28 20.13.17 # com.appium.impl.core.xee.XProcessImpl                                                      # Info      # Registering object: XTransport on Acer:20000 [*4] # 
# 2006-10-28 20.13.17 # com.appium.impl.core.xee.XProcessImpl                                                      # Info      # Registration no longer available [*4] # 
# 2006-10-28 20.13.17 # com.appium.impl.core.xee.XProcessImpl                                                      # Critical  # Failed to register NSim [*4]  - COMM_FAILURE - socket() failed: java.net.NoRouteToHostException: No route to host: connect # 
org.omg.CORBA.COMM_FAILURE: socket() failed: java.net.NoRouteToHostException: No route to host: connect  minor code: 0x4f4f0005  completed: No
	at com.ooc.OCI.IIOP.Connector_impl.connect_timeout(Connector_impl.java:347)
	at com.ooc.OB.GIOPClient.getWorker(GIOPClient.java:88)
	at com.ooc.OB.GIOPClient.bind(GIOPClient.java:434)
	at com.ooc.OB.DowncallStub.locate_request(DowncallStub.java:518)
	at com.ooc.CORBA.Delegate._OB_getDowncallStub(Delegate.java:1248)
	at com.ooc.CORBA.Delegate.request(Delegate.java:602)
	at org.omg.CORBA.portable.ObjectImpl._request(ObjectImpl.java:95)
	at com.appium.Basement.Def._MainRegistryAccessInterfaceStub.registerObject(Unknown Source)
	at com.appium.impl.core.xee.XProcessImpl.f$d_.exec(Unknown Source)
	at com.appium.impl.core.xee.XRunnerImpl.a.a(Unknown Source)
	at com.appium.impl.core.xee.XRunnerImpl.c.run(Unknown Source)

# 2006-10-28 20.13.17 # com.appium.impl.core.xee.XProcessImpl                                                      # Critical  # Failed to register XTransport [*4]  - TRANSIENT - no usable profile in IOR # 
org.omg.CORBA.TRANSIENT: no usable profile in IOR  minor code: 0x4f4d0002  completed: No
	at com.ooc.OB.DowncallStub.getClientProfilePair(DowncallStub.java:84)
	at com.ooc.OB.DowncallStub.createDowncall(DowncallStub.java:166)
	at com.ooc.OB.DowncallStub.setupRequest(DowncallStub.java:603)
	at com.ooc.CORBA.Delegate.request(Delegate.java:604)
	at org.omg.CORBA.portable.ObjectImpl._request(ObjectImpl.java:95)
	at com.appium.Basement.Def._MainRegistryAccessInterfaceStub.registerObject(Unknown Source)
	at com.appium.impl.core.xee.XProcessImpl.f$d_.exec(Unknown Source)
	at com.appium.impl.core.xee.XRunnerImpl.a.a(Unknown Source)
	at com.appium.impl.core.xee.XRunnerImpl.c.run(Unknown Source)

# 2006-10-28 20.13.19 # com.appium.impl.core.xee.XProcessImpl                                                      # Info      # Registration available on: Acer:20000 [*4] # 
# 2006-10-28 20.13.19 # com.appium.impl.core.xee.XProcessImpl                                                      # Info      # Registering object: NSim on Acer:20000 [*4] # 
# 2006-10-28 20.13.19 # com.appium.impl.core.xee.XProcessImpl                                                      # Info      # Registering object: XTransport on Acer:20000 [*4] # 
# 2006-10-28 20.13.19 # com.appium.impl.core.xee.XProcessImpl                                                      # Critical  # Failed to register NSim [*4]  - COMM_FAILURE - socket() failed: java.net.NoRouteToHostException: No route to host: connect # 
org.omg.CORBA.COMM_FAILURE: socket() failed: java.net.NoRouteToHostException: No route to host: connect  minor code: 0x4f4f0005  completed: No
	at com.ooc.OCI.IIOP.Connector_impl.connect_timeout(Connector_impl.java:347)
	at com.ooc.OB.GIOPClient.getWorker(GIOPClient.java:88)
	at com.ooc.OB.GIOPClient.bind(GIOPClient.java:434)
	at com.ooc.OB.DowncallStub.locate_request(DowncallStub.java:518)
	at com.ooc.CORBA.Delegate._OB_getDowncallStub(Delegate.java:1248)
	at com.ooc.CORBA.Delegate.request(Delegate.java:602)
	at org.omg.CORBA.portable.ObjectImpl._request(ObjectImpl.java:95)
	at com.appium.Basement.Def._MainRegistryAccessInterfaceStub.registerObject(Unknown Source)
	at com.appium.impl.core.xee.XProcessImpl.f$d_.exec(Unknown Source)
	at com.appium.impl.core.xee.XRunnerImpl.a.a(Unknown Source)
	at com.appium.impl.core.xee.XRunnerImpl.c.run(Unknown Source)

# 2006-10-28 20.13.19 # com.appium.impl.core.xee.XProcessImpl                                                      # Info      # Registration no longer available [*4] # 
# 2006-10-28 20.13.19 # com.appium.impl.core.xee.XProcessImpl                                                      # Critical  # Failed to register XTransport [*4]  - COMM_FAILURE - socket() failed: java.net.NoRouteToHostException: No route to host: connect # 
org.omg.CORBA.COMM_FAILURE: socket() failed: java.net.NoRouteToHostException: No route to host: connect  minor code: 0x4f4f0005  completed: No
	at com.ooc.OCI.IIOP.Connector_impl.connect_timeout(Connector_impl.java:347)
	at com.ooc.OB.GIOPClient.getWorker(GIOPClient.java:88)
	at com.ooc.OB.GIOPClient.bind(GIOPClient.java:434)
	at com.ooc.OB.DowncallStub.locate_request(DowncallStub.java:518)
	at com.ooc.CORBA.Delegate._OB_getDowncallStub(Delegate.java:1248)
	at com.ooc.CORBA.Delegate.request(Delegate.java:602)
	at org.omg.CORBA.portable.ObjectImpl._request(ObjectImpl.java:95)
	at com.appium.Basement.Def._MainRegistryAccessInterfaceStub.registerObject(Unknown Source)
	at com.appium.impl.core.xee.XProcessImpl.f$d_.exec(Unknown Source)
	at com.appium.impl.core.xee.XRunnerImpl.a.a(Unknown Source)
	at com.appium.impl.core.xee.XRunnerImpl.c.run(Unknown Source)

# 2006-10-28 20.13.28 # com.appium.impl.core.xee.XManagerImpl.virtual                                              # Error     # Failed to load com.appium.impl.core.xee.XTransportImpl.XTransportImplMain  - Timeout expired # 
java.lang.Exception: Timeout expired
	at com.appium.impl.core.xee.XManagerImpl.d.a(Unknown Source)
	at com.appium.impl.core.xee.XManagerImpl.virtual.h$d_.a(Unknown Source)
	at com.appium.impl.core.xee.XManagerImpl.virtual.e.b(Unknown Source)
	at com.appium.impl.core.xee.XManagerImpl.virtual.e.a(Unknown Source)
	at com.appium.impl.core.xee.XManagerImpl.virtual.e.a(Unknown Source)
	at com.appium.impl.core.xee.XManagerImpl.virtual.e.a(Unknown Source)
	at com.appium.impl.core.xee.XManagerImpl.virtual.h.a(Unknown Source)
	at com.appium.impl.core.xee.XManagerImpl.virtual.h.a(Unknown Source)
	at com.appium.impl.core.xee.XManagerImpl.virtual.h.a(Unknown Source)
	at com.appium.impl.core.xee.XManagerImpl.virtual.e.b(Unknown Source)
	at com.appium.impl.core.xee.XManagerImpl.virtual.e.a(Unknown Source)
	at com.appium.impl.core.xee.XManagerImpl.virtual.e.a(Unknown Source)
	at com.appium.impl.core.xee.XManagerImpl.virtual.h.a(Unknown Source)
	at com.appium.impl.core.xee.XManagerImpl.virtual.h.a(Unknown Source)
	at com.appium.impl.core.xee.XManagerImpl.virtual.h.a(Unknown Source)
	at com.appium.impl.core.xee.XManagerImpl.virtual.e.b(Unknown Source)
	at com.appium.impl.core.xee.XManagerImpl.virtual.e.a(Unknown Source)
	at com.appium.impl.core.xee.XManagerImpl.virtual.e.a(Unknown Source)
	at com.appium.impl.core.xee.XManagerImpl.virtual.VirtualProcessImplMain.<init>(Unknown Source)
	at com.appium.impl.core.xee.XManagerImpl.virtual.VirtualProcessImplMain$Factory.runScript(Unknown Source)
	at com.appium.impl.core.xee.XManagerImpl.XManagerImplMain.load(Unknown Source)
	at com.appium.impl.core.xee.Bootstrap.main(Unknown Source)

# 2006-10-28 20.13.28 # com.appium.impl.core.xee.XManagerImpl.virtual                                              # Error     # Remote XHandlers are not possible to use at this stage. Offending field: file1 in com.appium.impl.core.xee.XFileImpl.XSynchronizedFileImpl/TASxml  - XTransport is not available at this stage in the startup process. # 
java.lang.Exception: XTransport is not available at this stage in the startup process.
	at com.appium.impl.core.xee.XManagerImpl.virtual.e.a(Unknown Source)
	at com.appium.impl.core.xee.XManagerImpl.virtual.h.a(Unknown Source)
	at com.appium.impl.core.xee.XManagerImpl.virtual.h.a(Unknown Source)
	at com.appium.impl.core.xee.XManagerImpl.virtual.h.a(Unknown Source)
	at com.appium.impl.core.xee.XManagerImpl.virtual.e.b(Unknown Source)
	at com.appium.impl.core.xee.XManagerImpl.virtual.e.a(Unknown Source)
	at com.appium.impl.core.xee.XManagerImpl.virtual.e.a(Unknown Source)
	at com.appium.impl.core.xee.XManagerImpl.virtual.h.a(Unknown Source)
	at com.appium.impl.core.xee.XManagerImpl.virtual.h.a(Unknown Source)
	at com.appium.impl.core.xee.XManagerImpl.virtual.h.a(Unknown Source)
	at com.appium.impl.core.xee.XManagerImpl.virtual.e.b(Unknown Source)
	at com.appium.impl.core.xee.XManagerImpl.virtual.e.a(Unknown Source)
	at com.appium.impl.core.xee.XManagerImpl.virtual.e.a(Unknown Source)
	at com.appium.impl.core.xee.XManagerImpl.virtual.VirtualProcessImplMain.<init>(Unknown Source)
	at com.appium.impl.core.xee.XManagerImpl.virtual.VirtualProcessImplMain$Factory.runScript(Unknown Source)
	at com.appium.impl.core.xee.XManagerImpl.XManagerImplMain.load(Unknown Source)
	at com.appium.impl.core.xee.Bootstrap.main(Unknown Source)
Caused by: java.lang.Exception: Failed to load com.appium.impl.core.xee.XTransportImpl.XTransportImplMain
	at com.appium.impl.core.xee.XManagerImpl.virtual.e.b(Unknown Source)
	at com.appium.impl.core.xee.XManagerImpl.virtual.e.a(Unknown Source)
	at com.appium.impl.core.xee.XManagerImpl.virtual.e.a(Unknown Source)
	... 17 more
Caused by: java.lang.Exception: Timeout expired
	at com.appium.impl.core.xee.XManagerImpl.d.a(Unknown Source)
	at com.appium.impl.core.xee.XManagerImpl.virtual.h$d_.a(Unknown Source)
	... 20 more

# 2006-10-28 20.13.28 # com.appium.impl.core.xee.XManagerImpl.virtual                                              # Error     # Failed to load com.appium.impl.core.xee.XFileImpl.XSynchronizedFileImpl/TASxml  - XTransport is not available at this stage in the startup process. # 
java.lang.Exception: XTransport is not available at this stage in the startup process.
	at com.appium.impl.core.xee.XManagerImpl.virtual.e.a(Unknown Source)
	at com.appium.impl.core.xee.XManagerImpl.virtual.h.a(Unknown Source)
	at com.appium.impl.core.xee.XManagerImpl.virtual.h.a(Unknown Source)
	at com.appium.impl.core.xee.XManagerImpl.virtual.h.a(Unknown Source)
	at com.appium.impl.core.xee.XManagerImpl.virtual.e.b(Unknown Source)
	at com.appium.impl.core.xee.XManagerImpl.virtual.e.a(Unknown Source)
	at com.appium.impl.core.xee.XManagerImpl.virtual.e.a(Unknown Source)
	at com.appium.impl.core.xee.XManagerImpl.virtual.h.a(Unknown Source)
	at com.appium.impl.core.xee.XManagerImpl.virtual.h.a(Unknown Source)
	at com.appium.impl.core.xee.XManagerImpl.virtual.h.a(Unknown Source)
	at com.appium.impl.core.xee.XManagerImpl.virtual.e.b(Unknown Source)
	at com.appium.impl.core.xee.XManagerImpl.virtual.e.a(Unknown Source)
	at com.appium.impl.core.xee.XManagerImpl.virtual.e.a(Unknown Source)
	at com.appium.impl.core.xee.XManagerImpl.virtual.VirtualProcessImplMain.<init>(Unknown Source)
	at com.appium.impl.core.xee.XManagerImpl.virtual.VirtualProcessImplMain$Factory.runScript(Unknown Source)
	at com.appium.impl.core.xee.XManagerImpl.XManagerImplMain.load(Unknown Source)
	at com.appium.impl.core.xee.Bootstrap.main(Unknown Source)
Caused by: java.lang.Exception: Failed to load com.appium.impl.core.xee.XTransportImpl.XTransportImplMain
	at com.appium.impl.core.xee.XManagerImpl.virtual.e.b(Unknown Source)
	at com.appium.impl.core.xee.XManagerImpl.virtual.e.a(Unknown Source)
	at com.appium.impl.core.xee.XManagerImpl.virtual.e.a(Unknown Source)
	... 17 more
Caused by: java.lang.Exception: Timeout expired
	at com.appium.impl.core.xee.XManagerImpl.d.a(Unknown Source)
	at com.appium.impl.core.xee.XManagerImpl.virtual.h$d_.a(Unknown Source)
	... 20 more

# 2006-10-28 20.13.28 # com.appium.impl.core.xee.XManagerImpl.virtual                                              # Error     # Missing dependency: synchronizedFile API=com.appium.core.xee.XFile$SynchronizedFile, ID=TASxml.  - Failed to load com.appium.impl.core.xee.XFileImpl.XSynchronizedFileImpl/TASxml # 
java.lang.Exception: Failed to load com.appium.impl.core.xee.XFileImpl.XSynchronizedFileImpl/TASxml
	at com.appium.impl.core.xee.XManagerImpl.virtual.e.b(Unknown Source)
	at com.appium.impl.core.xee.XManagerImpl.virtual.e.a(Unknown Source)
	at com.appium.impl.core.xee.XManagerImpl.virtual.e.a(Unknown Source)
	at com.appium.impl.core.xee.XManagerImpl.virtual.h.a(Unknown Source)
	at com.appium.impl.core.xee.XManagerImpl.virtual.h.a(Unknown Source)
	at com.appium.impl.core.xee.XManagerImpl.virtual.h.a(Unknown Source)
	at com.appium.impl.core.xee.XManagerImpl.virtual.e.b(Unknown Source)
	at com.appium.impl.core.xee.XManagerImpl.virtual.e.a(Unknown Source)
	at com.appium.impl.core.xee.XManagerImpl.virtual.e.a(Unknown Source)
	at com.appium.impl.core.xee.XManagerImpl.virtual.VirtualProcessImplMain.<init>(Unknown Source)
	at com.appium.impl.core.xee.XManagerImpl.virtual.VirtualProcessImplMain$Factory.runScript(Unknown Source)
	at com.appium.impl.core.xee.XManagerImpl.XManagerImplMain.load(Unknown Source)
	at com.appium.impl.core.xee.Bootstrap.main(Unknown Source)
Caused by: java.lang.Exception: XTransport is not available at this stage in the startup process.
	at com.appium.impl.core.xee.XManagerImpl.virtual.e.a(Unknown Source)
	at com.appium.impl.core.xee.XManagerImpl.virtual.h.a(Unknown Source)
	at com.appium.impl.core.xee.XManagerImpl.virtual.h.a(Unknown Source)
	at com.appium.impl.core.xee.XManagerImpl.virtual.h.a(Unknown Source)
	... 13 more
Caused by: java.lang.Exception: Failed to load com.appium.impl.core.xee.XTransportImpl.XTransportImplMain
	at com.appium.impl.core.xee.XManagerImpl.virtual.e.b(Unknown Source)
	at com.appium.impl.core.xee.XManagerImpl.virtual.e.a(Unknown Source)
	at com.appium.impl.core.xee.XManagerImpl.virtual.e.a(Unknown Source)
	... 17 more
Caused by: java.lang.Exception: Timeout expired
	at com.appium.impl.core.xee.XManagerImpl.d.a(Unknown Source)
	at com.appium.impl.core.xee.XManagerImpl.virtual.h$d_.a(Unknown Source)
	... 20 more

# 2006-10-28 20.13.28 # com.appium.impl.core.xee.XManagerImpl.virtual                                              # Error     # Failed to load com.appium.impl.core.xee.XConfigImpl.XConfigImplMain/xconfig  - Failed to load com.appium.impl.core.xee.XFileImpl.XSynchronizedFileImpl/TASxml # 
java.lang.Exception: Failed to load com.appium.impl.core.xee.XFileImpl.XSynchronizedFileImpl/TASxml
	at com.appium.impl.core.xee.XManagerImpl.virtual.e.b(Unknown Source)
	at com.appium.impl.core.xee.XManagerImpl.virtual.e.a(Unknown Source)
	at com.appium.impl.core.xee.XManagerImpl.virtual.e.a(Unknown Source)
	at com.appium.impl.core.xee.XManagerImpl.virtual.h.a(Unknown Source)
	at com.appium.impl.core.xee.XManagerImpl.virtual.h.a(Unknown Source)
	at com.appium.impl.core.xee.XManagerImpl.virtual.h.a(Unknown Source)
	at com.appium.impl.core.xee.XManagerImpl.virtual.e.b(Unknown Source)
	at com.appium.impl.core.xee.XManagerImpl.virtual.e.a(Unknown Source)
	at com.appium.impl.core.xee.XManagerImpl.virtual.e.a(Unknown Source)
	at com.appium.impl.core.xee.XManagerImpl.virtual.VirtualProcessImplMain.<init>(Unknown Source)
	at com.appium.impl.core.xee.XManagerImpl.virtual.VirtualProcessImplMain$Factory.runScript(Unknown Source)
	at com.appium.impl.core.xee.XManagerImpl.XManagerImplMain.load(Unknown Source)
	at com.appium.impl.core.xee.Bootstrap.main(Unknown Source)
Caused by: java.lang.Exception: XTransport is not available at this stage in the startup process.
	at com.appium.impl.core.xee.XManagerImpl.virtual.e.a(Unknown Source)
	at com.appium.impl.core.xee.XManagerImpl.virtual.h.a(Unknown Source)
	at com.appium.impl.core.xee.XManagerImpl.virtual.h.a(Unknown Source)
	at com.appium.impl.core.xee.XManagerImpl.virtual.h.a(Unknown Source)
	... 13 more
Caused by: java.lang.Exception: Failed to load com.appium.impl.core.xee.XTransportImpl.XTransportImplMain
	at com.appium.impl.core.xee.XManagerImpl.virtual.e.b(Unknown Source)
	at com.appium.impl.core.xee.XManagerImpl.virtual.e.a(Unknown Source)
	at com.appium.impl.core.xee.XManagerImpl.virtual.e.a(Unknown Source)
	... 17 more
Caused by: java.lang.Exception: Timeout expired
	at com.appium.impl.core.xee.XManagerImpl.d.a(Unknown Source)
	at com.appium.impl.core.xee.XManagerImpl.virtual.h$d_.a(Unknown Source)
	... 20 more

# 2006-10-28 20.13.29 # com.appium.impl.core.xee.XManagerImpl.virtual                                              # Info      # [XHandler Loaded] com.appium.impl.core.xee.XProcessImpl.XProcessConfigurator/xprocess-configurator (47 ms) # 
# 2006-10-28 20.13.29 # com.appium.impl.core.xee.XManagerImpl.virtual                                              # Info      # [XHandler Loaded] com.appium.Basement.Registry.LegacyRegistryToXEEAdaptor (62 ms) # 
# 2006-10-28 20.13.29 # com.appium.impl.core.xee.XManagerImpl.virtual                                              # Error     # Missing dependency: storage API=com.appium.core.xee.XFile$SynchronizedFile, ID=TASxml.  - Failed to load com.appium.impl.core.xee.XFileImpl.XSynchronizedFileImpl/TASxml # 
java.lang.Exception: Failed to load com.appium.impl.core.xee.XFileImpl.XSynchronizedFileImpl/TASxml
	at com.appium.impl.core.xee.XManagerImpl.virtual.e.b(Unknown Source)
	at com.appium.impl.core.xee.XManagerImpl.virtual.e.a(Unknown Source)
	at com.appium.impl.core.xee.XManagerImpl.virtual.e.a(Unknown Source)
	at com.appium.impl.core.xee.XManagerImpl.virtual.h.a(Unknown Source)
	at com.appium.impl.core.xee.XManagerImpl.virtual.h.a(Unknown Source)
	at com.appium.impl.core.xee.XManagerImpl.virtual.h.a(Unknown Source)
	at com.appium.impl.core.xee.XManagerImpl.virtual.e.b(Unknown Source)
	at com.appium.impl.core.xee.XManagerImpl.virtual.e.a(Unknown Source)
	at com.appium.impl.core.xee.XManagerImpl.virtual.e.a(Unknown Source)
	at com.appium.impl.core.xee.XManagerImpl.virtual.VirtualProcessImplMain.<init>(Unknown Source)
	at com.appium.impl.core.xee.XManagerImpl.virtual.VirtualProcessImplMain$Factory.runScript(Unknown Source)
	at com.appium.impl.core.xee.XManagerImpl.XManagerImplMain.load(Unknown Source)
	at com.appium.impl.core.xee.Bootstrap.main(Unknown Source)
Caused by: java.lang.Exception: XTransport is not available at this stage in the startup process.
	at com.appium.impl.core.xee.XManagerImpl.virtual.e.a(Unknown Source)
	at com.appium.impl.core.xee.XManagerImpl.virtual.h.a(Unknown Source)
	at com.appium.impl.core.xee.XManagerImpl.virtual.h.a(Unknown Source)
	at com.appium.impl.core.xee.XManagerImpl.virtual.h.a(Unknown Source)
	... 13 more
Caused by: com.appium.core.xee.XRepository$XHANDLER_NOT_FOUND: There is no implementation of API=com.appium.core.xee.XTransport registered.
	at com.appium.impl.core.xee.XRepositoryImpl.a.a(Unknown Source)
	at com.appium.impl.core.xee.XRepositoryImpl.a.b(Unknown Source)
	at com.appium.impl.core.xee.XRepositoryImpl.XRepositoryImplMain.getXHandler(Unknown Source)
	at com.appium.impl.core.xee.XManagerImpl.virtual.e.a(Unknown Source)
	... 17 more

# 2006-10-28 20.13.29 # com.appium.impl.core.xee.XManagerImpl.virtual                                              # Error     # Failed to load com.appium.Basement.Registry.OAM.ConfigXMLEditorBackendProviderImpl  - Failed to load com.appium.impl.core.xee.XFileImpl.XSynchronizedFileImpl/TASxml # 
java.lang.Exception: Failed to load com.appium.impl.core.xee.XFileImpl.XSynchronizedFileImpl/TASxml
	at com.appium.impl.core.xee.XManagerImpl.virtual.e.b(Unknown Source)
	at com.appium.impl.core.xee.XManagerImpl.virtual.e.a(Unknown Source)
	at com.appium.impl.core.xee.XManagerImpl.virtual.e.a(Unknown Source)
	at com.appium.impl.core.xee.XManagerImpl.virtual.h.a(Unknown Source)
	at com.appium.impl.core.xee.XManagerImpl.virtual.h.a(Unknown Source)
	at com.appium.impl.core.xee.XManagerImpl.virtual.h.a(Unknown Source)
	at com.appium.impl.core.xee.XManagerImpl.virtual.e.b(Unknown Source)
	at com.appium.impl.core.xee.XManagerImpl.virtual.e.a(Unknown Source)
	at com.appium.impl.core.xee.XManagerImpl.virtual.e.a(Unknown Source)
	at com.appium.impl.core.xee.XManagerImpl.virtual.VirtualProcessImplMain.<init>(Unknown Source)
	at com.appium.impl.core.xee.XManagerImpl.virtual.VirtualProcessImplMain$Factory.runScript(Unknown Source)
	at com.appium.impl.core.xee.XManagerImpl.XManagerImplMain.load(Unknown Source)
	at com.appium.impl.core.xee.Bootstrap.main(Unknown Source)
Caused by: java.lang.Exception: XTransport is not available at this stage in the startup process.
	at com.appium.impl.core.xee.XManagerImpl.virtual.e.a(Unknown Source)
	at com.appium.impl.core.xee.XManagerImpl.virtual.h.a(Unknown Source)
	at com.appium.impl.core.xee.XManagerImpl.virtual.h.a(Unknown Source)
	at com.appium.impl.core.xee.XManagerImpl.virtual.h.a(Unknown Source)
	... 13 more
Caused by: com.appium.core.xee.XRepository$XHANDLER_NOT_FOUND: There is no implementation of API=com.appium.core.xee.XTransport registered.
	at com.appium.impl.core.xee.XRepositoryImpl.a.a(Unknown Source)
	at com.appium.impl.core.xee.XRepositoryImpl.a.b(Unknown Source)
	at com.appium.impl.core.xee.XRepositoryImpl.XRepositoryImplMain.getXHandler(Unknown Source)
	at com.appium.impl.core.xee.XManagerImpl.virtual.e.a(Unknown Source)
	... 17 more

# 2006-10-28 20.13.29 # com.appium.impl.core.xee.XManagerImpl.virtual                                              # Info      # [XHandler Loaded] com.appium.impl.core.xee.XSessionsImpl.e/session-distributed-registry (16 ms) # 
# 2006-10-28 20.13.29 # com.appium.impl.core.xee.XManagerImpl.virtual                                              # Error     # Failed to load com.appium.impl.core.xee.XSessionsImpl.XSessionsImplMain/xsessions  - XRepository$XHANDLER_NOT_FOUND - There is no implementation of API=com.appium.core.xee.XTransport registered. # 
com.appium.core.xee.XRepository$XHANDLER_NOT_FOUND: There is no implementation of API=com.appium.core.xee.XTransport registered.
	at com.appium.impl.core.xee.XRepositoryImpl.a.a(Unknown Source)
	at com.appium.impl.core.xee.XRepositoryImpl.a.b(Unknown Source)
	at com.appium.impl.core.xee.XRepositoryImpl.XRepositoryImplMain.getXHandler(Unknown Source)
	at com.appium.impl.core.xee.XManagerImpl.virtual.e.a(Unknown Source)
	at com.appium.impl.core.xee.XManagerImpl.virtual.h.a(Unknown Source)
	at com.appium.impl.core.xee.XManagerImpl.virtual.e.b(Unknown Source)
	at com.appium.impl.core.xee.XManagerImpl.virtual.e.a(Unknown Source)
	at com.appium.impl.core.xee.XManagerImpl.virtual.e.a(Unknown Source)
	at com.appium.impl.core.xee.XManagerImpl.virtual.VirtualProcessImplMain.<init>(Unknown Source)
	at com.appium.impl.core.xee.XManagerImpl.virtual.VirtualProcessImplMain$Factory.runScript(Unknown Source)
	at com.appium.impl.core.xee.XManagerImpl.XManagerImplMain.load(Unknown Source)
	at com.appium.impl.core.xee.Bootstrap.main(Unknown Source)

# 2006-10-28 20.13.29 # com.appium.impl.core.xee.XManagerImpl.virtual                                              # Info      # [Secret XNode Registration] license.menu # 
# 2006-10-28 20.13.29 # com.appium.impl.core.xee.XManagerImpl.virtual                                              # Error     # Remote XHandlers are not possible to use at this stage. Offending field: file1 in com.appium.impl.core.xee.XFileImpl.XSynchronizedFileImpl/TASxml [*2]  - XTransport is not available at this stage in the startup process. # 
java.lang.Exception: XTransport is not available at this stage in the startup process.
	at com.appium.impl.core.xee.XManagerImpl.virtual.e.a(Unknown Source)
	at com.appium.impl.core.xee.XManagerImpl.virtual.h.a(Unknown Source)
	at com.appium.impl.core.xee.XManagerImpl.virtual.h.a(Unknown Source)
	at com.appium.impl.core.xee.XManagerImpl.virtual.h.a(Unknown Source)
	at com.appium.impl.core.xee.XManagerImpl.virtual.e.b(Unknown Source)
	at com.appium.impl.core.xee.XManagerImpl.virtual.e.a(Unknown Source)
	at com.appium.impl.core.xee.XManagerImpl.virtual.e.a(Unknown Source)
	at com.appium.impl.core.xee.XManagerImpl.virtual.h.a(Unknown Source)
	at com.appium.impl.core.xee.XManagerImpl.virtual.h.a(Unknown Source)
	at com.appium.impl.core.xee.XManagerImpl.virtual.h.a(Unknown Source)
	at com.appium.impl.core.xee.XManagerImpl.virtual.e.b(Unknown Source)
	at com.appium.impl.core.xee.XManagerImpl.virtual.e.a(Unknown Source)
	at com.appium.impl.core.xee.XManagerImpl.virtual.e.a(Unknown Source)
	at com.appium.impl.core.xee.XManagerImpl.virtual.h.a(Unknown Source)
	at com.appium.impl.core.xee.XManagerImpl.virtual.e.b(Unknown Source)
	at com.appium.impl.core.xee.XManagerImpl.virtual.e.a(Unknown Source)
	at com.appium.impl.core.xee.XManagerImpl.virtual.e.a(Unknown Source)
	at com.appium.impl.core.xee.XManagerImpl.virtual.e.b(Unknown Source)
	at com.appium.impl.core.xee.XManagerImpl.virtual.e.a(Unknown Source)
	at com.appium.impl.core.xee.XManagerImpl.virtual.e.a(Unknown Source)
	at com.appium.impl.core.xee.XManagerImpl.virtual.VirtualProcessImplMain.<init>(Unknown Source)
	at com.appium.impl.core.xee.XManagerImpl.virtual.VirtualProcessImplMain$Factory.runScript(Unknown Source)
	at com.appium.impl.core.xee.XManagerImpl.XManagerImplMain.load(Unknown Source)
	at com.appium.impl.core.xee.Bootstrap.main(Unknown Source)
Caused by: com.appium.core.xee.XRepository$XHANDLER_NOT_FOUND: There is no implementation of API=com.appium.core.xee.XTransport registered.
	at com.appium.impl.core.xee.XRepositoryImpl.a.a(Unknown Source)
	at com.appium.impl.core.xee.XRepositoryImpl.a.b(Unknown Source)
	at com.appium.impl.core.xee.XRepositoryImpl.XRepositoryImplMain.getXHandler(Unknown Source)
	at com.appium.impl.core.xee.XManagerImpl.virtual.e.a(Unknown Source)
	... 24 more

# 2006-10-28 20.13.29 # com.appium.impl.core.xee.XManagerImpl.virtual                                              # Error     # Failed to load com.appium.impl.core.xee.XFileImpl.XSynchronizedFileImpl/TASxml [*2]  - XTransport is not available at this stage in the startup process. # 
java.lang.Exception: XTransport is not available at this stage in the startup process.
	at com.appium.impl.core.xee.XManagerImpl.virtual.e.a(Unknown Source)
	at com.appium.impl.core.xee.XManagerImpl.virtual.h.a(Unknown Source)
	at com.appium.impl.core.xee.XManagerImpl.virtual.h.a(Unknown Source)
	at com.appium.impl.core.xee.XManagerImpl.virtual.h.a(Unknown Source)
	at com.appium.impl.core.xee.XManagerImpl.virtual.e.b(Unknown Source)
	at com.appium.impl.core.xee.XManagerImpl.virtual.e.a(Unknown Source)
	at com.appium.impl.core.xee.XManagerImpl.virtual.e.a(Unknown Source)
	at com.appium.impl.core.xee.XManagerImpl.virtual.h.a(Unknown Source)
	at com.appium.impl.core.xee.XManagerImpl.virtual.h.a(Unknown Source)
	at com.appium.impl.core.xee.XManagerImpl.virtual.h.a(Unknown Source)
	at com.appium.impl.core.xee.XManagerImpl.virtual.e.b(Unknown Source)
	at com.appium.impl.core.xee.XManagerImpl.virtual.e.a(Unknown Source)
	at com.appium.impl.core.xee.XManagerImpl.virtual.e.a(Unknown Source)
	at com.appium.impl.core.xee.XManagerImpl.virtual.h.a(Unknown Source)
	at com.appium.impl.core.xee.XManagerImpl.virtual.e.b(Unknown Source)
	at com.appium.impl.core.xee.XManagerImpl.virtual.e.a(Unknown Source)
	at com.appium.impl.core.xee.XManagerImpl.virtual.e.a(Unknown Source)
	at com.appium.impl.core.xee.XManagerImpl.virtual.e.b(Unknown Source)
	at com.appium.impl.core.xee.XManagerImpl.virtual.e.a(Unknown Source)
	at com.appium.impl.core.xee.XManagerImpl.virtual.e.a(Unknown Source)
	at com.appium.impl.core.xee.XManagerImpl.virtual.VirtualProcessImplMain.<init>(Unknown Source)
	at com.appium.impl.core.xee.XManagerImpl.virtual.VirtualProcessImplMain$Factory.runScript(Unknown Source)
	at com.appium.impl.core.xee.XManagerImpl.XManagerImplMain.load(Unknown Source)
	at com.appium.impl.core.xee.Bootstrap.main(Unknown Source)
Caused by: com.appium.core.xee.XRepository$XHANDLER_NOT_FOUND: There is no implementation of API=com.appium.core.xee.XTransport registered.
	at com.appium.impl.core.xee.XRepositoryImpl.a.a(Unknown Source)
	at com.appium.impl.core.xee.XRepositoryImpl.a.b(Unknown Source)
	at com.appium.impl.core.xee.XRepositoryImpl.XRepositoryImplMain.getXHandler(Unknown Source)
	at com.appium.impl.core.xee.XManagerImpl.virtual.e.a(Unknown Source)
	... 24 more

# 2006-10-28 20.13.29 # com.appium.impl.core.xee.XManagerImpl.virtual                                              # Error     # Missing dependency: synchronizedFile API=com.appium.core.xee.XFile$SynchronizedFile, ID=TASxml.  - Failed to load com.appium.impl.core.xee.XFileImpl.XSynchronizedFileImpl/TASxml # 
java.lang.Exception: Failed to load com.appium.impl.core.xee.XFileImpl.XSynchronizedFileImpl/TASxml
	at com.appium.impl.core.xee.XManagerImpl.virtual.e.b(Unknown Source)
	at com.appium.impl.core.xee.XManagerImpl.virtual.e.a(Unknown Source)
	at com.appium.impl.core.xee.XManagerImpl.virtual.e.a(Unknown Source)
	at com.appium.impl.core.xee.XManagerImpl.virtual.h.a(Unknown Source)
	at com.appium.impl.core.xee.XManagerImpl.virtual.h.a(Unknown Source)
	at com.appium.impl.core.xee.XManagerImpl.virtual.h.a(Unknown Source)
	at com.appium.impl.core.xee.XManagerImpl.virtual.e.b(Unknown Source)
	at com.appium.impl.core.xee.XManagerImpl.virtual.e.a(Unknown Source)
	at com.appium.impl.core.xee.XManagerImpl.virtual.e.a(Unknown Source)
	at com.appium.impl.core.xee.XManagerImpl.virtual.h.a(Unknown Source)
	at com.appium.impl.core.xee.XManagerImpl.virtual.e.b(Unknown Source)
	at com.appium.impl.core.xee.XManagerImpl.virtual.e.a(Unknown Source)
	at com.appium.impl.core.xee.XManagerImpl.virtual.e.a(Unknown Source)
	at com.appium.impl.core.xee.XManagerImpl.virtual.e.b(Unknown Source)
	at com.appium.impl.core.xee.XManagerImpl.virtual.e.a(Unknown Source)
	at com.appium.impl.core.xee.XManagerImpl.virtual.e.a(Unknown Source)
	at com.appium.impl.core.xee.XManagerImpl.virtual.VirtualProcessImplMain.<init>(Unknown Source)
	at com.appium.impl.core.xee.XManagerImpl.virtual.VirtualProcessImplMain$Factory.runScript(Unknown Source)
	at com.appium.impl.core.xee.XManagerImpl.XManagerImplMain.load(Unknown Source)
	at com.appium.impl.core.xee.Bootstrap.main(Unknown Source)
Caused by: java.lang.Exception: XTransport is not available at this stage in the startup process.
	at com.appium.impl.core.xee.XManagerImpl.virtual.e.a(Unknown Source)
	at com.appium.impl.core.xee.XManagerImpl.virtual.h.a(Unknown Source)
	at com.appium.impl.core.xee.XManagerImpl.virtual.h.a(Unknown Source)
	at com.appium.impl.core.xee.XManagerImpl.virtual.h.a(Unknown Source)
	... 20 more
Caused by: com.appium.core.xee.XRepository$XHANDLER_NOT_FOUND: There is no implementation of API=com.appium.core.xee.XTransport registered.
	at com.appium.impl.core.xee.XRepositoryImpl.a.a(Unknown Source)
	at com.appium.impl.core.xee.XRepositoryImpl.a.b(Unknown Source)
	at com.appium.impl.core.xee.XRepositoryImpl.XRepositoryImplMain.getXHandler(Unknown Source)
	at com.appium.impl.core.xee.XManagerImpl.virtual.e.a(Unknown Source)
	... 24 more

# 2006-10-28 20.13.29 # com.appium.impl.core.xee.XManagerImpl.virtual                                              # Error     # Failed to load com.appium.impl.core.xee.XConfigImpl.XConfigImplMain/xconfig  - Failed to load com.appium.impl.core.xee.XFileImpl.XSynchronizedFileImpl/TASxml # 
java.lang.Exception: Failed to load com.appium.impl.core.xee.XFileImpl.XSynchronizedFileImpl/TASxml
	at com.appium.impl.core.xee.XManagerImpl.virtual.e.b(Unknown Source)
	at com.appium.impl.core.xee.XManagerImpl.virtual.e.a(Unknown Source)
	at com.appium.impl.core.xee.XManagerImpl.virtual.e.a(Unknown Source)
	at com.appium.impl.core.xee.XManagerImpl.virtual.h.a(Unknown Source)
	at com.appium.impl.core.xee.XManagerImpl.virtual.h.a(Unknown Source)
	at com.appium.impl.core.xee.XManagerImpl.virtual.h.a(Unknown Source)
	at com.appium.impl.core.xee.XManagerImpl.virtual.e.b(Unknown Source)
	at com.appium.impl.core.xee.XManagerImpl.virtual.e.a(Unknown Source)
	at com.appium.impl.core.xee.XManagerImpl.virtual.e.a(Unknown Source)
	at com.appium.impl.core.xee.XManagerImpl.virtual.h.a(Unknown Source)
	at com.appium.impl.core.xee.XManagerImpl.virtual.e.b(Unknown Source)
	at com.appium.impl.core.xee.XManagerImpl.virtual.e.a(Unknown Source)
	at com.appium.impl.core.xee.XManagerImpl.virtual.e.a(Unknown Source)
	at com.appium.impl.core.xee.XManagerImpl.virtual.e.b(Unknown Source)
	at com.appium.impl.core.xee.XManagerImpl.virtual.e.a(Unknown Source)
	at com.appium.impl.core.xee.XManagerImpl.virtual.e.a(Unknown Source)
	at com.appium.impl.core.xee.XManagerImpl.virtual.VirtualProcessImplMain.<init>(Unknown Source)
	at com.appium.impl.core.xee.XManagerImpl.virtual.VirtualProcessImplMain$Factory.runScript(Unknown Source)
	at com.appium.impl.core.xee.XManagerImpl.XManagerImplMain.load(Unknown Source)
	at com.appium.impl.core.xee.Bootstrap.main(Unknown Source)
Caused by: java.lang.Exception: XTransport is not available at this stage in the startup process.
	at com.appium.impl.core.xee.XManagerImpl.virtual.e.a(Unknown Source)
	at com.appium.impl.core.xee.XManagerImpl.virtual.h.a(Unknown Source)
	at com.appium.impl.core.xee.XManagerImpl.virtual.h.a(Unknown Source)
	at com.appium.impl.core.xee.XManagerImpl.virtual.h.a(Unknown Source)
	... 20 more
Caused by: com.appium.core.xee.XRepository$XHANDLER_NOT_FOUND: There is no implementation of API=com.appium.core.xee.XTransport registered.
	at com.appium.impl.core.xee.XRepositoryImpl.a.a(Unknown Source)
	at com.appium.impl.core.xee.XRepositoryImpl.a.b(Unknown Source)
	at com.appium.impl.core.xee.XRepositoryImpl.XRepositoryImplMain.getXHandler(Unknown Source)
	at com.appium.impl.core.xee.XManagerImpl.virtual.e.a(Unknown Source)
	... 24 more

# 2006-10-28 20.13.30 # com.appium.impl.core.xee.XManagerImpl.virtual                                              # Error     # Failed to load com.appium.Basement.XNodeConfig.XEEXNodesXHandler  - Failed to load com.appium.impl.core.xee.XConfigImpl.XConfigImplMain/xconfig # 
java.lang.Exception: Failed to load com.appium.impl.core.xee.XConfigImpl.XConfigImplMain/xconfig
	at com.appium.impl.core.xee.XManagerImpl.virtual.e.b(Unknown Source)
	at com.appium.impl.core.xee.XManagerImpl.virtual.e.a(Unknown Source)
	at com.appium.impl.core.xee.XManagerImpl.virtual.e.a(Unknown Source)
	at com.appium.impl.core.xee.XManagerImpl.virtual.h.a(Unknown Source)
	at com.appium.impl.core.xee.XManagerImpl.virtual.e.b(Unknown Source)
	at com.appium.impl.core.xee.XManagerImpl.virtual.e.a(Unknown Source)
	at com.appium.impl.core.xee.XManagerImpl.virtual.e.a(Unknown Source)
	at com.appium.impl.core.xee.XManagerImpl.virtual.e.b(Unknown Source)
	at com.appium.impl.core.xee.XManagerImpl.virtual.e.a(Unknown Source)
	at com.appium.impl.core.xee.XManagerImpl.virtual.e.a(Unknown Source)
	at com.appium.impl.core.xee.XManagerImpl.virtual.VirtualProcessImplMain.<init>(Unknown Source)
	at com.appium.impl.core.xee.XManagerImpl.virtual.VirtualProcessImplMain$Factory.runScript(Unknown Source)
	at com.appium.impl.core.xee.XManagerImpl.XManagerImplMain.load(Unknown Source)
	at com.appium.impl.core.xee.Bootstrap.main(Unknown Source)
Caused by: java.lang.Exception: Failed to load com.appium.impl.core.xee.XFileImpl.XSynchronizedFileImpl/TASxml
	at com.appium.impl.core.xee.XManagerImpl.virtual.e.b(Unknown Source)
	at com.appium.impl.core.xee.XManagerImpl.virtual.e.a(Unknown Source)
	at com.appium.impl.core.xee.XManagerImpl.virtual.e.a(Unknown Source)
	at com.appium.impl.core.xee.XManagerImpl.virtual.h.a(Unknown Source)
	at com.appium.impl.core.xee.XManagerImpl.virtual.h.a(Unknown Source)
	at com.appium.impl.core.xee.XManagerImpl.virtual.h.a(Unknown Source)
	... 14 more
Caused by: java.lang.Exception: XTransport is not available at this stage in the startup process.
	at com.appium.impl.core.xee.XManagerImpl.virtual.e.a(Unknown Source)
	at com.appium.impl.core.xee.XManagerImpl.virtual.h.a(Unknown Source)
	at com.appium.impl.core.xee.XManagerImpl.virtual.h.a(Unknown Source)
	at com.appium.impl.core.xee.XManagerImpl.virtual.h.a(Unknown Source)
	... 20 more
Caused by: com.appium.core.xee.XRepository$XHANDLER_NOT_FOUND: There is no implementation of API=com.appium.core.xee.XTransport registered.
	at com.appium.impl.core.xee.XRepositoryImpl.a.a(Unknown Source)
	at com.appium.impl.core.xee.XRepositoryImpl.a.b(Unknown Source)
	at com.appium.impl.core.xee.XRepositoryImpl.XRepositoryImplMain.getXHandler(Unknown Source)
	at com.appium.impl.core.xee.XManagerImpl.virtual.e.a(Unknown Source)
	... 24 more

# 2006-10-28 20.13.30 # com.appium.impl.core.xee.XManagerImpl.virtual                                              # Error     # Failed to load com.appium.Registry.RegistryPlatformModule  - Failed to load com.appium.Basement.XNodeConfig.XEEXNodesXHandler # 
java.lang.Exception: Failed to load com.appium.Basement.XNodeConfig.XEEXNodesXHandler
	at com.appium.impl.core.xee.XManagerImpl.virtual.e.b(Unknown Source)
	at com.appium.impl.core.xee.XManagerImpl.virtual.e.a(Unknown Source)
	at com.appium.impl.core.xee.XManagerImpl.virtual.e.a(Unknown Source)
	at com.appium.impl.core.xee.XManagerImpl.virtual.e.b(Unknown Source)
	at com.appium.impl.core.xee.XManagerImpl.virtual.e.a(Unknown Source)
	at com.appium.impl.core.xee.XManagerImpl.virtual.e.a(Unknown Source)
	at com.appium.impl.core.xee.XManagerImpl.virtual.VirtualProcessImplMain.<init>(Unknown Source)
	at com.appium.impl.core.xee.XManagerImpl.virtual.VirtualProcessImplMain$Factory.runScript(Unknown Source)
	at com.appium.impl.core.xee.XManagerImpl.XManagerImplMain.load(Unknown Source)
	at com.appium.impl.core.xee.Bootstrap.main(Unknown Source)
Caused by: java.lang.Exception: Failed to load com.appium.impl.core.xee.XConfigImpl.XConfigImplMain/xconfig
	at com.appium.impl.core.xee.XManagerImpl.virtual.e.b(Unknown Source)
	at com.appium.impl.core.xee.XManagerImpl.virtual.e.a(Unknown Source)
	at com.appium.impl.core.xee.XManagerImpl.virtual.e.a(Unknown Source)
	at com.appium.impl.core.xee.XManagerImpl.virtual.h.a(Unknown Source)
	... 10 more
Caused by: java.lang.Exception: Failed to load com.appium.impl.core.xee.XFileImpl.XSynchronizedFileImpl/TASxml
	at com.appium.impl.core.xee.XManagerImpl.virtual.e.b(Unknown Source)
	at com.appium.impl.core.xee.XManagerImpl.virtual.e.a(Unknown Source)
	at com.appium.impl.core.xee.XManagerImpl.virtual.e.a(Unknown Source)
	at com.appium.impl.core.xee.XManagerImpl.virtual.h.a(Unknown Source)
	at com.appium.impl.core.xee.XManagerImpl.virtual.h.a(Unknown Source)
	at com.appium.impl.core.xee.XManagerImpl.virtual.h.a(Unknown Source)
	... 14 more
Caused by: java.lang.Exception: XTransport is not available at this stage in the startup process.
	at com.appium.impl.core.xee.XManagerImpl.virtual.e.a(Unknown Source)
	at com.appium.impl.core.xee.XManagerImpl.virtual.h.a(Unknown Source)
	at com.appium.impl.core.xee.XManagerImpl.virtual.h.a(Unknown Source)
	at com.appium.impl.core.xee.XManagerImpl.virtual.h.a(Unknown Source)
	... 20 more
Caused by: com.appium.core.xee.XRepository$XHANDLER_NOT_FOUND: There is no implementation of API=com.appium.core.xee.XTransport registered.
	at com.appium.impl.core.xee.XRepositoryImpl.a.a(Unknown Source)
	at com.appium.impl.core.xee.XRepositoryImpl.a.b(Unknown Source)
	at com.appium.impl.core.xee.XRepositoryImpl.XRepositoryImplMain.getXHandler(Unknown Source)
	at com.appium.impl.core.xee.XManagerImpl.virtual.e.a(Unknown Source)
	... 24 more

# 2006-10-28 20.13.30 # com.appium.impl.core.xee.XManagerImpl.virtual                                              # Info      # [XHandler Loaded] com.appium.XView.Server.Backend.LogFileMarkerInserter$Impl/logfile-marker-inserter (0 ms) # 
# 2006-10-28 20.13.30 # com.appium.impl.core.xee.XManagerImpl.virtual                                              # Info      # [XHandler Loaded] com.appium.ExecDaemon.Client.ExecDaemonMonitor (0 ms) # 
# 2006-10-28 20.13.30 # com.appium.impl.core.xee.XManagerImpl.virtual                                              # Info      # [XHandler Loaded] com.appium.Monitoring.Alarm.d/alarm-info (0 ms) # 
# 2006-10-28 20.13.30 # com.appium.impl.core.xee.XManagerImpl.virtual                                              # Info      # [XHandler Loaded] com.appium.Monitoring.Alarm.AlarmLog/alarms (47 ms) # 
# 2006-10-28 20.13.30 # com.appium.impl.core.xee.XManagerImpl.virtual                                              # Info      # [XHandler Loaded] com.appium.Monitoring.StatusInfo.a/status-info (0 ms) # 
# 2006-10-28 20.13.30 # com.appium.Monitoring.Log.LogImplMain                                                      # Error     # LOGGING ENDS HERE since logging is disabled for Debug in the Log configuration (this line is only here because startup log files cannot be deleted if opened in Windows) (msg no. 1) # 
# 2006-10-28 20.13.30 # com.appium.Monitoring.Log.LogImplMain                                                      # Error     # LOGGING ENDS HERE since logging is disabled for Debug in the Log configuration (this line is only here because startup log files cannot be deleted if opened in Windows) (msg no. 2) # 
# 2006-10-28 20.13.30 # com.appium.Monitoring.Log.LogImplMain                                                      # Error     # LOGGING ENDS HERE since logging is disabled for Debug in the Log configuration (this line is only here because startup log files cannot be deleted if opened in Windows) (msg no. 3) # 
# 2006-10-28 20.13.30 # com.appium.Monitoring.Log.LogImplMain                                                      # Error     # LOGGING ENDS HERE since logging is disabled for Debug in the Log configuration (this line is only here because startup log files cannot be deleted if opened in Windows) (msg no. 4) # 
# 2006-10-28 20.13.30 # com.appium.Monitoring.Log.LogImplMain                                                      # Error     # LOGGING ENDS HERE since logging is disabled for Debug in the Log configuration (this line is only here because startup log files cannot be deleted if opened in Windows) (msg no. 5) # 
# 2006-10-28 20.13.30 # com.appium.Monitoring.Log.LogImplMain                                                      # Error     # LOGGING ENDS HERE since logging is disabled for Debug in the Log configuration (this line is only here because startup log files cannot be deleted if opened in Windows) (msg no. 6) # 
# 2006-10-28 20.13.30 # com.appium.Monitoring.Log.LogImplMain                                                      # Error     # LOGGING ENDS HERE since logging is disabled for Debug in the Log configuration (this line is only here because startup log files cannot be deleted if opened in Windows) (msg no. 7) # 
# 2006-10-28 20.13.30 # com.appium.Monitoring.Log.LogImplMain                                                      # Error     # LOGGING ENDS HERE since logging is disabled for Debug in the Log configuration (this line is only here because startup log files cannot be deleted if opened in Windows) (msg no. 8) # 
# 2006-10-28 20.13.30 # com.appium.Monitoring.Log.LogImplMain                                                      # Error     # LOGGING ENDS HERE since logging is disabled for Debug in the Log configuration (this line is only here because startup log files cannot be deleted if opened in Windows) (msg no. 9) # 
# 2006-10-28 20.13.30 # com.appium.Monitoring.Log.LogImplMain                                                      # Error     # LOGGING ENDS HERE since logging is disabled for Debug in the Log configuration (this line is only here because startup log files cannot be deleted if opened in Windows) (msg no. 10) # 
# 2006-10-28 20.13.30 # com.appium.impl.core.xee.XManagerImpl.virtual                                              # Info      # [XHandler Loaded] com.appium.Monitoring.Log.LogImplMain/logging (62 ms) # 
# 2006-10-28 20.13.30 # com.appium.Monitoring.Log.LogImplMain$Deleter                                              # Info      # Trying to delete file: C:\Appium\Appium-XWay\log\Debug NSim.NSim@localhost.100 2006-10-28 00000001.log # 
# 2006-10-28 20.13.30 # com.appium.Monitoring.Log.LogImplMain                                                      # Info      # Successfully deleted startup logging file: C:\Appium\Appium-XWay\log\Debug NSim.NSim@localhost.100 2006-10-28 00000001.log # 
# 2006-10-28 20.13.30 # com.appium.impl.core.xee.XManagerImpl.virtual                                              # Info      # [XHandler Loaded] com.appium.Monitoring.Statistics.StatisticsImplMain/statistics (63 ms) # 
# 2006-10-28 20.13.30 # com.appium.impl.core.xee.XManagerImpl.virtual                                              # Info      # [XHandler Loaded] lib\wrappers\Kannel/com.appium.ResourceAdaptor.Wrappers.ResourceAdaptor/Kannel (0 ms) # 
# 2006-10-28 20.13.30 # com.appium.impl.core.xee.XManagerImpl.virtual                                              # Info      # [XHandler Loaded] lib\wrappers\OMA/com.appium.ResourceAdaptor.Wrappers.ResourceAdaptor/OMA (0 ms) # 
# 2006-10-28 20.13.30 # com.appium.impl.core.xee.XManagerImpl.virtual                                              # Info      # [XHandler Loaded] lib\wrappers\OSAX/com.appium.ParlayAdaptor.Wrappers.OSAX.ParlayAdaptor/OSAX (0 ms) # 
# 2006-10-28 20.13.30 # com.appium.impl.core.xee.XManagerImpl.virtual                                              # Info      # [XHandler Loaded] lib\wrappers\Parlay213/com.appium.ParlayAdaptor.Wrappers.ParlayAdaptor/Parlay213 (0 ms) # 
# 2006-10-28 20.13.31 # com.appium.Monitoring.Log.DebugLog                                                         # Info      # Purging Debug log files before 2006-10-26 20:13:31 # 
# 2006-10-28 20.13.31 # com.appium.impl.core.xee.XManagerImpl.virtual                                              # Info      # [XHandler Loaded] com.appium.TAS.RateControl.CoreImpl.LoadEstimationFactoryImpl (0 ms) # 
# 2006-10-28 20.13.31 # com.appium.impl.core.xee.XManagerImpl.virtual                                              # Info      # [XHandler Loaded] lib\wrappers\Parlay31/com.appium.ParlayAdaptor.Wrappers.ParlayAdaptor/Parlay31 (0 ms) # 
# 2006-10-28 20.13.31 # com.appium.impl.core.xee.XManagerImpl.virtual                                              # Info      # [XHandler Loaded] lib\wrappers\Parlay32/com.appium.ParlayAdaptor.Wrappers.ParlayAdaptor/Parlay32 (0 ms) # 
# 2006-10-28 20.13.32 # com.appium.impl.core.xee.XManagerImpl.virtual                                              # Info      # [XHandler Loaded] com.appium.ResourceAdapterLoader.ResourceAdapterPlatformModule (93 ms) # 
# 2006-10-28 20.13.32 # com.appium.impl.core.xee.XManagerImpl.virtual                                              # Info      # [XHandler Loaded] com.appium.SNMP.a/snmp (0 ms) # 
# 2006-10-28 20.13.32 # com.appium.impl.core.xee.XManagerImpl.virtual                                              # Info      # [XHandler Loaded] com.appium.SystemInfo.ProcessInfoModule (375 ms) # 
# 2006-10-28 20.13.32 # com.appium.SystemInfo.SystemStatisticsModule                                               # Event     # Starting System Statistics... # 
# 2006-10-28 20.13.32 # com.appium.impl.core.xee.XManagerImpl.virtual                                              # Info      # [XHandler Loaded] com.appium.SystemInfo.SystemStatisticsModule (0 ms) # 
# 2006-10-28 20.13.32 # com.appium.impl.core.xee.XManagerImpl.virtual                                              # Info      # [XHandler Loaded] com.appium.TAS.RateControl.StaticRateAdaptor.StaticRateAdaptorFactory (0 ms) # 
# 2006-10-28 20.13.32 # com.appium.impl.core.xee.XManagerImpl.virtual                                              # Info      # [XHandler Loaded] com.appium.TAS.RateControl.LoadLevelRateAdaptor.LoadLevelRateAdaptorFactory (0 ms) # 
# 2006-10-28 20.13.32 # com.appium.impl.core.xee.XManagerImpl.virtual                                              # Info      # [XHandler Loaded] com.appium.TAS.RateControl.LeakyBucketRateRestrictor2.LeakyBucketRRFactory (0 ms) # 
# 2006-10-28 20.13.32 # com.appium.impl.core.xee.XManagerImpl.virtual                                              # Info      # [XHandler Loaded] com.appium.TAS.RateControl.CoreImpl.LoadConfigImpl (0 ms) # 
# 2006-10-28 20.13.32 # com.appium.impl.core.xee.XManagerImpl.virtual                                              # Info      # [XHandler Loaded] com.appium.TAS.RateControl.RateManager (0 ms) # 
# 2006-10-28 20.13.32 # com.appium.impl.core.xee.XManagerImpl.virtual                                              # Info      # [Secret XNode Registration] sessiontransport.menu # 
# 2006-10-28 20.13.32 # com.appium.impl.core.xee.XManagerImpl.virtual                                              # Info      # [Secret XNode Registration] serviceconfig.menu # 
# 2006-10-28 20.13.32 # com.appium.impl.core.xee.XManagerImpl.virtual                                              # Info      # [Secret XNode Registration] sc.sl.service_list.menu # 
# 2006-10-28 20.13.32 # com.appium.impl.core.xee.XManagerImpl.virtual                                              # Info      # [XHandler Loaded] com.appium.TAS.TASPlatformModule (31 ms) # 
# 2006-10-28 20.13.32 # com.appium.impl.core.xee.XManagerImpl.virtual                                              # Info      # [XHandler Loaded] com.appium.NSim.NSimMain/nsim (16 ms) # 
# 2006-10-28 20.13.33 # com.appium.SystemInfo.SystemStatisticsModule                                               # Warning   # Could not find local ExecDaemon # 
