
# 2006-11-08 21.34.57 # com.appium.impl.core.xee.Bootstrap                                                         # Info      # ========== Process starting ========== # 
# 2006-11-08 21.35.22 # com.appium.impl.core.xee.XManagerImpl.virtual                                              # Info      # [XHandler Loaded] com.appium.impl.core.xee.XCryptoImpl.XCryptoImplMain (2984 ms) # 
# 2006-11-08 21.35.23 # com.appium.impl.core.xee.XManagerImpl.virtual                                              # Info      # [XHandler Loaded] com.appium.impl.core.xee.XCorbaImpl.XCorbaImplMain/corba (672 ms) # 
# 2006-11-08 21.35.23 # com.appium.impl.core.xee.XManagerImpl.virtual                                              # Info      # [XHandler Loaded] com.appium.impl.core.xee.XContextImpl.XContextImplMain (31 ms) # 
# 2006-11-08 21.35.23 # com.appium.impl.core.xee.XManagerImpl.virtual                                              # Info      # [XHandler Loaded] com.appium.impl.core.xee.XRunnerImpl.XRunnerImplMain/Registration Thread Pool (15 ms) # 
# 2006-11-08 21.35.23 # com.appium.impl.core.xee.XProcessImpl.XProcessImplMain                                     # Info      # XProcess.type: NSim # 
# 2006-11-08 21.35.23 # com.appium.impl.core.xee.XProcessImpl.XProcessImplMain                                     # Info      # XProcess.group: Default # 
# 2006-11-08 21.35.23 # com.appium.impl.core.xee.XProcessImpl.XProcessImplMain                                     # Info      # XProcess.processID: NSim.Default@localhost.0 # 
# 2006-11-08 21.35.23 # com.appium.impl.core.xee.XProcessImpl.XProcessImplMain                                     # Info      # XProcess.index: 0 # 
# 2006-11-08 21.35.23 # com.appium.impl.core.xee.XProcessImpl.XProcessImplMain                                     # Info      # XProcess.OAMServerAddress (supplied): Acer # 
# 2006-11-08 21.35.23 # com.appium.impl.core.xee.XProcessImpl.XProcessImplMain                                     # Info      # XProcess.OAMServerAddress (complete): Acer:20000 # 
# 2006-11-08 21.35.23 # com.appium.impl.core.xee.XProcessImpl                                                      # Info      # RegistrationHandler created for Acer:20000 # 
# 2006-11-08 21.35.23 # com.appium.impl.core.xee.XProcessImpl                                                      # Info      # RegistrationHandler started for Acer:20000 # 
# 2006-11-08 21.35.24 # com.appium.impl.core.xee.XManagerImpl.virtual                                              # Info      # [XHandler Loaded] com.appium.impl.core.xee.XProcessImpl.XProcessImplMain (344 ms) # 
# 2006-11-08 21.35.24 # com.appium.impl.core.xee.XProcessImpl                                                      # Info      # Registration available on: Acer:20000 # 
# 2006-11-08 21.35.24 # com.appium.impl.core.xee.XProcessImpl                                                      # Info      # Registering object: NSim on Acer:20000 # 
# 2006-11-08 21.35.24 # com.appium.impl.core.xee.XProcessImpl                                                      # Info      # Registering object: XTransport on Acer:20000 # 
# 2006-11-08 21.35.25 # com.appium.impl.core.xee.XProcessImpl                                                      # Info      # Object active (new): Framework_Primary@OAMServer.Primary (reported by ObjectRegistry) # 
# 2006-11-08 21.35.25 # com.appium.impl.core.xee.XProcessImpl                                                      # Info      # Starting Process Surveillance Thread for OAMServer.Primary # 
# 2006-11-08 21.35.25 # com.appium.impl.core.xee.XProcessImpl                                                      # Info      # Object active (new): GraphDataEventReceiver_Primary@OAMServer.Primary (reported by ObjectRegistry) # 
# 2006-11-08 21.35.25 # com.appium.impl.core.xee.XProcessImpl                                                      # Info      # Object online (new): NSim.Default@localhost.0 (inactive, reported by ObjectRegistry) # 
# 2006-11-08 21.35.25 # com.appium.impl.core.xee.XProcessImpl                                                      # Info      # Starting Process Surveillance Thread for NSim.Default@localhost.0 # 
# 2006-11-08 21.35.25 # com.appium.impl.core.xee.XProcessImpl                                                      # Info      # Object active (new): OAMServer.Primary (reported by ObjectRegistry) # 
# 2006-11-08 21.35.25 # com.appium.impl.core.xee.XProcessImpl                                                      # Info      # Object active (new): ServiceUpdate_Primary@OAMServer.Primary (reported by ObjectRegistry) # 
# 2006-11-08 21.35.25 # com.appium.impl.core.xee.XProcessImpl                                                      # Info      # Object active (new): ServiceUpdate_USTestApp@XContainer.USTestApp@localhost.50 (reported by ObjectRegistry) # 
# 2006-11-08 21.35.25 # com.appium.impl.core.xee.XProcessImpl                                                      # Info      # Starting Process Surveillance Thread for XContainer.USTestApp@localhost.50 # 
# 2006-11-08 21.35.25 # com.appium.impl.core.xee.XProcessImpl                                                      # Info      # Object active (new): ServiceUpdate_XTE@XContainer.XTE@localhost.0 (reported by ObjectRegistry) # 
# 2006-11-08 21.35.25 # com.appium.impl.core.xee.XProcessImpl                                                      # Info      # Starting Process Surveillance Thread for XContainer.XTE@localhost.0 # 
# 2006-11-08 21.35.25 # com.appium.impl.core.xee.XProcessImpl                                                      # Info      # Object active (new): SessionBackupStore_USTestApp@XContainer.USTestApp@localhost.50 (reported by ObjectRegistry) # 
# 2006-11-08 21.35.25 # com.appium.impl.core.xee.XProcessImpl                                                      # Info      # Object active (new): SessionBackupStore_XTE@XContainer.XTE@localhost.0 (reported by ObjectRegistry) # 
# 2006-11-08 21.35.25 # com.appium.impl.core.xee.XProcessImpl                                                      # Info      # Object active (new): SessionRegistry_XTE@XContainer.XTE@localhost.0 (reported by ObjectRegistry) # 
# 2006-11-08 21.35.25 # com.appium.impl.core.xee.XProcessImpl                                                      # Info      # Object active (new): StatusInfoAccess_Primary@OAMServer.Primary (reported by ObjectRegistry) # 
# 2006-11-08 21.35.25 # com.appium.impl.core.xee.XProcessImpl                                                      # Info      # Object active (new): StatusInfoAccess_USTestApp@XContainer.USTestApp@localhost.50 (reported by ObjectRegistry) # 
# 2006-11-08 21.35.25 # com.appium.impl.core.xee.XProcessImpl                                                      # Info      # Object active (new): StatusInfoAccess_XTE@XContainer.XTE@localhost.0 (reported by ObjectRegistry) # 
# 2006-11-08 21.35.25 # com.appium.impl.core.xee.XProcessImpl                                                      # Info      # Object active (new): TraceReceiver_Primary@OAMServer.Primary (reported by ObjectRegistry) # 
# 2006-11-08 21.35.25 # com.appium.impl.core.xee.XProcessImpl                                                      # Info      # Object active (new): VoiceServerAccess_USTestApp@XContainer.USTestApp@localhost.50 (reported by ObjectRegistry) # 
# 2006-11-08 21.35.25 # com.appium.impl.core.xee.XProcessImpl                                                      # Info      # Object active (new): XContainer.USTestApp@localhost.50 (reported by ObjectRegistry) # 
# 2006-11-08 21.35.25 # com.appium.impl.core.xee.XProcessImpl                                                      # Info      # Object active (new): XContainer.XTE@localhost.0 (reported by ObjectRegistry) # 
# 2006-11-08 21.35.25 # com.appium.impl.core.xee.XProcessImpl                                                      # Info      # Object active (new): XNodeDatabase_Primary@OAMServer.Primary (reported by ObjectRegistry) # 
# 2006-11-08 21.35.25 # com.appium.impl.core.xee.XProcessImpl                                                      # Info      # Object active (new): XTransport_Default@NSim.Default@localhost.0 (reported by ObjectRegistry) # 
# 2006-11-08 21.35.25 # com.appium.impl.core.xee.XProcessImpl                                                      # Info      # Object active (new): XTransport_Primary@OAMServer.Primary (reported by ObjectRegistry) # 
# 2006-11-08 21.35.25 # com.appium.impl.core.xee.XProcessImpl                                                      # Info      # Object active (new): XTransport_USTestApp@XContainer.USTestApp@localhost.50 (reported by ObjectRegistry) # 
# 2006-11-08 21.35.25 # com.appium.impl.core.xee.XProcessImpl                                                      # Info      # Object active (new): XTransport_XTE@XContainer.XTE@localhost.0 (reported by ObjectRegistry) # 
# 2006-11-08 21.35.25 # com.appium.impl.core.xee.XManagerImpl.virtual                                              # Info      # [XHandler Loaded] com.appium.impl.core.xee.XTransportImpl.XTransportImplMain (1719 ms) # 
# 2006-11-08 21.35.25 # com.appium.impl.core.xee.XManagerImpl.virtual                                              # Info      # [XHandler Loaded] com.appium.impl.core.xee.XFileImpl.XSynchronizedFileImpl/TASxml (0 ms) # 
# 2006-11-08 21.35.25 # com.appium.impl.core.xee.XManagerImpl.virtual                                              # Info      # [XHandler Loaded] com.appium.impl.core.xee.XConfigImpl.XConfigImplMain/xconfig (16 ms) # 
# 2006-11-08 21.35.27 # com.appium.impl.core.xee.XManagerImpl.virtual                                              # Info      # [XHandler Loaded] com.appium.impl.core.xee.XProcessImpl.XProcessConfigurator/xprocess-configurator (0 ms) # 
# 2006-11-08 21.35.27 # com.appium.impl.core.xee.XManagerImpl.virtual                                              # Info      # [XHandler Loaded] com.appium.Basement.Registry.LegacyRegistryToXEEAdaptor (312 ms) # 
# 2006-11-08 21.35.27 # com.appium.impl.core.xee.XManagerImpl.virtual                                              # Info      # [XHandler Loaded] com.appium.Basement.Registry.OAM.ConfigXMLEditorBackendProviderImpl (0 ms) # 
# 2006-11-08 21.35.28 # com.appium.impl.core.xee.XManagerImpl.virtual                                              # Info      # [XHandler Loaded] com.appium.impl.core.xee.XSessionsImpl.e/session-distributed-registry (203 ms) # 
# 2006-11-08 21.35.28 # com.appium.impl.core.xee.XManagerImpl.virtual                                              # Info      # [XHandler Loaded] com.appium.impl.core.xee.XSessionsImpl.a/basic-session-id-handler (31 ms) # 
# 2006-11-08 21.35.28 # com.appium.impl.core.xee.XManagerImpl.virtual                                              # Info      # [XHandler Loaded] com.appium.impl.core.xee.XSessionsImpl.XSessionsImplMain/xsessions (94 ms) # 
# 2006-11-08 21.35.29 # com.appium.impl.core.xee.XManagerImpl.virtual                                              # Info      # [Secret XNode Registration] license.menu # 
# 2006-11-08 21.35.29 # com.appium.impl.core.xee.XManagerImpl.virtual                                              # Info      # [XHandler Loaded] com.appium.Basement.XNodeConfig.XEEXNodesXHandler (0 ms) # 
# 2006-11-08 21.35.31 # com.appium.impl.core.xee.XManagerImpl.virtual                                              # Info      # [Secret XNode Registration] basement.menu # 
# 2006-11-08 21.35.31 # com.appium.impl.core.xee.XManagerImpl.virtual                                              # Info      # [Secret XNode Registration] LinkSurveillance.menu # 
# 2006-11-08 21.35.31 # com.appium.impl.core.xee.XManagerImpl.virtual                                              # Info      # [Secret XNode Registration] versionhistory.menu # 
# 2006-11-08 21.35.31 # com.appium.impl.core.xee.XManagerImpl.virtual                                              # Info      # [XHandler Loaded] com.appium.Registry.RegistryPlatformModule (2859 ms) # 
# 2006-11-08 21.35.31 # com.appium.impl.core.xee.XManagerImpl.virtual                                              # Info      # [XHandler Loaded] com.appium.XView.Server.Backend.LogFileMarkerInserter$Impl/logfile-marker-inserter (16 ms) # 
# 2006-11-08 21.35.31 # com.appium.impl.core.xee.XManagerImpl.virtual                                              # Info      # [XHandler Loaded] com.appium.ExecDaemon.Client.ExecDaemonMonitor (16 ms) # 
# 2006-11-08 21.35.31 # com.appium.impl.core.xee.XManagerImpl.virtual                                              # Info      # [XHandler Loaded] com.appium.Monitoring.Alarm.d/alarm-info (15 ms) # 
# 2006-11-08 21.35.31 # com.appium.impl.core.xee.XManagerImpl.virtual                                              # Info      # [XHandler Loaded] com.appium.Monitoring.Alarm.AlarmLog/alarms (266 ms) # 
# 2006-11-08 21.35.31 # com.appium.impl.core.xee.XManagerImpl.virtual                                              # Info      # [XHandler Loaded] com.appium.Monitoring.StatusInfo.a/status-info (0 ms) # 
# 2006-11-08 21.35.31 # com.appium.impl.core.xee.XManagerImpl.virtual                                              # Info      # [XHandler Loaded] com.appium.Monitoring.Log.LogImplMain/logging (109 ms) # 
# 2006-11-08 21.35.31 # com.appium.impl.core.xee.XManagerImpl.virtual                                              # Info      # [XHandler Loaded] com.appium.Monitoring.Statistics.StatisticsImplMain/statistics (46 ms) # 
# 2006-11-08 21.35.31 # com.appium.impl.core.xee.XManagerImpl.virtual                                              # Info      # [XHandler Loaded] lib\wrappers\Kannel/com.appium.ResourceAdaptor.Wrappers.ResourceAdaptor/Kannel (0 ms) # 
# 2006-11-08 21.35.32 # com.appium.impl.core.xee.XManagerImpl.virtual                                              # Info      # [XHandler Loaded] lib\wrappers\OMA/com.appium.ResourceAdaptor.Wrappers.ResourceAdaptor/OMA (0 ms) # 
# 2006-11-08 21.35.32 # com.appium.impl.core.xee.XManagerImpl.virtual                                              # Info      # [XHandler Loaded] lib\wrappers\OSAX/com.appium.ParlayAdaptor.Wrappers.OSAX.ParlayAdaptor/OSAX (0 ms) # 
# 2006-11-08 21.35.32 # com.appium.impl.core.xee.XManagerImpl.virtual                                              # Info      # [XHandler Loaded] lib\wrappers\Parlay213/com.appium.ParlayAdaptor.Wrappers.ParlayAdaptor/Parlay213 (0 ms) # 
# 2006-11-08 21.35.32 # com.appium.impl.core.xee.XProcessImpl                                                      # Info      # Registering object: StatusInfoAccess on Acer:20000 # 
# 2006-11-08 21.35.32 # com.appium.impl.core.xee.XProcessImpl                                                      # Info      # Object active (new): StatusInfoAccess_Default@NSim.Default@localhost.0 (reported by ObjectRegistry) # 
# 2006-11-08 21.35.32 # com.appium.Monitoring.Log.DebugLog                                                         # Info      # Purging Debug log files before 2006-11-06 21:35:32 # 
# 2006-11-08 21.35.35 # com.appium.impl.core.xee.XManagerImpl.virtual                                              # Info      # [XHandler Loaded] com.appium.TAS.RateControl.CoreImpl.LoadEstimationFactoryImpl (0 ms) # 
# 2006-11-08 21.35.35 # com.appium.impl.core.xee.XManagerImpl.virtual                                              # Info      # [XHandler Loaded] lib\wrappers\Parlay31/com.appium.ParlayAdaptor.Wrappers.ParlayAdaptor/Parlay31 (0 ms) # 
# 2006-11-08 21.35.35 # com.appium.impl.core.xee.XManagerImpl.virtual                                              # Info      # [XHandler Loaded] lib\wrappers\Parlay32/com.appium.ParlayAdaptor.Wrappers.ParlayAdaptor/Parlay32 (0 ms) # 
# 2006-11-08 21.35.35 # com.appium.impl.core.xee.XManagerImpl.virtual                                              # Info      # [XHandler Loaded] com.appium.ResourceAdapterLoader.ResourceAdapterPlatformModule (110 ms) # 
# 2006-11-08 21.35.35 # com.appium.impl.core.xee.XManagerImpl.virtual                                              # Info      # [XHandler Loaded] com.appium.SNMP.a/snmp (62 ms) # 
# 2006-11-08 21.35.36 # com.appium.impl.core.xee.XManagerImpl.virtual                                              # Info      # [XHandler Loaded] com.appium.SystemInfo.ProcessInfoModule (156 ms) # 
# 2006-11-08 21.35.36 # com.appium.SystemInfo.SystemStatisticsModule                                               # Event     # Starting System Statistics... # 
# 2006-11-08 21.35.36 # com.appium.impl.core.xee.XManagerImpl.virtual                                              # Info      # [XHandler Loaded] com.appium.SystemInfo.SystemStatisticsModule (0 ms) # 
# 2006-11-08 21.35.36 # com.appium.impl.core.xee.XManagerImpl.virtual                                              # Info      # [XHandler Loaded] com.appium.TAS.RateControl.StaticRateAdaptor.StaticRateAdaptorFactory (0 ms) # 
# 2006-11-08 21.35.36 # com.appium.impl.core.xee.XManagerImpl.virtual                                              # Info      # [XHandler Loaded] com.appium.TAS.RateControl.LoadLevelRateAdaptor.LoadLevelRateAdaptorFactory (0 ms) # 
# 2006-11-08 21.35.36 # com.appium.impl.core.xee.XManagerImpl.virtual                                              # Info      # [XHandler Loaded] com.appium.TAS.RateControl.LeakyBucketRateRestrictor2.LeakyBucketRRFactory (0 ms) # 
# 2006-11-08 21.35.36 # com.appium.impl.core.xee.XManagerImpl.virtual                                              # Info      # [XHandler Loaded] com.appium.TAS.RateControl.CoreImpl.LoadConfigImpl (31 ms) # 
# 2006-11-08 21.35.36 # com.appium.impl.core.xee.XManagerImpl.virtual                                              # Info      # [XHandler Loaded] com.appium.TAS.RateControl.RateManager (0 ms) # 
# 2006-11-08 21.35.36 # com.appium.impl.core.xee.XManagerImpl.virtual                                              # Info      # [Secret XNode Registration] sessiontransport.menu # 
# 2006-11-08 21.35.36 # com.appium.impl.core.xee.XManagerImpl.virtual                                              # Info      # [Secret XNode Registration] serviceconfig.menu # 
# 2006-11-08 21.35.36 # com.appium.impl.core.xee.XManagerImpl.virtual                                              # Info      # [Secret XNode Registration] sc.sl.service_list.menu # 
# 2006-11-08 21.35.36 # com.appium.impl.core.xee.XManagerImpl.virtual                                              # Info      # [XHandler Loaded] com.appium.TAS.TASPlatformModule (32 ms) # 
# 2006-11-08 21.35.36 # com.appium.impl.core.xee.XManagerImpl.virtual                                              # Info      # [XHandler Loaded] com.appium.NSim.NSimMain/nsim (31 ms) # 
# 2006-11-08 21.35.38 # com.appium.Basement.XNodeConfig.XEEXNodesXHandler                                          # Info      # [Commit XNode] license.menu # 
# 2006-11-08 21.35.38 # com.appium.Basement.XNodeConfig.XEEXNodesXHandler                                          # Info      # [Commit XNode] basement.menu # 
# 2006-11-08 21.35.39 # com.appium.Basement.XNodeConfig.XEEXNodesXHandler                                          # Info      # [Commit XNode] LinkSurveillance.menu # 
# 2006-11-08 21.35.40 # com.appium.Basement.XNodeConfig.XEEXNodesXHandler                                          # Info      # [Commit XNode] versionhistory.menu # 
# 2006-11-08 21.35.40 # com.appium.Basement.XNodeConfig.XEEXNodesXHandler                                          # Info      # [Commit XNode] oam.snmp_settings.menu # 
# 2006-11-08 21.35.43 # com.appium.SNMP.Agent                                                                      # Info      # SNMP Agent listening on port 1968 # 
# 2006-11-08 21.35.43 # com.appium.SNMP.Agent                                                                      # Info      # Successfully initialized the SNMP Agent # 
# 2006-11-08 21.35.43 # com.appium.Basement.XNodeConfig.XEEXNodesXHandler                                          # Info      # [Commit XNode] LoadConfig.menu # 
# 2006-11-08 21.35.45 # com.appium.Basement.XNodeConfig.XEEXNodesXHandler                                          # Info      # [Commit XNode] sessiontransport.menu # 
# 2006-11-08 21.35.45 # com.appium.Basement.XNodeConfig.XEEXNodesXHandler                                          # Info      # [Commit XNode] serviceconfig.menu # 
# 2006-11-08 21.35.45 # com.appium.Basement.XNodeConfig.XEEXNodesXHandler                                          # Info      # [Commit XNode] sc.sl.service_list.menu # 
# 2006-11-08 21.35.45 # Gateway                                                                                    # Event     # Starting NSim... # 
# 2006-11-08 21.35.45 # com.appium.impl.core.xee.XProcessImpl                                                      # Info      # Registering object: ServiceUpdate on Acer:20000 # 
# 2006-11-08 21.35.45 # com.appium.impl.core.xee.XProcessImpl                                                      # Info      # Object activated: NSim.Default@localhost.0 (reported by ObjectRegistry) # 
# 2006-11-08 21.35.45 # com.appium.impl.core.xee.XProcessImpl                                                      # Info      # Object active (new): ServiceUpdate_Default@NSim.Default@localhost.0 (reported by ObjectRegistry) # 
# 2006-11-08 21.36.49 # Gateway                                                                                    # Info      # Connected to network engine # 
# 2006-11-08 21.55.45 # com.appium.impl.core.xee.XProcessImpl                                                      # Info      # Object deactivated: XContainer.USTestApp@localhost.50 (reported by Surveillance  ) # 
# 2006-11-08 21.55.50 # com.appium.impl.core.xee.XProcessImpl                                                      # Info      # Object deactivated: SessionBackupStore_USTestApp@XContainer.USTestApp@localhost.50 (reported by Surveillance  ) # 
# 2006-11-08 21.56.00 # com.appium.impl.core.xee.XProcessImpl                                                      # Info      # Object deactivated: XContainer.XTE@localhost.0 (reported by Surveillance  ) # 
# 2006-11-08 21.56.08 # com.appium.impl.core.xee.XProcessImpl                                                      # Info      # Surveillance failed for process XContainer.USTestApp@localhost.50 # 
# 2006-11-08 21.56.08 # com.appium.impl.core.xee.XProcessImpl                                                      # Info      # Object offline: ServiceUpdate_USTestApp@XContainer.USTestApp@localhost.50 (reported by Surveillance ) # 
# 2006-11-08 21.56.12 # com.appium.impl.core.xee.XProcessImpl                                                      # Info      # Object offline: SessionBackupStore_USTestApp@XContainer.USTestApp@localhost.50 (reported by Surveillance ) # 
# 2006-11-08 21.56.12 # com.appium.impl.core.xee.XProcessImpl                                                      # Info      # Object offline: StatusInfoAccess_USTestApp@XContainer.USTestApp@localhost.50 (reported by Surveillance ) # 
# 2006-11-08 21.56.12 # com.appium.impl.core.xee.XProcessImpl                                                      # Info      # Object offline: VoiceServerAccess_USTestApp@XContainer.USTestApp@localhost.50 (reported by Surveillance ) # 
# 2006-11-08 21.56.12 # com.appium.impl.core.xee.XProcessImpl                                                      # Info      # Object offline: XContainer.USTestApp@localhost.50 (reported by Surveillance ) # 
# 2006-11-08 21.56.12 # com.appium.impl.core.xee.XProcessImpl                                                      # Info      # Object offline: XTransport_USTestApp@XContainer.USTestApp@localhost.50 (reported by Surveillance ) # 
# 2006-11-08 21.56.17 # com.appium.impl.core.xee.XProcessImpl                                                      # Info      # Object deactivated: NSim.Default@localhost.0 (reported by Surveillance  ) # 
