
# 2006-10-28 19.57.58 # com.appium.impl.core.xee.Bootstrap                                                         # Info      # ========== Process starting ========== # 
# 2006-10-28 19.58.08 # com.appium.impl.core.xee.XManagerImpl.virtual                                              # Info      # [XHandler Loaded] com.appium.impl.core.xee.LockImpl.LockImplMain$FactoryImpl (0 ms) # 
# 2006-10-28 19.58.08 # com.appium.impl.core.xee.XManagerImpl.virtual                                              # Info      # [XHandler Loaded] com.appium.impl.upgrade.RemoveOldTags/RemoveOldTags (0 ms) # 
# 2006-10-28 19.58.08 # com.appium.impl.core.xee.XFileImpl.XLockableFileImpl                                       # Info      # Number of File Format Upgrade Handlers: 1 # 
# 2006-10-28 19.58.08 # com.appium.impl.core.xee.XFileImpl.XLockableFileImpl                                       # Info      # File format checked without changes by com.appium.impl.upgrade.RemoveOldTags # 
# 2006-10-28 19.58.08 # com.appium.impl.core.xee.XManagerImpl.virtual                                              # Info      # [XHandler Loaded] com.appium.impl.core.xee.XFileImpl.XLockableFileImpl/primary-config-file (94 ms) # 
# 2006-10-28 19.58.13 # com.appium.impl.core.xee.XManagerImpl.virtual                                              # Info      # [XHandler Loaded] com.appium.impl.core.xee.XCryptoImpl.XCryptoImplMain (5344 ms) # 
# 2006-10-28 19.58.16 # com.appium.impl.core.xee.XManagerImpl.virtual                                              # Info      # [XHandler Loaded] com.appium.impl.core.xee.XCorbaImpl.XCorbaImplMain/corba (2640 ms) # 
# 2006-10-28 19.58.16 # com.appium.impl.core.xee.XManagerImpl.virtual                                              # Info      # [XHandler Loaded] com.appium.impl.core.xee.XContextImpl.XContextImplMain (0 ms) # 
# 2006-10-28 19.58.16 # com.appium.impl.core.xee.XManagerImpl.virtual                                              # Info      # [XHandler Loaded] com.appium.impl.core.xee.XRunnerImpl.XRunnerImplMain/Registration Thread Pool (0 ms) # 
# 2006-10-28 19.58.16 # com.appium.impl.core.xee.XProcessImpl.XProcessImplMain                                     # Info      # XProcess.type: OAMServer # 
# 2006-10-28 19.58.16 # com.appium.impl.core.xee.XProcessImpl.XProcessImplMain                                     # Info      # XProcess.group: Primary # 
# 2006-10-28 19.58.16 # com.appium.impl.core.xee.XProcessImpl.XProcessImplMain                                     # Info      # XProcess.processID: OAMServer.Primary # 
# 2006-10-28 19.58.16 # com.appium.impl.core.xee.XProcessImpl.XProcessImplMain                                     # Info      # XProcess.index: 0 # 
# 2006-10-28 19.58.16 # com.appium.impl.core.xee.XProcessImpl.XProcessImplMain                                     # Info      # XProcess.OAMServerAddress (supplied): Acer # 
# 2006-10-28 19.58.16 # com.appium.impl.core.xee.XProcessImpl.XProcessImplMain                                     # Info      # XProcess.OAMServerAddress (complete): Acer:20000 # 
# 2006-10-28 19.58.16 # com.appium.impl.core.xee.XProcessImpl                                                      # Info      # Exposing MainRegistryAccess port on: 20000 # 
# 2006-10-28 19.58.17 # com.appium.impl.core.xee.XProcessImpl                                                      # Info      # RegistrationHandler created for Acer:20000 # 
# 2006-10-28 19.58.17 # com.appium.impl.core.xee.XProcessImpl                                                      # Info      # RegistrationHandler for Acer:20000 will run locally without CORBA communication. # 
# 2006-10-28 19.58.17 # com.appium.impl.core.xee.XProcessImpl                                                      # Info      # RegistrationHandler started for Acer:20000 # 
# 2006-10-28 19.58.17 # com.appium.impl.core.xee.XManagerImpl.virtual                                              # Info      # [XHandler Loaded] com.appium.impl.core.xee.XProcessImpl.XProcessImplMain (688 ms) # 
# 2006-10-28 19.58.17 # com.appium.impl.core.xee.XProcessImpl                                                      # Info      # Registration available on: Acer:20000 # 
# 2006-10-28 19.58.17 # com.appium.impl.core.xee.XProcessImpl                                                      # Info      # Registering object: OAMServer on Acer:20000 # 
# 2006-10-28 19.58.17 # com.appium.impl.core.xee.XProcessImpl                                                      # Info      # Process online: OAMServer.Primary (inactive) # 
# 2006-10-28 19.58.17 # com.appium.impl.core.xee.XProcessImpl                                                      # Info      # Registering object: XTransport on Acer:20000 # 
# 2006-10-28 19.58.17 # com.appium.impl.core.xee.XProcessImpl                                                      # Info      # Starting Process Surveillance Thread for OAMServer.Primary # 
# 2006-10-28 19.58.18 # com.appium.impl.core.xee.XProcessImpl                                                      # Info      # Object active (new): XTransport_Primary@OAMServer.Primary (reported by ObjectRegistry) # 
# 2006-10-28 19.58.18 # com.appium.impl.core.xee.XManagerImpl.virtual                                              # Info      # [XHandler Loaded] com.appium.impl.core.xee.XTransportImpl.XTransportImplMain (875 ms) # 
# 2006-10-28 19.58.18 # com.appium.impl.core.xee.XFileImpl.XSynchronizedFileImpl                                   # Error     # Failed to copy xml file content from remote OAM Server  - XTransport$REMOTE_XHANDLER_NOT_FOUND - No XHandler with the ID='secondary-config-file' could be found in any process. # 
com.appium.core.xee.XTransport$REMOTE_XHANDLER_NOT_FOUND: No XHandler with the ID='secondary-config-file' could be found in any process.
	at com.appium.impl.core.xee.XTransportImpl.XTransportImplMain$ObjectInvocationHandler.invoke(Unknown Source)
	at $Proxy9.load(Unknown Source)
	at com.appium.impl.core.xee.XFileImpl.XSynchronizedFileImpl.a(Unknown Source)
	at com.appium.impl.core.xee.XFileImpl.XSynchronizedFileImpl.<init>(Unknown Source)
	at sun.reflect.NativeConstructorAccessorImpl.newInstance0(Native Method)
	at sun.reflect.NativeConstructorAccessorImpl.newInstance(Unknown Source)
	at sun.reflect.DelegatingConstructorAccessorImpl.newInstance(Unknown Source)
	at java.lang.reflect.Constructor.newInstance(Unknown Source)
	at com.appium.impl.core.xee.XManagerImpl.virtual.h$d_$0.b(Unknown Source)
	at com.appium.impl.core.xee.XManagerImpl.d.run(Unknown Source)

# 2006-10-28 19.58.18 # com.appium.impl.core.xee.XManagerImpl.virtual                                              # Info      # [XHandler Loaded] com.appium.impl.core.xee.XFileImpl.XSynchronizedFileImpl/TASxml (0 ms) # 
# 2006-10-28 19.58.18 # com.appium.impl.core.xee.XManagerImpl.virtual                                              # Info      # [XHandler Loaded] com.appium.impl.core.xee.XConfigImpl.XConfigImplMain/xconfig (0 ms) # 
# 2006-10-28 19.58.18 # com.appium.impl.core.xee.XManagerImpl.virtual                                              # Info      # [XHandler Loaded] com.appium.impl.core.xee.XProcessImpl.XProcessConfigurator/xprocess-configurator (0 ms) # 
# 2006-10-28 19.58.18 # com.appium.impl.core.xee.XManagerImpl.virtual                                              # Info      # [XHandler Loaded] com.appium.Basement.Registry.LegacyRegistryToXEEAdaptor (203 ms) # 
# 2006-10-28 19.58.18 # com.appium.impl.core.xee.XManagerImpl.virtual                                              # Info      # [XHandler Loaded] com.appium.Basement.Registry.OAM.ConfigXMLEditorBackendProviderImpl (0 ms) # 
# 2006-10-28 19.58.18 # com.appium.impl.core.xee.XManagerImpl.virtual                                              # Info      # [XHandler Loaded] com.appium.impl.core.xee.XSessionsImpl.e/session-distributed-registry (16 ms) # 
# 2006-10-28 19.58.18 # com.appium.impl.core.xee.XManagerImpl.virtual                                              # Info      # [XHandler Loaded] com.appium.impl.core.xee.XSessionsImpl.a/basic-session-id-handler (15 ms) # 
# 2006-10-28 19.58.18 # com.appium.impl.core.xee.XManagerImpl.virtual                                              # Info      # [XHandler Loaded] com.appium.impl.core.xee.XSessionsImpl.XSessionsImplMain/xsessions (16 ms) # 
# 2006-10-28 19.58.20 # com.appium.impl.core.xee.XManagerImpl.virtual                                              # Info      # [Secret XNode Registration] license.menu # 
# 2006-10-28 19.58.20 # com.appium.impl.core.xee.XManagerImpl.virtual                                              # Info      # [XHandler Loaded] com.appium.Basement.XNodeConfig.XEEXNodesXHandler (0 ms) # 
# 2006-10-28 19.58.24 # com.appium.impl.core.xee.XManagerImpl.virtual                                              # Info      # [Secret XNode Registration] basement.menu # 
# 2006-10-28 19.58.24 # com.appium.impl.core.xee.XManagerImpl.virtual                                              # Info      # [Secret XNode Registration] LinkSurveillance.menu # 
# 2006-10-28 19.58.24 # com.appium.impl.core.xee.XManagerImpl.virtual                                              # Info      # [Secret XNode Registration] versionhistory.menu # 
# 2006-10-28 19.58.24 # com.appium.impl.core.xee.XManagerImpl.virtual                                              # Info      # [XHandler Loaded] com.appium.Registry.RegistryPlatformModule (5891 ms) # 
# 2006-10-28 19.58.24 # com.appium.impl.core.xee.XManagerImpl.virtual                                              # Info      # [XHandler Loaded] com.appium.XView.Server.Backend.LogFileMarkerInserter$Impl/logfile-marker-inserter (0 ms) # 
# 2006-10-28 19.58.24 # com.appium.impl.core.xee.XManagerImpl.virtual                                              # Info      # [XHandler Loaded] com.appium.ExecDaemon.Client.ExecDaemonMonitor (0 ms) # 
# 2006-10-28 19.58.24 # com.appium.impl.core.xee.XManagerImpl.virtual                                              # Info      # [XHandler Loaded] com.appium.Monitoring.Alarm.d/alarm-info (0 ms) # 
# 2006-10-28 19.58.24 # com.appium.impl.core.xee.XManagerImpl.virtual                                              # Info      # [XHandler Loaded] com.appium.Monitoring.Alarm.AlarmLog/alarms (63 ms) # 
# 2006-10-28 19.58.24 # com.appium.impl.core.xee.XManagerImpl.virtual                                              # Info      # [XHandler Loaded] com.appium.Monitoring.StatusInfo.a/status-info (16 ms) # 
# 2006-10-28 19.58.24 # com.appium.Monitoring.Log.LogImplMain                                                      # Error     # LOGGING ENDS HERE since logging is disabled for Debug in the Log configuration (this line is only here because startup log files cannot be deleted if opened in Windows) (msg no. 1) # 
# 2006-10-28 19.58.24 # com.appium.Monitoring.Log.LogImplMain                                                      # Error     # LOGGING ENDS HERE since logging is disabled for Debug in the Log configuration (this line is only here because startup log files cannot be deleted if opened in Windows) (msg no. 2) # 
# 2006-10-28 19.58.24 # com.appium.Monitoring.Log.LogImplMain                                                      # Error     # LOGGING ENDS HERE since logging is disabled for Debug in the Log configuration (this line is only here because startup log files cannot be deleted if opened in Windows) (msg no. 3) # 
# 2006-10-28 19.58.24 # com.appium.Monitoring.Log.LogImplMain                                                      # Error     # LOGGING ENDS HERE since logging is disabled for Debug in the Log configuration (this line is only here because startup log files cannot be deleted if opened in Windows) (msg no. 4) # 
# 2006-10-28 19.58.24 # com.appium.Monitoring.Log.LogImplMain                                                      # Error     # LOGGING ENDS HERE since logging is disabled for Debug in the Log configuration (this line is only here because startup log files cannot be deleted if opened in Windows) (msg no. 5) # 
# 2006-10-28 19.58.24 # com.appium.Monitoring.Log.LogImplMain                                                      # Error     # LOGGING ENDS HERE since logging is disabled for Debug in the Log configuration (this line is only here because startup log files cannot be deleted if opened in Windows) (msg no. 6) # 
# 2006-10-28 19.58.24 # com.appium.Monitoring.Log.LogImplMain                                                      # Error     # LOGGING ENDS HERE since logging is disabled for Debug in the Log configuration (this line is only here because startup log files cannot be deleted if opened in Windows) (msg no. 7) # 
# 2006-10-28 19.58.24 # com.appium.Monitoring.Log.LogImplMain                                                      # Error     # LOGGING ENDS HERE since logging is disabled for Debug in the Log configuration (this line is only here because startup log files cannot be deleted if opened in Windows) (msg no. 8) # 
# 2006-10-28 19.58.24 # com.appium.Monitoring.Log.LogImplMain                                                      # Error     # LOGGING ENDS HERE since logging is disabled for Debug in the Log configuration (this line is only here because startup log files cannot be deleted if opened in Windows) (msg no. 9) # 
# 2006-10-28 19.58.24 # com.appium.Monitoring.Log.LogImplMain                                                      # Error     # LOGGING ENDS HERE since logging is disabled for Debug in the Log configuration (this line is only here because startup log files cannot be deleted if opened in Windows) (msg no. 10) # 
# 2006-10-28 19.58.24 # com.appium.impl.core.xee.XManagerImpl.virtual                                              # Info      # [XHandler Loaded] com.appium.Monitoring.Log.LogImplMain/logging (78 ms) # 
# 2006-10-28 19.58.25 # com.appium.Monitoring.Log.LogImplMain$Deleter                                              # Info      # Trying to delete file: C:\Appium\Appium-XWay\log\Debug OAMServer.Primary 2006-10-28 00000001.log # 
# 2006-10-28 19.58.25 # com.appium.Monitoring.Log.LogImplMain                                                      # Info      # Successfully deleted startup logging file: C:\Appium\Appium-XWay\log\Debug OAMServer.Primary 2006-10-28 00000001.log # 
# 2006-10-28 19.58.25 # com.appium.impl.core.xee.XManagerImpl.virtual                                              # Info      # [XHandler Loaded] com.appium.Monitoring.Statistics.StatisticsImplMain/statistics (46 ms) # 
# 2006-10-28 19.58.25 # com.appium.impl.core.xee.XManagerImpl.virtual                                              # Info      # [XHandler Loaded] lib\wrappers\Kannel/com.appium.ResourceAdaptor.Wrappers.ResourceAdaptor/Kannel (16 ms) # 
# 2006-10-28 19.58.25 # com.appium.impl.core.xee.XManagerImpl.virtual                                              # Info      # [XHandler Loaded] lib\wrappers\OMA/com.appium.ResourceAdaptor.Wrappers.ResourceAdaptor/OMA (16 ms) # 
# 2006-10-28 19.58.25 # com.appium.impl.core.xee.XManagerImpl.virtual                                              # Info      # [XHandler Loaded] lib\wrappers\OSAX/com.appium.ParlayAdaptor.Wrappers.OSAX.ParlayAdaptor/OSAX (0 ms) # 
# 2006-10-28 19.58.25 # com.appium.impl.core.xee.XProcessImpl                                                      # Info      # Registering object: StatusInfoAccess on Acer:20000 # 
# 2006-10-28 19.58.25 # com.appium.impl.core.xee.XProcessImpl                                                      # Info      # Object active (new): StatusInfoAccess_Primary@OAMServer.Primary (reported by ObjectRegistry) # 
# 2006-10-28 19.58.25 # com.appium.impl.core.xee.XManagerImpl.virtual                                              # Info      # [XHandler Loaded] lib\wrappers\Parlay213/com.appium.ParlayAdaptor.Wrappers.ParlayAdaptor/Parlay213 (0 ms) # 
# 2006-10-28 19.58.25 # com.appium.Monitoring.Log.DebugLog                                                         # Info      # Purging Debug log files before 2006-10-26 19:58:25 # 
# 2006-10-28 19.58.28 # com.appium.impl.core.xee.XManagerImpl.virtual                                              # Info      # [XHandler Loaded] com.appium.TAS.RateControl.CoreImpl.LoadEstimationFactoryImpl (0 ms) # 
# 2006-10-28 19.58.28 # com.appium.impl.core.xee.XManagerImpl.virtual                                              # Info      # [XHandler Loaded] lib\wrappers\Parlay31/com.appium.ParlayAdaptor.Wrappers.ParlayAdaptor/Parlay31 (15 ms) # 
# 2006-10-28 19.58.29 # com.appium.impl.core.xee.XManagerImpl.virtual                                              # Info      # [XHandler Loaded] lib\wrappers\Parlay32/com.appium.ParlayAdaptor.Wrappers.ParlayAdaptor/Parlay32 (0 ms) # 
# 2006-10-28 19.58.29 # com.appium.impl.core.xee.XManagerImpl.virtual                                              # Info      # [XHandler Loaded] com.appium.ResourceAdapterLoader.ResourceAdapterPlatformModule (78 ms) # 
# 2006-10-28 19.58.29 # com.appium.impl.core.xee.XManagerImpl.virtual                                              # Info      # [XHandler Loaded] com.appium.SNMP.a/snmp (0 ms) # 
# 2006-10-28 19.58.30 # com.appium.impl.core.xee.XManagerImpl.virtual                                              # Info      # [XHandler Loaded] com.appium.SystemInfo.ProcessInfoModule (63 ms) # 
# 2006-10-28 19.58.30 # com.appium.SystemInfo.SystemStatisticsModule                                               # Event     # Starting System Statistics... # 
# 2006-10-28 19.58.30 # com.appium.impl.core.xee.XManagerImpl.virtual                                              # Info      # [XHandler Loaded] com.appium.SystemInfo.SystemStatisticsModule (0 ms) # 
# 2006-10-28 19.58.30 # com.appium.impl.core.xee.XManagerImpl.virtual                                              # Info      # [XHandler Loaded] com.appium.TAS.RateControl.StaticRateAdaptor.StaticRateAdaptorFactory (0 ms) # 
# 2006-10-28 19.58.30 # com.appium.impl.core.xee.XManagerImpl.virtual                                              # Info      # [XHandler Loaded] com.appium.TAS.RateControl.LoadLevelRateAdaptor.LoadLevelRateAdaptorFactory (0 ms) # 
# 2006-10-28 19.58.30 # com.appium.impl.core.xee.XManagerImpl.virtual                                              # Info      # [XHandler Loaded] com.appium.TAS.RateControl.LeakyBucketRateRestrictor2.LeakyBucketRRFactory (0 ms) # 
# 2006-10-28 19.58.30 # com.appium.impl.core.xee.XManagerImpl.virtual                                              # Info      # [XHandler Loaded] com.appium.TAS.RateControl.CoreImpl.LoadConfigImpl (0 ms) # 
# 2006-10-28 19.58.30 # com.appium.impl.core.xee.XManagerImpl.virtual                                              # Info      # [XHandler Loaded] com.appium.TAS.RateControl.RateManager (0 ms) # 
# 2006-10-28 19.58.30 # com.appium.impl.core.xee.XManagerImpl.virtual                                              # Info      # [Secret XNode Registration] sessiontransport.menu # 
# 2006-10-28 19.58.30 # com.appium.impl.core.xee.XManagerImpl.virtual                                              # Info      # [Secret XNode Registration] serviceconfig.menu # 
# 2006-10-28 19.58.30 # com.appium.impl.core.xee.XManagerImpl.virtual                                              # Info      # [Secret XNode Registration] sc.sl.service_list.menu # 
# 2006-10-28 19.58.30 # com.appium.impl.core.xee.XManagerImpl.virtual                                              # Info      # [XHandler Loaded] com.appium.TAS.TASPlatformModule (31 ms) # 
# 2006-10-28 19.58.30 # com.appium.impl.core.xee.XManagerImpl.virtual                                              # Info      # [XHandler Loaded] com.appium.Basement.UserRoles.UserGroupConfig/user-roles (172 ms) # 
# 2006-10-28 19.58.30 # com.appium.impl.core.xee.XManagerImpl.virtual                                              # Info      # [XHandler Loaded] com.appium.Basement.XNodeEditor.XNodeEditorMain (0 ms) # 
# 2006-10-28 19.58.30 # com.appium.impl.core.xee.XManagerImpl.virtual                                              # Info      # [XHandler Loaded] com.appium.TASStatusRMI.a (0 ms) # 
# 2006-10-28 19.58.30 # com.appium.impl.core.xee.XManagerImpl.virtual                                              # Info      # [XHandler Loaded] com.appium.Monitoring.Alarm.e/alarm-global-cache (157 ms) # 
# 2006-10-28 19.58.31 # com.appium.impl.core.xee.XManagerImpl.virtual                                              # Info      # [XHandler Loaded] com.appium.SNMP.f/snmp-with-control (1171 ms) # 
# 2006-10-28 19.58.32 # com.appium.impl.core.xee.XProcessImpl                                                      # Info      # Registering object: TraceReceiver on Acer:20000 # 
# 2006-10-28 19.58.32 # com.appium.impl.core.xee.XProcessImpl                                                      # Info      # Object active (new): TraceReceiver_Primary@OAMServer.Primary (reported by ObjectRegistry) # 
# 2006-10-28 19.58.32 # com.appium.impl.core.xee.XManagerImpl.virtual                                              # Info      # [XHandler Loaded] com.appium.ExecDaemon.ExecDaemonMain (1063 ms) # 
# 2006-10-28 19.58.32 # com.appium.impl.core.xee.XManagerImpl.virtual                                              # Info      # [XHandler Loaded] com.appium.XView.Server.FileAccess.FileAccessDaemonModule (47 ms) # 
# 2006-10-28 19.58.32 # com.appium.impl.core.xee.XManagerImpl.virtual                                              # Info      # [XHandler Loaded] com.appium.Monitoring.StatusInfo.HostStatusDaemonModule (16 ms) # 
# 2006-10-28 19.58.32 # com.appium.SystemInfo.SystemInfoModule                                                     # Event     # Starting System Info... # 
# 2006-10-28 19.58.33 # com.appium.impl.core.xee.XManagerImpl.virtual                                              # Info      # [XHandler Loaded] com.appium.SystemInfo.SystemInfoModule (78 ms) # 
# 2006-10-28 19.58.33 # com.appium.impl.core.xee.XManagerImpl.virtual                                              # Info      # [XHandler Loaded] com.appium.Registry.Config.GroupManager (0 ms) # 
# 2006-10-28 19.58.33 # com.appium.impl.core.xee.XManagerImpl.virtual                                              # Info      # [Secret XNode Registration] versionhistory.menu # 
# 2006-10-28 19.58.33 # com.appium.impl.core.xee.XManagerImpl.virtual                                              # Info      # [XHandler Loaded] com.appium.Registry.RegistryServerModule (125 ms) # 
# 2006-10-28 19.58.33 # com.appium.impl.core.xee.XManagerImpl.virtual                                              # Info      # [XHandler Loaded] com.appium.Registry.b.a/autorestart-daemon (0 ms) # 
# 2006-10-28 19.58.33 # com.appium.impl.core.xee.XManagerImpl.virtual                                              # Info      # [XHandler Loaded] com.appium.MMC.Server.MMCServer/mmc-server (0 ms) # 
# 2006-10-28 19.58.33 # com.appium.impl.core.xee.XProcessImpl                                                      # Info      # Registering object: XNodeDatabase on Acer:20000 # 
# 2006-10-28 19.58.33 # com.appium.impl.core.xee.XProcessImpl                                                      # Info      # Object active (new): XNodeDatabase_Primary@OAMServer.Primary (reported by ObjectRegistry) # 
# 2006-10-28 19.58.35 # com.appium.impl.core.xee.XManagerImpl.virtual                                              # Info      # [Secret XNode Registration] distributor.cryptokey.menu.OAMServer.Primary # 
# 2006-10-28 19.58.35 # com.appium.impl.core.xee.XManagerImpl.virtual                                              # Info      # [Secret XNode Registration] UserActionLog.menu # 
# 2006-10-28 19.58.35 # com.appium.impl.core.xee.XManagerImpl.virtual                                              # Info      # [Secret XNode Registration] ApplicationLogonBanner.menu # 
# 2006-10-28 19.58.35 # com.appium.impl.core.xee.XManagerImpl.virtual                                              # Info      # [Secret XNode Registration] confirm.menu # 
# 2006-10-28 19.58.35 # com.appium.impl.core.xee.XManagerImpl.virtual                                              # Info      # [XHandler Loaded] com.appium.Monitoring.MonitoringServerModule/server-monitoring (1922 ms) # 
# 2006-10-28 19.58.36 # com.appium.impl.core.xee.XManagerImpl.virtual                                              # Info      # [XHandler Loaded] com.appium.ResourceAdapterLoader.Framework.FrameworkConfig (922 ms) # 
# 2006-10-28 19.58.36 # com.appium.impl.core.xee.XManagerImpl.virtual                                              # Info      # [XHandler Loaded] com.appium.ResourceAdapterLoader.Framework.ServiceStatusConfig (0 ms) # 
# 2006-10-28 19.58.36 # com.appium.impl.core.xee.XManagerImpl.virtual                                              # Info      # [XHandler Loaded] com.appium.XView.Server.ProcessControlAPI (0 ms) # 
# 2006-10-28 19.58.36 # com.appium.impl.core.xee.XManagerImpl.virtual                                              # Info      # [XHandler Loaded] com.appium.XView.Server.SystemStatusAPI (16 ms) # 
# 2006-10-28 19.58.36 # com.appium.impl.core.xee.XManagerImpl.virtual                                              # Info      # [XHandler Loaded] com.appium.XView.Server.Backend.XViewConfigFileImpl (94 ms) # 
# 2006-10-28 19.58.36 # com.appium.impl.core.xee.XManagerImpl.virtual                                              # Info      # [XHandler Loaded] com.appium.XView.Server.Backend.GroupConnectionsCache$Impl (0 ms) # 
# 2006-10-28 19.58.36 # com.appium.impl.core.xee.XManagerImpl.virtual                                              # Info      # [XHandler Loaded] com.appium.XView.Server.GraphAPI (0 ms) # 
# 2006-10-28 19.58.36 # com.appium.impl.core.xee.XManagerImpl.virtual                                              # Info      # [XHandler Loaded] com.appium.impl.core.xee.XMulticastImpl.XMulticastImplMain (0 ms) # 
# 2006-10-28 19.58.36 # com.appium.impl.core.xee.XManagerImpl.virtual                                              # Info      # [XHandler Loaded] com.appium.XView.Server.c.XManagerClientImplMain (0 ms) # 
# 2006-10-28 19.58.36 # com.appium.impl.core.xee.XManagerImpl.virtual                                              # Info      # [XHandler Loaded] com.appium.XView.Server.SPagesAPI (0 ms) # 
# 2006-10-28 19.58.36 # com.appium.impl.core.xee.XManagerImpl.virtual                                              # Info      # [XHandler Loaded] com.appium.XView.Server.LayoutAPI (0 ms) # 
# 2006-10-28 19.58.36 # com.appium.impl.core.xee.XManagerImpl.virtual                                              # Info      # [XHandler Loaded] com.appium.XView.Server.AlarmAPI (0 ms) # 
# 2006-10-28 19.58.36 # com.appium.impl.core.xee.XManagerImpl.virtual                                              # Info      # [XHandler Loaded] com.appium.XView.Server.FlowLog.FlowLogAPI (0 ms) # 
# 2006-10-28 19.58.36 # com.appium.impl.core.xee.XManagerImpl.virtual                                              # Info      # [XHandler Loaded] com.appium.XView.Server.FileAccess.FileAccessAPI (0 ms) # 
# 2006-10-28 19.58.36 # com.appium.impl.core.xee.XManagerImpl.virtual                                              # Info      # [XHandler Loaded] com.appium.XView.Server.Hardware.HardwareAPI (0 ms) # 
# 2006-10-28 19.58.36 # com.appium.impl.core.xee.XManagerImpl.virtual                                              # Info      # [XHandler Loaded] com.appium.XView.Server.UsersAPI (0 ms) # 
# 2006-10-28 19.58.36 # com.appium.impl.core.xee.XManagerImpl.virtual                                              # Info      # [XHandler Loaded] com.appium.XView.Server.XViewConfigFileTransportAPI (15 ms) # 
# 2006-10-28 19.58.36 # com.appium.impl.core.xee.XManagerImpl.virtual                                              # Info      # [XHandler Loaded] com.appium.XView.Server.XWayInfoAPI (0 ms) # 
# 2006-10-28 19.58.36 # com.appium.impl.core.xee.XManagerImpl.virtual                                              # Info      # [XHandler Loaded] com.appium.XView.Server.OtherObjectsAPI (0 ms) # 
# 2006-10-28 19.58.36 # com.appium.impl.core.xee.XManagerImpl.virtual                                              # Info      # [XHandler Loaded] com.appium.XView.Server.EditSiteLabelAPI (0 ms) # 
# 2006-10-28 19.58.36 # com.appium.impl.core.xee.XManagerImpl.virtual                                              # Info      # [XHandler Loaded] com.appium.Monitoring.Statistics.g/statistics-provider (15 ms) # 
# 2006-10-28 19.58.36 # com.appium.impl.core.xee.XManagerImpl.virtual                                              # Info      # [XHandler Loaded] com.appium.XView.Server.StatisticsAPI (0 ms) # 
# 2006-10-28 19.58.36 # com.appium.impl.core.xee.XManagerImpl.virtual                                              # Info      # [XHandler Loaded] com.appium.XView.Server.TimeZoneAPI (0 ms) # 
# 2006-10-28 19.58.36 # com.appium.impl.core.xee.XManagerImpl.virtual                                              # Info      # [Secret XNode Registration] hosts.menu # 
# 2006-10-28 19.58.36 # com.appium.impl.core.xee.XManagerImpl.virtual                                              # Info      # [XHandler Loaded] com.appium.XView.Server.XViewServerModule (219 ms) # 
# 2006-10-28 19.58.36 # com.appium.TASStatusRMI                                                                    # Info      # Starting RMI Registry # 
# 2006-10-28 19.58.36 # com.appium.TASStatusRMI                                                                    # Info      # RMI registry created and exported on port 1099 # 
# 2006-10-28 19.58.36 # com.appium.impl.core.xee.XManagerImpl.virtual                                              # Info      # [XHandler Loaded] com.appium.TASStatusRMI.j/rmi (62 ms) # 
# 2006-10-28 19.58.36 # com.appium.impl.core.xee.XManagerImpl.virtual                                              # Info      # [XHandler Loaded] com.appium.impl.core.xstorage.StorageManagerImpl.StorageManagerImplMain$FactoryImpl/storage-manager (16 ms) # 
# 2006-10-28 19.58.36 # com.appium.impl.core.xee.XManagerImpl.virtual                                              # Info      # [XHandler Loaded] com.appium.impl.ws.control.ProvisioningImpl.ProvisioningImplOAM/XEEProvisioningOAM (78 ms) # 
# 2006-10-28 19.58.36 # com.appium.Basement.XNodeConfig.XEEXNodesXHandler                                          # Info      # [Commit XNode] license.menu # 
# 2006-10-28 19.58.37 # com.appium.Basement.XNodeConfig.XEEXNodesXHandler                                          # Info      # [Commit XNode] basement.menu # 
# 2006-10-28 19.58.37 # com.appium.Basement.XNodeConfig.XEEXNodesXHandler                                          # Info      # [Commit XNode] LinkSurveillance.menu # 
# 2006-10-28 19.58.37 # com.appium.Basement.XNodeConfig.XEEXNodesXHandler                                          # Info      # [Commit XNode] versionhistory.menu # 
# 2006-10-28 19.58.37 # com.appium.Basement.XNodeConfig.XEEXNodesXHandler                                          # Info      # [Commit XNode] oam.snmp_settings.menu # 
# 2006-10-28 19.58.39 # com.appium.SNMP.Agent                                                                      # Info      # Successfully initialized the SNMP Agent # 
# 2006-10-28 19.58.39 # com.appium.Basement.XNodeConfig.XEEXNodesXHandler                                          # Info      # [Commit XNode] LoadConfig.menu # 
# 2006-10-28 19.58.39 # com.appium.Basement.XNodeConfig.XEEXNodesXHandler                                          # Info      # [Commit XNode] sessiontransport.menu # 
# 2006-10-28 19.58.39 # com.appium.Basement.XNodeConfig.XEEXNodesXHandler                                          # Info      # [Commit XNode] serviceconfig.menu # 
# 2006-10-28 19.58.39 # com.appium.Basement.XNodeConfig.XEEXNodesXHandler                                          # Info      # [Commit XNode] sc.sl.service_list.menu # 
# 2006-10-28 19.58.39 # com.appium.Basement.XNodeConfig.XEEXNodesXHandler                                          # Info      # [Commit XNode] UserGroups.MENU # 
# 2006-10-28 19.58.39 # com.appium.impl.core.xee.XProcessImpl                                                      # Info      # Registering object: ServiceUpdate on Acer:20000 # 
# 2006-10-28 19.58.39 # com.appium.impl.core.xee.XProcessImpl                                                      # Info      # Object active (new): ServiceUpdate_Primary@OAMServer.Primary (reported by ObjectRegistry) # 
# 2006-10-28 19.58.39 # com.appium.Basement.XNodeConfig.XEEXNodesXHandler                                          # Info      # [Commit XNode] oam.rmi_settings.menu # 
# 2006-10-28 19.58.39 # com.appium.Basement.XNodeConfig.XEEXNodesXHandler                                          # Info      # [Commit XNode] AutoRestartConfig.menu # 
# 2006-10-28 19.58.39 # com.appium.Basement.XNodeConfig.XEEXNodesXHandler                                          # Info      # [Commit XNode] distributor.cryptokey.menu.OAMServer.Primary # 
# 2006-10-28 19.58.39 # com.appium.Basement.XNodeConfig.XEEXNodesXHandler                                          # Info      # [Commit XNode] UserActionLog.menu # 
# 2006-10-28 19.58.39 # com.appium.Basement.XNodeConfig.XEEXNodesXHandler                                          # Info      # [Commit XNode] ApplicationLogonBanner.menu # 
# 2006-10-28 19.58.39 # com.appium.Basement.XNodeConfig.XEEXNodesXHandler                                          # Info      # [Commit XNode] confirm.menu # 
# 2006-10-28 19.58.40 # com.appium.Registry.Config                                                                 # Info      # Creating GroupXNodeProvider for OAMServer/Primary # 
# 2006-10-28 19.58.40 # com.appium.Basement.XNodeConfig.XEEXNodesXHandler                                          # Info      # [Commit XNode] distributor.framework.menu.OAMServer.Primary # 
# 2006-10-28 19.58.40 # com.appium.ResourceAdapterLoader.Framework.FrameworkConfig                                 # Info      # Framework settings updated # 
# 2006-10-28 19.58.40 # com.appium.Basement.XNodeConfig.XEEXNodesXHandler                                          # Info      # [Commit XNode] framework.service_status.menu # 
# 2006-10-28 19.58.40 # com.appium.Basement.XNodeConfig.XEEXNodesXHandler                                          # Info      # [Commit XNode] hosts.menu # 
# 2006-10-28 19.58.40 # com.appium.impl.core.xee.XProcessImpl                                                      # Info      # Process active: OAMServer.Primary # 
# 2006-10-28 19.58.40 # com.appium.impl.core.xee.XProcessImpl                                                      # Info      # Registering object: Framework on Acer:20000 # 
# 2006-10-28 19.58.40 # com.appium.impl.core.xee.XProcessImpl                                                      # Info      # Object active (new): Framework_Primary@OAMServer.Primary (reported by ObjectRegistry) # 
# 2006-10-28 19.59.49 # com.appium.Basement.UserRoles                                                              # Info      # User authenticated: admin # 
# 2006-10-28 19.59.51 # com.appium.impl.core.xee.XProcessImpl                                                      # Info      # Registering object: GraphDataEventReceiver on Acer:20000 # 
# 2006-10-28 19.59.51 # com.appium.impl.core.xee.XProcessImpl                                                      # Info      # Object active (new): GraphDataEventReceiver_Primary@OAMServer.Primary (reported by ObjectRegistry) # 
# 2006-10-28 20.00.37 # com.appium.Registry.Config                                                                 # Info      # Creating GroupXNodeProvider for XContainer/Collect Calls # 
# 2006-10-28 20.00.55 # com.appium.Registry.Config                                                                 # Info      # Creating GroupXNodeProvider for XContainer/XTE # 
# 2006-10-28 20.02.14 # com.appium.impl.core.xee.XManagerImpl.virtual                                              # Error     # Missing dependency: database API=com.appium.core.xstorage.XDatabase$TableSpace. (no specific ID required)  - No such XHandler defined: API = com.appium.core.xstorage.XDatabase$TableSpace # 
java.lang.Exception: No such XHandler defined: API = com.appium.core.xstorage.XDatabase$TableSpace
	at com.appium.impl.core.xee.XManagerImpl.virtual.e.a(Unknown Source)
	at com.appium.impl.core.xee.XManagerImpl.virtual.h.a(Unknown Source)
	at com.appium.impl.core.xee.XManagerImpl.virtual.h.a(Unknown Source)
	at com.appium.impl.core.xee.XManagerImpl.virtual.h.a(Unknown Source)
	at com.appium.impl.core.xee.XManagerImpl.virtual.e.b(Unknown Source)
	at com.appium.impl.core.xee.XManagerImpl.virtual.e.a(Unknown Source)
	at com.appium.impl.core.xee.XManagerImpl.virtual.e.a(Unknown Source)
	at com.appium.impl.core.xee.XManagerImpl.virtual.h.a(Unknown Source)
	at com.appium.impl.core.xee.XManagerImpl.virtual.h.a(Unknown Source)
	at com.appium.impl.core.xee.XManagerImpl.virtual.h.a(Unknown Source)
	at com.appium.impl.core.xee.XManagerImpl.virtual.h.a(Unknown Source)
	at com.appium.impl.core.xee.XManagerImpl.virtual.h.a(Unknown Source)
	at com.appium.impl.core.xee.XManagerImpl.virtual.e.b(Unknown Source)
	at com.appium.impl.core.xee.XManagerImpl.virtual.e.a(Unknown Source)
	at com.appium.impl.core.xee.XManagerImpl.virtual.e.b(Unknown Source)
	at com.appium.impl.core.xee.XManagerImpl.virtual.VirtualProcessImplMain.<init>(Unknown Source)
	at com.appium.impl.core.xee.XManagerImpl.virtual.VirtualProcessImplMain$Factory.runScript(Unknown Source)
	at com.appium.impl.core.xee.XManagerImpl.a.a(Unknown Source)
	at com.appium.impl.core.xee.XManagerImpl.a.editTableCell(Unknown Source)
	at com.appium.XView.Server.c.b$a_.a(Unknown Source)
	at com.appium.XView.Server.c.b$a_.addTableRow(Unknown Source)
	at com.appium.XView.Server.b.addTableRow(Unknown Source)
	at sun.reflect.NativeMethodAccessorImpl.invoke0(Native Method)
	at sun.reflect.NativeMethodAccessorImpl.invoke(Unknown Source)
	at sun.reflect.DelegatingMethodAccessorImpl.invoke(Unknown Source)
	at java.lang.reflect.Method.invoke(Unknown Source)
	at com.appium.XStream.e$7.run(Unknown Source)

# 2006-10-28 20.02.14 # com.appium.impl.core.xee.XManagerImpl.virtual                                              # Warning   # Configuration error: database: Missing dependency: database API=com.appium.core.xstorage.XDatabase$TableSpace. (no specific ID required) # 
# 2006-10-28 20.02.22 # com.appium.impl.core.xee.XManagerImpl.virtual                                              # Warning   # Configuration error: outboundProxy: The mandatory attribute 'outboundProxy' is missing in the configuration! # 
# 2006-10-28 20.02.25 # com.appium.impl.core.xee.XManagerImpl.virtual                                              # Info      # Setting attribute outboundProxy default value: sipproxy:5060/UDP # 
# 2006-10-28 20.04.23 # com.appium.Registry.Config                                                                 # Info      # Creating GroupXNodeProvider for NSim/NSim # 
# 2006-10-28 20.07.22 # com.appium.ParlayAdaptor.Wrappers.Parlay32.Framework.GatewayHandler                        # Critical  # Failed to obtain IpAccess of gateway NSIM: TheOrb: Could not open socket at localhost:15000 # 
# 2006-10-28 20.07.22 # com.appium.ResourceAdapterLoader.Framework.FrameworkConfig                                 # Info      # Framework settings updated # 
# 2006-10-28 20.07.23 # com.appium.ParlayAdaptor.Wrappers.Parlay32.Framework.GatewayHandler                        # Critical  # Failed to obtain IpAccess of gateway NSIM: TheOrb: Could not open socket at localhost:15000 # 
# 2006-10-28 20.07.24 # com.appium.ParlayAdaptor.Wrappers.Parlay32.Framework.GatewayHandler                        # Critical  # Failed to obtain IpAccess of gateway NSIM: TheOrb: Could not open socket at localhost:15000 # 
# 2006-10-28 20.08.07 # com.appium.Basement.Registry.FeatureSearchTree                                             # Warning   # Feature  not found! # 
# 2006-10-28 20.08.49 # com.appium.Registry.Config                                                                 # Info      # Creating GroupXNodeProvider for Distributor/Trrigering # 
# 2006-10-28 20.11.24 # com.appium.XView.Server.ProcessControlAPI$Session                                          # Error     # Couldn't start NSim.NSim@localhost.0 because the lock port is already in use. Please configure another lock port # 
