
2006-11-10 21.11.38 # Warning  # objectActive # Object active (new): StatusInfoAccess_XTE@XContainer.XTE@localhost.50 (reported by ObjectRegistry) #  # 514 # 82380241 # com.appium.impl.core.xee.XProcessImpl # localhost # XContainer.XTE@localhost.50
2006-11-10 21.11.39 # Warning  # systemEvent # Starting System Statistics... #  # 697 # 82380250 # com.appium.SystemInfo.SystemStatisticsModule # localhost # XContainer.XTE@localhost.50
2006-11-10 21.11.42 # Minor    # warning # Could not add system default DNS to round robin list used for outgoing SIP requests. #  # 1794 # 82380262 # com.appium.IMS.SIP # localhost # XContainer.XTE@localhost.50
2006-11-10 21.11.48 # Warning  # objectActive # Object active (new): ServiceUpdate_XTE@XContainer.XTE@localhost.50 (reported by ObjectRegistry) #  # 514 # 82380296 # com.appium.impl.core.xee.XProcessImpl # localhost # XContainer.XTE@localhost.50
2006-11-10 21.11.48 # Warning  # objectActive # Object activated: XContainer.XTE@localhost.50 (reported by ObjectRegistry) #  # 513 # 82380297 # com.appium.impl.core.xee.XProcessImpl # localhost # XContainer.XTE@localhost.50
2006-11-10 21.11.48 #  # error # failed to set Header # java.lang.reflect.InvocationTargetException # 0 # 82380298 # com.appium.XTE.Config.RequestConfig # localhost # XContainer.XTE@localhost.50
2006-11-10 21.11.50 # Warning  # objectActive # Object active (new): SessionBackupStore_XTE@XContainer.XTE@localhost.50 (reported by ObjectRegistry) #  # 514 # 82380301 # com.appium.impl.core.xee.XProcessImpl # localhost # XContainer.XTE@localhost.50
2006-11-10 21.11.54 # Warning  # systemEvent # Starting XTE... #  # 0 # 82380302 # com.appium.XTE.XTEModule # localhost # XContainer.XTE@localhost.50
2006-11-10 21.11.55 # Warning  # objectActive # Object active (new): SessionRegistry_XTE@XContainer.XTE@localhost.50 (reported by ObjectRegistry) #  # 514 # 82380304 # com.appium.impl.core.xee.XProcessImpl # localhost # XContainer.XTE@localhost.50
2006-11-10 21.15.00 # Warning  # objectOnline # Object online (new): XContainer.USTestApp@localhost.100 (inactive, reported by ObjectRegistry) #  # 518 # 82380305 # com.appium.impl.core.xee.XProcessImpl # localhost # XContainer.XTE@localhost.50
2006-11-10 21.15.06 # Warning  # objectActive # Object active (new): XTransport_USTestApp@XContainer.USTestApp@localhost.100 (reported by ObjectRegistry) #  # 514 # 82380307 # com.appium.impl.core.xee.XProcessImpl # localhost # XContainer.XTE@localhost.50
2006-11-10 21.15.08 # Warning  # objectActive # Object active (new): StatusInfoAccess_USTestApp@XContainer.USTestApp@localhost.100 (reported by ObjectRegistry) #  # 514 # 82380308 # com.appium.impl.core.xee.XProcessImpl # localhost # XContainer.XTE@localhost.50
2006-11-10 21.15.21 # Warning  # objectActive # Object active (new): VoiceServerAccess_USTestApp@XContainer.USTestApp@localhost.100 (reported by ObjectRegistry) #  # 514 # 82380309 # com.appium.impl.core.xee.XProcessImpl # localhost # XContainer.XTE@localhost.50
2006-11-10 21.15.21 # Warning  # objectActive # Object active (new): ServiceUpdate_USTestApp@XContainer.USTestApp@localhost.100 (reported by ObjectRegistry) #  # 514 # 82380310 # com.appium.impl.core.xee.XProcessImpl # localhost # XContainer.XTE@localhost.50
2006-11-10 21.15.21 # Warning  # objectActive # Object active (new): SessionBackupStore_USTestApp@XContainer.USTestApp@localhost.100 (reported by ObjectRegistry) #  # 514 # 82380311 # com.appium.impl.core.xee.XProcessImpl # localhost # XContainer.XTE@localhost.50
2006-11-10 21.15.32 # Warning  # objectActive # Object activated: XContainer.USTestApp@localhost.100 (reported by Surveillance  ) #  # 513 # 82380312 # com.appium.impl.core.xee.XProcessImpl # localhost # XContainer.XTE@localhost.50
2006-11-10 21.18.55 #  # error # failed to set Header # java.lang.reflect.InvocationTargetException # 0 # 82380313 # com.appium.XTE.Config.RequestConfig # localhost # XContainer.XTE@localhost.50
2006-11-10 21.41.57 # Warning  # objectOffline # Object offline: ServiceUpdate_XTE Parlay@XContainer.XTE Parlay@localhost.0 (reported by Surveillance ) #  # 517 # 82380316 # com.appium.impl.core.xee.XProcessImpl # localhost # XContainer.XTE@localhost.50
2006-11-10 21.41.58 # Warning  # objectOffline # Object offline: StatusInfoAccess_XTE Parlay@XContainer.XTE Parlay@localhost.0 (reported by Surveillance ) #  # 517 # 82380317 # com.appium.impl.core.xee.XProcessImpl # localhost # XContainer.XTE@localhost.50
2006-11-10 21.41.59 # Warning  # objectOffline # Object offline: XContainer.XTE Parlay@localhost.0 (reported by Surveillance ) #  # 517 # 82380318 # com.appium.impl.core.xee.XProcessImpl # localhost # XContainer.XTE@localhost.50
2006-11-10 21.41.59 # Warning  # objectOffline # Object offline: XTransport_XTE Parlay@XContainer.XTE Parlay@localhost.0 (reported by Surveillance ) #  # 517 # 82380319 # com.appium.impl.core.xee.XProcessImpl # localhost # XContainer.XTE@localhost.50
