
2006-11-08 21.23.15 # Warning  # objectActive # Object active (new): StatusInfoAccess_Primary@OAMServer.Primary (reported by ObjectRegistry) #  # 514 # 82208120 # com.appium.impl.core.xee.XProcessImpl # Acer # OAMServer.Primary
2006-11-08 21.23.16 # Warning  # systemEvent # Starting System Statistics... #  # 697 # 82208128 # com.appium.SystemInfo.SystemStatisticsModule # Acer # OAMServer.Primary
2006-11-08 21.23.18 # Warning  # objectActive # Object active (new): TraceReceiver_Primary@OAMServer.Primary (reported by ObjectRegistry) #  # 514 # 82208145 # com.appium.impl.core.xee.XProcessImpl # Acer # OAMServer.Primary
2006-11-08 21.23.18 # Warning  # systemEvent # Starting System Info... #  # 1659 # 82208149 # com.appium.SystemInfo.SystemInfoModule # Acer # OAMServer.Primary
2006-11-08 21.23.19 # Warning  # objectActive # Object active (new): XNodeDatabase_Primary@OAMServer.Primary (reported by ObjectRegistry) #  # 514 # 82208153 # com.appium.impl.core.xee.XProcessImpl # Acer # OAMServer.Primary
2006-11-08 21.23.25 # Warning  # objectActive # Object active (new): ServiceUpdate_Primary@OAMServer.Primary (reported by ObjectRegistry) #  # 514 # 82208205 # com.appium.impl.core.xee.XProcessImpl # Acer # OAMServer.Primary
2006-11-08 21.23.26 #  # cannotObtainParlayService # Cannot obtain Parlay service XTE:P_US_TCTESTGW #  # 1131 # 82208215 # com.appium.ResourceAdapterLoader.Framework # Acer # OAMServer.Primary
2006-11-08 21.23.26 #  # cannotObtainParlayService # Cannot obtain Parlay service XTE:P_USER_STATUS #  # 1131 # 82208216 # com.appium.ResourceAdapterLoader.Framework # Acer # OAMServer.Primary
2006-11-08 21.23.26 #  # cannotObtainParlayService # Cannot obtain Parlay service XTE:P_ULC_TCTESTGW #  # 1131 # 82208217 # com.appium.ResourceAdapterLoader.Framework # Acer # OAMServer.Primary
2006-11-08 21.23.26 # Warning  # objectActive # Object active (new): Framework_Primary@OAMServer.Primary (reported by ObjectRegistry) #  # 514 # 82208221 # com.appium.impl.core.xee.XProcessImpl # Acer # OAMServer.Primary
2006-11-08 21.23.26 # Warning  # processActive # Process active: OAMServer.Primary #  # 560 # 82208222 # com.appium.impl.core.xee.XProcessImpl # Acer # OAMServer.Primary
2006-11-08 21.23.26 #  # gatewayDown # Failed to obtain IpAccess of gateway NSIM: TheOrb: Could not open socket at localhost:15000 #  # 346 # 82208223 # com.appium.ParlayAdaptor.Wrappers.Parlay32.Framework.GatewayHandler # Acer # OAMServer.Primary
2006-11-08 21.23.27 #  # gatewayDown # Failed to obtain IpAccess of gateway XTE: TheOrb: Could not open socket at localhost:14702 #  # 346 # 82208224 # com.appium.ParlayAdaptor.Wrappers.Parlay32.Framework.GatewayHandler # Acer # OAMServer.Primary
2006-11-08 21.23.46 # Warning  # objectActive # Object active (new): GraphDataEventReceiver_Primary@OAMServer.Primary (reported by ObjectRegistry) #  # 514 # 82208228 # com.appium.impl.core.xee.XProcessImpl # Acer # OAMServer.Primary
2006-11-08 21.25.01 # Minor    # warning # Configuration error: application: The mandatory attribute 'application' is missing in the configuration! #  # 1791 # 82208234 # com.appium.impl.core.xee.XManagerImpl.virtual # Acer # OAMServer.Primary
2006-11-08 21.25.30 # Minor    # warning # Configuration error: outboundProxy: The mandatory attribute 'outboundProxy' is missing in the configuration! #  # 1791 # 82208235 # com.appium.impl.core.xee.XManagerImpl.virtual # Acer # OAMServer.Primary
2006-11-08 21.27.11 #  # error # Missing dependency: database API=com.appium.core.xstorage.XDatabase$TableSpace. (no specific ID required) # java.lang.Exception: No such XHandler defined: API = com.appium.core.xstorage.XDatabase$TableSpace # 0 # 82208238 # com.appium.impl.core.xee.XManagerImpl.virtual # Acer # OAMServer.Primary
2006-11-08 21.27.11 # Minor    # warning # Configuration error: database: Missing dependency: database API=com.appium.core.xstorage.XDatabase$TableSpace. (no specific ID required) #  # 1791 # 82208239 # com.appium.impl.core.xee.XManagerImpl.virtual # Acer # OAMServer.Primary
2006-11-08 21.27.19 #  # error # Failed to load com.appium.XTE.ParlayModule/ParlayModule # java.lang.NoClassDefFoundError: org/csapi/fw/fw_access/trust_and_security/IpInitialPOA # 1740 # 82208240 # com.appium.impl.core.xee.XManagerImpl.virtual # Acer # OAMServer.Primary
2006-11-08 21.27.19 #  # error # Required XHandler not found. API=com.appium.XTE.Interfaces.XTEModules, ID=ParlayModule. # java.lang.Exception: Failed to load com.appium.XTE.ParlayModule/ParlayModule # 0 # 82208241 # com.appium.impl.core.xee.XManagerImpl.virtual # Acer # OAMServer.Primary
2006-11-08 21.27.22 #  # error # Failed to load com.appium.XTE.ParlayModule/ParlayModule # java.lang.NoClassDefFoundError: org/csapi/fw/fw_access/trust_and_security/IpInitialPOA # 1740 # 82208242 # com.appium.impl.core.xee.XManagerImpl.virtual # Acer # OAMServer.Primary
2006-11-08 21.27.22 #  # error # Required XHandler not found. API=com.appium.XTE.Interfaces.XTEModules, ID=ParlayModule. # java.lang.Exception: Failed to load com.appium.XTE.ParlayModule/ParlayModule # 0 # 82208243 # com.appium.impl.core.xee.XManagerImpl.virtual # Acer # OAMServer.Primary
2006-11-08 21.28.38 #  # error # Couldn't start XContainer.XTE Parlay@localhost.0 because the lock port is already in use. Please configure another lock port #  # 1760 # 82208247 # com.appium.XView.Server.ProcessControlAPI$Session # Acer # OAMServer.Primary
2006-11-08 21.28.41 # Warning  # processOnline # Process online: XContainer.XTE@localhost.0 (inactive) #  # 563 # 82208248 # com.appium.impl.core.xee.XProcessImpl # Acer # OAMServer.Primary
2006-11-08 21.28.45 # Warning  # objectActive # Object active (new): XTransport_XTE@XContainer.XTE@localhost.0 (reported by ObjectRegistry) #  # 514 # 82208250 # com.appium.impl.core.xee.XProcessImpl # Acer # OAMServer.Primary
2006-11-08 21.28.45 # Warning  # objectActive # Object active (new): StatusInfoAccess_XTE@XContainer.XTE@localhost.0 (reported by ObjectRegistry) #  # 514 # 82208251 # com.appium.impl.core.xee.XProcessImpl # Acer # OAMServer.Primary
2006-11-08 21.28.54 # Warning  # objectActive # Object active (new): ServiceUpdate_XTE@XContainer.XTE@localhost.0 (reported by ObjectRegistry) #  # 514 # 82208252 # com.appium.impl.core.xee.XProcessImpl # Acer # OAMServer.Primary
2006-11-08 21.28.54 # Warning  # processActive # Process active: XContainer.XTE@localhost.0 #  # 560 # 82208253 # com.appium.impl.core.xee.XProcessImpl # Acer # OAMServer.Primary
2006-11-08 21.28.56 # Warning  # objectActive # Object active (new): SessionBackupStore_XTE@XContainer.XTE@localhost.0 (reported by ObjectRegistry) #  # 514 # 82208254 # com.appium.impl.core.xee.XProcessImpl # Acer # OAMServer.Primary
2006-11-08 21.29.01 # Warning  # objectActive # Object active (new): SessionRegistry_XTE@XContainer.XTE@localhost.0 (reported by ObjectRegistry) #  # 514 # 82208255 # com.appium.impl.core.xee.XProcessImpl # Acer # OAMServer.Primary
2006-11-08 21.29.45 #  # error # Couldn't start XContainer.USTestApp@localhost.0 because the lock port is already in use. Please configure another lock port #  # 1760 # 82208260 # com.appium.XView.Server.ProcessControlAPI$Session # Acer # OAMServer.Primary
2006-11-08 21.29.59 #  # error # Couldn't start XContainer.USTestApp@localhost.0 because the lock port is already in use. Please configure another lock port #  # 1760 # 82208261 # com.appium.XView.Server.ProcessControlAPI$Session # Acer # OAMServer.Primary
2006-11-08 21.30.38 #  # error # Couldn't start XContainer.USTestApp@localhost.0 because the lock port is already in use. Please configure another lock port #  # 1760 # 82208262 # com.appium.XView.Server.ProcessControlAPI$Session # Acer # OAMServer.Primary
2006-11-08 21.31.56 # Warning  # objectActive # Object active (new): XTransport_USTestApp@XContainer.USTestApp@localhost.50 (reported by ObjectRegistry) #  # 514 # 82208271 # com.appium.impl.core.xee.XProcessImpl # Acer # OAMServer.Primary
2006-11-08 21.31.56 # Warning  # processOnline # Process online: XContainer.USTestApp@localhost.50 (inactive) #  # 563 # 82208273 # com.appium.impl.core.xee.XProcessImpl # Acer # OAMServer.Primary
2006-11-08 21.31.59 # Warning  # objectActive # Object active (new): StatusInfoAccess_USTestApp@XContainer.USTestApp@localhost.50 (reported by ObjectRegistry) #  # 514 # 82208274 # com.appium.impl.core.xee.XProcessImpl # Acer # OAMServer.Primary
2006-11-08 21.32.09 # Warning  # objectActive # Object active (new): VoiceServerAccess_USTestApp@XContainer.USTestApp@localhost.50 (reported by ObjectRegistry) #  # 514 # 82208275 # com.appium.impl.core.xee.XProcessImpl # Acer # OAMServer.Primary
2006-11-08 21.32.10 # Warning  # objectActive # Object active (new): ServiceUpdate_USTestApp@XContainer.USTestApp@localhost.50 (reported by ObjectRegistry) #  # 514 # 82208276 # com.appium.impl.core.xee.XProcessImpl # Acer # OAMServer.Primary
2006-11-08 21.32.10 # Warning  # objectActive # Object active (new): SessionBackupStore_USTestApp@XContainer.USTestApp@localhost.50 (reported by ObjectRegistry) #  # 514 # 82208277 # com.appium.impl.core.xee.XProcessImpl # Acer # OAMServer.Primary
2006-11-08 21.33.01 # Warning  # processActive # Process active: XContainer.USTestApp@localhost.50 #  # 560 # 82208278 # com.appium.impl.core.xee.XProcessImpl # Acer # OAMServer.Primary
2006-11-08 21.35.24 # Warning  # processOnline # Process online: NSim.Default@localhost.0 (inactive) #  # 563 # 82208279 # com.appium.impl.core.xee.XProcessImpl # Acer # OAMServer.Primary
2006-11-08 21.35.24 # Warning  # objectActive # Object active (new): XTransport_Default@NSim.Default@localhost.0 (reported by ObjectRegistry) #  # 514 # 82208281 # com.appium.impl.core.xee.XProcessImpl # Acer # OAMServer.Primary
2006-11-08 21.35.32 # Warning  # objectActive # Object active (new): StatusInfoAccess_Default@NSim.Default@localhost.0 (reported by ObjectRegistry) #  # 514 # 82208282 # com.appium.impl.core.xee.XProcessImpl # Acer # OAMServer.Primary
2006-11-08 21.35.45 # Warning  # objectActive # Object active (new): ServiceUpdate_Default@NSim.Default@localhost.0 (reported by ObjectRegistry) #  # 514 # 82208283 # com.appium.impl.core.xee.XProcessImpl # Acer # OAMServer.Primary
2006-11-08 21.35.45 # Warning  # processActive # Process active: NSim.Default@localhost.0 #  # 560 # 82208284 # com.appium.impl.core.xee.XProcessImpl # Acer # OAMServer.Primary
2006-11-08 21.55.50 # Warning  # processDeactivated # Process deactivated: XContainer.USTestApp@localhost.50 #  # 561 # 82208285 # com.appium.impl.core.xee.XProcessImpl # Acer # OAMServer.Primary
2006-11-08 21.56.00 # Warning  # processDeactivated # Process deactivated: XContainer.XTE@localhost.0 #  # 561 # 82208287 # com.appium.impl.core.xee.XProcessImpl # Acer # OAMServer.Primary
2006-11-08 21.56.06 # Warning  # objectOffline # Object offline: ServiceUpdate_USTestApp@XContainer.USTestApp@localhost.50 (reported by Surveillance ) #  # 517 # 82208289 # com.appium.impl.core.xee.XProcessImpl # Acer # OAMServer.Primary
2006-11-08 21.56.06 # Warning  # objectOffline # Object offline: SessionBackupStore_USTestApp@XContainer.USTestApp@localhost.50 (reported by Surveillance ) #  # 517 # 82208290 # com.appium.impl.core.xee.XProcessImpl # Acer # OAMServer.Primary
2006-11-08 21.56.06 # Warning  # objectOffline # Object offline: StatusInfoAccess_USTestApp@XContainer.USTestApp@localhost.50 (reported by Surveillance ) #  # 517 # 82208291 # com.appium.impl.core.xee.XProcessImpl # Acer # OAMServer.Primary
2006-11-08 21.56.06 # Warning  # objectOffline # Object offline: VoiceServerAccess_USTestApp@XContainer.USTestApp@localhost.50 (reported by Surveillance ) #  # 517 # 82208292 # com.appium.impl.core.xee.XProcessImpl # Acer # OAMServer.Primary
2006-11-08 21.56.06 # Critical # processOffline # Process offline: XContainer.USTestApp@localhost.50 #  # 562 # 82208293 # com.appium.impl.core.xee.XProcessImpl # Acer # OAMServer.Primary
2006-11-08 21.56.06 # Warning  # objectOffline # Object offline: XTransport_USTestApp@XContainer.USTestApp@localhost.50 (reported by Surveillance ) #  # 517 # 82208294 # com.appium.impl.core.xee.XProcessImpl # Acer # OAMServer.Primary
2006-11-08 21.56.30 # Critical # processOffline # Process offline: NSim.Default@localhost.0 #  # 562 # 82208296 # com.appium.impl.core.xee.XProcessImpl # Acer # OAMServer.Primary
2006-11-08 21.56.30 # Warning  # objectOffline # Object offline: ServiceUpdate_Default@NSim.Default@localhost.0 (reported by Surveillance ) #  # 517 # 82208297 # com.appium.impl.core.xee.XProcessImpl # Acer # OAMServer.Primary
2006-11-08 21.56.30 # Warning  # objectOffline # Object offline: StatusInfoAccess_Default@NSim.Default@localhost.0 (reported by Surveillance ) #  # 517 # 82208298 # com.appium.impl.core.xee.XProcessImpl # Acer # OAMServer.Primary
2006-11-08 21.56.30 # Warning  # objectOffline # Object offline: XTransport_Default@NSim.Default@localhost.0 (reported by Surveillance ) #  # 517 # 82208299 # com.appium.impl.core.xee.XProcessImpl # Acer # OAMServer.Primary
2006-11-08 21.56.31 # Warning  # processDeactivated # Process deactivated: OAMServer.Primary #  # 561 # 82208300 # com.appium.impl.core.xee.XProcessImpl # Acer # OAMServer.Primary
2006-11-08 21.56.31 # Minor    # warning # Could not get grid of status info from other process # org.omg.CORBA.TRANSIENT: no usable profile in IOR  minor code: 0x4f4d0002  completed: No # 0 # 82208301 # com.appium.Basement.OAM.StatusOverview.StatusInfoAccessClient # Acer # OAMServer.Primary
