
2006-10-28 20.51.05 # Warning  # objectActive # Object active (new): StatusInfoAccess_Collect Calls@XContainer.Collect Calls@localhost.50 (reported by ObjectRegistry) #  # 514 # 81252217 # com.appium.impl.core.xee.XProcessImpl # localhost # XContainer.Collect Calls@localhost.50
2006-10-28 20.51.07 # Warning  # systemEvent # Starting System Statistics... #  # 697 # 81252224 # com.appium.SystemInfo.SystemStatisticsModule # localhost # XContainer.Collect Calls@localhost.50
2006-10-28 20.51.22 # Warning  # objectActive # Object active (new): ServiceUpdate_Collect Calls@XContainer.Collect Calls@localhost.50 (reported by ObjectRegistry) #  # 514 # 81252253 # com.appium.impl.core.xee.XProcessImpl # localhost # XContainer.Collect Calls@localhost.50
2006-10-28 20.51.22 # Warning  # objectActive # Object activated: XContainer.Collect Calls@localhost.50 (reported by ObjectRegistry) #  # 513 # 81252254 # com.appium.impl.core.xee.XProcessImpl # localhost # XContainer.Collect Calls@localhost.50
2006-10-28 20.56.19 # Warning  # objectOffline # Object offline: NSim.Default@localhost.0 (reported by Surveillance ) #  # 517 # 81252256 # com.appium.impl.core.xee.XProcessImpl # localhost # XContainer.Collect Calls@localhost.50
2006-10-28 20.56.21 # Warning  # objectOffline # Object offline: ServiceUpdate_Default@NSim.Default@localhost.0 (reported by Surveillance ) #  # 517 # 81252257 # com.appium.impl.core.xee.XProcessImpl # localhost # XContainer.Collect Calls@localhost.50
2006-10-28 20.56.21 # Warning  # objectOffline # Object offline: StatusInfoAccess_Default@NSim.Default@localhost.0 (reported by Surveillance ) #  # 517 # 81252258 # com.appium.impl.core.xee.XProcessImpl # localhost # XContainer.Collect Calls@localhost.50
2006-10-28 20.56.21 # Warning  # objectOffline # Object offline: XTransport_Default@NSim.Default@localhost.0 (reported by Surveillance ) #  # 517 # 81252259 # com.appium.impl.core.xee.XProcessImpl # localhost # XContainer.Collect Calls@localhost.50
2006-10-28 20.58.55 # Warning  # objectActive # Object active: NSim.Default@localhost.0 (reported by ObjectRegistry) #  # 515 # 81252260 # com.appium.impl.core.xee.XProcessImpl # localhost # XContainer.Collect Calls@localhost.50
2006-10-28 20.58.55 # Warning  # objectActive # Object active: ServiceUpdate_Default@NSim.Default@localhost.0 (reported by ObjectRegistry) #  # 515 # 81252261 # com.appium.impl.core.xee.XProcessImpl # localhost # XContainer.Collect Calls@localhost.50
2006-10-28 20.58.55 # Warning  # objectActive # Object active: StatusInfoAccess_Default@NSim.Default@localhost.0 (reported by ObjectRegistry) #  # 515 # 81252262 # com.appium.impl.core.xee.XProcessImpl # localhost # XContainer.Collect Calls@localhost.50
2006-10-28 20.58.55 # Warning  # objectActive # Object active: XTransport_Default@NSim.Default@localhost.0 (reported by ObjectRegistry) #  # 515 # 81252263 # com.appium.impl.core.xee.XProcessImpl # localhost # XContainer.Collect Calls@localhost.50
2006-10-28 21.02.55 # Warning  # objectOffline # Object offline: NSim.Default@localhost.0 (reported by Surveillance ) #  # 517 # 81252265 # com.appium.impl.core.xee.XProcessImpl # localhost # XContainer.Collect Calls@localhost.50
2006-10-28 21.02.55 # Warning  # objectOffline # Object offline: ServiceUpdate_Default@NSim.Default@localhost.0 (reported by Surveillance ) #  # 517 # 81252266 # com.appium.impl.core.xee.XProcessImpl # localhost # XContainer.Collect Calls@localhost.50
2006-10-28 21.02.55 # Warning  # objectOffline # Object offline: StatusInfoAccess_Default@NSim.Default@localhost.0 (reported by Surveillance ) #  # 517 # 81252267 # com.appium.impl.core.xee.XProcessImpl # localhost # XContainer.Collect Calls@localhost.50
2006-10-28 21.02.55 # Warning  # objectOffline # Object offline: XTransport_Default@NSim.Default@localhost.0 (reported by Surveillance ) #  # 517 # 81252268 # com.appium.impl.core.xee.XProcessImpl # localhost # XContainer.Collect Calls@localhost.50
2006-10-28 21.13.32 # Warning  # objectOffline # Object offline: Framework_Primary@OAMServer.Primary (reported by Surveillance ) #  # 517 # 81252271 # com.appium.impl.core.xee.XProcessImpl # localhost # XContainer.Collect Calls@localhost.50
2006-10-28 21.13.35 # Warning  # objectOffline # Object offline: GraphDataEventReceiver_Primary@OAMServer.Primary (reported by Surveillance ) #  # 517 # 81252272 # com.appium.impl.core.xee.XProcessImpl # localhost # XContainer.Collect Calls@localhost.50
2006-10-28 21.13.35 # Warning  # objectOffline # Object offline: OAMServer.Primary (reported by Surveillance ) #  # 517 # 81252273 # com.appium.impl.core.xee.XProcessImpl # localhost # XContainer.Collect Calls@localhost.50
2006-10-28 21.13.36 # Warning  # objectOffline # Object offline: ServiceUpdate_Primary@OAMServer.Primary (reported by Surveillance ) #  # 517 # 81252274 # com.appium.impl.core.xee.XProcessImpl # localhost # XContainer.Collect Calls@localhost.50
2006-10-28 21.13.36 # Warning  # objectOffline # Object offline: StatusInfoAccess_Primary@OAMServer.Primary (reported by Surveillance ) #  # 517 # 81252275 # com.appium.impl.core.xee.XProcessImpl # localhost # XContainer.Collect Calls@localhost.50
2006-10-28 21.13.36 # Warning  # objectOffline # Object offline: TraceReceiver_Primary@OAMServer.Primary (reported by Surveillance ) #  # 517 # 81252276 # com.appium.impl.core.xee.XProcessImpl # localhost # XContainer.Collect Calls@localhost.50
2006-10-28 21.13.36 # Warning  # objectOffline # Object offline: XNodeDatabase_Primary@OAMServer.Primary (reported by Surveillance ) #  # 517 # 81252277 # com.appium.impl.core.xee.XProcessImpl # localhost # XContainer.Collect Calls@localhost.50
2006-10-28 21.13.36 # Warning  # objectOffline # Object offline: XTransport_Primary@OAMServer.Primary (reported by Surveillance ) #  # 517 # 81252278 # com.appium.impl.core.xee.XProcessImpl # localhost # XContainer.Collect Calls@localhost.50
