
2006-11-18 17.28.48 #  # error # LOGGING ENDS HERE since logging is disabled for Debug in the Log configuration (this line is only here because startup log files cannot be deleted if opened in Windows) (msg no. 1) #  # 756 # 83058037 # com.appium.Monitoring.Log.LogImplMain # Acer # OAMServer.Primary
2006-11-18 17.28.48 #  # error # LOGGING ENDS HERE since logging is disabled for Debug in the Log configuration (this line is only here because startup log files cannot be deleted if opened in Windows) (msg no. 2) #  # 756 # 83058038 # com.appium.Monitoring.Log.LogImplMain # Acer # OAMServer.Primary
2006-11-18 17.28.48 #  # error # LOGGING ENDS HERE since logging is disabled for Debug in the Log configuration (this line is only here because startup log files cannot be deleted if opened in Windows) (msg no. 3) #  # 756 # 83058039 # com.appium.Monitoring.Log.LogImplMain # Acer # OAMServer.Primary
2006-11-18 17.28.48 #  # error # LOGGING ENDS HERE since logging is disabled for Debug in the Log configuration (this line is only here because startup log files cannot be deleted if opened in Windows) (msg no. 4) #  # 756 # 83058040 # com.appium.Monitoring.Log.LogImplMain # Acer # OAMServer.Primary
2006-11-18 17.28.48 #  # error # LOGGING ENDS HERE since logging is disabled for Debug in the Log configuration (this line is only here because startup log files cannot be deleted if opened in Windows) (msg no. 5) #  # 756 # 83058041 # com.appium.Monitoring.Log.LogImplMain # Acer # OAMServer.Primary
2006-11-18 17.28.48 #  # error # LOGGING ENDS HERE since logging is disabled for Debug in the Log configuration (this line is only here because startup log files cannot be deleted if opened in Windows) (msg no. 6) #  # 756 # 83058042 # com.appium.Monitoring.Log.LogImplMain # Acer # OAMServer.Primary
2006-11-18 17.28.48 #  # error # LOGGING ENDS HERE since logging is disabled for Debug in the Log configuration (this line is only here because startup log files cannot be deleted if opened in Windows) (msg no. 7) #  # 756 # 83058043 # com.appium.Monitoring.Log.LogImplMain # Acer # OAMServer.Primary
2006-11-18 17.28.48 #  # error # LOGGING ENDS HERE since logging is disabled for Debug in the Log configuration (this line is only here because startup log files cannot be deleted if opened in Windows) (msg no. 8) #  # 756 # 83058044 # com.appium.Monitoring.Log.LogImplMain # Acer # OAMServer.Primary
2006-11-18 17.28.48 #  # error # LOGGING ENDS HERE since logging is disabled for Debug in the Log configuration (this line is only here because startup log files cannot be deleted if opened in Windows) (msg no. 9) #  # 756 # 83058045 # com.appium.Monitoring.Log.LogImplMain # Acer # OAMServer.Primary
2006-11-18 17.28.48 #  # error # LOGGING ENDS HERE since logging is disabled for Debug in the Log configuration (this line is only here because startup log files cannot be deleted if opened in Windows) (msg no. 10) #  # 756 # 83058046 # com.appium.Monitoring.Log.LogImplMain # Acer # OAMServer.Primary
2006-11-18 17.28.49 # Warning  # systemEvent # Starting System Statistics... #  # 697 # 83058062 # com.appium.SystemInfo.SystemStatisticsModule # Acer # OAMServer.Primary
2006-11-18 17.28.49 #  # error # Remote XHandlers are not possible to use at this stage. Offending field: file1 in com.appium.impl.core.xee.XFileImpl.XSynchronizedFileImpl/TASxml # java.lang.Exception: XTransport is not available at this stage in the startup process. # 0 # 83058073 # com.appium.impl.core.xee.XManagerImpl.virtual # Acer # OAMServer.Primary
2006-11-18 17.28.49 #  # error # Failed to load com.appium.impl.core.xee.XFileImpl.XSynchronizedFileImpl/TASxml # java.lang.Exception: XTransport is not available at this stage in the startup process. # 1740 # 83058074 # com.appium.impl.core.xee.XManagerImpl.virtual # Acer # OAMServer.Primary
2006-11-18 17.28.49 #  # error # Missing dependency: synchronizedFile API=com.appium.core.xee.XFile$SynchronizedFile, ID=TASxml. # java.lang.Exception: Failed to load com.appium.impl.core.xee.XFileImpl.XSynchronizedFileImpl/TASxml # 0 # 83058075 # com.appium.impl.core.xee.XManagerImpl.virtual # Acer # OAMServer.Primary
2006-11-18 17.28.49 #  # error # Failed to load com.appium.impl.core.xee.XConfigImpl.XConfigImplMain/xconfig # java.lang.Exception: Failed to load com.appium.impl.core.xee.XFileImpl.XSynchronizedFileImpl/TASxml # 1740 # 83058076 # com.appium.impl.core.xee.XManagerImpl.virtual # Acer # OAMServer.Primary
2006-11-18 17.28.49 #  # error # Failed to load com.appium.Basement.UserRoles.UserGroupConfig/user-roles # java.lang.Exception: Failed to load com.appium.impl.core.xee.XConfigImpl.XConfigImplMain/xconfig # 1740 # 83058077 # com.appium.impl.core.xee.XManagerImpl.virtual # Acer # OAMServer.Primary
2006-11-18 17.28.49 #  # error # Failed to load com.appium.Basement.XNodeEditor.XNodeEditorMain # java.lang.Exception: Failed to load com.appium.Basement.UserRoles.UserGroupConfig/user-roles # 1740 # 83058078 # com.appium.impl.core.xee.XManagerImpl.virtual # Acer # OAMServer.Primary
2006-11-18 17.28.49 #  # error # Failed to load com.appium.SNMP.f/snmp-with-control # java.lang.Exception: Failed to load com.appium.Basement.XNodeEditor.XNodeEditorMain # 1740 # 83058079 # com.appium.impl.core.xee.XManagerImpl.virtual # Acer # OAMServer.Primary
2006-11-18 17.28.49 # Warning  # systemEvent # Starting System Info... #  # 1659 # 83058083 # com.appium.SystemInfo.SystemInfoModule # Acer # OAMServer.Primary
2006-11-18 17.28.49 #  # error # Failed to load com.appium.Registry.Config.GroupManager # java.lang.Exception: Failed to load com.appium.impl.core.xee.XConfigImpl.XConfigImplMain/xconfig # 1740 # 83058089 # com.appium.impl.core.xee.XManagerImpl.virtual # Acer # OAMServer.Primary
2006-11-18 17.28.51 #  # error # Failed to load com.appium.Registry.Config.GroupManager # java.lang.Exception: Failed to load com.appium.impl.core.xee.XConfigImpl.XConfigImplMain/xconfig # 1740 # 83058096 # com.appium.impl.core.xee.XManagerImpl.virtual # Acer # OAMServer.Primary
2006-11-18 17.28.51 #  # error # Failed to load com.appium.Registry.b.a/autorestart-daemon # java.lang.Exception: Failed to load com.appium.Registry.Config.GroupManager # 1740 # 83058097 # com.appium.impl.core.xee.XManagerImpl.virtual # Acer # OAMServer.Primary
2006-11-18 17.28.51 #  # error # Failed to load com.appium.Basement.UserRoles.UserGroupConfig/user-roles # java.lang.Exception: Failed to load com.appium.impl.core.xee.XConfigImpl.XConfigImplMain/xconfig # 1740 # 83058102 # com.appium.impl.core.xee.XManagerImpl.virtual # Acer # OAMServer.Primary
2006-11-18 17.28.51 #  # error # Failed to load com.appium.MMC.Server.MMCServer/mmc-server # java.lang.Exception: Failed to load com.appium.Basement.UserRoles.UserGroupConfig/user-roles # 1740 # 83058103 # com.appium.impl.core.xee.XManagerImpl.virtual # Acer # OAMServer.Primary
2006-11-18 17.28.51 #  # error # An error occurred while retrieving Parlay objects from the config storage # java.lang.NullPointerException # 128 # 83058109 # com.appium.ResourceAdapterLoader.Framework # Acer # OAMServer.Primary
2006-11-18 17.28.51 #  # error # Remote XHandlers are not possible to use at this stage. Offending field: file1 in com.appium.impl.core.xee.XFileImpl.XSynchronizedFileImpl/TASxml [*4] # java.lang.Exception: XTransport is not available at this stage in the startup process. # 0 # 83058112 # com.appium.impl.core.xee.XManagerImpl.virtual # Acer # OAMServer.Primary
2006-11-18 17.28.51 #  # error # Failed to load com.appium.impl.core.xee.XFileImpl.XSynchronizedFileImpl/TASxml [*4] # java.lang.Exception: XTransport is not available at this stage in the startup process. # 1740 # 83058113 # com.appium.impl.core.xee.XManagerImpl.virtual # Acer # OAMServer.Primary
2006-11-18 17.28.51 #  # error # Missing dependency: synchronizedFile API=com.appium.core.xee.XFile$SynchronizedFile, ID=TASxml. [*4] # java.lang.Exception: Failed to load com.appium.impl.core.xee.XFileImpl.XSynchronizedFileImpl/TASxml # 0 # 83058114 # com.appium.impl.core.xee.XManagerImpl.virtual # Acer # OAMServer.Primary
2006-11-18 17.28.51 #  # error # Failed to load com.appium.impl.core.xee.XConfigImpl.XConfigImplMain/xconfig [*4] # java.lang.Exception: Failed to load com.appium.impl.core.xee.XFileImpl.XSynchronizedFileImpl/TASxml # 1740 # 83058115 # com.appium.impl.core.xee.XManagerImpl.virtual # Acer # OAMServer.Primary
2006-11-18 17.28.51 #  # error # Failed to load com.appium.XView.Server.ProcessControlAPI # java.lang.Exception: Failed to load com.appium.Basement.UserRoles.UserGroupConfig/user-roles # 1740 # 83058117 # com.appium.impl.core.xee.XManagerImpl.virtual # Acer # OAMServer.Primary
2006-11-18 17.28.51 #  # error # Failed to load com.appium.XView.Server.XViewServerModule # java.lang.Exception: Failed to load com.appium.XView.Server.ProcessControlAPI # 1740 # 83058118 # com.appium.impl.core.xee.XManagerImpl.virtual # Acer # OAMServer.Primary
2006-11-18 17.28.51 #  # error # Failed to load com.appium.Basement.XNodeEditor.XNodeEditorMain # java.lang.Exception: Failed to load com.appium.Basement.UserRoles.UserGroupConfig/user-roles # 1740 # 83058124 # com.appium.impl.core.xee.XManagerImpl.virtual # Acer # OAMServer.Primary
2006-11-18 17.28.51 #  # error # Failed to load com.appium.TASStatusRMI.j/rmi # java.lang.Exception: Failed to load com.appium.Basement.XNodeEditor.XNodeEditorMain # 1740 # 83058125 # com.appium.impl.core.xee.XManagerImpl.virtual # Acer # OAMServer.Primary
2006-11-18 17.28.52 #  # error # Failed to load com.appium.impl.core.xee.XSessionsImpl.XSessionsImplMain/xsessions # com.appium.core.xee.XRepository$XHANDLER_NOT_FOUND: There is no implementation of API=com.appium.core.xee.XTransport registered. # 1740 # 83058126 # com.appium.impl.core.xee.XManagerImpl.virtual # Acer # OAMServer.Primary
2006-11-18 17.28.52 #  # error # Failed to load com.appium.impl.core.xstorage.StorageManagerImpl.StorageManagerImplMain$FactoryImpl/storage-manager # java.lang.Exception: Failed to load com.appium.impl.core.xee.XSessionsImpl.XSessionsImplMain/xsessions # 1740 # 83058127 # com.appium.impl.core.xee.XManagerImpl.virtual # Acer # OAMServer.Primary
2006-11-18 17.28.52 #  # error # Failed to load com.appium.impl.ws.control.ProvisioningImpl.ProvisioningImplOAM/XEEProvisioningOAM # java.lang.Exception: Failed to load com.appium.impl.core.xstorage.StorageManagerImpl.StorageManagerImplMain$FactoryImpl/storage-manager # 1740 # 83058128 # com.appium.impl.core.xee.XManagerImpl.virtual # Acer # OAMServer.Primary
