
2006-10-28 20.20.42 #  # error # LOGGING ENDS HERE since logging is disabled for Debug in the Log configuration (this line is only here because startup log files cannot be deleted if opened in Windows) (msg no. 1) #  # 756 # 81250373 # com.appium.Monitoring.Log.LogImplMain # localhost # XContainer.Collect Calls@localhost.50
2006-10-28 20.20.42 #  # error # LOGGING ENDS HERE since logging is disabled for Debug in the Log configuration (this line is only here because startup log files cannot be deleted if opened in Windows) (msg no. 2) #  # 756 # 81250374 # com.appium.Monitoring.Log.LogImplMain # localhost # XContainer.Collect Calls@localhost.50
2006-10-28 20.20.42 #  # error # LOGGING ENDS HERE since logging is disabled for Debug in the Log configuration (this line is only here because startup log files cannot be deleted if opened in Windows) (msg no. 3) #  # 756 # 81250375 # com.appium.Monitoring.Log.LogImplMain # localhost # XContainer.Collect Calls@localhost.50
2006-10-28 20.20.42 #  # error # LOGGING ENDS HERE since logging is disabled for Debug in the Log configuration (this line is only here because startup log files cannot be deleted if opened in Windows) (msg no. 4) #  # 756 # 81250376 # com.appium.Monitoring.Log.LogImplMain # localhost # XContainer.Collect Calls@localhost.50
2006-10-28 20.20.42 #  # error # LOGGING ENDS HERE since logging is disabled for Debug in the Log configuration (this line is only here because startup log files cannot be deleted if opened in Windows) (msg no. 5) #  # 756 # 81250377 # com.appium.Monitoring.Log.LogImplMain # localhost # XContainer.Collect Calls@localhost.50
2006-10-28 20.20.42 #  # error # LOGGING ENDS HERE since logging is disabled for Debug in the Log configuration (this line is only here because startup log files cannot be deleted if opened in Windows) (msg no. 6) #  # 756 # 81250378 # com.appium.Monitoring.Log.LogImplMain # localhost # XContainer.Collect Calls@localhost.50
2006-10-28 20.20.42 #  # error # LOGGING ENDS HERE since logging is disabled for Debug in the Log configuration (this line is only here because startup log files cannot be deleted if opened in Windows) (msg no. 7) #  # 756 # 81250379 # com.appium.Monitoring.Log.LogImplMain # localhost # XContainer.Collect Calls@localhost.50
2006-10-28 20.20.42 #  # error # LOGGING ENDS HERE since logging is disabled for Debug in the Log configuration (this line is only here because startup log files cannot be deleted if opened in Windows) (msg no. 8) #  # 756 # 81250380 # com.appium.Monitoring.Log.LogImplMain # localhost # XContainer.Collect Calls@localhost.50
2006-10-28 20.20.42 #  # error # LOGGING ENDS HERE since logging is disabled for Debug in the Log configuration (this line is only here because startup log files cannot be deleted if opened in Windows) (msg no. 9) #  # 756 # 81250381 # com.appium.Monitoring.Log.LogImplMain # localhost # XContainer.Collect Calls@localhost.50
2006-10-28 20.20.42 #  # error # LOGGING ENDS HERE since logging is disabled for Debug in the Log configuration (this line is only here because startup log files cannot be deleted if opened in Windows) (msg no. 10) #  # 756 # 81250382 # com.appium.Monitoring.Log.LogImplMain # localhost # XContainer.Collect Calls@localhost.50
2006-10-28 20.20.42 # Warning  # objectActive # Object active (new): StatusInfoAccess_Collect Calls@XContainer.Collect Calls@localhost.50 (reported by ObjectRegistry) #  # 514 # 81250389 # com.appium.impl.core.xee.XProcessImpl # localhost # XContainer.Collect Calls@localhost.50
2006-10-28 20.20.49 # Warning  # systemEvent # Starting System Statistics... #  # 697 # 81250400 # com.appium.SystemInfo.SystemStatisticsModule # localhost # XContainer.Collect Calls@localhost.50
2006-10-28 20.20.49 #  # error # Failed to load pl.ericpol.collectcalls.TelecomApplicationMain/CollectCalls # java.lang.NoClassDefFoundError: org/apache/log4j/Logger # 1740 # 81250414 # com.appium.impl.core.xee.XManagerImpl.virtual # localhost # XContainer.Collect Calls@localhost.50
2006-10-28 20.20.49 #  # error # Error loading XHandler # java.lang.Exception: Failed to load pl.ericpol.collectcalls.TelecomApplicationMain/CollectCalls # 651 # 81250415 # com.appium.impl.core.xee.XManagerImpl.virtual.VirtualProcessImplMain # localhost # XContainer.Collect Calls@localhost.50
2006-10-28 20.21.14 #  # error # Failed to load pl.ericpol.collectcalls.TelecomApplicationMain/CollectCalls # java.lang.NoClassDefFoundError # 1740 # 81250422 # com.appium.impl.core.xee.XManagerImpl.virtual # localhost # XContainer.Collect Calls@localhost.50
2006-10-28 20.21.14 #  # error # Error loading XHandler # java.lang.Exception: Failed to load pl.ericpol.collectcalls.TelecomApplicationMain/CollectCalls # 651 # 81250423 # com.appium.impl.core.xee.XManagerImpl.virtual.VirtualProcessImplMain # localhost # XContainer.Collect Calls@localhost.50
2006-10-28 20.22.49 #  # error # Failed to load pl.ericpol.collectcalls.TelecomApplicationMain/CollectCalls # java.lang.NoClassDefFoundError # 1740 # 81250430 # com.appium.impl.core.xee.XManagerImpl.virtual # localhost # XContainer.Collect Calls@localhost.50
2006-10-28 20.22.49 #  # error # Error loading XHandler # java.lang.Exception: Failed to load pl.ericpol.collectcalls.TelecomApplicationMain/CollectCalls # 651 # 81250431 # com.appium.impl.core.xee.XManagerImpl.virtual.VirtualProcessImplMain # localhost # XContainer.Collect Calls@localhost.50
2006-10-28 20.28.06 #  # error # Failed to load pl.ericpol.collectcalls.TelecomApplicationMain/CollectCalls # java.lang.NoClassDefFoundError # 1740 # 81250438 # com.appium.impl.core.xee.XManagerImpl.virtual # localhost # XContainer.Collect Calls@localhost.50
2006-10-28 20.28.06 #  # error # Error loading XHandler # java.lang.Exception: Failed to load pl.ericpol.collectcalls.TelecomApplicationMain/CollectCalls # 651 # 81250439 # com.appium.impl.core.xee.XManagerImpl.virtual.VirtualProcessImplMain # localhost # XContainer.Collect Calls@localhost.50
2006-10-28 20.28.38 #  # error # Failed to load pl.ericpol.collectcalls.TelecomApplicationMain/CollectCalls # java.lang.NoClassDefFoundError # 1740 # 81250446 # com.appium.impl.core.xee.XManagerImpl.virtual # localhost # XContainer.Collect Calls@localhost.50
2006-10-28 20.28.38 #  # error # Error loading XHandler # java.lang.Exception: Failed to load pl.ericpol.collectcalls.TelecomApplicationMain/CollectCalls # 651 # 81250447 # com.appium.impl.core.xee.XManagerImpl.virtual.VirtualProcessImplMain # localhost # XContainer.Collect Calls@localhost.50
