
2006-11-04 17.38.34 # Warning  # objectActive # Object active (new): StatusInfoAccess_XTE@XContainer.XTE@localhost.250 (reported by ObjectRegistry) #  # 514 # 81848939 # com.appium.impl.core.xee.XProcessImpl # localhost # XContainer.XTE@localhost.250
2006-11-04 17.39.01 # Warning  # systemEvent # Starting System Statistics... #  # 697 # 81848948 # com.appium.SystemInfo.SystemStatisticsModule # localhost # XContainer.XTE@localhost.250
2006-11-04 17.39.24 # Minor    # warning # Could not add system default DNS to round robin list used for outgoing SIP requests. #  # 1794 # 81848960 # com.appium.IMS.SIP # localhost # XContainer.XTE@localhost.250
2006-11-04 17.39.29 #  # error # Failed to load com.appium.IMS.SIP.ColinSIPStackImpl/Jain SIP Stack # com.appium.core.xee.XManager$CONFIGURATION_FAILED: Port 5060 is not free. Used by another XWay process on this host? # 1740 # 81848965 # com.appium.impl.core.xee.XManagerImpl.virtual # localhost # XContainer.XTE@localhost.250
2006-11-04 17.39.29 #  # error # Missing dependency: sipStack API=com.appium.services.sip.JainSIPStack. (no specific ID required) # java.lang.Exception: Failed to load com.appium.IMS.SIP.ColinSIPStackImpl/Jain SIP Stack # 0 # 81848966 # com.appium.impl.core.xee.XManagerImpl.virtual # localhost # XContainer.XTE@localhost.250
2006-11-04 17.39.29 # Minor    # warning # Configuration error: sipStack: Missing dependency: sipStack API=com.appium.services.sip.JainSIPStack. (no specific ID required) #  # 1791 # 81848967 # com.appium.impl.core.xee.XManagerImpl.virtual # localhost # XContainer.XTE@localhost.250
2006-11-04 17.39.29 #  # error # Failed to load com.appium.XTE.SIPModule/SIPModule # java.lang.Exception: Failed to load com.appium.IMS.SIP.ColinSIPStackImpl/Jain SIP Stack # 1740 # 81848968 # com.appium.impl.core.xee.XManagerImpl.virtual # localhost # XContainer.XTE@localhost.250
2006-11-04 17.39.29 #  # error # Required XHandler not found. API=com.appium.XTE.Interfaces.XTEModules, ID=SIPModule. # java.lang.Exception: Failed to load com.appium.XTE.SIPModule/SIPModule # 0 # 81848969 # com.appium.impl.core.xee.XManagerImpl.virtual # localhost # XContainer.XTE@localhost.250
2006-11-04 17.39.29 #  # error # Failed to load com.appium.XTE.ModuleLoaderImpl/XTE Module Loader # java.lang.Exception: Required XHandler not found. API=com.appium.XTE.Interfaces.XTEModules, ID=SIPModule. # 1740 # 81848970 # com.appium.impl.core.xee.XManagerImpl.virtual # localhost # XContainer.XTE@localhost.250
2006-11-04 17.39.29 #  # error # Error loading XHandler # java.lang.Exception: Failed to load com.appium.XTE.ModuleLoaderImpl/XTE Module Loader # 651 # 81848971 # com.appium.impl.core.xee.XManagerImpl.virtual.VirtualProcessImplMain # localhost # XContainer.XTE@localhost.250
2006-11-04 17.39.48 # Minor    # warning # Could not find local ExecDaemon #  # 698 # 81848972 # com.appium.SystemInfo.ProcessInfo # localhost # XContainer.XTE@localhost.250
2006-11-04 18.22.40 # Warning  # objectOffline # Object offline: Distributor.Trrigering@localhost.0 (reported by Surveillance ) #  # 517 # 81848976 # com.appium.impl.core.xee.XProcessImpl # localhost # XContainer.XTE@localhost.250
2006-11-04 18.22.40 # Warning  # objectOffline # Object offline: ServiceUpdate_Trrigering@Distributor.Trrigering@localhost.0 (reported by Surveillance ) #  # 517 # 81848977 # com.appium.impl.core.xee.XProcessImpl # localhost # XContainer.XTE@localhost.250
2006-11-04 18.22.40 # Warning  # objectOffline # Object offline: SessionRegistry_Trrigering@Distributor.Trrigering@localhost.0 (reported by Surveillance ) #  # 517 # 81848978 # com.appium.impl.core.xee.XProcessImpl # localhost # XContainer.XTE@localhost.250
2006-11-04 18.22.40 # Warning  # objectOffline # Object offline: StatusInfoAccess_Trrigering@Distributor.Trrigering@localhost.0 (reported by Surveillance ) #  # 517 # 81848979 # com.appium.impl.core.xee.XProcessImpl # localhost # XContainer.XTE@localhost.250
2006-11-04 18.22.40 # Warning  # objectOffline # Object offline: XTransport_Trrigering@Distributor.Trrigering@localhost.0 (reported by Surveillance ) #  # 517 # 81848980 # com.appium.impl.core.xee.XProcessImpl # localhost # XContainer.XTE@localhost.250
2006-11-04 18.22.46 # Warning  # objectOffline # Object offline: NSim.Default@localhost.0 (reported by Surveillance ) #  # 517 # 81848982 # com.appium.impl.core.xee.XProcessImpl # localhost # XContainer.XTE@localhost.250
2006-11-04 18.22.46 # Warning  # objectOffline # Object offline: ServiceUpdate_Default@NSim.Default@localhost.0 (reported by Surveillance ) #  # 517 # 81848983 # com.appium.impl.core.xee.XProcessImpl # localhost # XContainer.XTE@localhost.250
2006-11-04 18.22.46 # Warning  # objectOffline # Object offline: StatusInfoAccess_Default@NSim.Default@localhost.0 (reported by Surveillance ) #  # 517 # 81848984 # com.appium.impl.core.xee.XProcessImpl # localhost # XContainer.XTE@localhost.250
2006-11-04 18.22.46 # Warning  # objectOffline # Object offline: XTransport_Default@NSim.Default@localhost.0 (reported by Surveillance ) #  # 517 # 81848985 # com.appium.impl.core.xee.XProcessImpl # localhost # XContainer.XTE@localhost.250
