
2006-11-10 21.10.17 # Warning  # objectActive # Object active (new): StatusInfoAccess_XTE Parlay@XContainer.XTE Parlay@localhost.0 (reported by ObjectRegistry) #  # 514 # 82380167 # com.appium.impl.core.xee.XProcessImpl # localhost # XContainer.XTE Parlay@localhost.0
2006-11-10 21.10.18 # Warning  # systemEvent # Starting System Statistics... #  # 697 # 82380173 # com.appium.SystemInfo.SystemStatisticsModule # localhost # XContainer.XTE Parlay@localhost.0
2006-11-10 21.10.21 # Warning  # objectActive # Object active (new): ServiceUpdate_XTE Parlay@XContainer.XTE Parlay@localhost.0 (reported by ObjectRegistry) #  # 514 # 82380197 # com.appium.impl.core.xee.XProcessImpl # localhost # XContainer.XTE Parlay@localhost.0
2006-11-10 21.10.21 # Warning  # objectActive # Object activated: XContainer.XTE Parlay@localhost.0 (reported by ObjectRegistry) #  # 513 # 82380198 # com.appium.impl.core.xee.XProcessImpl # localhost # XContainer.XTE Parlay@localhost.0
2006-11-10 21.11.35 # Warning  # objectActive # Object active (new): XTransport_XTE@XContainer.XTE@localhost.50 (reported by ObjectRegistry) #  # 514 # 82380199 # com.appium.impl.core.xee.XProcessImpl # localhost # XContainer.XTE Parlay@localhost.0
2006-11-10 21.11.36 # Warning  # objectOnline # Object online (new): XContainer.XTE@localhost.50 (inactive, reported by ObjectRegistry) #  # 518 # 82380201 # com.appium.impl.core.xee.XProcessImpl # localhost # XContainer.XTE Parlay@localhost.0
2006-11-10 21.11.38 # Warning  # objectActive # Object active (new): StatusInfoAccess_XTE@XContainer.XTE@localhost.50 (reported by ObjectRegistry) #  # 514 # 82380202 # com.appium.impl.core.xee.XProcessImpl # localhost # XContainer.XTE Parlay@localhost.0
2006-11-10 21.11.48 # Warning  # objectActive # Object active (new): ServiceUpdate_XTE@XContainer.XTE@localhost.50 (reported by ObjectRegistry) #  # 514 # 82380203 # com.appium.impl.core.xee.XProcessImpl # localhost # XContainer.XTE Parlay@localhost.0
2006-11-10 21.11.48 # Warning  # objectActive # Object activated: XContainer.XTE@localhost.50 (reported by Surveillance  ) #  # 513 # 82380204 # com.appium.impl.core.xee.XProcessImpl # localhost # XContainer.XTE Parlay@localhost.0
2006-11-10 21.11.51 # Warning  # objectActive # Object active (new): SessionBackupStore_XTE@XContainer.XTE@localhost.50 (reported by ObjectRegistry) #  # 514 # 82380205 # com.appium.impl.core.xee.XProcessImpl # localhost # XContainer.XTE Parlay@localhost.0
2006-11-10 21.11.55 # Warning  # objectActive # Object active (new): SessionRegistry_XTE@XContainer.XTE@localhost.50 (reported by ObjectRegistry) #  # 514 # 82380206 # com.appium.impl.core.xee.XProcessImpl # localhost # XContainer.XTE Parlay@localhost.0
2006-11-10 21.15.00 # Warning  # objectOnline # Object online (new): XContainer.USTestApp@localhost.100 (inactive, reported by ObjectRegistry) #  # 518 # 82380207 # com.appium.impl.core.xee.XProcessImpl # localhost # XContainer.XTE Parlay@localhost.0
2006-11-10 21.15.03 # Warning  # objectActive # Object active (new): XTransport_USTestApp@XContainer.USTestApp@localhost.100 (reported by ObjectRegistry) #  # 514 # 82380209 # com.appium.impl.core.xee.XProcessImpl # localhost # XContainer.XTE Parlay@localhost.0
2006-11-10 21.15.08 # Warning  # objectActive # Object active (new): StatusInfoAccess_USTestApp@XContainer.USTestApp@localhost.100 (reported by ObjectRegistry) #  # 514 # 82380210 # com.appium.impl.core.xee.XProcessImpl # localhost # XContainer.XTE Parlay@localhost.0
2006-11-10 21.15.21 # Warning  # objectActive # Object active (new): VoiceServerAccess_USTestApp@XContainer.USTestApp@localhost.100 (reported by ObjectRegistry) #  # 514 # 82380211 # com.appium.impl.core.xee.XProcessImpl # localhost # XContainer.XTE Parlay@localhost.0
2006-11-10 21.15.22 # Warning  # objectActive # Object active (new): ServiceUpdate_USTestApp@XContainer.USTestApp@localhost.100 (reported by ObjectRegistry) #  # 514 # 82380212 # com.appium.impl.core.xee.XProcessImpl # localhost # XContainer.XTE Parlay@localhost.0
2006-11-10 21.15.22 # Warning  # objectActive # Object active (new): SessionBackupStore_USTestApp@XContainer.USTestApp@localhost.100 (reported by ObjectRegistry) #  # 514 # 82380213 # com.appium.impl.core.xee.XProcessImpl # localhost # XContainer.XTE Parlay@localhost.0
2006-11-10 21.15.34 # Warning  # objectActive # Object activated: XContainer.USTestApp@localhost.100 (reported by Surveillance  ) #  # 513 # 82380214 # com.appium.impl.core.xee.XProcessImpl # localhost # XContainer.XTE Parlay@localhost.0
2006-11-10 21.39.31 #  # error # Failed to load com.appium.XTE.ParlayModule/ParlayModule # java.lang.NoClassDefFoundError: org/csapi/fw/fw_access/trust_and_security/IpInitialPOA # 1740 # 82380215 # com.appium.impl.core.xee.XManagerImpl.virtual # localhost # XContainer.XTE Parlay@localhost.0
2006-11-10 21.39.31 #  # error # Required XHandler not found. API=com.appium.XTE.Interfaces.XTEModules, ID=ParlayModule. # java.lang.Exception: Failed to load com.appium.XTE.ParlayModule/ParlayModule # 0 # 82380216 # com.appium.impl.core.xee.XManagerImpl.virtual # localhost # XContainer.XTE Parlay@localhost.0
2006-11-10 21.39.51 #  # error # Missing dependency: database API=com.appium.core.xstorage.XDatabase$TableSpace. (no specific ID required) # java.lang.Exception: No such XHandler defined: API = com.appium.core.xstorage.XDatabase$TableSpace # 0 # 82380217 # com.appium.impl.core.xee.XManagerImpl.virtual # localhost # XContainer.XTE Parlay@localhost.0
2006-11-10 21.39.51 # Minor    # warning # Configuration error: database: Missing dependency: database API=com.appium.core.xstorage.XDatabase$TableSpace. (no specific ID required) #  # 1791 # 82380218 # com.appium.impl.core.xee.XManagerImpl.virtual # localhost # XContainer.XTE Parlay@localhost.0
2006-11-10 21.40.22 #  # error # Failed to load com.appium.XTE.ParlayModule/ParlayModule # java.lang.NoClassDefFoundError: org/csapi/fw/fw_access/trust_and_security/IpInitialPOA # 1740 # 82380219 # com.appium.impl.core.xee.XManagerImpl.virtual # localhost # XContainer.XTE Parlay@localhost.0
2006-11-10 21.40.22 #  # error # Required XHandler not found. API=com.appium.XTE.Interfaces.XTEModules, ID=ParlayModule. # java.lang.Exception: Failed to load com.appium.XTE.ParlayModule/ParlayModule # 0 # 82380220 # com.appium.impl.core.xee.XManagerImpl.virtual # localhost # XContainer.XTE Parlay@localhost.0
2006-11-10 21.40.29 #  # error # Failed to load com.appium.XTE.ParlayModule/ParlayModule # java.lang.NoClassDefFoundError: org/csapi/fw/fw_access/trust_and_security/IpInitialPOA # 1740 # 82380227 # com.appium.impl.core.xee.XManagerImpl.virtual # localhost # XContainer.XTE Parlay@localhost.0
2006-11-10 21.40.29 #  # error # Required XHandler not found. API=com.appium.XTE.Interfaces.XTEModules, ID=ParlayModule. # java.lang.Exception: Failed to load com.appium.XTE.ParlayModule/ParlayModule # 0 # 82380228 # com.appium.impl.core.xee.XManagerImpl.virtual # localhost # XContainer.XTE Parlay@localhost.0
2006-11-10 21.40.29 #  # error # Failed to load com.appium.XTE.ModuleLoaderImpl/XTE Module Loader # java.lang.Exception: Required XHandler not found. API=com.appium.XTE.Interfaces.XTEModules, ID=ParlayModule. # 1740 # 82380229 # com.appium.impl.core.xee.XManagerImpl.virtual # localhost # XContainer.XTE Parlay@localhost.0
2006-11-10 21.40.29 #  # error # Error loading XHandler # java.lang.Exception: Failed to load com.appium.XTE.ModuleLoaderImpl/XTE Module Loader # 651 # 82380230 # com.appium.impl.core.xee.XManagerImpl.virtual.VirtualProcessImplMain # localhost # XContainer.XTE Parlay@localhost.0
2006-11-10 21.40.30 #  # error # Failed to load com.appium.XTE.ParlayModule/ParlayModule # java.lang.NoClassDefFoundError: org/csapi/fw/fw_access/trust_and_security/IpInitialPOA # 1740 # 82380231 # com.appium.impl.core.xee.XManagerImpl.virtual # localhost # XContainer.XTE Parlay@localhost.0
2006-11-10 21.40.30 #  # error # Required XHandler not found. API=com.appium.XTE.Interfaces.XTEModules, ID=ParlayModule. # java.lang.Exception: Failed to load com.appium.XTE.ParlayModule/ParlayModule # 0 # 82380232 # com.appium.impl.core.xee.XManagerImpl.virtual # localhost # XContainer.XTE Parlay@localhost.0
