
2006-10-28 20.17.47 #  # error # LOGGING ENDS HERE since logging is disabled for Debug in the Log configuration (this line is only here because startup log files cannot be deleted if opened in Windows) (msg no. 1) #  # 756 # 81250208 # com.appium.Monitoring.Log.LogImplMain # Acer # NSim.Default@Acer.0
2006-10-28 20.17.47 #  # error # LOGGING ENDS HERE since logging is disabled for Debug in the Log configuration (this line is only here because startup log files cannot be deleted if opened in Windows) (msg no. 2) #  # 756 # 81250209 # com.appium.Monitoring.Log.LogImplMain # Acer # NSim.Default@Acer.0
2006-10-28 20.17.47 #  # error # LOGGING ENDS HERE since logging is disabled for Debug in the Log configuration (this line is only here because startup log files cannot be deleted if opened in Windows) (msg no. 3) #  # 756 # 81250210 # com.appium.Monitoring.Log.LogImplMain # Acer # NSim.Default@Acer.0
2006-10-28 20.17.47 #  # error # LOGGING ENDS HERE since logging is disabled for Debug in the Log configuration (this line is only here because startup log files cannot be deleted if opened in Windows) (msg no. 4) #  # 756 # 81250211 # com.appium.Monitoring.Log.LogImplMain # Acer # NSim.Default@Acer.0
2006-10-28 20.17.47 #  # error # LOGGING ENDS HERE since logging is disabled for Debug in the Log configuration (this line is only here because startup log files cannot be deleted if opened in Windows) (msg no. 5) #  # 756 # 81250212 # com.appium.Monitoring.Log.LogImplMain # Acer # NSim.Default@Acer.0
2006-10-28 20.17.47 #  # error # LOGGING ENDS HERE since logging is disabled for Debug in the Log configuration (this line is only here because startup log files cannot be deleted if opened in Windows) (msg no. 6) #  # 756 # 81250213 # com.appium.Monitoring.Log.LogImplMain # Acer # NSim.Default@Acer.0
2006-10-28 20.17.47 #  # error # LOGGING ENDS HERE since logging is disabled for Debug in the Log configuration (this line is only here because startup log files cannot be deleted if opened in Windows) (msg no. 7) #  # 756 # 81250214 # com.appium.Monitoring.Log.LogImplMain # Acer # NSim.Default@Acer.0
2006-10-28 20.17.47 #  # error # LOGGING ENDS HERE since logging is disabled for Debug in the Log configuration (this line is only here because startup log files cannot be deleted if opened in Windows) (msg no. 8) #  # 756 # 81250215 # com.appium.Monitoring.Log.LogImplMain # Acer # NSim.Default@Acer.0
2006-10-28 20.17.47 #  # error # LOGGING ENDS HERE since logging is disabled for Debug in the Log configuration (this line is only here because startup log files cannot be deleted if opened in Windows) (msg no. 9) #  # 756 # 81250216 # com.appium.Monitoring.Log.LogImplMain # Acer # NSim.Default@Acer.0
2006-10-28 20.17.47 #  # error # LOGGING ENDS HERE since logging is disabled for Debug in the Log configuration (this line is only here because startup log files cannot be deleted if opened in Windows) (msg no. 10) #  # 756 # 81250217 # com.appium.Monitoring.Log.LogImplMain # Acer # NSim.Default@Acer.0
2006-10-28 20.17.47 # Warning  # objectActive # Object active (new): XTransport_Default@NSim.Default@Acer.0 (reported by ObjectRegistry) #  # 514 # 81250224 # com.appium.impl.core.xee.XProcessImpl # Acer # NSim.Default@Acer.0
2006-10-28 20.17.48 # Warning  # objectActive # Object active (new): StatusInfoAccess_Default@NSim.Default@Acer.0 (reported by ObjectRegistry) #  # 514 # 81250232 # com.appium.impl.core.xee.XProcessImpl # Acer # NSim.Default@Acer.0
2006-10-28 20.17.48 # Warning  # systemEvent # Starting System Statistics... #  # 697 # 81250237 # com.appium.SystemInfo.SystemStatisticsModule # Acer # NSim.Default@Acer.0
2006-10-28 20.17.50 # Warning  # systemEvent # Starting NSim... #  # 1239 # 81250260 # Gateway # Acer # NSim.Default@Acer.0
2006-10-28 20.17.50 # Warning  # objectActive # Object activated: NSim.Default@Acer.0 (reported by ObjectRegistry) #  # 513 # 81250262 # com.appium.impl.core.xee.XProcessImpl # Acer # NSim.Default@Acer.0
2006-10-28 20.17.50 # Warning  # objectActive # Object active (new): ServiceUpdate_Default@NSim.Default@Acer.0 (reported by ObjectRegistry) #  # 514 # 81250263 # com.appium.impl.core.xee.XProcessImpl # Acer # NSim.Default@Acer.0
2006-10-28 20.18.17 # Warning  # objectOnline # Object online (new): Distributor.Trrigering@localhost.0 (inactive, reported by ObjectRegistry) #  # 518 # 81250264 # com.appium.impl.core.xee.XProcessImpl # Acer # NSim.Default@Acer.0
2006-10-28 20.18.17 # Warning  # objectActive # Object active (new): XTransport_Trrigering@Distributor.Trrigering@localhost.0 (reported by ObjectRegistry) #  # 514 # 81250266 # com.appium.impl.core.xee.XProcessImpl # Acer # NSim.Default@Acer.0
2006-10-28 20.18.20 # Warning  # objectActive # Object active (new): StatusInfoAccess_Trrigering@Distributor.Trrigering@localhost.0 (reported by ObjectRegistry) #  # 514 # 81250267 # com.appium.impl.core.xee.XProcessImpl # Acer # NSim.Default@Acer.0
2006-10-28 20.18.22 # Warning  # objectActive # Object active (new): SessionRegistry_Trrigering@Distributor.Trrigering@localhost.0 (reported by ObjectRegistry) #  # 514 # 81250268 # com.appium.impl.core.xee.XProcessImpl # Acer # NSim.Default@Acer.0
2006-10-28 20.18.22 # Warning  # objectActive # Object active (new): ServiceUpdate_Trrigering@Distributor.Trrigering@localhost.0 (reported by ObjectRegistry) #  # 514 # 81250269 # com.appium.impl.core.xee.XProcessImpl # Acer # NSim.Default@Acer.0
2006-10-28 20.18.28 # Warning  # objectActive # Object activated: Distributor.Trrigering@localhost.0 (reported by Surveillance  ) #  # 513 # 81250270 # com.appium.impl.core.xee.XProcessImpl # Acer # NSim.Default@Acer.0
2006-10-28 20.20.32 # Warning  # objectOnline # Object online (new): XContainer.Collect Calls@localhost.50 (inactive, reported by ObjectRegistry) #  # 518 # 81250272 # com.appium.impl.core.xee.XProcessImpl # Acer # NSim.Default@Acer.0
2006-10-28 20.20.34 # Warning  # objectActive # Object active (new): XTransport_Collect Calls@XContainer.Collect Calls@localhost.50 (reported by ObjectRegistry) #  # 514 # 81250274 # com.appium.impl.core.xee.XProcessImpl # Acer # NSim.Default@Acer.0
2006-10-28 20.20.43 # Warning  # objectActive # Object active (new): StatusInfoAccess_Collect Calls@XContainer.Collect Calls@localhost.50 (reported by ObjectRegistry) #  # 514 # 81250275 # com.appium.impl.core.xee.XProcessImpl # Acer # NSim.Default@Acer.0
2006-10-28 20.30.35 # Warning  # objectOffline # Object offline: StatusInfoAccess_Collect Calls@XContainer.Collect Calls@localhost.50 (reported by Surveillance ) #  # 517 # 81250295 # com.appium.impl.core.xee.XProcessImpl # Acer # NSim.Default@Acer.0
2006-10-28 20.30.35 # Warning  # objectOffline # Object offline: XContainer.Collect Calls@localhost.50 (reported by Surveillance ) #  # 517 # 81250296 # com.appium.impl.core.xee.XProcessImpl # Acer # NSim.Default@Acer.0
2006-10-28 20.30.35 # Warning  # objectOffline # Object offline: XTransport_Collect Calls@XContainer.Collect Calls@localhost.50 (reported by Surveillance ) #  # 517 # 81250297 # com.appium.impl.core.xee.XProcessImpl # Acer # NSim.Default@Acer.0
2006-10-28 20.31.45 # Warning  # objectOnline # Object online again: XContainer.Collect Calls@localhost.50 (inactive, reported by ObjectRegistry) #  # 519 # 81250310 # com.appium.impl.core.xee.XProcessImpl # Acer # NSim.Default@Acer.0
2006-10-28 20.31.45 # Warning  # objectActive # Object active: XTransport_Collect Calls@XContainer.Collect Calls@localhost.50 (reported by ObjectRegistry) #  # 515 # 81250311 # com.appium.impl.core.xee.XProcessImpl # Acer # NSim.Default@Acer.0
2006-10-28 20.31.49 # Warning  # objectActive # Object active: StatusInfoAccess_Collect Calls@XContainer.Collect Calls@localhost.50 (reported by ObjectRegistry) #  # 515 # 81250312 # com.appium.impl.core.xee.XProcessImpl # Acer # NSim.Default@Acer.0
2006-10-28 20.37.02 # Warning  # objectOffline # Object offline: StatusInfoAccess_Collect Calls@XContainer.Collect Calls@localhost.50 (reported by Surveillance ) #  # 517 # 81250314 # com.appium.impl.core.xee.XProcessImpl # Acer # NSim.Default@Acer.0
2006-10-28 20.37.02 # Warning  # objectOffline # Object offline: XContainer.Collect Calls@localhost.50 (reported by Surveillance ) #  # 517 # 81250315 # com.appium.impl.core.xee.XProcessImpl # Acer # NSim.Default@Acer.0
2006-10-28 20.37.02 # Warning  # objectOffline # Object offline: XTransport_Collect Calls@XContainer.Collect Calls@localhost.50 (reported by Surveillance ) #  # 517 # 81250316 # com.appium.impl.core.xee.XProcessImpl # Acer # NSim.Default@Acer.0
