
2006-11-04 18.25.28 # Warning  # objectActive # Object active (new): StatusInfoAccess_Primary@OAMServer.Primary (reported by ObjectRegistry) #  # 514 # 81851872 # com.appium.impl.core.xee.XProcessImpl # Acer # OAMServer.Primary
2006-11-04 18.25.29 # Warning  # systemEvent # Starting System Statistics... #  # 697 # 81851880 # com.appium.SystemInfo.SystemStatisticsModule # Acer # OAMServer.Primary
2006-11-04 18.25.30 # Warning  # objectActive # Object active (new): TraceReceiver_Primary@OAMServer.Primary (reported by ObjectRegistry) #  # 514 # 81851897 # com.appium.impl.core.xee.XProcessImpl # Acer # OAMServer.Primary
2006-11-04 18.25.31 # Warning  # systemEvent # Starting System Info... #  # 1659 # 81851901 # com.appium.SystemInfo.SystemInfoModule # Acer # OAMServer.Primary
2006-11-04 18.25.31 # Warning  # objectActive # Object active (new): XNodeDatabase_Primary@OAMServer.Primary (reported by ObjectRegistry) #  # 514 # 81851905 # com.appium.impl.core.xee.XProcessImpl # Acer # OAMServer.Primary
2006-11-04 18.25.35 #  # cannotObtainParlayService # Cannot obtain Parlay service XTE:P_US_TCTESTGW #  # 1131 # 81851964 # com.appium.ResourceAdapterLoader.Framework # Acer # OAMServer.Primary
2006-11-04 18.25.35 #  # cannotObtainParlayService # Cannot obtain Parlay service XTE:P_USER_STATUS #  # 1131 # 81851965 # com.appium.ResourceAdapterLoader.Framework # Acer # OAMServer.Primary
2006-11-04 18.25.35 #  # cannotObtainParlayService # Cannot obtain Parlay service XTE:P_ULC_TCTESTGW #  # 1131 # 81851966 # com.appium.ResourceAdapterLoader.Framework # Acer # OAMServer.Primary
2006-11-04 18.25.35 # Warning  # objectActive # Object active (new): ServiceUpdate_Primary@OAMServer.Primary (reported by ObjectRegistry) #  # 514 # 81851971 # com.appium.impl.core.xee.XProcessImpl # Acer # OAMServer.Primary
2006-11-04 18.25.35 # Warning  # objectActive # Object active (new): Framework_Primary@OAMServer.Primary (reported by ObjectRegistry) #  # 514 # 81851972 # com.appium.impl.core.xee.XProcessImpl # Acer # OAMServer.Primary
2006-11-04 18.25.35 # Warning  # processActive # Process active: OAMServer.Primary #  # 560 # 81851973 # com.appium.impl.core.xee.XProcessImpl # Acer # OAMServer.Primary
2006-11-04 18.25.36 #  # gatewayDown # Failed to obtain IpAccess of gateway XTE: TheOrb: Could not open socket at localhost:14702 #  # 346 # 81851975 # com.appium.ParlayAdaptor.Wrappers.Parlay32.Framework.GatewayHandler # Acer # OAMServer.Primary
2006-11-04 18.25.36 #  # gatewayDown # Failed to obtain IpAccess of gateway NSIM: TheOrb: Could not open socket at localhost:15000 #  # 346 # 81851976 # com.appium.ParlayAdaptor.Wrappers.Parlay32.Framework.GatewayHandler # Acer # OAMServer.Primary
2006-11-04 19.04.01 # Warning  # objectActive # Object active (new): GraphDataEventReceiver_Primary@OAMServer.Primary (reported by ObjectRegistry) #  # 514 # 81851983 # com.appium.impl.core.xee.XProcessImpl # Acer # OAMServer.Primary
2006-11-04 19.04.23 # Warning  # processOnline # Process online: XContainer.XTE@localhost.250 (inactive) #  # 563 # 81851984 # com.appium.impl.core.xee.XProcessImpl # Acer # OAMServer.Primary
2006-11-04 19.04.23 # Warning  # objectActive # Object active (new): XTransport_XTE@XContainer.XTE@localhost.250 (reported by ObjectRegistry) #  # 514 # 81851986 # com.appium.impl.core.xee.XProcessImpl # Acer # OAMServer.Primary
2006-11-04 19.04.24 # Warning  # objectActive # Object active (new): StatusInfoAccess_XTE@XContainer.XTE@localhost.250 (reported by ObjectRegistry) #  # 514 # 81851987 # com.appium.impl.core.xee.XProcessImpl # Acer # OAMServer.Primary
2006-11-04 19.04.28 # Warning  # objectActive # Object active (new): ServiceUpdate_XTE@XContainer.XTE@localhost.250 (reported by ObjectRegistry) #  # 514 # 81851988 # com.appium.impl.core.xee.XProcessImpl # Acer # OAMServer.Primary
2006-11-04 19.04.28 # Warning  # processActive # Process active: XContainer.XTE@localhost.250 #  # 560 # 81851989 # com.appium.impl.core.xee.XProcessImpl # Acer # OAMServer.Primary
2006-11-04 19.04.30 # Warning  # objectActive # Object active (new): SessionBackupStore_XTE@XContainer.XTE@localhost.250 (reported by ObjectRegistry) #  # 514 # 81851990 # com.appium.impl.core.xee.XProcessImpl # Acer # OAMServer.Primary
2006-11-04 19.04.33 # Warning  # objectActive # Object active (new): SessionRegistry_XTE@XContainer.XTE@localhost.250 (reported by ObjectRegistry) #  # 514 # 81851991 # com.appium.impl.core.xee.XProcessImpl # Acer # OAMServer.Primary
2006-11-04 19.04.49 #  # gatewayDown # Failed to obtain IpAccess of gateway NSIM: TheOrb: Could not open socket at localhost:15000 #  # 346 # 81851992 # com.appium.ParlayAdaptor.Wrappers.Parlay32.Framework.GatewayHandler # Acer # OAMServer.Primary
2006-11-04 19.04.50 #  # gatewayDown # Failed to obtain IpAccess of gateway XTE: TheOrb: Could not open socket at localhost:14702 #  # 346 # 81851993 # com.appium.ParlayAdaptor.Wrappers.Parlay32.Framework.GatewayHandler # Acer # OAMServer.Primary
2006-11-04 19.05.28 # Warning  # processDeactivated # Process deactivated: XContainer.XTE@localhost.250 #  # 561 # 81851994 # com.appium.impl.core.xee.XProcessImpl # Acer # OAMServer.Primary
2006-11-04 19.07.02 # Warning  # processActive # Process active: XContainer.XTE@localhost.250 #  # 560 # 81851995 # com.appium.impl.core.xee.XProcessImpl # Acer # OAMServer.Primary
2006-11-04 19.07.12 # Warning  # objectActive # Object active (new): XTransport_XTE@XContainer.XTE@localhost.0 (reported by ObjectRegistry) #  # 514 # 81851996 # com.appium.impl.core.xee.XProcessImpl # Acer # OAMServer.Primary
2006-11-04 19.07.12 # Warning  # processOnline # Process online: XContainer.XTE@localhost.0 (inactive) #  # 563 # 81851998 # com.appium.impl.core.xee.XProcessImpl # Acer # OAMServer.Primary
2006-11-04 19.07.16 # Warning  # objectActive # Object active (new): StatusInfoAccess_XTE@XContainer.XTE@localhost.0 (reported by ObjectRegistry) #  # 514 # 81851999 # com.appium.impl.core.xee.XProcessImpl # Acer # OAMServer.Primary
2006-11-04 19.07.20 # Warning  # objectActive # Object active (new): ServiceUpdate_XTE@XContainer.XTE@localhost.0 (reported by ObjectRegistry) #  # 514 # 81852000 # com.appium.impl.core.xee.XProcessImpl # Acer # OAMServer.Primary
2006-11-04 19.07.20 # Warning  # processActive # Process active: XContainer.XTE@localhost.0 #  # 560 # 81852001 # com.appium.impl.core.xee.XProcessImpl # Acer # OAMServer.Primary
2006-11-04 19.07.21 # Warning  # objectActive # Object active (new): SessionRegistry_XTE@XContainer.XTE@localhost.0 (reported by ObjectRegistry) #  # 514 # 81852002 # com.appium.impl.core.xee.XProcessImpl # Acer # OAMServer.Primary
2006-11-04 19.43.20 # Warning  # processDeactivated # Process deactivated: XContainer.XTE@localhost.0 #  # 561 # 81852003 # com.appium.impl.core.xee.XProcessImpl # Acer # OAMServer.Primary
2006-11-04 19.43.27 # Warning  # objectOffline # Object offline: ServiceUpdate_XTE@XContainer.XTE@localhost.250 (reported by Surveillance ) #  # 517 # 81852005 # com.appium.impl.core.xee.XProcessImpl # Acer # OAMServer.Primary
2006-11-04 19.43.27 # Warning  # objectOffline # Object offline: SessionBackupStore_XTE@XContainer.XTE@localhost.250 (reported by Surveillance ) #  # 517 # 81852006 # com.appium.impl.core.xee.XProcessImpl # Acer # OAMServer.Primary
2006-11-04 19.43.27 # Warning  # objectOffline # Object offline: SessionRegistry_XTE@XContainer.XTE@localhost.250 (reported by Surveillance ) #  # 517 # 81852007 # com.appium.impl.core.xee.XProcessImpl # Acer # OAMServer.Primary
2006-11-04 19.43.27 # Warning  # objectOffline # Object offline: StatusInfoAccess_XTE@XContainer.XTE@localhost.250 (reported by Surveillance ) #  # 517 # 81852008 # com.appium.impl.core.xee.XProcessImpl # Acer # OAMServer.Primary
2006-11-04 19.43.27 # Critical # processOffline # Process offline: XContainer.XTE@localhost.250 #  # 562 # 81852009 # com.appium.impl.core.xee.XProcessImpl # Acer # OAMServer.Primary
2006-11-04 19.43.27 # Warning  # objectOffline # Object offline: XTransport_XTE@XContainer.XTE@localhost.250 (reported by Surveillance ) #  # 517 # 81852010 # com.appium.impl.core.xee.XProcessImpl # Acer # OAMServer.Primary
2006-11-04 19.43.27 # Warning  # objectOffline # Object offline: ServiceUpdate_XTE@XContainer.XTE@localhost.0 (reported by Surveillance ) #  # 517 # 81852012 # com.appium.impl.core.xee.XProcessImpl # Acer # OAMServer.Primary
2006-11-04 19.43.27 # Warning  # objectOffline # Object offline: SessionRegistry_XTE@XContainer.XTE@localhost.0 (reported by Surveillance ) #  # 517 # 81852013 # com.appium.impl.core.xee.XProcessImpl # Acer # OAMServer.Primary
2006-11-04 19.43.27 # Warning  # objectOffline # Object offline: StatusInfoAccess_XTE@XContainer.XTE@localhost.0 (reported by Surveillance ) #  # 517 # 81852014 # com.appium.impl.core.xee.XProcessImpl # Acer # OAMServer.Primary
2006-11-04 19.43.27 # Critical # processOffline # Process offline: XContainer.XTE@localhost.0 #  # 562 # 81852015 # com.appium.impl.core.xee.XProcessImpl # Acer # OAMServer.Primary
2006-11-04 19.43.27 # Warning  # objectOffline # Object offline: XTransport_XTE@XContainer.XTE@localhost.0 (reported by Surveillance ) #  # 517 # 81852016 # com.appium.impl.core.xee.XProcessImpl # Acer # OAMServer.Primary
2006-11-04 19.43.28 # Minor    # warning # Could not get grid of status info from other process # org.omg.CORBA.NO_RESPONSE: Connection timeout  minor code: 0x0  completed: No # 0 # 81852017 # com.appium.Basement.OAM.StatusOverview.StatusInfoAccessClient # Acer # OAMServer.Primary
2006-11-04 19.43.29 # Minor    # warning # Could not get grid of status info from other process # org.omg.CORBA.NO_RESPONSE: Connection timeout  minor code: 0x0  completed: No # 0 # 81852018 # com.appium.Basement.OAM.StatusOverview.StatusInfoAccessClient # Acer # OAMServer.Primary
