
2006-10-28 20.49.07 # Warning  # systemEvent # Starting System Statistics... #  # 697 # 81252105 # com.appium.SystemInfo.SystemStatisticsModule # localhost # Distributor.Trrigering@localhost.0
2006-10-28 20.49.08 # Warning  # objectActive # Object active (new): ServiceUpdate_Trrigering@Distributor.Trrigering@localhost.0 (reported by ObjectRegistry) #  # 514 # 81252123 # com.appium.impl.core.xee.XProcessImpl # localhost # Distributor.Trrigering@localhost.0
2006-10-28 20.49.08 # Warning  # objectActive # Object active (new): SessionRegistry_Trrigering@Distributor.Trrigering@localhost.0 (reported by ObjectRegistry) #  # 514 # 81252124 # com.appium.impl.core.xee.XProcessImpl # localhost # Distributor.Trrigering@localhost.0
2006-10-28 20.49.08 # Warning  # objectActive # Object active (new): StatusInfoAccess_Trrigering@Distributor.Trrigering@localhost.0 (reported by ObjectRegistry) #  # 514 # 81252125 # com.appium.impl.core.xee.XProcessImpl # localhost # Distributor.Trrigering@localhost.0
2006-10-28 20.49.13 # Warning  # objectActive # Object activated: Distributor.Trrigering@localhost.0 (reported by Surveillance  ) #  # 513 # 81252153 # com.appium.impl.core.xee.XProcessImpl # localhost # Distributor.Trrigering@localhost.0
2006-10-28 20.50.06 # Warning  # objectOnline # Object online (new): NSim.Default@localhost.0 (inactive, reported by ObjectRegistry) #  # 518 # 81252154 # com.appium.impl.core.xee.XProcessImpl # localhost # Distributor.Trrigering@localhost.0
2006-10-28 20.50.06 # Warning  # objectActive # Object active (new): XTransport_Default@NSim.Default@localhost.0 (reported by ObjectRegistry) #  # 514 # 81252156 # com.appium.impl.core.xee.XProcessImpl # localhost # Distributor.Trrigering@localhost.0
2006-10-28 20.50.07 # Warning  # objectActive # Object active (new): StatusInfoAccess_Default@NSim.Default@localhost.0 (reported by ObjectRegistry) #  # 514 # 81252157 # com.appium.impl.core.xee.XProcessImpl # localhost # Distributor.Trrigering@localhost.0
2006-10-28 20.50.11 # Warning  # objectActive # Object activated: NSim.Default@localhost.0 (reported by ObjectRegistry) #  # 513 # 81252158 # com.appium.impl.core.xee.XProcessImpl # localhost # Distributor.Trrigering@localhost.0
2006-10-28 20.50.11 # Warning  # objectActive # Object active (new): ServiceUpdate_Default@NSim.Default@localhost.0 (reported by ObjectRegistry) #  # 514 # 81252159 # com.appium.impl.core.xee.XProcessImpl # localhost # Distributor.Trrigering@localhost.0
2006-10-28 20.50.49 # Warning  # marker # ========== Administrator Marker ========== #  # 508 # 81252160 # com.appium.Log # localhost # Distributor.Trrigering@localhost.0
2006-10-28 20.51.00 # Warning  # objectOnline # Object online (new): XContainer.Collect Calls@localhost.50 (inactive, reported by ObjectRegistry) #  # 518 # 81252161 # com.appium.impl.core.xee.XProcessImpl # localhost # Distributor.Trrigering@localhost.0
2006-10-28 20.51.00 # Warning  # objectActive # Object active (new): XTransport_Collect Calls@XContainer.Collect Calls@localhost.50 (reported by ObjectRegistry) #  # 514 # 81252163 # com.appium.impl.core.xee.XProcessImpl # localhost # Distributor.Trrigering@localhost.0
2006-10-28 20.51.05 # Warning  # objectActive # Object active (new): StatusInfoAccess_Collect Calls@XContainer.Collect Calls@localhost.50 (reported by ObjectRegistry) #  # 514 # 81252164 # com.appium.impl.core.xee.XProcessImpl # localhost # Distributor.Trrigering@localhost.0
2006-10-28 20.51.16 # Minor    # warning # Could not find local ExecDaemon #  # 698 # 81252165 # com.appium.SystemInfo.ProcessInfo # localhost # Distributor.Trrigering@localhost.0
2006-10-28 20.51.22 # Warning  # objectActive # Object active (new): ServiceUpdate_Collect Calls@XContainer.Collect Calls@localhost.50 (reported by ObjectRegistry) #  # 514 # 81252166 # com.appium.impl.core.xee.XProcessImpl # localhost # Distributor.Trrigering@localhost.0
2006-10-28 20.51.22 # Warning  # objectActive # Object activated: XContainer.Collect Calls@localhost.50 (reported by ObjectRegistry) #  # 513 # 81252167 # com.appium.impl.core.xee.XProcessImpl # localhost # Distributor.Trrigering@localhost.0
2006-10-28 20.56.39 # Warning  # objectOffline # Object offline: NSim.Default@localhost.0 (reported by Surveillance ) #  # 517 # 81252169 # com.appium.impl.core.xee.XProcessImpl # localhost # Distributor.Trrigering@localhost.0
2006-10-28 20.56.40 # Warning  # objectOffline # Object offline: ServiceUpdate_Default@NSim.Default@localhost.0 (reported by Surveillance ) #  # 517 # 81252170 # com.appium.impl.core.xee.XProcessImpl # localhost # Distributor.Trrigering@localhost.0
2006-10-28 20.56.40 # Warning  # objectOffline # Object offline: StatusInfoAccess_Default@NSim.Default@localhost.0 (reported by Surveillance ) #  # 517 # 81252171 # com.appium.impl.core.xee.XProcessImpl # localhost # Distributor.Trrigering@localhost.0
2006-10-28 20.56.40 # Warning  # objectOffline # Object offline: XTransport_Default@NSim.Default@localhost.0 (reported by Surveillance ) #  # 517 # 81252172 # com.appium.impl.core.xee.XProcessImpl # localhost # Distributor.Trrigering@localhost.0
2006-10-28 20.56.40 # Warning  # objectOffline # Object offline: ServiceUpdate_Collect Calls@XContainer.Collect Calls@localhost.50 (reported by Surveillance ) #  # 517 # 81252174 # com.appium.impl.core.xee.XProcessImpl # localhost # Distributor.Trrigering@localhost.0
2006-10-28 20.56.40 # Warning  # objectOffline # Object offline: StatusInfoAccess_Collect Calls@XContainer.Collect Calls@localhost.50 (reported by Surveillance ) #  # 517 # 81252175 # com.appium.impl.core.xee.XProcessImpl # localhost # Distributor.Trrigering@localhost.0
2006-10-28 20.56.41 # Warning  # objectOffline # Object offline: XContainer.Collect Calls@localhost.50 (reported by Surveillance ) #  # 517 # 81252176 # com.appium.impl.core.xee.XProcessImpl # localhost # Distributor.Trrigering@localhost.0
2006-10-28 20.56.41 # Warning  # objectOffline # Object offline: XTransport_Collect Calls@XContainer.Collect Calls@localhost.50 (reported by Surveillance ) #  # 517 # 81252177 # com.appium.impl.core.xee.XProcessImpl # localhost # Distributor.Trrigering@localhost.0
2006-10-28 20.57.48 # Warning  # objectActive # Object active: NSim.Default@localhost.0 (reported by ObjectRegistry) #  # 515 # 81252178 # com.appium.impl.core.xee.XProcessImpl # localhost # Distributor.Trrigering@localhost.0
2006-10-28 20.57.50 # Warning  # objectActive # Object active: ServiceUpdate_Default@NSim.Default@localhost.0 (reported by ObjectRegistry) #  # 515 # 81252179 # com.appium.impl.core.xee.XProcessImpl # localhost # Distributor.Trrigering@localhost.0
2006-10-28 20.57.50 # Warning  # objectActive # Object active: StatusInfoAccess_Default@NSim.Default@localhost.0 (reported by ObjectRegistry) #  # 515 # 81252180 # com.appium.impl.core.xee.XProcessImpl # localhost # Distributor.Trrigering@localhost.0
2006-10-28 20.57.50 # Warning  # objectActive # Object active: XTransport_Default@NSim.Default@localhost.0 (reported by ObjectRegistry) #  # 515 # 81252181 # com.appium.impl.core.xee.XProcessImpl # localhost # Distributor.Trrigering@localhost.0
2006-10-28 20.58.55 # Warning  # objectActive # Object active: ServiceUpdate_Collect Calls@XContainer.Collect Calls@localhost.50 (reported by ObjectRegistry) #  # 515 # 81252182 # com.appium.impl.core.xee.XProcessImpl # localhost # Distributor.Trrigering@localhost.0
2006-10-28 20.58.55 # Warning  # objectActive # Object active: StatusInfoAccess_Collect Calls@XContainer.Collect Calls@localhost.50 (reported by ObjectRegistry) #  # 515 # 81252183 # com.appium.impl.core.xee.XProcessImpl # localhost # Distributor.Trrigering@localhost.0
2006-10-28 20.58.55 # Warning  # objectActive # Object active: XContainer.Collect Calls@localhost.50 (reported by ObjectRegistry) #  # 515 # 81252184 # com.appium.impl.core.xee.XProcessImpl # localhost # Distributor.Trrigering@localhost.0
2006-10-28 20.58.55 # Warning  # objectActive # Object active: XTransport_Collect Calls@XContainer.Collect Calls@localhost.50 (reported by ObjectRegistry) #  # 515 # 81252185 # com.appium.impl.core.xee.XProcessImpl # localhost # Distributor.Trrigering@localhost.0
2006-10-28 20.59.29 #  # error # Error using the callControlManager: org.omg.CORBA.BAD_OPERATION:   minor code: 0x0  completed: No #  # 828 # 81252190 # com.appium.TAS.SessionTriggers.MultiPartyCallControl # localhost # Distributor.Trrigering@localhost.0
2006-10-28 20.59.30 #  # parlayServiceOffline # service offline: NSIM:P_ULC_NSIM[0] #  # 543 # 81252191 # com.appium.TAS.ServiceSelection.ServiceStatus # localhost # Distributor.Trrigering@localhost.0
2006-10-28 20.59.31 #  # error # Error using the callControlManager: org.omg.CORBA.BAD_OPERATION:   minor code: 0x0  completed: No #  # 828 # 81252193 # com.appium.TAS.SessionTriggers.MultiPartyCallControl # localhost # Distributor.Trrigering@localhost.0
2006-10-28 20.59.31 #  # parlayServiceOffline # service offline: NSIM:P_ULC_NSIM[0] #  # 543 # 81252194 # com.appium.TAS.ServiceSelection.ServiceStatus # localhost # Distributor.Trrigering@localhost.0
2006-10-28 20.59.41 #  # error # Error using the callControlManager: org.omg.CORBA.BAD_OPERATION:   minor code: 0x0  completed: No #  # 828 # 81252196 # com.appium.TAS.SessionTriggers.MultiPartyCallControl # localhost # Distributor.Trrigering@localhost.0
2006-10-28 20.59.41 #  # parlayServiceOffline # service offline: NSIM:P_ULC_NSIM[0] #  # 543 # 81252197 # com.appium.TAS.ServiceSelection.ServiceStatus # localhost # Distributor.Trrigering@localhost.0
2006-10-28 20.59.51 #  # error # Error using the callControlManager: org.omg.CORBA.BAD_OPERATION:   minor code: 0x0  completed: No #  # 828 # 81252199 # com.appium.TAS.SessionTriggers.MultiPartyCallControl # localhost # Distributor.Trrigering@localhost.0
2006-10-28 20.59.51 #  # parlayServiceOffline # service offline: NSIM:P_ULC_NSIM[0] #  # 543 # 81252200 # com.appium.TAS.ServiceSelection.ServiceStatus # localhost # Distributor.Trrigering@localhost.0
2006-10-28 21.00.01 #  # error # Error using the callControlManager: org.omg.CORBA.BAD_OPERATION:   minor code: 0x0  completed: No #  # 828 # 81252202 # com.appium.TAS.SessionTriggers.MultiPartyCallControl # localhost # Distributor.Trrigering@localhost.0
2006-10-28 21.00.01 #  # parlayServiceOffline # service offline: NSIM:P_ULC_NSIM[0] #  # 543 # 81252203 # com.appium.TAS.ServiceSelection.ServiceStatus # localhost # Distributor.Trrigering@localhost.0
2006-10-28 21.00.11 #  # error # Error using the callControlManager: org.omg.CORBA.BAD_OPERATION:   minor code: 0x0  completed: No #  # 828 # 81252205 # com.appium.TAS.SessionTriggers.MultiPartyCallControl # localhost # Distributor.Trrigering@localhost.0
2006-10-28 21.00.11 #  # parlayServiceOffline # service offline: NSIM:P_ULC_NSIM[0] #  # 543 # 81252206 # com.appium.TAS.ServiceSelection.ServiceStatus # localhost # Distributor.Trrigering@localhost.0
2006-10-28 21.02.55 # Warning  # objectOffline # Object offline: ServiceUpdate_Collect Calls@XContainer.Collect Calls@localhost.50 (reported by Surveillance ) #  # 517 # 81252213 # com.appium.impl.core.xee.XProcessImpl # localhost # Distributor.Trrigering@localhost.0
2006-10-28 21.02.55 # Warning  # objectOffline # Object offline: StatusInfoAccess_Collect Calls@XContainer.Collect Calls@localhost.50 (reported by Surveillance ) #  # 517 # 81252214 # com.appium.impl.core.xee.XProcessImpl # localhost # Distributor.Trrigering@localhost.0
2006-10-28 21.02.55 # Warning  # objectOffline # Object offline: XContainer.Collect Calls@localhost.50 (reported by Surveillance ) #  # 517 # 81252215 # com.appium.impl.core.xee.XProcessImpl # localhost # Distributor.Trrigering@localhost.0
2006-10-28 21.02.55 # Warning  # objectOffline # Object offline: XTransport_Collect Calls@XContainer.Collect Calls@localhost.50 (reported by Surveillance ) #  # 517 # 81252216 # com.appium.impl.core.xee.XProcessImpl # localhost # Distributor.Trrigering@localhost.0
2006-10-28 21.02.55 # Warning  # objectOffline # Object offline: NSim.Default@localhost.0 (reported by Surveillance ) #  # 517 # 81252218 # com.appium.impl.core.xee.XProcessImpl # localhost # Distributor.Trrigering@localhost.0
2006-10-28 21.02.55 # Warning  # objectOffline # Object offline: ServiceUpdate_Default@NSim.Default@localhost.0 (reported by Surveillance ) #  # 517 # 81252219 # com.appium.impl.core.xee.XProcessImpl # localhost # Distributor.Trrigering@localhost.0
2006-10-28 21.02.55 # Warning  # objectOffline # Object offline: StatusInfoAccess_Default@NSim.Default@localhost.0 (reported by Surveillance ) #  # 517 # 81252220 # com.appium.impl.core.xee.XProcessImpl # localhost # Distributor.Trrigering@localhost.0
2006-10-28 21.02.55 # Warning  # objectOffline # Object offline: XTransport_Default@NSim.Default@localhost.0 (reported by Surveillance ) #  # 517 # 81252221 # com.appium.impl.core.xee.XProcessImpl # localhost # Distributor.Trrigering@localhost.0
2006-10-28 21.02.59 #  # callControlServiceDown # The call control interface NSIM:P_MPCC_NSIM[0] seems to be down #  # 1127 # 81252222 # com.appium.TAS.SessionTriggers.MultiPartyCallControl # localhost # Distributor.Trrigering@localhost.0
2006-10-28 21.02.59 #  # parlayServiceOffline # service offline: NSIM:P_MPCC_NSIM[0] #  # 543 # 81252223 # com.appium.TAS.ServiceSelection.ServiceStatus # localhost # Distributor.Trrigering@localhost.0
2006-10-28 21.03.09 #  # cannotObtainParlayService # ServiceObtainingException: Cannot obtain Parlay service NSIM:P_MPCC_NSIM[0]: socket() failed: java.net.NoRouteToHostException: No route to host: connect #  # 1132 # 81252224 # com.appium.ResourceAdapterLoader.ResourceAdapterPlatformModule # localhost # Distributor.Trrigering@localhost.0
2006-10-28 21.03.19 #  # cannotObtainParlayService # ServiceObtainingException: Cannot obtain Parlay service NSIM:P_MPCC_NSIM[0]: socket() failed: java.net.NoRouteToHostException: No route to host: connect #  # 1132 # 81252227 # com.appium.ResourceAdapterLoader.ResourceAdapterPlatformModule # localhost # Distributor.Trrigering@localhost.0
2006-10-28 21.03.29 #  # cannotObtainParlayService # ServiceObtainingException: Cannot obtain Parlay service NSIM:P_MPCC_NSIM[0]: socket() failed: java.net.NoRouteToHostException: No route to host: connect #  # 1132 # 81252230 # com.appium.ResourceAdapterLoader.ResourceAdapterPlatformModule # localhost # Distributor.Trrigering@localhost.0
2006-10-28 21.03.39 #  # cannotObtainParlayService # ServiceObtainingException: Cannot obtain Parlay service NSIM:P_MPCC_NSIM[0]: socket() failed: java.net.NoRouteToHostException: No route to host: connect #  # 1132 # 81252233 # com.appium.ResourceAdapterLoader.ResourceAdapterPlatformModule # localhost # Distributor.Trrigering@localhost.0
2006-10-28 21.03.49 #  # cannotObtainParlayService # ServiceObtainingException: Cannot obtain Parlay service NSIM:P_MPCC_NSIM[0]: socket() failed: java.net.NoRouteToHostException: No route to host: connect #  # 1132 # 81252236 # com.appium.ResourceAdapterLoader.ResourceAdapterPlatformModule # localhost # Distributor.Trrigering@localhost.0
2006-10-28 21.03.59 #  # cannotObtainParlayService # ServiceObtainingException: Cannot obtain Parlay service NSIM:P_MPCC_NSIM[0]: socket() failed: java.net.NoRouteToHostException: No route to host: connect #  # 1132 # 81252239 # com.appium.ResourceAdapterLoader.ResourceAdapterPlatformModule # localhost # Distributor.Trrigering@localhost.0
2006-10-28 21.04.17 #  # parlayServiceOffline # service offline: NSIM:P_MPCC_NSIM[0] #  # 543 # 81252245 # com.appium.TAS.ServiceSelection.ServiceStatus # localhost # Distributor.Trrigering@localhost.0
2006-10-28 21.04.23 #  # cannotObtainParlayService # ServiceObtainingException: Cannot obtain Parlay service NSIM:P_MPCC_NSIM[0]: Connection timeout #  # 1132 # 81252246 # com.appium.ResourceAdapterLoader.ResourceAdapterPlatformModule # localhost # Distributor.Trrigering@localhost.0
2006-10-28 21.04.39 #  # cannotObtainParlayService # ServiceObtainingException: Cannot obtain Parlay service NSIM:P_MPCC_NSIM[0]: Connection timeout [*2] #  # 1132 # 81252252 # com.appium.ResourceAdapterLoader.ResourceAdapterPlatformModule # localhost # Distributor.Trrigering@localhost.0
2006-10-28 21.04.54 #  # cannotObtainParlayService # ServiceObtainingException: Cannot obtain Parlay service NSIM:P_MPCC_NSIM[0]: Connection timeout #  # 1132 # 81252255 # com.appium.ResourceAdapterLoader.ResourceAdapterPlatformModule # localhost # Distributor.Trrigering@localhost.0
2006-10-28 21.05.09 #  # cannotObtainParlayService # ServiceObtainingException: Cannot obtain Parlay service NSIM:P_MPCC_NSIM[0]: Connection timeout #  # 1132 # 81252258 # com.appium.ResourceAdapterLoader.ResourceAdapterPlatformModule # localhost # Distributor.Trrigering@localhost.0
2006-10-28 21.05.27 #  # cannotObtainParlayService # ServiceObtainingException: Cannot obtain Parlay service NSIM:P_MPCC_NSIM[0]: Connection timeout #  # 1132 # 81252261 # com.appium.ResourceAdapterLoader.ResourceAdapterPlatformModule # localhost # Distributor.Trrigering@localhost.0
2006-10-28 21.05.37 #  # cannotObtainParlayService # ServiceObtainingException: Cannot obtain Parlay service NSIM:P_MPCC_NSIM[0]: socket() failed: java.net.NoRouteToHostException: No route to host: connect #  # 1132 # 81252264 # com.appium.ResourceAdapterLoader.ResourceAdapterPlatformModule # localhost # Distributor.Trrigering@localhost.0
2006-10-28 21.05.50 #  # cannotObtainParlayService # ServiceObtainingException: Cannot obtain Parlay service NSIM:P_MPCC_NSIM[0]: TheOrb: Error while reading the IOR from localhost:15000 #  # 1132 # 81252267 # com.appium.ResourceAdapterLoader.ResourceAdapterPlatformModule # localhost # Distributor.Trrigering@localhost.0
2006-10-28 21.06.01 #  # cannotObtainParlayService # ServiceObtainingException: Cannot obtain Parlay service NSIM:P_MPCC_NSIM[0]: TheOrb: Could not open socket at localhost:15000 #  # 1132 # 81252270 # com.appium.ResourceAdapterLoader.ResourceAdapterPlatformModule # localhost # Distributor.Trrigering@localhost.0
2006-10-28 21.06.10 # Warning  # objectOnline # Object online again: NSim.Default@localhost.0 (inactive, reported by ObjectRegistry) #  # 519 # 81252273 # com.appium.impl.core.xee.XProcessImpl # localhost # Distributor.Trrigering@localhost.0
2006-10-28 21.06.10 # Warning  # objectActive # Object active: XTransport_Default@NSim.Default@localhost.0 (reported by ObjectRegistry) #  # 515 # 81252274 # com.appium.impl.core.xee.XProcessImpl # localhost # Distributor.Trrigering@localhost.0
2006-10-28 21.06.12 #  # cannotObtainParlayService # ServiceObtainingException: Cannot obtain Parlay service NSIM:P_MPCC_NSIM[0]: TheOrb: Could not open socket at localhost:15000 #  # 1132 # 81252275 # com.appium.ResourceAdapterLoader.ResourceAdapterPlatformModule # localhost # Distributor.Trrigering@localhost.0
2006-10-28 21.06.13 # Warning  # objectActive # Object active: StatusInfoAccess_Default@NSim.Default@localhost.0 (reported by ObjectRegistry) #  # 515 # 81252278 # com.appium.impl.core.xee.XProcessImpl # localhost # Distributor.Trrigering@localhost.0
2006-10-28 21.06.20 # Warning  # objectActive # Object activated: NSim.Default@localhost.0 (reported by ObjectRegistry) #  # 513 # 81252279 # com.appium.impl.core.xee.XProcessImpl # localhost # Distributor.Trrigering@localhost.0
2006-10-28 21.06.20 # Warning  # objectActive # Object active: ServiceUpdate_Default@NSim.Default@localhost.0 (reported by ObjectRegistry) #  # 515 # 81252280 # com.appium.impl.core.xee.XProcessImpl # localhost # Distributor.Trrigering@localhost.0
2006-10-28 21.13.03 #  # callControlServiceDown # The call control interface NSIM:P_MPCC_NSIM[0] seems to be down #  # 1127 # 81252284 # com.appium.TAS.SessionTriggers.MultiPartyCallControl # localhost # Distributor.Trrigering@localhost.0
2006-10-28 21.13.04 # Warning  # objectOffline # Object offline: NSim.Default@localhost.0 (reported by Surveillance ) #  # 517 # 81252286 # com.appium.impl.core.xee.XProcessImpl # localhost # Distributor.Trrigering@localhost.0
2006-10-28 21.13.05 # Warning  # objectOffline # Object offline: ServiceUpdate_Default@NSim.Default@localhost.0 (reported by Surveillance ) #  # 517 # 81252287 # com.appium.impl.core.xee.XProcessImpl # localhost # Distributor.Trrigering@localhost.0
2006-10-28 21.13.05 # Warning  # objectOffline # Object offline: StatusInfoAccess_Default@NSim.Default@localhost.0 (reported by Surveillance ) #  # 517 # 81252288 # com.appium.impl.core.xee.XProcessImpl # localhost # Distributor.Trrigering@localhost.0
2006-10-28 21.13.05 #  # parlayServiceOffline # service offline: NSIM:P_MPCC_NSIM[0] #  # 543 # 81252289 # com.appium.TAS.ServiceSelection.ServiceStatus # localhost # Distributor.Trrigering@localhost.0
2006-10-28 21.13.09 # Warning  # objectOffline # Object offline: XTransport_Default@NSim.Default@localhost.0 (reported by Surveillance ) #  # 517 # 81252290 # com.appium.impl.core.xee.XProcessImpl # localhost # Distributor.Trrigering@localhost.0
