
2006-11-10 20.50.24 # Warning  # objectActive # Object active (new): StatusInfoAccess_Primary@OAMServer.Primary (reported by ObjectRegistry) #  # 514 # 82378957 # com.appium.impl.core.xee.XProcessImpl # Acer # OAMServer.Primary
2006-11-10 20.50.33 # Warning  # systemEvent # Starting System Statistics... #  # 697 # 82378970 # com.appium.SystemInfo.SystemStatisticsModule # Acer # OAMServer.Primary
2006-11-10 20.50.36 # Warning  # objectActive # Object active (new): TraceReceiver_Primary@OAMServer.Primary (reported by ObjectRegistry) #  # 514 # 82378987 # com.appium.impl.core.xee.XProcessImpl # Acer # OAMServer.Primary
2006-11-10 20.50.37 # Warning  # systemEvent # Starting System Info... #  # 1659 # 82378991 # com.appium.SystemInfo.SystemInfoModule # Acer # OAMServer.Primary
2006-11-10 20.50.38 # Warning  # objectActive # Object active (new): XNodeDatabase_Primary@OAMServer.Primary (reported by ObjectRegistry) #  # 514 # 82378995 # com.appium.impl.core.xee.XProcessImpl # Acer # OAMServer.Primary
2006-11-10 20.50.48 # Warning  # objectActive # Object active (new): ServiceUpdate_Primary@OAMServer.Primary (reported by ObjectRegistry) #  # 514 # 82379049 # com.appium.impl.core.xee.XProcessImpl # Acer # OAMServer.Primary
2006-11-10 20.50.50 #  # cannotObtainParlayService # Cannot obtain Parlay service XTE:P_US_TCTESTGW #  # 1131 # 82379057 # com.appium.ResourceAdapterLoader.Framework # Acer # OAMServer.Primary
2006-11-10 20.50.50 #  # cannotObtainParlayService # Cannot obtain Parlay service XTE:P_USER_STATUS #  # 1131 # 82379058 # com.appium.ResourceAdapterLoader.Framework # Acer # OAMServer.Primary
2006-11-10 20.50.50 #  # cannotObtainParlayService # Cannot obtain Parlay service XTE:P_ULC_TCTESTGW #  # 1131 # 82379059 # com.appium.ResourceAdapterLoader.Framework # Acer # OAMServer.Primary
2006-11-10 20.50.50 #  # gatewayDown # Failed to obtain IpAccess of gateway XTE: TheOrb: Could not open socket at localhost:14702 #  # 346 # 82379062 # com.appium.ParlayAdaptor.Wrappers.Parlay32.Framework.GatewayHandler # Acer # OAMServer.Primary
2006-11-10 20.50.50 #  # gatewayDown # Failed to obtain IpAccess of gateway NSIM: TheOrb: Could not open socket at localhost:15000 #  # 346 # 82379063 # com.appium.ParlayAdaptor.Wrappers.Parlay32.Framework.GatewayHandler # Acer # OAMServer.Primary
2006-11-10 20.50.50 # Warning  # objectActive # Object active (new): Framework_Primary@OAMServer.Primary (reported by ObjectRegistry) #  # 514 # 82379065 # com.appium.impl.core.xee.XProcessImpl # Acer # OAMServer.Primary
2006-11-10 20.50.50 # Warning  # processActive # Process active: OAMServer.Primary #  # 560 # 82379066 # com.appium.impl.core.xee.XProcessImpl # Acer # OAMServer.Primary
2006-11-10 20.50.54 # Warning  # objectActive # Object active (new): GraphDataEventReceiver_Primary@OAMServer.Primary (reported by ObjectRegistry) #  # 514 # 82379070 # com.appium.impl.core.xee.XProcessImpl # Acer # OAMServer.Primary
2006-11-10 20.52.14 #  # error # Couldn't start XContainer.XTE Parlay@localhost.0 because the lock port is already in use. Please configure another lock port #  # 1760 # 82379076 # com.appium.XView.Server.ProcessControlAPI$Session # Acer # OAMServer.Primary
2006-11-10 20.52.20 # Warning  # processOnline # Process online: XContainer.XTE@localhost.0 (inactive) #  # 563 # 82379077 # com.appium.impl.core.xee.XProcessImpl # Acer # OAMServer.Primary
2006-11-10 20.52.20 # Warning  # objectActive # Object active (new): XTransport_XTE@XContainer.XTE@localhost.0 (reported by ObjectRegistry) #  # 514 # 82379079 # com.appium.impl.core.xee.XProcessImpl # Acer # OAMServer.Primary
2006-11-10 20.52.23 # Warning  # objectActive # Object active (new): StatusInfoAccess_XTE@XContainer.XTE@localhost.0 (reported by ObjectRegistry) #  # 514 # 82379080 # com.appium.impl.core.xee.XProcessImpl # Acer # OAMServer.Primary
2006-11-10 20.52.31 # Warning  # objectActive # Object active (new): ServiceUpdate_XTE@XContainer.XTE@localhost.0 (reported by ObjectRegistry) #  # 514 # 82379081 # com.appium.impl.core.xee.XProcessImpl # Acer # OAMServer.Primary
2006-11-10 20.52.31 # Warning  # processActive # Process active: XContainer.XTE@localhost.0 #  # 560 # 82379082 # com.appium.impl.core.xee.XProcessImpl # Acer # OAMServer.Primary
2006-11-10 20.52.33 # Warning  # objectActive # Object active (new): SessionBackupStore_XTE@XContainer.XTE@localhost.0 (reported by ObjectRegistry) #  # 514 # 82379083 # com.appium.impl.core.xee.XProcessImpl # Acer # OAMServer.Primary
2006-11-10 20.52.38 # Warning  # objectActive # Object active (new): SessionRegistry_XTE@XContainer.XTE@localhost.0 (reported by ObjectRegistry) #  # 514 # 82379084 # com.appium.impl.core.xee.XProcessImpl # Acer # OAMServer.Primary
2006-11-10 20.54.26 #  # error # Couldn't start XContainer.XTE Parlay@localhost.0 because the lock port is already in use. Please configure another lock port #  # 1760 # 82379085 # com.appium.XView.Server.ProcessControlAPI$Session # Acer # OAMServer.Primary
2006-11-10 20.54.41 # Warning  # processOnline # Process online: XContainer.Collect Calls@localhost.50 (inactive) #  # 563 # 82379086 # com.appium.impl.core.xee.XProcessImpl # Acer # OAMServer.Primary
2006-11-10 20.54.41 # Warning  # objectActive # Object active (new): XTransport_Collect Calls@XContainer.Collect Calls@localhost.50 (reported by ObjectRegistry) #  # 514 # 82379088 # com.appium.impl.core.xee.XProcessImpl # Acer # OAMServer.Primary
2006-11-10 20.54.50 # Warning  # objectActive # Object active (new): StatusInfoAccess_Collect Calls@XContainer.Collect Calls@localhost.50 (reported by ObjectRegistry) #  # 514 # 82379089 # com.appium.impl.core.xee.XProcessImpl # Acer # OAMServer.Primary
2006-11-10 20.55.06 # Warning  # objectActive # Object active (new): ServiceUpdate_Collect Calls@XContainer.Collect Calls@localhost.50 (reported by ObjectRegistry) #  # 514 # 82379090 # com.appium.impl.core.xee.XProcessImpl # Acer # OAMServer.Primary
2006-11-10 20.55.06 # Warning  # processActive # Process active: XContainer.Collect Calls@localhost.50 #  # 560 # 82379091 # com.appium.impl.core.xee.XProcessImpl # Acer # OAMServer.Primary
2006-11-10 20.55.54 #  # error # Couldn't start XContainer.XTE Parlay@localhost.0 because the lock port is already in use. Please configure another lock port #  # 1760 # 82379092 # com.appium.XView.Server.ProcessControlAPI$Session # Acer # OAMServer.Primary
2006-11-10 21.06.02 # Minor    # warning # Could not get grid of status info from other process # org.omg.CORBA.TRANSIENT: no usable profile in IOR  minor code: 0x4f4d0002  completed: No # 0 # 82379093 # com.appium.Basement.OAM.StatusOverview.StatusInfoAccessClient # Acer # OAMServer.Primary
2006-11-10 21.06.02 # Warning  # objectOffline # Object offline: ServiceUpdate_XTE@XContainer.XTE@localhost.0 (reported by Surveillance ) #  # 517 # 82379095 # com.appium.impl.core.xee.XProcessImpl # Acer # OAMServer.Primary
2006-11-10 21.06.02 # Warning  # objectOffline # Object offline: SessionBackupStore_XTE@XContainer.XTE@localhost.0 (reported by Surveillance ) #  # 517 # 82379096 # com.appium.impl.core.xee.XProcessImpl # Acer # OAMServer.Primary
2006-11-10 21.06.02 # Warning  # objectOffline # Object offline: SessionRegistry_XTE@XContainer.XTE@localhost.0 (reported by Surveillance ) #  # 517 # 82379097 # com.appium.impl.core.xee.XProcessImpl # Acer # OAMServer.Primary
2006-11-10 21.06.02 # Warning  # objectOffline # Object offline: StatusInfoAccess_XTE@XContainer.XTE@localhost.0 (reported by Surveillance ) #  # 517 # 82379098 # com.appium.impl.core.xee.XProcessImpl # Acer # OAMServer.Primary
2006-11-10 21.06.02 # Critical # processOffline # Process offline: XContainer.XTE@localhost.0 #  # 562 # 82379099 # com.appium.impl.core.xee.XProcessImpl # Acer # OAMServer.Primary
2006-11-10 21.06.02 # Warning  # objectOffline # Object offline: XTransport_XTE@XContainer.XTE@localhost.0 (reported by Surveillance ) #  # 517 # 82379100 # com.appium.impl.core.xee.XProcessImpl # Acer # OAMServer.Primary
2006-11-10 21.06.06 # Warning  # objectOffline # Object offline: ServiceUpdate_Collect Calls@XContainer.Collect Calls@localhost.50 (reported by Surveillance ) #  # 517 # 82379102 # com.appium.impl.core.xee.XProcessImpl # Acer # OAMServer.Primary
2006-11-10 21.06.06 # Warning  # objectOffline # Object offline: StatusInfoAccess_Collect Calls@XContainer.Collect Calls@localhost.50 (reported by Surveillance ) #  # 517 # 82379103 # com.appium.impl.core.xee.XProcessImpl # Acer # OAMServer.Primary
2006-11-10 21.06.06 # Critical # processOffline # Process offline: XContainer.Collect Calls@localhost.50 #  # 562 # 82379104 # com.appium.impl.core.xee.XProcessImpl # Acer # OAMServer.Primary
2006-11-10 21.06.06 # Warning  # objectOffline # Object offline: XTransport_Collect Calls@XContainer.Collect Calls@localhost.50 (reported by Surveillance ) #  # 517 # 82379105 # com.appium.impl.core.xee.XProcessImpl # Acer # OAMServer.Primary
