
2006-10-28 20.10.17 #  # error # LOGGING ENDS HERE since logging is disabled for Debug in the Log configuration (this line is only here because startup log files cannot be deleted if opened in Windows) (msg no. 1) #  # 756 # 81250062 # com.appium.Monitoring.Log.LogImplMain # localhost # NSim.NSim@localhost.0
2006-10-28 20.10.17 #  # error # LOGGING ENDS HERE since logging is disabled for Debug in the Log configuration (this line is only here because startup log files cannot be deleted if opened in Windows) (msg no. 2) #  # 756 # 81250063 # com.appium.Monitoring.Log.LogImplMain # localhost # NSim.NSim@localhost.0
2006-10-28 20.10.17 #  # error # LOGGING ENDS HERE since logging is disabled for Debug in the Log configuration (this line is only here because startup log files cannot be deleted if opened in Windows) (msg no. 3) #  # 756 # 81250064 # com.appium.Monitoring.Log.LogImplMain # localhost # NSim.NSim@localhost.0
2006-10-28 20.10.17 #  # error # LOGGING ENDS HERE since logging is disabled for Debug in the Log configuration (this line is only here because startup log files cannot be deleted if opened in Windows) (msg no. 4) #  # 756 # 81250065 # com.appium.Monitoring.Log.LogImplMain # localhost # NSim.NSim@localhost.0
2006-10-28 20.10.17 #  # error # LOGGING ENDS HERE since logging is disabled for Debug in the Log configuration (this line is only here because startup log files cannot be deleted if opened in Windows) (msg no. 5) #  # 756 # 81250066 # com.appium.Monitoring.Log.LogImplMain # localhost # NSim.NSim@localhost.0
2006-10-28 20.10.17 #  # error # LOGGING ENDS HERE since logging is disabled for Debug in the Log configuration (this line is only here because startup log files cannot be deleted if opened in Windows) (msg no. 6) #  # 756 # 81250067 # com.appium.Monitoring.Log.LogImplMain # localhost # NSim.NSim@localhost.0
2006-10-28 20.10.17 #  # error # LOGGING ENDS HERE since logging is disabled for Debug in the Log configuration (this line is only here because startup log files cannot be deleted if opened in Windows) (msg no. 7) #  # 756 # 81250068 # com.appium.Monitoring.Log.LogImplMain # localhost # NSim.NSim@localhost.0
2006-10-28 20.10.17 #  # error # LOGGING ENDS HERE since logging is disabled for Debug in the Log configuration (this line is only here because startup log files cannot be deleted if opened in Windows) (msg no. 8) #  # 756 # 81250069 # com.appium.Monitoring.Log.LogImplMain # localhost # NSim.NSim@localhost.0
2006-10-28 20.10.17 #  # error # LOGGING ENDS HERE since logging is disabled for Debug in the Log configuration (this line is only here because startup log files cannot be deleted if opened in Windows) (msg no. 9) #  # 756 # 81250070 # com.appium.Monitoring.Log.LogImplMain # localhost # NSim.NSim@localhost.0
2006-10-28 20.10.17 #  # error # LOGGING ENDS HERE since logging is disabled for Debug in the Log configuration (this line is only here because startup log files cannot be deleted if opened in Windows) (msg no. 10) #  # 756 # 81250071 # com.appium.Monitoring.Log.LogImplMain # localhost # NSim.NSim@localhost.0
2006-10-28 20.10.18 #  # registerFailed # Failed to register StatusInfoAccess # org.omg.CORBA.COMM_FAILURE: socket() failed: java.net.NoRouteToHostException: No route to host: connect  minor code: 0x4f4f0005  completed: No # 582 # 81250090 # com.appium.impl.core.xee.XProcessImpl # localhost # NSim.NSim@localhost.0
2006-10-28 20.10.18 #  # registerFailed # Failed to register StatusInfoAccess # org.omg.CORBA.TRANSIENT: no usable profile in IOR  minor code: 0x4f4d0002  completed: No # 582 # 81250101 # com.appium.impl.core.xee.XProcessImpl # localhost # NSim.NSim@localhost.0
2006-10-28 20.10.19 #  # registerFailed # Failed to register XTransport [*4] # org.omg.CORBA.COMM_FAILURE: socket() failed: java.net.NoRouteToHostException: No route to host: connect  minor code: 0x4f4f0005  completed: No # 582 # 81250108 # com.appium.impl.core.xee.XProcessImpl # localhost # NSim.NSim@localhost.0
2006-10-28 20.10.19 #  # registerFailed # Failed to register NSim [*4] # org.omg.CORBA.TRANSIENT: no usable profile in IOR  minor code: 0x4f4d0002  completed: No # 582 # 81250109 # com.appium.impl.core.xee.XProcessImpl # localhost # NSim.NSim@localhost.0
2006-10-28 20.10.19 #  # registerFailed # Failed to register StatusInfoAccess [*2] # org.omg.CORBA.TRANSIENT: no usable profile in IOR  minor code: 0x4f4d0002  completed: No # 582 # 81250116 # com.appium.impl.core.xee.XProcessImpl # localhost # NSim.NSim@localhost.0
2006-10-28 20.10.22 #  # registerFailed # Failed to register NSim [*3] # org.omg.CORBA.COMM_FAILURE: socket() failed: java.net.NoRouteToHostException: No route to host: connect  minor code: 0x4f4f0005  completed: No # 582 # 81250135 # com.appium.impl.core.xee.XProcessImpl # localhost # NSim.NSim@localhost.0
2006-10-28 20.10.22 #  # registerFailed # Failed to register StatusInfoAccess [*2] # org.omg.CORBA.TRANSIENT: no usable profile in IOR  minor code: 0x4f4d0002  completed: No # 582 # 81250136 # com.appium.impl.core.xee.XProcessImpl # localhost # NSim.NSim@localhost.0
2006-10-28 20.10.22 #  # registerFailed # Failed to register XTransport [*3] # org.omg.CORBA.TRANSIENT: no usable profile in IOR  minor code: 0x4f4d0002  completed: No # 582 # 81250137 # com.appium.impl.core.xee.XProcessImpl # localhost # NSim.NSim@localhost.0
2006-10-28 20.10.23 #  # registerFailed # Failed to register NSim # org.omg.CORBA.TRANSIENT: no usable profile in IOR  minor code: 0x4f4d0002  completed: No # 582 # 81250143 # com.appium.impl.core.xee.XProcessImpl # localhost # NSim.NSim@localhost.0
2006-10-28 20.10.23 #  # registerFailed # Failed to register XTransport # org.omg.CORBA.TRANSIENT: no usable profile in IOR  minor code: 0x4f4d0002  completed: No # 582 # 81250144 # com.appium.impl.core.xee.XProcessImpl # localhost # NSim.NSim@localhost.0
2006-10-28 20.10.23 #  # registerFailed # Failed to register StatusInfoAccess # org.omg.CORBA.COMM_FAILURE: socket() failed: java.net.NoRouteToHostException: No route to host: connect  minor code: 0x4f4f0005  completed: No # 582 # 81250146 # com.appium.impl.core.xee.XProcessImpl # localhost # NSim.NSim@localhost.0
2006-10-28 20.10.24 # Warning  # systemEvent # Starting System Statistics... #  # 697 # 81250158 # com.appium.SystemInfo.SystemStatisticsModule # localhost # NSim.NSim@localhost.0
2006-10-28 20.10.24 #  # registerFailed # Failed to register XTransport [*2] # org.omg.CORBA.TRANSIENT: no usable profile in IOR  minor code: 0x4f4d0002  completed: No # 582 # 81250174 # com.appium.impl.core.xee.XProcessImpl # localhost # NSim.NSim@localhost.0
2006-10-28 20.10.24 #  # registerFailed # Failed to register StatusInfoAccess [*2] # org.omg.CORBA.TRANSIENT: no usable profile in IOR  minor code: 0x4f4d0002  completed: No # 582 # 81250175 # com.appium.impl.core.xee.XProcessImpl # localhost # NSim.NSim@localhost.0
2006-10-28 20.10.24 #  # registerFailed # Failed to register NSim [*2] # org.omg.CORBA.COMM_FAILURE: socket() failed: java.net.NoRouteToHostException: No route to host: connect  minor code: 0x4f4f0005  completed: No # 582 # 81250176 # com.appium.impl.core.xee.XProcessImpl # localhost # NSim.NSim@localhost.0
2006-10-28 20.10.25 #  # error # Got exception setting the process state # org.omg.CORBA.COMM_FAILURE: socket() failed: java.net.NoRouteToHostException: No route to host: connect  minor code: 0x4f4f0005  completed: No # 653 # 81250178 # com.appium.impl.core.xee.XManagerImpl.XManagerImplMain$RealityConnectorImpl # localhost # NSim.NSim@localhost.0
2006-10-28 20.10.26 #  # registerFailed # Failed to register XTransport [*4] # org.omg.CORBA.TRANSIENT: no usable profile in IOR  minor code: 0x4f4d0002  completed: No # 582 # 81250207 # com.appium.impl.core.xee.XProcessImpl # localhost # NSim.NSim@localhost.0
2006-10-28 20.10.26 #  # registerFailed # Failed to register StatusInfoAccess [*4] # org.omg.CORBA.TRANSIENT: no usable profile in IOR  minor code: 0x4f4d0002  completed: No # 582 # 81250208 # com.appium.impl.core.xee.XProcessImpl # localhost # NSim.NSim@localhost.0
2006-10-28 20.10.26 #  # registerFailed # Failed to register NSim [*4] # org.omg.CORBA.COMM_FAILURE: socket() failed: java.net.NoRouteToHostException: No route to host: connect  minor code: 0x4f4f0005  completed: No # 582 # 81250209 # com.appium.impl.core.xee.XProcessImpl # localhost # NSim.NSim@localhost.0
2006-10-28 20.10.28 #  # registerFailed # Failed to register NSim [*4] # org.omg.CORBA.TRANSIENT: no usable profile in IOR  minor code: 0x4f4d0002  completed: No # 582 # 81250240 # com.appium.impl.core.xee.XProcessImpl # localhost # NSim.NSim@localhost.0
2006-10-28 20.10.28 #  # registerFailed # Failed to register XTransport [*4] # org.omg.CORBA.TRANSIENT: no usable profile in IOR  minor code: 0x4f4d0002  completed: No # 582 # 81250241 # com.appium.impl.core.xee.XProcessImpl # localhost # NSim.NSim@localhost.0
2006-10-28 20.10.28 #  # registerFailed # Failed to register StatusInfoAccess [*4] # org.omg.CORBA.TRANSIENT: no usable profile in IOR  minor code: 0x4f4d0002  completed: No # 582 # 81250239 # com.appium.impl.core.xee.XProcessImpl # localhost # NSim.NSim@localhost.0
2006-10-28 20.10.30 #  # registerFailed # Failed to register XTransport [*4] # org.omg.CORBA.COMM_FAILURE: socket() failed: java.net.NoRouteToHostException: No route to host: connect  minor code: 0x4f4f0005  completed: No # 582 # 81250271 # com.appium.impl.core.xee.XProcessImpl # localhost # NSim.NSim@localhost.0
2006-10-28 20.10.30 #  # registerFailed # Failed to register NSim [*4] # org.omg.CORBA.TRANSIENT: no usable profile in IOR  minor code: 0x4f4d0002  completed: No # 582 # 81250272 # com.appium.impl.core.xee.XProcessImpl # localhost # NSim.NSim@localhost.0
2006-10-28 20.10.30 #  # registerFailed # Failed to register StatusInfoAccess [*4] # org.omg.CORBA.TRANSIENT: no usable profile in IOR  minor code: 0x4f4d0002  completed: No # 582 # 81250273 # com.appium.impl.core.xee.XProcessImpl # localhost # NSim.NSim@localhost.0
2006-10-28 20.10.33 #  # registerFailed # Failed to register NSim [*4] # org.omg.CORBA.COMM_FAILURE: socket() failed: java.net.NoRouteToHostException: No route to host: connect  minor code: 0x4f4f0005  completed: No # 582 # 81250303 # com.appium.impl.core.xee.XProcessImpl # localhost # NSim.NSim@localhost.0
2006-10-28 20.10.33 #  # registerFailed # Failed to register XTransport [*4] # org.omg.CORBA.COMM_FAILURE: socket() failed: java.net.NoRouteToHostException: No route to host: connect  minor code: 0x4f4f0005  completed: No # 582 # 81250304 # com.appium.impl.core.xee.XProcessImpl # localhost # NSim.NSim@localhost.0
2006-10-28 20.10.33 #  # registerFailed # Failed to register StatusInfoAccess [*4] # org.omg.CORBA.COMM_FAILURE: socket() failed: java.net.NoRouteToHostException: No route to host: connect  minor code: 0x4f4f0005  completed: No # 582 # 81250306 # com.appium.impl.core.xee.XProcessImpl # localhost # NSim.NSim@localhost.0
2006-10-28 20.10.36 #  # registerFailed # Failed to register NSim [*4] # org.omg.CORBA.TRANSIENT: no usable profile in IOR  minor code: 0x4f4d0002  completed: No # 582 # 81250335 # com.appium.impl.core.xee.XProcessImpl # localhost # NSim.NSim@localhost.0
2006-10-28 20.10.36 #  # registerFailed # Failed to register StatusInfoAccess [*4] # org.omg.CORBA.COMM_FAILURE: socket() failed: java.net.NoRouteToHostException: No route to host: connect  minor code: 0x4f4f0005  completed: No # 582 # 81250336 # com.appium.impl.core.xee.XProcessImpl # localhost # NSim.NSim@localhost.0
2006-10-28 20.10.36 #  # registerFailed # Failed to register XTransport [*4] # org.omg.CORBA.TRANSIENT: no usable profile in IOR  minor code: 0x4f4d0002  completed: No # 582 # 81250337 # com.appium.impl.core.xee.XProcessImpl # localhost # NSim.NSim@localhost.0
2006-10-28 20.10.38 #  # registerFailed # Failed to register NSim [*4] # org.omg.CORBA.TRANSIENT: no usable profile in IOR  minor code: 0x4f4d0002  completed: No # 582 # 81250367 # com.appium.impl.core.xee.XProcessImpl # localhost # NSim.NSim@localhost.0
2006-10-28 20.10.38 #  # registerFailed # Failed to register XTransport [*4] # org.omg.CORBA.TRANSIENT: no usable profile in IOR  minor code: 0x4f4d0002  completed: No # 582 # 81250369 # com.appium.impl.core.xee.XProcessImpl # localhost # NSim.NSim@localhost.0
2006-10-28 20.10.38 #  # registerFailed # Failed to register StatusInfoAccess [*4] # org.omg.CORBA.TRANSIENT: no usable profile in IOR  minor code: 0x4f4d0002  completed: No # 582 # 81250370 # com.appium.impl.core.xee.XProcessImpl # localhost # NSim.NSim@localhost.0
2006-10-28 20.10.40 #  # registerFailed # Failed to register StatusInfoAccess [*3] # org.omg.CORBA.TRANSIENT: no usable profile in IOR  minor code: 0x4f4d0002  completed: No # 582 # 81250392 # com.appium.impl.core.xee.XProcessImpl # localhost # NSim.NSim@localhost.0
2006-10-28 20.10.40 #  # registerFailed # Failed to register NSim [*3] # org.omg.CORBA.COMM_FAILURE: socket() failed: java.net.NoRouteToHostException: No route to host: connect  minor code: 0x4f4f0005  completed: No # 582 # 81250393 # com.appium.impl.core.xee.XProcessImpl # localhost # NSim.NSim@localhost.0
2006-10-28 20.10.40 #  # registerFailed # Failed to register XTransport [*3] # org.omg.CORBA.COMM_FAILURE: socket() failed: java.net.NoRouteToHostException: No route to host: connect  minor code: 0x4f4f0005  completed: No # 582 # 81250394 # com.appium.impl.core.xee.XProcessImpl # localhost # NSim.NSim@localhost.0
2006-10-28 20.10.43 #  # registerFailed # Failed to register NSim [*4] # org.omg.CORBA.TRANSIENT: no usable profile in IOR  minor code: 0x4f4d0002  completed: No # 582 # 81250423 # com.appium.impl.core.xee.XProcessImpl # localhost # NSim.NSim@localhost.0
2006-10-28 20.10.43 #  # registerFailed # Failed to register StatusInfoAccess [*4] # org.omg.CORBA.TRANSIENT: no usable profile in IOR  minor code: 0x4f4d0002  completed: No # 582 # 81250424 # com.appium.impl.core.xee.XProcessImpl # localhost # NSim.NSim@localhost.0
2006-10-28 20.10.43 #  # registerFailed # Failed to register XTransport [*4] # org.omg.CORBA.COMM_FAILURE: socket() failed: java.net.NoRouteToHostException: No route to host: connect  minor code: 0x4f4f0005  completed: No # 582 # 81250426 # com.appium.impl.core.xee.XProcessImpl # localhost # NSim.NSim@localhost.0
2006-10-28 20.10.45 #  # registerFailed # Failed to register XTransport [*4] # org.omg.CORBA.TRANSIENT: no usable profile in IOR  minor code: 0x4f4d0002  completed: No # 582 # 81250455 # com.appium.impl.core.xee.XProcessImpl # localhost # NSim.NSim@localhost.0
2006-10-28 20.10.45 #  # registerFailed # Failed to register StatusInfoAccess [*4] # org.omg.CORBA.TRANSIENT: no usable profile in IOR  minor code: 0x4f4d0002  completed: No # 582 # 81250456 # com.appium.impl.core.xee.XProcessImpl # localhost # NSim.NSim@localhost.0
2006-10-28 20.10.45 #  # registerFailed # Failed to register NSim [*4] # org.omg.CORBA.COMM_FAILURE: socket() failed: java.net.NoRouteToHostException: No route to host: connect  minor code: 0x4f4f0005  completed: No # 582 # 81250457 # com.appium.impl.core.xee.XProcessImpl # localhost # NSim.NSim@localhost.0
2006-10-28 20.10.47 #  # registerFailed # Failed to register NSim [*4] # org.omg.CORBA.TRANSIENT: no usable profile in IOR  minor code: 0x4f4d0002  completed: No # 582 # 81250487 # com.appium.impl.core.xee.XProcessImpl # localhost # NSim.NSim@localhost.0
2006-10-28 20.10.47 #  # registerFailed # Failed to register StatusInfoAccess [*4] # org.omg.CORBA.TRANSIENT: no usable profile in IOR  minor code: 0x4f4d0002  completed: No # 582 # 81250488 # com.appium.impl.core.xee.XProcessImpl # localhost # NSim.NSim@localhost.0
2006-10-28 20.10.47 #  # registerFailed # Failed to register XTransport [*4] # org.omg.CORBA.COMM_FAILURE: socket() failed: java.net.NoRouteToHostException: No route to host: connect  minor code: 0x4f4f0005  completed: No # 582 # 81250490 # com.appium.impl.core.xee.XProcessImpl # localhost # NSim.NSim@localhost.0
2006-10-28 20.10.49 #  # registerFailed # Failed to register StatusInfoAccess [*4] # org.omg.CORBA.TRANSIENT: no usable profile in IOR  minor code: 0x4f4d0002  completed: No # 582 # 81250520 # com.appium.impl.core.xee.XProcessImpl # localhost # NSim.NSim@localhost.0
2006-10-28 20.10.49 #  # registerFailed # Failed to register NSim [*4] # org.omg.CORBA.TRANSIENT: no usable profile in IOR  minor code: 0x4f4d0002  completed: No # 582 # 81250521 # com.appium.impl.core.xee.XProcessImpl # localhost # NSim.NSim@localhost.0
2006-10-28 20.10.49 #  # registerFailed # Failed to register XTransport [*4] # org.omg.CORBA.COMM_FAILURE: socket() failed: java.net.NoRouteToHostException: No route to host: connect  minor code: 0x4f4f0005  completed: No # 582 # 81250522 # com.appium.impl.core.xee.XProcessImpl # localhost # NSim.NSim@localhost.0
2006-10-28 20.10.52 #  # registerFailed # Failed to register StatusInfoAccess [*4] # org.omg.CORBA.TRANSIENT: no usable profile in IOR  minor code: 0x4f4d0002  completed: No # 582 # 81250552 # com.appium.impl.core.xee.XProcessImpl # localhost # NSim.NSim@localhost.0
2006-10-28 20.10.52 #  # registerFailed # Failed to register NSim [*4] # org.omg.CORBA.COMM_FAILURE: socket() failed: java.net.NoRouteToHostException: No route to host: connect  minor code: 0x4f4f0005  completed: No # 582 # 81250553 # com.appium.impl.core.xee.XProcessImpl # localhost # NSim.NSim@localhost.0
2006-10-28 20.10.52 #  # registerFailed # Failed to register XTransport [*4] # org.omg.CORBA.COMM_FAILURE: socket() failed: java.net.NoRouteToHostException: No route to host: connect  minor code: 0x4f4f0005  completed: No # 582 # 81250554 # com.appium.impl.core.xee.XProcessImpl # localhost # NSim.NSim@localhost.0
2006-10-28 20.10.54 #  # registerFailed # Failed to register NSim [*4] # org.omg.CORBA.TRANSIENT: no usable profile in IOR  minor code: 0x4f4d0002  completed: No # 582 # 81250583 # com.appium.impl.core.xee.XProcessImpl # localhost # NSim.NSim@localhost.0
2006-10-28 20.10.54 #  # registerFailed # Failed to register StatusInfoAccess [*4] # org.omg.CORBA.TRANSIENT: no usable profile in IOR  minor code: 0x4f4d0002  completed: No # 582 # 81250584 # com.appium.impl.core.xee.XProcessImpl # localhost # NSim.NSim@localhost.0
2006-10-28 20.10.54 #  # registerFailed # Failed to register XTransport [*4] # org.omg.CORBA.COMM_FAILURE: socket() failed: java.net.NoRouteToHostException: No route to host: connect  minor code: 0x4f4f0005  completed: No # 582 # 81250586 # com.appium.impl.core.xee.XProcessImpl # localhost # NSim.NSim@localhost.0
2006-10-28 20.10.56 #  # registerFailed # Failed to register StatusInfoAccess [*4] # org.omg.CORBA.TRANSIENT: no usable profile in IOR  minor code: 0x4f4d0002  completed: No # 582 # 81250616 # com.appium.impl.core.xee.XProcessImpl # localhost # NSim.NSim@localhost.0
2006-10-28 20.10.56 #  # registerFailed # Failed to register NSim [*4] # org.omg.CORBA.TRANSIENT: no usable profile in IOR  minor code: 0x4f4d0002  completed: No # 582 # 81250617 # com.appium.impl.core.xee.XProcessImpl # localhost # NSim.NSim@localhost.0
2006-10-28 20.10.56 #  # registerFailed # Failed to register XTransport [*4] # org.omg.CORBA.COMM_FAILURE: socket() failed: java.net.NoRouteToHostException: No route to host: connect  minor code: 0x4f4f0005  completed: No # 582 # 81250618 # com.appium.impl.core.xee.XProcessImpl # localhost # NSim.NSim@localhost.0
2006-10-28 20.10.58 #  # registerFailed # Failed to register StatusInfoAccess [*4] # org.omg.CORBA.TRANSIENT: no usable profile in IOR  minor code: 0x4f4d0002  completed: No # 582 # 81250648 # com.appium.impl.core.xee.XProcessImpl # localhost # NSim.NSim@localhost.0
2006-10-28 20.10.58 #  # registerFailed # Failed to register NSim [*4] # org.omg.CORBA.COMM_FAILURE: socket() failed: java.net.NoRouteToHostException: No route to host: connect  minor code: 0x4f4f0005  completed: No # 582 # 81250649 # com.appium.impl.core.xee.XProcessImpl # localhost # NSim.NSim@localhost.0
2006-10-28 20.10.58 #  # registerFailed # Failed to register XTransport [*4] # org.omg.CORBA.COMM_FAILURE: socket() failed: java.net.NoRouteToHostException: No route to host: connect  minor code: 0x4f4f0005  completed: No # 582 # 81250650 # com.appium.impl.core.xee.XProcessImpl # localhost # NSim.NSim@localhost.0
2006-10-28 20.11.00 #  # registerFailed # Failed to register NSim [*4] # org.omg.CORBA.TRANSIENT: no usable profile in IOR  minor code: 0x4f4d0002  completed: No # 582 # 81250680 # com.appium.impl.core.xee.XProcessImpl # localhost # NSim.NSim@localhost.0
2006-10-28 20.11.00 #  # registerFailed # Failed to register StatusInfoAccess [*4] # org.omg.CORBA.TRANSIENT: no usable profile in IOR  minor code: 0x4f4d0002  completed: No # 582 # 81250681 # com.appium.impl.core.xee.XProcessImpl # localhost # NSim.NSim@localhost.0
2006-10-28 20.11.01 #  # registerFailed # Failed to register XTransport [*5] # org.omg.CORBA.TRANSIENT: no usable profile in IOR  minor code: 0x4f4d0002  completed: No # 582 # 81250689 # com.appium.impl.core.xee.XProcessImpl # localhost # NSim.NSim@localhost.0
2006-10-28 20.11.02 #  # registerFailed # Failed to register StatusInfoAccess [*4] # org.omg.CORBA.TRANSIENT: no usable profile in IOR  minor code: 0x4f4d0002  completed: No # 582 # 81250712 # com.appium.impl.core.xee.XProcessImpl # localhost # NSim.NSim@localhost.0
2006-10-28 20.11.02 #  # registerFailed # Failed to register NSim [*4] # org.omg.CORBA.TRANSIENT: no usable profile in IOR  minor code: 0x4f4d0002  completed: No # 582 # 81250713 # com.appium.impl.core.xee.XProcessImpl # localhost # NSim.NSim@localhost.0
2006-10-28 20.11.03 #  # registerFailed # Failed to register XTransport [*4] # org.omg.CORBA.COMM_FAILURE: socket() failed: java.net.NoRouteToHostException: No route to host: connect  minor code: 0x4f4f0005  completed: No # 582 # 81250721 # com.appium.impl.core.xee.XProcessImpl # localhost # NSim.NSim@localhost.0
2006-10-28 20.11.04 #  # registerFailed # Failed to register StatusInfoAccess [*4] # org.omg.CORBA.TRANSIENT: no usable profile in IOR  minor code: 0x4f4d0002  completed: No # 582 # 81250743 # com.appium.impl.core.xee.XProcessImpl # localhost # NSim.NSim@localhost.0
2006-10-28 20.11.04 #  # registerFailed # Failed to register NSim [*4] # org.omg.CORBA.TRANSIENT: no usable profile in IOR  minor code: 0x4f4d0002  completed: No # 582 # 81250744 # com.appium.impl.core.xee.XProcessImpl # localhost # NSim.NSim@localhost.0
2006-10-28 20.11.05 #  # registerFailed # Failed to register XTransport [*4] # org.omg.CORBA.COMM_FAILURE: socket() failed: java.net.NoRouteToHostException: No route to host: connect  minor code: 0x4f4f0005  completed: No # 582 # 81250753 # com.appium.impl.core.xee.XProcessImpl # localhost # NSim.NSim@localhost.0
2006-10-28 20.11.06 #  # registerFailed # Failed to register NSim [*4] # org.omg.CORBA.TRANSIENT: no usable profile in IOR  minor code: 0x4f4d0002  completed: No # 582 # 81250775 # com.appium.impl.core.xee.XProcessImpl # localhost # NSim.NSim@localhost.0
2006-10-28 20.11.06 #  # registerFailed # Failed to register StatusInfoAccess [*4] # org.omg.CORBA.TRANSIENT: no usable profile in IOR  minor code: 0x4f4d0002  completed: No # 582 # 81250776 # com.appium.impl.core.xee.XProcessImpl # localhost # NSim.NSim@localhost.0
2006-10-28 20.11.07 #  # registerFailed # Failed to register XTransport [*4] # org.omg.CORBA.TRANSIENT: no usable profile in IOR  minor code: 0x4f4d0002  completed: No # 582 # 81250783 # com.appium.impl.core.xee.XProcessImpl # localhost # NSim.NSim@localhost.0
2006-10-28 20.11.08 #  # registerFailed # Failed to register StatusInfoAccess [*4] # org.omg.CORBA.TRANSIENT: no usable profile in IOR  minor code: 0x4f4d0002  completed: No # 582 # 81250808 # com.appium.impl.core.xee.XProcessImpl # localhost # NSim.NSim@localhost.0
2006-10-28 20.11.08 #  # registerFailed # Failed to register NSim [*4] # org.omg.CORBA.TRANSIENT: no usable profile in IOR  minor code: 0x4f4d0002  completed: No # 582 # 81250809 # com.appium.impl.core.xee.XProcessImpl # localhost # NSim.NSim@localhost.0
2006-10-28 20.11.09 #  # registerFailed # Failed to register XTransport [*4] # org.omg.CORBA.COMM_FAILURE: socket() failed: java.net.NoRouteToHostException: No route to host: connect  minor code: 0x4f4f0005  completed: No # 582 # 81250817 # com.appium.impl.core.xee.XProcessImpl # localhost # NSim.NSim@localhost.0
2006-10-28 20.11.10 #  # registerFailed # Failed to register StatusInfoAccess [*4] # org.omg.CORBA.TRANSIENT: no usable profile in IOR  minor code: 0x4f4d0002  completed: No # 582 # 81250839 # com.appium.impl.core.xee.XProcessImpl # localhost # NSim.NSim@localhost.0
2006-10-28 20.11.10 #  # registerFailed # Failed to register NSim [*4] # org.omg.CORBA.TRANSIENT: no usable profile in IOR  minor code: 0x4f4d0002  completed: No # 582 # 81250840 # com.appium.impl.core.xee.XProcessImpl # localhost # NSim.NSim@localhost.0
2006-10-28 20.11.11 #  # registerFailed # Failed to register XTransport [*4] # org.omg.CORBA.COMM_FAILURE: socket() failed: java.net.NoRouteToHostException: No route to host: connect  minor code: 0x4f4f0005  completed: No # 582 # 81250849 # com.appium.impl.core.xee.XProcessImpl # localhost # NSim.NSim@localhost.0
2006-10-28 20.11.13 #  # registerFailed # Failed to register NSim [*4] # org.omg.CORBA.TRANSIENT: no usable profile in IOR  minor code: 0x4f4d0002  completed: No # 582 # 81250871 # com.appium.impl.core.xee.XProcessImpl # localhost # NSim.NSim@localhost.0
2006-10-28 20.11.13 #  # registerFailed # Failed to register StatusInfoAccess [*4] # org.omg.CORBA.TRANSIENT: no usable profile in IOR  minor code: 0x4f4d0002  completed: No # 582 # 81250873 # com.appium.impl.core.xee.XProcessImpl # localhost # NSim.NSim@localhost.0
2006-10-28 20.11.13 #  # registerFailed # Failed to register XTransport [*4] # org.omg.CORBA.COMM_FAILURE: socket() failed: java.net.NoRouteToHostException: No route to host: connect  minor code: 0x4f4f0005  completed: No # 582 # 81250881 # com.appium.impl.core.xee.XProcessImpl # localhost # NSim.NSim@localhost.0
2006-10-28 20.11.15 #  # registerFailed # Failed to register NSim [*4] # org.omg.CORBA.TRANSIENT: no usable profile in IOR  minor code: 0x4f4d0002  completed: No # 582 # 81250903 # com.appium.impl.core.xee.XProcessImpl # localhost # NSim.NSim@localhost.0
2006-10-28 20.11.15 #  # registerFailed # Failed to register StatusInfoAccess [*4] # org.omg.CORBA.TRANSIENT: no usable profile in IOR  minor code: 0x4f4d0002  completed: No # 582 # 81250904 # com.appium.impl.core.xee.XProcessImpl # localhost # NSim.NSim@localhost.0
2006-10-28 20.11.15 #  # registerFailed # Failed to register XTransport [*4] # org.omg.CORBA.COMM_FAILURE: socket() failed: java.net.NoRouteToHostException: No route to host: connect  minor code: 0x4f4f0005  completed: No # 582 # 81250914 # com.appium.impl.core.xee.XProcessImpl # localhost # NSim.NSim@localhost.0
2006-10-28 20.11.17 #  # registerFailed # Failed to register NSim [*4] # org.omg.CORBA.TRANSIENT: no usable profile in IOR  minor code: 0x4f4d0002  completed: No # 582 # 81250935 # com.appium.impl.core.xee.XProcessImpl # localhost # NSim.NSim@localhost.0
2006-10-28 20.11.17 #  # registerFailed # Failed to register StatusInfoAccess [*4] # org.omg.CORBA.TRANSIENT: no usable profile in IOR  minor code: 0x4f4d0002  completed: No # 582 # 81250936 # com.appium.impl.core.xee.XProcessImpl # localhost # NSim.NSim@localhost.0
2006-10-28 20.11.17 #  # registerFailed # Failed to register XTransport [*4] # org.omg.CORBA.COMM_FAILURE: socket() failed: java.net.NoRouteToHostException: No route to host: connect  minor code: 0x4f4f0005  completed: No # 582 # 81250946 # com.appium.impl.core.xee.XProcessImpl # localhost # NSim.NSim@localhost.0
2006-10-28 20.11.19 #  # registerFailed # Failed to register StatusInfoAccess [*4] # org.omg.CORBA.TRANSIENT: no usable profile in IOR  minor code: 0x4f4d0002  completed: No # 582 # 81250968 # com.appium.impl.core.xee.XProcessImpl # localhost # NSim.NSim@localhost.0
2006-10-28 20.11.19 #  # registerFailed # Failed to register NSim [*4] # org.omg.CORBA.COMM_FAILURE: socket() failed: java.net.NoRouteToHostException: No route to host: connect  minor code: 0x4f4f0005  completed: No # 582 # 81250969 # com.appium.impl.core.xee.XProcessImpl # localhost # NSim.NSim@localhost.0
2006-10-28 20.11.20 #  # registerFailed # Failed to register XTransport [*5] # org.omg.CORBA.TRANSIENT: no usable profile in IOR  minor code: 0x4f4d0002  completed: No # 582 # 81250985 # com.appium.impl.core.xee.XProcessImpl # localhost # NSim.NSim@localhost.0
2006-10-28 20.11.21 #  # registerFailed # Failed to register NSim [*4] # org.omg.CORBA.TRANSIENT: no usable profile in IOR  minor code: 0x4f4d0002  completed: No # 582 # 81250999 # com.appium.impl.core.xee.XProcessImpl # localhost # NSim.NSim@localhost.0
2006-10-28 20.11.21 #  # registerFailed # Failed to register StatusInfoAccess [*4] # org.omg.CORBA.TRANSIENT: no usable profile in IOR  minor code: 0x4f4d0002  completed: No # 582 # 81251002 # com.appium.impl.core.xee.XProcessImpl # localhost # NSim.NSim@localhost.0
2006-10-28 20.11.22 #  # registerFailed # Failed to register XTransport [*4] # org.omg.CORBA.COMM_FAILURE: socket() failed: java.net.NoRouteToHostException: No route to host: connect  minor code: 0x4f4f0005  completed: No # 582 # 81251018 # com.appium.impl.core.xee.XProcessImpl # localhost # NSim.NSim@localhost.0
2006-10-28 20.11.23 #  # registerFailed # Failed to register NSim [*4] # org.omg.CORBA.TRANSIENT: no usable profile in IOR  minor code: 0x4f4d0002  completed: No # 582 # 81251031 # com.appium.impl.core.xee.XProcessImpl # localhost # NSim.NSim@localhost.0
2006-10-28 20.11.23 #  # registerFailed # Failed to register StatusInfoAccess [*4] # org.omg.CORBA.TRANSIENT: no usable profile in IOR  minor code: 0x4f4d0002  completed: No # 582 # 81251033 # com.appium.impl.core.xee.XProcessImpl # localhost # NSim.NSim@localhost.0
2006-10-28 20.11.25 #  # registerFailed # Failed to register XTransport [*5] # org.omg.CORBA.COMM_FAILURE: socket() failed: java.net.NoRouteToHostException: No route to host: connect  minor code: 0x4f4f0005  completed: No # 582 # 81251056 # com.appium.impl.core.xee.XProcessImpl # localhost # NSim.NSim@localhost.0
2006-10-28 20.11.25 #  # registerFailed # Failed to register NSim [*4] # org.omg.CORBA.TRANSIENT: no usable profile in IOR  minor code: 0x4f4d0002  completed: No # 582 # 81251063 # com.appium.impl.core.xee.XProcessImpl # localhost # NSim.NSim@localhost.0
2006-10-28 20.11.25 #  # registerFailed # Failed to register StatusInfoAccess [*4] # org.omg.CORBA.TRANSIENT: no usable profile in IOR  minor code: 0x4f4d0002  completed: No # 582 # 81251065 # com.appium.impl.core.xee.XProcessImpl # localhost # NSim.NSim@localhost.0
2006-10-28 20.11.27 #  # registerFailed # Failed to register XTransport [*4] # org.omg.CORBA.COMM_FAILURE: socket() failed: java.net.NoRouteToHostException: No route to host: connect  minor code: 0x4f4f0005  completed: No # 582 # 81251090 # com.appium.impl.core.xee.XProcessImpl # localhost # NSim.NSim@localhost.0
2006-10-28 20.11.27 #  # registerFailed # Failed to register StatusInfoAccess [*4] # org.omg.CORBA.TRANSIENT: no usable profile in IOR  minor code: 0x4f4d0002  completed: No # 582 # 81251096 # com.appium.impl.core.xee.XProcessImpl # localhost # NSim.NSim@localhost.0
2006-10-28 20.11.27 #  # registerFailed # Failed to register NSim [*4] # org.omg.CORBA.TRANSIENT: no usable profile in IOR  minor code: 0x4f4d0002  completed: No # 582 # 81251097 # com.appium.impl.core.xee.XProcessImpl # localhost # NSim.NSim@localhost.0
2006-10-28 20.11.29 #  # registerFailed # Failed to register XTransport [*4] # org.omg.CORBA.TRANSIENT: no usable profile in IOR  minor code: 0x4f4d0002  completed: No # 582 # 81251120 # com.appium.impl.core.xee.XProcessImpl # localhost # NSim.NSim@localhost.0
2006-10-28 20.11.29 #  # registerFailed # Failed to register NSim [*4] # org.omg.CORBA.TRANSIENT: no usable profile in IOR  minor code: 0x4f4d0002  completed: No # 582 # 81251128 # com.appium.impl.core.xee.XProcessImpl # localhost # NSim.NSim@localhost.0
2006-10-28 20.11.29 #  # registerFailed # Failed to register StatusInfoAccess [*4] # org.omg.CORBA.TRANSIENT: no usable profile in IOR  minor code: 0x4f4d0002  completed: No # 582 # 81251129 # com.appium.impl.core.xee.XProcessImpl # localhost # NSim.NSim@localhost.0
2006-10-28 20.11.31 #  # registerFailed # Failed to register XTransport [*4] # org.omg.CORBA.TRANSIENT: no usable profile in IOR  minor code: 0x4f4d0002  completed: No # 582 # 81251151 # com.appium.impl.core.xee.XProcessImpl # localhost # NSim.NSim@localhost.0
2006-10-28 20.11.31 #  # registerFailed # Failed to register StatusInfoAccess [*4] # org.omg.CORBA.TRANSIENT: no usable profile in IOR  minor code: 0x4f4d0002  completed: No # 582 # 81251160 # com.appium.impl.core.xee.XProcessImpl # localhost # NSim.NSim@localhost.0
2006-10-28 20.11.31 #  # registerFailed # Failed to register NSim [*4] # org.omg.CORBA.COMM_FAILURE: socket() failed: java.net.NoRouteToHostException: No route to host: connect  minor code: 0x4f4f0005  completed: No # 582 # 81251161 # com.appium.impl.core.xee.XProcessImpl # localhost # NSim.NSim@localhost.0
2006-10-28 20.11.33 #  # registerFailed # Failed to register XTransport [*4] # org.omg.CORBA.COMM_FAILURE: socket() failed: java.net.NoRouteToHostException: No route to host: connect  minor code: 0x4f4f0005  completed: No # 582 # 81251185 # com.appium.impl.core.xee.XProcessImpl # localhost # NSim.NSim@localhost.0
2006-10-28 20.11.33 #  # registerFailed # Failed to register NSim [*4] # org.omg.CORBA.TRANSIENT: no usable profile in IOR  minor code: 0x4f4d0002  completed: No # 582 # 81251192 # com.appium.impl.core.xee.XProcessImpl # localhost # NSim.NSim@localhost.0
2006-10-28 20.11.33 #  # registerFailed # Failed to register StatusInfoAccess [*4] # org.omg.CORBA.TRANSIENT: no usable profile in IOR  minor code: 0x4f4d0002  completed: No # 582 # 81251193 # com.appium.impl.core.xee.XProcessImpl # localhost # NSim.NSim@localhost.0
2006-10-28 20.11.35 #  # registerFailed # Failed to register XTransport [*4] # org.omg.CORBA.COMM_FAILURE: socket() failed: java.net.NoRouteToHostException: No route to host: connect  minor code: 0x4f4f0005  completed: No # 582 # 81251218 # com.appium.impl.core.xee.XProcessImpl # localhost # NSim.NSim@localhost.0
2006-10-28 20.11.36 #  # registerFailed # Failed to register StatusInfoAccess [*4] # org.omg.CORBA.TRANSIENT: no usable profile in IOR  minor code: 0x4f4d0002  completed: No # 582 # 81251224 # com.appium.impl.core.xee.XProcessImpl # localhost # NSim.NSim@localhost.0
2006-10-28 20.11.36 #  # registerFailed # Failed to register NSim [*4] # org.omg.CORBA.TRANSIENT: no usable profile in IOR  minor code: 0x4f4d0002  completed: No # 582 # 81251225 # com.appium.impl.core.xee.XProcessImpl # localhost # NSim.NSim@localhost.0
2006-10-28 20.11.37 #  # registerFailed # Failed to register XTransport [*4] # org.omg.CORBA.TRANSIENT: no usable profile in IOR  minor code: 0x4f4d0002  completed: No # 582 # 81251247 # com.appium.impl.core.xee.XProcessImpl # localhost # NSim.NSim@localhost.0
2006-10-28 20.11.38 #  # registerFailed # Failed to register StatusInfoAccess [*4] # org.omg.CORBA.TRANSIENT: no usable profile in IOR  minor code: 0x4f4d0002  completed: No # 582 # 81251257 # com.appium.impl.core.xee.XProcessImpl # localhost # NSim.NSim@localhost.0
2006-10-28 20.11.38 #  # registerFailed # Failed to register NSim [*4] # org.omg.CORBA.COMM_FAILURE: socket() failed: java.net.NoRouteToHostException: No route to host: connect  minor code: 0x4f4f0005  completed: No # 582 # 81251258 # com.appium.impl.core.xee.XProcessImpl # localhost # NSim.NSim@localhost.0
2006-10-28 20.11.39 #  # registerFailed # Failed to register XTransport [*3] # org.omg.CORBA.TRANSIENT: no usable profile in IOR  minor code: 0x4f4d0002  completed: No # 582 # 81251272 # com.appium.impl.core.xee.XProcessImpl # localhost # NSim.NSim@localhost.0
2006-10-28 20.11.41 #  # registerFailed # Failed to register StatusInfoAccess [*4] # org.omg.CORBA.TRANSIENT: no usable profile in IOR  minor code: 0x4f4d0002  completed: No # 582 # 81251289 # com.appium.impl.core.xee.XProcessImpl # localhost # NSim.NSim@localhost.0
2006-10-28 20.11.41 #  # registerFailed # Failed to register NSim [*4] # org.omg.CORBA.COMM_FAILURE: socket() failed: java.net.NoRouteToHostException: No route to host: connect  minor code: 0x4f4f0005  completed: No # 582 # 81251290 # com.appium.impl.core.xee.XProcessImpl # localhost # NSim.NSim@localhost.0
2006-10-28 20.11.42 #  # registerFailed # Failed to register XTransport [*4] # org.omg.CORBA.COMM_FAILURE: socket() failed: java.net.NoRouteToHostException: No route to host: connect  minor code: 0x4f4f0005  completed: No # 582 # 81251306 # com.appium.impl.core.xee.XProcessImpl # localhost # NSim.NSim@localhost.0
2006-10-28 20.11.43 #  # registerFailed # Failed to register NSim [*4] # org.omg.CORBA.TRANSIENT: no usable profile in IOR  minor code: 0x4f4d0002  completed: No # 582 # 81251319 # com.appium.impl.core.xee.XProcessImpl # localhost # NSim.NSim@localhost.0
2006-10-28 20.11.43 #  # registerFailed # Failed to register StatusInfoAccess [*4] # org.omg.CORBA.TRANSIENT: no usable profile in IOR  minor code: 0x4f4d0002  completed: No # 582 # 81251320 # com.appium.impl.core.xee.XProcessImpl # localhost # NSim.NSim@localhost.0
2006-10-28 20.11.44 #  # registerFailed # Failed to register XTransport [*4] # org.omg.CORBA.TRANSIENT: no usable profile in IOR  minor code: 0x4f4d0002  completed: No # 582 # 81251335 # com.appium.impl.core.xee.XProcessImpl # localhost # NSim.NSim@localhost.0
2006-10-28 20.11.45 #  # registerFailed # Failed to register NSim [*3] # org.omg.CORBA.COMM_FAILURE: socket() failed: java.net.NoRouteToHostException: No route to host: connect  minor code: 0x4f4f0005  completed: No # 582 # 81251343 # com.appium.impl.core.xee.XProcessImpl # localhost # NSim.NSim@localhost.0
2006-10-28 20.11.45 #  # registerFailed # Failed to register StatusInfoAccess [*3] # org.omg.CORBA.COMM_FAILURE: socket() failed: java.net.NoRouteToHostException: No route to host: connect  minor code: 0x4f4f0005  completed: No # 582 # 81251345 # com.appium.impl.core.xee.XProcessImpl # localhost # NSim.NSim@localhost.0
2006-10-28 20.11.46 #  # registerFailed # Failed to register XTransport [*4] # org.omg.CORBA.TRANSIENT: no usable profile in IOR  minor code: 0x4f4d0002  completed: No # 582 # 81251368 # com.appium.impl.core.xee.XProcessImpl # localhost # NSim.NSim@localhost.0
2006-10-28 20.11.47 #  # registerFailed # Failed to register StatusInfoAccess [*4] # org.omg.CORBA.TRANSIENT: no usable profile in IOR  minor code: 0x4f4d0002  completed: No # 582 # 81251376 # com.appium.impl.core.xee.XProcessImpl # localhost # NSim.NSim@localhost.0
2006-10-28 20.11.47 #  # registerFailed # Failed to register NSim [*4] # org.omg.CORBA.COMM_FAILURE: socket() failed: java.net.NoRouteToHostException: No route to host: connect  minor code: 0x4f4f0005  completed: No # 582 # 81251377 # com.appium.impl.core.xee.XProcessImpl # localhost # NSim.NSim@localhost.0
2006-10-28 20.11.48 #  # registerFailed # Failed to register XTransport [*4] # org.omg.CORBA.TRANSIENT: no usable profile in IOR  minor code: 0x4f4d0002  completed: No # 582 # 81251401 # com.appium.impl.core.xee.XProcessImpl # localhost # NSim.NSim@localhost.0
2006-10-28 20.11.49 #  # registerFailed # Failed to register NSim [*4] # org.omg.CORBA.TRANSIENT: no usable profile in IOR  minor code: 0x4f4d0002  completed: No # 582 # 81251407 # com.appium.impl.core.xee.XProcessImpl # localhost # NSim.NSim@localhost.0
2006-10-28 20.11.49 #  # registerFailed # Failed to register StatusInfoAccess [*4] # org.omg.CORBA.TRANSIENT: no usable profile in IOR  minor code: 0x4f4d0002  completed: No # 582 # 81251408 # com.appium.impl.core.xee.XProcessImpl # localhost # NSim.NSim@localhost.0
2006-10-28 20.11.50 #  # registerFailed # Failed to register XTransport [*4] # org.omg.CORBA.COMM_FAILURE: socket() failed: java.net.NoRouteToHostException: No route to host: connect  minor code: 0x4f4f0005  completed: No # 582 # 81251432 # com.appium.impl.core.xee.XProcessImpl # localhost # NSim.NSim@localhost.0
2006-10-28 20.11.51 #  # registerFailed # Failed to register NSim [*4] # org.omg.CORBA.TRANSIENT: no usable profile in IOR  minor code: 0x4f4d0002  completed: No # 582 # 81251439 # com.appium.impl.core.xee.XProcessImpl # localhost # NSim.NSim@localhost.0
2006-10-28 20.11.51 #  # registerFailed # Failed to register StatusInfoAccess [*4] # org.omg.CORBA.COMM_FAILURE: socket() failed: java.net.NoRouteToHostException: No route to host: connect  minor code: 0x4f4f0005  completed: No # 582 # 81251442 # com.appium.impl.core.xee.XProcessImpl # localhost # NSim.NSim@localhost.0
2006-10-28 20.11.52 #  # registerFailed # Failed to register XTransport [*4] # org.omg.CORBA.TRANSIENT: no usable profile in IOR  minor code: 0x4f4d0002  completed: No # 582 # 81251465 # com.appium.impl.core.xee.XProcessImpl # localhost # NSim.NSim@localhost.0
2006-10-28 20.11.53 #  # registerFailed # Failed to register NSim [*4] # org.omg.CORBA.TRANSIENT: no usable profile in IOR  minor code: 0x4f4d0002  completed: No # 582 # 81251471 # com.appium.impl.core.xee.XProcessImpl # localhost # NSim.NSim@localhost.0
2006-10-28 20.11.53 #  # registerFailed # Failed to register StatusInfoAccess [*4] # org.omg.CORBA.TRANSIENT: no usable profile in IOR  minor code: 0x4f4d0002  completed: No # 582 # 81251472 # com.appium.impl.core.xee.XProcessImpl # localhost # NSim.NSim@localhost.0
2006-10-28 20.11.54 #  # registerFailed # Failed to register XTransport [*4] # org.omg.CORBA.COMM_FAILURE: socket() failed: java.net.NoRouteToHostException: No route to host: connect  minor code: 0x4f4f0005  completed: No # 582 # 81251498 # com.appium.impl.core.xee.XProcessImpl # localhost # NSim.NSim@localhost.0
2006-10-28 20.11.55 #  # registerFailed # Failed to register StatusInfoAccess [*4] # org.omg.CORBA.TRANSIENT: no usable profile in IOR  minor code: 0x4f4d0002  completed: No # 582 # 81251503 # com.appium.impl.core.xee.XProcessImpl # localhost # NSim.NSim@localhost.0
2006-10-28 20.11.55 #  # registerFailed # Failed to register NSim [*4] # org.omg.CORBA.TRANSIENT: no usable profile in IOR  minor code: 0x4f4d0002  completed: No # 582 # 81251504 # com.appium.impl.core.xee.XProcessImpl # localhost # NSim.NSim@localhost.0
2006-10-28 20.11.56 #  # registerFailed # Failed to register XTransport [*4] # org.omg.CORBA.TRANSIENT: no usable profile in IOR  minor code: 0x4f4d0002  completed: No # 582 # 81251529 # com.appium.impl.core.xee.XProcessImpl # localhost # NSim.NSim@localhost.0
2006-10-28 20.11.57 #  # registerFailed # Failed to register StatusInfoAccess [*4] # org.omg.CORBA.TRANSIENT: no usable profile in IOR  minor code: 0x4f4d0002  completed: No # 582 # 81251537 # com.appium.impl.core.xee.XProcessImpl # localhost # NSim.NSim@localhost.0
2006-10-28 20.11.57 #  # registerFailed # Failed to register NSim [*4] # org.omg.CORBA.COMM_FAILURE: socket() failed: java.net.NoRouteToHostException: No route to host: connect  minor code: 0x4f4f0005  completed: No # 582 # 81251538 # com.appium.impl.core.xee.XProcessImpl # localhost # NSim.NSim@localhost.0
2006-10-28 20.11.59 #  # registerFailed # Failed to register XTransport [*4] # org.omg.CORBA.COMM_FAILURE: socket() failed: java.net.NoRouteToHostException: No route to host: connect  minor code: 0x4f4f0005  completed: No # 582 # 81251561 # com.appium.impl.core.xee.XProcessImpl # localhost # NSim.NSim@localhost.0
2006-10-28 20.11.59 #  # registerFailed # Failed to register NSim [*4] # org.omg.CORBA.TRANSIENT: no usable profile in IOR  minor code: 0x4f4d0002  completed: No # 582 # 81251567 # com.appium.impl.core.xee.XProcessImpl # localhost # NSim.NSim@localhost.0
2006-10-28 20.11.59 #  # registerFailed # Failed to register StatusInfoAccess [*4] # org.omg.CORBA.TRANSIENT: no usable profile in IOR  minor code: 0x4f4d0002  completed: No # 582 # 81251568 # com.appium.impl.core.xee.XProcessImpl # localhost # NSim.NSim@localhost.0
2006-10-28 20.12.01 #  # registerFailed # Failed to register XTransport [*4] # org.omg.CORBA.COMM_FAILURE: socket() failed: java.net.NoRouteToHostException: No route to host: connect  minor code: 0x4f4f0005  completed: No # 582 # 81251594 # com.appium.impl.core.xee.XProcessImpl # localhost # NSim.NSim@localhost.0
2006-10-28 20.12.01 #  # registerFailed # Failed to register StatusInfoAccess [*4] # org.omg.CORBA.TRANSIENT: no usable profile in IOR  minor code: 0x4f4d0002  completed: No # 582 # 81251600 # com.appium.impl.core.xee.XProcessImpl # localhost # NSim.NSim@localhost.0
2006-10-28 20.12.01 #  # registerFailed # Failed to register NSim [*4] # org.omg.CORBA.TRANSIENT: no usable profile in IOR  minor code: 0x4f4d0002  completed: No # 582 # 81251601 # com.appium.impl.core.xee.XProcessImpl # localhost # NSim.NSim@localhost.0
2006-10-28 20.12.03 #  # registerFailed # Failed to register StatusInfoAccess [*4] # org.omg.CORBA.TRANSIENT: no usable profile in IOR  minor code: 0x4f4d0002  completed: No # 582 # 81251631 # com.appium.impl.core.xee.XProcessImpl # localhost # NSim.NSim@localhost.0
2006-10-28 20.12.03 #  # registerFailed # Failed to register NSim [*4] # org.omg.CORBA.TRANSIENT: no usable profile in IOR  minor code: 0x4f4d0002  completed: No # 582 # 81251632 # com.appium.impl.core.xee.XProcessImpl # localhost # NSim.NSim@localhost.0
2006-10-28 20.12.03 #  # registerFailed # Failed to register XTransport [*5] # org.omg.CORBA.COMM_FAILURE: socket() failed: java.net.NoRouteToHostException: No route to host: connect  minor code: 0x4f4f0005  completed: No # 582 # 81251634 # com.appium.impl.core.xee.XProcessImpl # localhost # NSim.NSim@localhost.0
2006-10-28 20.12.05 #  # registerFailed # Failed to register NSim [*4] # org.omg.CORBA.TRANSIENT: no usable profile in IOR  minor code: 0x4f4d0002  completed: No # 582 # 81251663 # com.appium.impl.core.xee.XProcessImpl # localhost # NSim.NSim@localhost.0
2006-10-28 20.12.05 #  # registerFailed # Failed to register XTransport [*4] # org.omg.CORBA.COMM_FAILURE: socket() failed: java.net.NoRouteToHostException: No route to host: connect  minor code: 0x4f4f0005  completed: No # 582 # 81251664 # com.appium.impl.core.xee.XProcessImpl # localhost # NSim.NSim@localhost.0
2006-10-28 20.12.05 #  # registerFailed # Failed to register StatusInfoAccess [*4] # org.omg.CORBA.TRANSIENT: no usable profile in IOR  minor code: 0x4f4d0002  completed: No # 582 # 81251666 # com.appium.impl.core.xee.XProcessImpl # localhost # NSim.NSim@localhost.0
2006-10-28 20.12.07 #  # registerFailed # Failed to register NSim [*4] # org.omg.CORBA.TRANSIENT: no usable profile in IOR  minor code: 0x4f4d0002  completed: No # 582 # 81251695 # com.appium.impl.core.xee.XProcessImpl # localhost # NSim.NSim@localhost.0
2006-10-28 20.12.07 #  # registerFailed # Failed to register XTransport [*4] # org.omg.CORBA.TRANSIENT: no usable profile in IOR  minor code: 0x4f4d0002  completed: No # 582 # 81251697 # com.appium.impl.core.xee.XProcessImpl # localhost # NSim.NSim@localhost.0
2006-10-28 20.12.07 #  # registerFailed # Failed to register StatusInfoAccess [*4] # org.omg.CORBA.TRANSIENT: no usable profile in IOR  minor code: 0x4f4d0002  completed: No # 582 # 81251698 # com.appium.impl.core.xee.XProcessImpl # localhost # NSim.NSim@localhost.0
2006-10-28 20.12.09 #  # registerFailed # Failed to register StatusInfoAccess [*4] # org.omg.CORBA.TRANSIENT: no usable profile in IOR  minor code: 0x4f4d0002  completed: No # 582 # 81251727 # com.appium.impl.core.xee.XProcessImpl # localhost # NSim.NSim@localhost.0
2006-10-28 20.12.09 #  # registerFailed # Failed to register NSim [*4] # org.omg.CORBA.TRANSIENT: no usable profile in IOR  minor code: 0x4f4d0002  completed: No # 582 # 81251728 # com.appium.impl.core.xee.XProcessImpl # localhost # NSim.NSim@localhost.0
2006-10-28 20.12.09 #  # registerFailed # Failed to register XTransport [*4] # org.omg.CORBA.COMM_FAILURE: socket() failed: java.net.NoRouteToHostException: No route to host: connect  minor code: 0x4f4f0005  completed: No # 582 # 81251730 # com.appium.impl.core.xee.XProcessImpl # localhost # NSim.NSim@localhost.0
2006-10-28 20.12.11 #  # registerFailed # Failed to register NSim [*4] # org.omg.CORBA.TRANSIENT: no usable profile in IOR  minor code: 0x4f4d0002  completed: No # 582 # 81251759 # com.appium.impl.core.xee.XProcessImpl # localhost # NSim.NSim@localhost.0
2006-10-28 20.12.11 #  # registerFailed # Failed to register XTransport [*4] # org.omg.CORBA.TRANSIENT: no usable profile in IOR  minor code: 0x4f4d0002  completed: No # 582 # 81251761 # com.appium.impl.core.xee.XProcessImpl # localhost # NSim.NSim@localhost.0
2006-10-28 20.12.11 #  # registerFailed # Failed to register StatusInfoAccess [*4] # org.omg.CORBA.TRANSIENT: no usable profile in IOR  minor code: 0x4f4d0002  completed: No # 582 # 81251762 # com.appium.impl.core.xee.XProcessImpl # localhost # NSim.NSim@localhost.0
2006-10-28 20.12.13 #  # registerFailed # Failed to register XTransport [*4] # org.omg.CORBA.TRANSIENT: no usable profile in IOR  minor code: 0x4f4d0002  completed: No # 582 # 81251791 # com.appium.impl.core.xee.XProcessImpl # localhost # NSim.NSim@localhost.0
2006-10-28 20.12.13 #  # registerFailed # Failed to register StatusInfoAccess [*4] # org.omg.CORBA.TRANSIENT: no usable profile in IOR  minor code: 0x4f4d0002  completed: No # 582 # 81251792 # com.appium.impl.core.xee.XProcessImpl # localhost # NSim.NSim@localhost.0
2006-10-28 20.12.13 #  # registerFailed # Failed to register NSim [*4] # org.omg.CORBA.COMM_FAILURE: socket() failed: java.net.NoRouteToHostException: No route to host: connect  minor code: 0x4f4f0005  completed: No # 582 # 81251793 # com.appium.impl.core.xee.XProcessImpl # localhost # NSim.NSim@localhost.0
2006-10-28 20.12.16 #  # registerFailed # Failed to register NSim [*4] # org.omg.CORBA.TRANSIENT: no usable profile in IOR  minor code: 0x4f4d0002  completed: No # 582 # 81251823 # com.appium.impl.core.xee.XProcessImpl # localhost # NSim.NSim@localhost.0
2006-10-28 20.12.16 #  # registerFailed # Failed to register XTransport [*4] # org.omg.CORBA.TRANSIENT: no usable profile in IOR  minor code: 0x4f4d0002  completed: No # 582 # 81251824 # com.appium.impl.core.xee.XProcessImpl # localhost # NSim.NSim@localhost.0
2006-10-28 20.12.16 #  # registerFailed # Failed to register StatusInfoAccess [*4] # org.omg.CORBA.COMM_FAILURE: socket() failed: java.net.NoRouteToHostException: No route to host: connect  minor code: 0x4f4f0005  completed: No # 582 # 81251826 # com.appium.impl.core.xee.XProcessImpl # localhost # NSim.NSim@localhost.0
2006-10-28 20.12.18 #  # registerFailed # Failed to register StatusInfoAccess [*4] # org.omg.CORBA.TRANSIENT: no usable profile in IOR  minor code: 0x4f4d0002  completed: No # 582 # 81251855 # com.appium.impl.core.xee.XProcessImpl # localhost # NSim.NSim@localhost.0
2006-10-28 20.12.18 #  # registerFailed # Failed to register XTransport [*4] # org.omg.CORBA.TRANSIENT: no usable profile in IOR  minor code: 0x4f4d0002  completed: No # 582 # 81251856 # com.appium.impl.core.xee.XProcessImpl # localhost # NSim.NSim@localhost.0
2006-10-28 20.12.18 #  # registerFailed # Failed to register NSim [*4] # org.omg.CORBA.COMM_FAILURE: socket() failed: java.net.NoRouteToHostException: No route to host: connect  minor code: 0x4f4f0005  completed: No # 582 # 81251858 # com.appium.impl.core.xee.XProcessImpl # localhost # NSim.NSim@localhost.0
2006-10-28 20.12.20 #  # registerFailed # Failed to register XTransport [*4] # org.omg.CORBA.TRANSIENT: no usable profile in IOR  minor code: 0x4f4d0002  completed: No # 582 # 81251888 # com.appium.impl.core.xee.XProcessImpl # localhost # NSim.NSim@localhost.0
2006-10-28 20.12.20 #  # registerFailed # Failed to register StatusInfoAccess [*4] # org.omg.CORBA.TRANSIENT: no usable profile in IOR  minor code: 0x4f4d0002  completed: No # 582 # 81251889 # com.appium.impl.core.xee.XProcessImpl # localhost # NSim.NSim@localhost.0
2006-10-28 20.12.20 #  # registerFailed # Failed to register NSim [*4] # org.omg.CORBA.COMM_FAILURE: socket() failed: java.net.NoRouteToHostException: No route to host: connect  minor code: 0x4f4f0005  completed: No # 582 # 81251890 # com.appium.impl.core.xee.XProcessImpl # localhost # NSim.NSim@localhost.0
2006-10-28 20.12.22 #  # registerFailed # Failed to register NSim [*4] # org.omg.CORBA.TRANSIENT: no usable profile in IOR  minor code: 0x4f4d0002  completed: No # 582 # 81251919 # com.appium.impl.core.xee.XProcessImpl # localhost # NSim.NSim@localhost.0
2006-10-28 20.12.22 #  # registerFailed # Failed to register StatusInfoAccess [*4] # org.omg.CORBA.TRANSIENT: no usable profile in IOR  minor code: 0x4f4d0002  completed: No # 582 # 81251920 # com.appium.impl.core.xee.XProcessImpl # localhost # NSim.NSim@localhost.0
2006-10-28 20.12.22 #  # registerFailed # Failed to register XTransport [*4] # org.omg.CORBA.COMM_FAILURE: socket() failed: java.net.NoRouteToHostException: No route to host: connect  minor code: 0x4f4f0005  completed: No # 582 # 81251922 # com.appium.impl.core.xee.XProcessImpl # localhost # NSim.NSim@localhost.0
2006-10-28 20.12.24 #  # registerFailed # Failed to register StatusInfoAccess [*4] # org.omg.CORBA.TRANSIENT: no usable profile in IOR  minor code: 0x4f4d0002  completed: No # 582 # 81251952 # com.appium.impl.core.xee.XProcessImpl # localhost # NSim.NSim@localhost.0
2006-10-28 20.12.24 #  # registerFailed # Failed to register XTransport [*4] # org.omg.CORBA.TRANSIENT: no usable profile in IOR  minor code: 0x4f4d0002  completed: No # 582 # 81251953 # com.appium.impl.core.xee.XProcessImpl # localhost # NSim.NSim@localhost.0
2006-10-28 20.12.24 #  # registerFailed # Failed to register NSim [*4] # org.omg.CORBA.COMM_FAILURE: socket() failed: java.net.NoRouteToHostException: No route to host: connect  minor code: 0x4f4f0005  completed: No # 582 # 81251954 # com.appium.impl.core.xee.XProcessImpl # localhost # NSim.NSim@localhost.0
2006-10-28 20.12.26 #  # registerFailed # Failed to register NSim [*4] # org.omg.CORBA.TRANSIENT: no usable profile in IOR  minor code: 0x4f4d0002  completed: No # 582 # 81251983 # com.appium.impl.core.xee.XProcessImpl # localhost # NSim.NSim@localhost.0
2006-10-28 20.12.26 #  # registerFailed # Failed to register XTransport [*4] # org.omg.CORBA.COMM_FAILURE: socket() failed: java.net.NoRouteToHostException: No route to host: connect  minor code: 0x4f4f0005  completed: No # 582 # 81251984 # com.appium.impl.core.xee.XProcessImpl # localhost # NSim.NSim@localhost.0
2006-10-28 20.12.26 #  # registerFailed # Failed to register StatusInfoAccess [*4] # org.omg.CORBA.TRANSIENT: no usable profile in IOR  minor code: 0x4f4d0002  completed: No # 582 # 81251986 # com.appium.impl.core.xee.XProcessImpl # localhost # NSim.NSim@localhost.0
2006-10-28 20.12.28 #  # registerFailed # Failed to register NSim [*4] # org.omg.CORBA.TRANSIENT: no usable profile in IOR  minor code: 0x4f4d0002  completed: No # 582 # 81252015 # com.appium.impl.core.xee.XProcessImpl # localhost # NSim.NSim@localhost.0
2006-10-28 20.12.28 #  # registerFailed # Failed to register XTransport [*4] # org.omg.CORBA.TRANSIENT: no usable profile in IOR  minor code: 0x4f4d0002  completed: No # 582 # 81252017 # com.appium.impl.core.xee.XProcessImpl # localhost # NSim.NSim@localhost.0
2006-10-28 20.12.28 #  # registerFailed # Failed to register StatusInfoAccess [*4] # org.omg.CORBA.TRANSIENT: no usable profile in IOR  minor code: 0x4f4d0002  completed: No # 582 # 81252018 # com.appium.impl.core.xee.XProcessImpl # localhost # NSim.NSim@localhost.0
2006-10-28 20.12.30 #  # registerFailed # Failed to register StatusInfoAccess [*4] # org.omg.CORBA.COMM_FAILURE: socket() failed: java.net.NoRouteToHostException: No route to host: connect  minor code: 0x4f4f0005  completed: No # 582 # 81252047 # com.appium.impl.core.xee.XProcessImpl # localhost # NSim.NSim@localhost.0
2006-10-28 20.12.30 #  # registerFailed # Failed to register XTransport [*4] # org.omg.CORBA.TRANSIENT: no usable profile in IOR  minor code: 0x4f4d0002  completed: No # 582 # 81252048 # com.appium.impl.core.xee.XProcessImpl # localhost # NSim.NSim@localhost.0
2006-10-28 20.12.30 #  # registerFailed # Failed to register NSim [*4] # org.omg.CORBA.TRANSIENT: no usable profile in IOR  minor code: 0x4f4d0002  completed: No # 582 # 81252049 # com.appium.impl.core.xee.XProcessImpl # localhost # NSim.NSim@localhost.0
2006-10-28 20.12.32 #  # registerFailed # Failed to register XTransport [*4] # org.omg.CORBA.TRANSIENT: no usable profile in IOR  minor code: 0x4f4d0002  completed: No # 582 # 81252079 # com.appium.impl.core.xee.XProcessImpl # localhost # NSim.NSim@localhost.0
2006-10-28 20.12.32 #  # registerFailed # Failed to register StatusInfoAccess [*4] # org.omg.CORBA.TRANSIENT: no usable profile in IOR  minor code: 0x4f4d0002  completed: No # 582 # 81252080 # com.appium.impl.core.xee.XProcessImpl # localhost # NSim.NSim@localhost.0
2006-10-28 20.12.32 #  # registerFailed # Failed to register NSim [*4] # org.omg.CORBA.COMM_FAILURE: socket() failed: java.net.NoRouteToHostException: No route to host: connect  minor code: 0x4f4f0005  completed: No # 582 # 81252081 # com.appium.impl.core.xee.XProcessImpl # localhost # NSim.NSim@localhost.0
2006-10-28 20.12.35 #  # registerFailed # Failed to register StatusInfoAccess [*4] # org.omg.CORBA.TRANSIENT: no usable profile in IOR  minor code: 0x4f4d0002  completed: No # 582 # 81252112 # com.appium.impl.core.xee.XProcessImpl # localhost # NSim.NSim@localhost.0
2006-10-28 20.12.35 #  # registerFailed # Failed to register NSim [*4] # org.omg.CORBA.TRANSIENT: no usable profile in IOR  minor code: 0x4f4d0002  completed: No # 582 # 81252113 # com.appium.impl.core.xee.XProcessImpl # localhost # NSim.NSim@localhost.0
2006-10-28 20.12.35 #  # registerFailed # Failed to register XTransport [*4] # org.omg.CORBA.COMM_FAILURE: socket() failed: java.net.NoRouteToHostException: No route to host: connect  minor code: 0x4f4f0005  completed: No # 582 # 81252114 # com.appium.impl.core.xee.XProcessImpl # localhost # NSim.NSim@localhost.0
2006-10-28 20.12.37 #  # registerFailed # Failed to register StatusInfoAccess [*4] # org.omg.CORBA.TRANSIENT: no usable profile in IOR  minor code: 0x4f4d0002  completed: No # 582 # 81252143 # com.appium.impl.core.xee.XProcessImpl # localhost # NSim.NSim@localhost.0
2006-10-28 20.12.37 #  # registerFailed # Failed to register NSim [*4] # org.omg.CORBA.TRANSIENT: no usable profile in IOR  minor code: 0x4f4d0002  completed: No # 582 # 81252144 # com.appium.impl.core.xee.XProcessImpl # localhost # NSim.NSim@localhost.0
2006-10-28 20.12.37 #  # registerFailed # Failed to register XTransport [*4] # org.omg.CORBA.COMM_FAILURE: socket() failed: java.net.NoRouteToHostException: No route to host: connect  minor code: 0x4f4f0005  completed: No # 582 # 81252146 # com.appium.impl.core.xee.XProcessImpl # localhost # NSim.NSim@localhost.0
2006-10-28 20.12.39 #  # registerFailed # Failed to register NSim [*4] # org.omg.CORBA.TRANSIENT: no usable profile in IOR  minor code: 0x4f4d0002  completed: No # 582 # 81252175 # com.appium.impl.core.xee.XProcessImpl # localhost # NSim.NSim@localhost.0
2006-10-28 20.12.39 #  # registerFailed # Failed to register StatusInfoAccess [*4] # org.omg.CORBA.TRANSIENT: no usable profile in IOR  minor code: 0x4f4d0002  completed: No # 582 # 81252176 # com.appium.impl.core.xee.XProcessImpl # localhost # NSim.NSim@localhost.0
2006-10-28 20.12.39 #  # registerFailed # Failed to register XTransport [*4] # org.omg.CORBA.COMM_FAILURE: socket() failed: java.net.NoRouteToHostException: No route to host: connect  minor code: 0x4f4f0005  completed: No # 582 # 81252178 # com.appium.impl.core.xee.XProcessImpl # localhost # NSim.NSim@localhost.0
2006-10-28 20.12.41 #  # registerFailed # Failed to register XTransport [*4] # org.omg.CORBA.COMM_FAILURE: socket() failed: java.net.NoRouteToHostException: No route to host: connect  minor code: 0x4f4f0005  completed: No # 582 # 81252207 # com.appium.impl.core.xee.XProcessImpl # localhost # NSim.NSim@localhost.0
2006-10-28 20.12.41 #  # registerFailed # Failed to register NSim [*4] # org.omg.CORBA.TRANSIENT: no usable profile in IOR  minor code: 0x4f4d0002  completed: No # 582 # 81252208 # com.appium.impl.core.xee.XProcessImpl # localhost # NSim.NSim@localhost.0
2006-10-28 20.12.41 #  # registerFailed # Failed to register StatusInfoAccess [*4] # org.omg.CORBA.TRANSIENT: no usable profile in IOR  minor code: 0x4f4d0002  completed: No # 582 # 81252209 # com.appium.impl.core.xee.XProcessImpl # localhost # NSim.NSim@localhost.0
2006-10-28 20.12.43 #  # registerFailed # Failed to register XTransport [*4] # org.omg.CORBA.TRANSIENT: no usable profile in IOR  minor code: 0x4f4d0002  completed: No # 582 # 81252239 # com.appium.impl.core.xee.XProcessImpl # localhost # NSim.NSim@localhost.0
2006-10-28 20.12.43 #  # registerFailed # Failed to register StatusInfoAccess [*4] # org.omg.CORBA.TRANSIENT: no usable profile in IOR  minor code: 0x4f4d0002  completed: No # 582 # 81252240 # com.appium.impl.core.xee.XProcessImpl # localhost # NSim.NSim@localhost.0
2006-10-28 20.12.43 #  # registerFailed # Failed to register NSim [*4] # org.omg.CORBA.COMM_FAILURE: socket() failed: java.net.NoRouteToHostException: No route to host: connect  minor code: 0x4f4f0005  completed: No # 582 # 81252241 # com.appium.impl.core.xee.XProcessImpl # localhost # NSim.NSim@localhost.0
2006-10-28 20.12.45 #  # registerFailed # Failed to register NSim [*4] # org.omg.CORBA.TRANSIENT: no usable profile in IOR  minor code: 0x4f4d0002  completed: No # 582 # 81252271 # com.appium.impl.core.xee.XProcessImpl # localhost # NSim.NSim@localhost.0
2006-10-28 20.12.45 #  # registerFailed # Failed to register XTransport [*4] # org.omg.CORBA.TRANSIENT: no usable profile in IOR  minor code: 0x4f4d0002  completed: No # 582 # 81252272 # com.appium.impl.core.xee.XProcessImpl # localhost # NSim.NSim@localhost.0
2006-10-28 20.12.45 #  # registerFailed # Failed to register StatusInfoAccess [*4] # org.omg.CORBA.COMM_FAILURE: socket() failed: java.net.NoRouteToHostException: No route to host: connect  minor code: 0x4f4f0005  completed: No # 582 # 81252274 # com.appium.impl.core.xee.XProcessImpl # localhost # NSim.NSim@localhost.0
2006-10-28 20.12.47 #  # registerFailed # Failed to register NSim [*4] # org.omg.CORBA.TRANSIENT: no usable profile in IOR  minor code: 0x4f4d0002  completed: No # 582 # 81252303 # com.appium.impl.core.xee.XProcessImpl # localhost # NSim.NSim@localhost.0
2006-10-28 20.12.47 #  # registerFailed # Failed to register XTransport [*4] # org.omg.CORBA.COMM_FAILURE: socket() failed: java.net.NoRouteToHostException: No route to host: connect  minor code: 0x4f4f0005  completed: No # 582 # 81252304 # com.appium.impl.core.xee.XProcessImpl # localhost # NSim.NSim@localhost.0
2006-10-28 20.12.47 #  # registerFailed # Failed to register StatusInfoAccess [*4] # org.omg.CORBA.TRANSIENT: no usable profile in IOR  minor code: 0x4f4d0002  completed: No # 582 # 81252305 # com.appium.impl.core.xee.XProcessImpl # localhost # NSim.NSim@localhost.0
2006-10-28 20.12.50 #  # registerFailed # Failed to register StatusInfoAccess [*4] # org.omg.CORBA.TRANSIENT: no usable profile in IOR  minor code: 0x4f4d0002  completed: No # 582 # 81252336 # com.appium.impl.core.xee.XProcessImpl # localhost # NSim.NSim@localhost.0
2006-10-28 20.12.50 #  # registerFailed # Failed to register NSim [*4] # org.omg.CORBA.TRANSIENT: no usable profile in IOR  minor code: 0x4f4d0002  completed: No # 582 # 81252337 # com.appium.impl.core.xee.XProcessImpl # localhost # NSim.NSim@localhost.0
2006-10-28 20.12.50 #  # registerFailed # Failed to register XTransport [*4] # org.omg.CORBA.COMM_FAILURE: socket() failed: java.net.NoRouteToHostException: No route to host: connect  minor code: 0x4f4f0005  completed: No # 582 # 81252338 # com.appium.impl.core.xee.XProcessImpl # localhost # NSim.NSim@localhost.0
2006-10-28 20.12.53 #  # registerFailed # Failed to register XTransport [*3] # org.omg.CORBA.TRANSIENT: no usable profile in IOR  minor code: 0x4f4d0002  completed: No # 582 # 81252359 # com.appium.impl.core.xee.XProcessImpl # localhost # NSim.NSim@localhost.0
2006-10-28 20.12.53 #  # registerFailed # Failed to register StatusInfoAccess [*3] # org.omg.CORBA.TRANSIENT: no usable profile in IOR  minor code: 0x4f4d0002  completed: No # 582 # 81252360 # com.appium.impl.core.xee.XProcessImpl # localhost # NSim.NSim@localhost.0
2006-10-28 20.12.53 #  # registerFailed # Failed to register NSim [*3] # org.omg.CORBA.COMM_FAILURE: socket() failed: java.net.NoRouteToHostException: No route to host: connect  minor code: 0x4f4f0005  completed: No # 582 # 81252361 # com.appium.impl.core.xee.XProcessImpl # localhost # NSim.NSim@localhost.0
2006-10-28 20.12.55 #  # registerFailed # Failed to register NSim [*4] # org.omg.CORBA.TRANSIENT: no usable profile in IOR  minor code: 0x4f4d0002  completed: No # 582 # 81252391 # com.appium.impl.core.xee.XProcessImpl # localhost # NSim.NSim@localhost.0
2006-10-28 20.12.55 #  # registerFailed # Failed to register XTransport [*4] # org.omg.CORBA.TRANSIENT: no usable profile in IOR  minor code: 0x4f4d0002  completed: No # 582 # 81252393 # com.appium.impl.core.xee.XProcessImpl # localhost # NSim.NSim@localhost.0
2006-10-28 20.12.55 #  # registerFailed # Failed to register StatusInfoAccess [*4] # org.omg.CORBA.TRANSIENT: no usable profile in IOR  minor code: 0x4f4d0002  completed: No # 582 # 81252394 # com.appium.impl.core.xee.XProcessImpl # localhost # NSim.NSim@localhost.0
2006-10-28 20.12.57 #  # registerFailed # Failed to register NSim [*4] # org.omg.CORBA.TRANSIENT: no usable profile in IOR  minor code: 0x4f4d0002  completed: No # 582 # 81252424 # com.appium.impl.core.xee.XProcessImpl # localhost # NSim.NSim@localhost.0
2006-10-28 20.12.57 #  # registerFailed # Failed to register StatusInfoAccess [*4] # org.omg.CORBA.COMM_FAILURE: socket() failed: java.net.NoRouteToHostException: No route to host: connect  minor code: 0x4f4f0005  completed: No # 582 # 81252425 # com.appium.impl.core.xee.XProcessImpl # localhost # NSim.NSim@localhost.0
2006-10-28 20.12.57 #  # registerFailed # Failed to register XTransport [*4] # org.omg.CORBA.TRANSIENT: no usable profile in IOR  minor code: 0x4f4d0002  completed: No # 582 # 81252426 # com.appium.impl.core.xee.XProcessImpl # localhost # NSim.NSim@localhost.0
2006-10-28 20.12.59 #  # registerFailed # Failed to register XTransport [*4] # org.omg.CORBA.TRANSIENT: no usable profile in IOR  minor code: 0x4f4d0002  completed: No # 582 # 81252455 # com.appium.impl.core.xee.XProcessImpl # localhost # NSim.NSim@localhost.0
2006-10-28 20.12.59 #  # registerFailed # Failed to register NSim [*4] # org.omg.CORBA.TRANSIENT: no usable profile in IOR  minor code: 0x4f4d0002  completed: No # 582 # 81252457 # com.appium.impl.core.xee.XProcessImpl # localhost # NSim.NSim@localhost.0
2006-10-28 20.12.59 #  # registerFailed # Failed to register StatusInfoAccess [*4] # org.omg.CORBA.TRANSIENT: no usable profile in IOR  minor code: 0x4f4d0002  completed: No # 582 # 81252458 # com.appium.impl.core.xee.XProcessImpl # localhost # NSim.NSim@localhost.0
2006-10-28 20.13.01 #  # registerFailed # Failed to register NSim [*4] # org.omg.CORBA.TRANSIENT: no usable profile in IOR  minor code: 0x4f4d0002  completed: No # 582 # 81252487 # com.appium.impl.core.xee.XProcessImpl # localhost # NSim.NSim@localhost.0
2006-10-28 20.13.01 #  # registerFailed # Failed to register StatusInfoAccess [*4] # org.omg.CORBA.TRANSIENT: no usable profile in IOR  minor code: 0x4f4d0002  completed: No # 582 # 81252489 # com.appium.impl.core.xee.XProcessImpl # localhost # NSim.NSim@localhost.0
2006-10-28 20.13.01 #  # registerFailed # Failed to register XTransport [*4] # org.omg.CORBA.COMM_FAILURE: socket() failed: java.net.NoRouteToHostException: No route to host: connect  minor code: 0x4f4f0005  completed: No # 582 # 81252490 # com.appium.impl.core.xee.XProcessImpl # localhost # NSim.NSim@localhost.0
2006-10-28 20.13.03 #  # registerFailed # Failed to register NSim [*4] # org.omg.CORBA.TRANSIENT: no usable profile in IOR  minor code: 0x4f4d0002  completed: No # 582 # 81252519 # com.appium.impl.core.xee.XProcessImpl # localhost # NSim.NSim@localhost.0
2006-10-28 20.13.03 #  # registerFailed # Failed to register XTransport [*4] # org.omg.CORBA.TRANSIENT: no usable profile in IOR  minor code: 0x4f4d0002  completed: No # 582 # 81252520 # com.appium.impl.core.xee.XProcessImpl # localhost # NSim.NSim@localhost.0
2006-10-28 20.13.03 #  # registerFailed # Failed to register StatusInfoAccess [*4] # org.omg.CORBA.COMM_FAILURE: socket() failed: java.net.NoRouteToHostException: No route to host: connect  minor code: 0x4f4f0005  completed: No # 582 # 81252522 # com.appium.impl.core.xee.XProcessImpl # localhost # NSim.NSim@localhost.0
2006-10-28 20.13.05 #  # registerFailed # Failed to register StatusInfoAccess [*4] # org.omg.CORBA.TRANSIENT: no usable profile in IOR  minor code: 0x4f4d0002  completed: No # 582 # 81252551 # com.appium.impl.core.xee.XProcessImpl # localhost # NSim.NSim@localhost.0
2006-10-28 20.13.05 #  # registerFailed # Failed to register XTransport [*4] # org.omg.CORBA.TRANSIENT: no usable profile in IOR  minor code: 0x4f4d0002  completed: No # 582 # 81252552 # com.appium.impl.core.xee.XProcessImpl # localhost # NSim.NSim@localhost.0
2006-10-28 20.13.05 #  # registerFailed # Failed to register NSim [*4] # org.omg.CORBA.COMM_FAILURE: socket() failed: java.net.NoRouteToHostException: No route to host: connect  minor code: 0x4f4f0005  completed: No # 582 # 81252554 # com.appium.impl.core.xee.XProcessImpl # localhost # NSim.NSim@localhost.0
2006-10-28 20.13.07 #  # registerFailed # Failed to register NSim [*4] # org.omg.CORBA.TRANSIENT: no usable profile in IOR  minor code: 0x4f4d0002  completed: No # 582 # 81252583 # com.appium.impl.core.xee.XProcessImpl # localhost # NSim.NSim@localhost.0
2006-10-28 20.13.07 #  # registerFailed # Failed to register XTransport [*4] # org.omg.CORBA.COMM_FAILURE: socket() failed: java.net.NoRouteToHostException: No route to host: connect  minor code: 0x4f4f0005  completed: No # 582 # 81252584 # com.appium.impl.core.xee.XProcessImpl # localhost # NSim.NSim@localhost.0
2006-10-28 20.13.07 #  # registerFailed # Failed to register StatusInfoAccess [*4] # org.omg.CORBA.TRANSIENT: no usable profile in IOR  minor code: 0x4f4d0002  completed: No # 582 # 81252586 # com.appium.impl.core.xee.XProcessImpl # localhost # NSim.NSim@localhost.0
2006-10-28 20.13.09 #  # registerFailed # Failed to register NSim [*4] # org.omg.CORBA.TRANSIENT: no usable profile in IOR  minor code: 0x4f4d0002  completed: No # 582 # 81252615 # com.appium.impl.core.xee.XProcessImpl # localhost # NSim.NSim@localhost.0
2006-10-28 20.13.09 #  # registerFailed # Failed to register XTransport [*4] # org.omg.CORBA.TRANSIENT: no usable profile in IOR  minor code: 0x4f4d0002  completed: No # 582 # 81252617 # com.appium.impl.core.xee.XProcessImpl # localhost # NSim.NSim@localhost.0
2006-10-28 20.13.09 #  # registerFailed # Failed to register StatusInfoAccess [*4] # org.omg.CORBA.TRANSIENT: no usable profile in IOR  minor code: 0x4f4d0002  completed: No # 582 # 81252618 # com.appium.impl.core.xee.XProcessImpl # localhost # NSim.NSim@localhost.0
2006-10-28 20.13.11 #  # registerFailed # Failed to register StatusInfoAccess [*4] # org.omg.CORBA.TRANSIENT: no usable profile in IOR  minor code: 0x4f4d0002  completed: No # 582 # 81252647 # com.appium.impl.core.xee.XProcessImpl # localhost # NSim.NSim@localhost.0
2006-10-28 20.13.11 #  # registerFailed # Failed to register NSim [*4] # org.omg.CORBA.TRANSIENT: no usable profile in IOR  minor code: 0x4f4d0002  completed: No # 582 # 81252648 # com.appium.impl.core.xee.XProcessImpl # localhost # NSim.NSim@localhost.0
2006-10-28 20.13.11 #  # registerFailed # Failed to register XTransport [*4] # org.omg.CORBA.COMM_FAILURE: socket() failed: java.net.NoRouteToHostException: No route to host: connect  minor code: 0x4f4f0005  completed: No # 582 # 81252650 # com.appium.impl.core.xee.XProcessImpl # localhost # NSim.NSim@localhost.0
2006-10-28 20.13.13 #  # registerFailed # Failed to register NSim [*4] # org.omg.CORBA.TRANSIENT: no usable profile in IOR  minor code: 0x4f4d0002  completed: No # 582 # 81252679 # com.appium.impl.core.xee.XProcessImpl # localhost # NSim.NSim@localhost.0
2006-10-28 20.13.13 #  # registerFailed # Failed to register XTransport [*4] # org.omg.CORBA.COMM_FAILURE: socket() failed: java.net.NoRouteToHostException: No route to host: connect  minor code: 0x4f4f0005  completed: No # 582 # 81252680 # com.appium.impl.core.xee.XProcessImpl # localhost # NSim.NSim@localhost.0
2006-10-28 20.13.13 #  # registerFailed # Failed to register StatusInfoAccess [*4] # org.omg.CORBA.TRANSIENT: no usable profile in IOR  minor code: 0x4f4d0002  completed: No # 582 # 81252682 # com.appium.impl.core.xee.XProcessImpl # localhost # NSim.NSim@localhost.0
2006-10-28 20.13.16 #  # registerFailed # Failed to register NSim [*4] # org.omg.CORBA.TRANSIENT: no usable profile in IOR  minor code: 0x4f4d0002  completed: No # 582 # 81252711 # com.appium.impl.core.xee.XProcessImpl # localhost # NSim.NSim@localhost.0
2006-10-28 20.13.16 #  # registerFailed # Failed to register XTransport [*4] # org.omg.CORBA.TRANSIENT: no usable profile in IOR  minor code: 0x4f4d0002  completed: No # 582 # 81252713 # com.appium.impl.core.xee.XProcessImpl # localhost # NSim.NSim@localhost.0
2006-10-28 20.13.16 #  # registerFailed # Failed to register StatusInfoAccess [*4] # org.omg.CORBA.TRANSIENT: no usable profile in IOR  minor code: 0x4f4d0002  completed: No # 582 # 81252714 # com.appium.impl.core.xee.XProcessImpl # localhost # NSim.NSim@localhost.0
2006-10-28 20.13.18 #  # registerFailed # Failed to register StatusInfoAccess [*4] # org.omg.CORBA.TRANSIENT: no usable profile in IOR  minor code: 0x4f4d0002  completed: No # 582 # 81252743 # com.appium.impl.core.xee.XProcessImpl # localhost # NSim.NSim@localhost.0
2006-10-28 20.13.18 #  # registerFailed # Failed to register NSim [*4] # org.omg.CORBA.TRANSIENT: no usable profile in IOR  minor code: 0x4f4d0002  completed: No # 582 # 81252744 # com.appium.impl.core.xee.XProcessImpl # localhost # NSim.NSim@localhost.0
2006-10-28 20.13.18 #  # registerFailed # Failed to register XTransport [*4] # org.omg.CORBA.COMM_FAILURE: socket() failed: java.net.NoRouteToHostException: No route to host: connect  minor code: 0x4f4f0005  completed: No # 582 # 81252746 # com.appium.impl.core.xee.XProcessImpl # localhost # NSim.NSim@localhost.0
2006-10-28 20.13.20 #  # registerFailed # Failed to register NSim [*4] # org.omg.CORBA.TRANSIENT: no usable profile in IOR  minor code: 0x4f4d0002  completed: No # 582 # 81252775 # com.appium.impl.core.xee.XProcessImpl # localhost # NSim.NSim@localhost.0
2006-10-28 20.13.20 #  # registerFailed # Failed to register XTransport [*4] # org.omg.CORBA.TRANSIENT: no usable profile in IOR  minor code: 0x4f4d0002  completed: No # 582 # 81252777 # com.appium.impl.core.xee.XProcessImpl # localhost # NSim.NSim@localhost.0
2006-10-28 20.13.20 #  # registerFailed # Failed to register StatusInfoAccess [*4] # org.omg.CORBA.TRANSIENT: no usable profile in IOR  minor code: 0x4f4d0002  completed: No # 582 # 81252778 # com.appium.impl.core.xee.XProcessImpl # localhost # NSim.NSim@localhost.0
