
2006-11-10 21.09.16 # Warning  # objectActive # Object active (new): StatusInfoAccess_Primary@OAMServer.Primary (reported by ObjectRegistry) #  # 514 # 82380099 # com.appium.impl.core.xee.XProcessImpl # Acer # OAMServer.Primary
2006-11-10 21.09.17 # Warning  # systemEvent # Starting System Statistics... #  # 697 # 82380107 # com.appium.SystemInfo.SystemStatisticsModule # Acer # OAMServer.Primary
2006-11-10 21.09.19 # Warning  # objectActive # Object active (new): TraceReceiver_Primary@OAMServer.Primary (reported by ObjectRegistry) #  # 514 # 82380124 # com.appium.impl.core.xee.XProcessImpl # Acer # OAMServer.Primary
2006-11-10 21.09.19 # Warning  # systemEvent # Starting System Info... #  # 1659 # 82380128 # com.appium.SystemInfo.SystemInfoModule # Acer # OAMServer.Primary
2006-11-10 21.09.20 # Warning  # objectActive # Object active (new): XNodeDatabase_Primary@OAMServer.Primary (reported by ObjectRegistry) #  # 514 # 82380132 # com.appium.impl.core.xee.XProcessImpl # Acer # OAMServer.Primary
2006-11-10 21.09.31 # Warning  # objectActive # Object active (new): ServiceUpdate_Primary@OAMServer.Primary (reported by ObjectRegistry) #  # 514 # 82380190 # com.appium.impl.core.xee.XProcessImpl # Acer # OAMServer.Primary
2006-11-10 21.09.31 #  # cannotObtainParlayService # Cannot obtain Parlay service XTE:P_ULC_TCTESTGW #  # 1131 # 82380194 # com.appium.ResourceAdapterLoader.Framework # Acer # OAMServer.Primary
2006-11-10 21.09.31 #  # cannotObtainParlayService # Cannot obtain Parlay service XTE:P_US_TCTESTGW #  # 1131 # 82380195 # com.appium.ResourceAdapterLoader.Framework # Acer # OAMServer.Primary
2006-11-10 21.09.31 #  # cannotObtainParlayService # Cannot obtain Parlay service XTE:P_USER_STATUS #  # 1131 # 82380196 # com.appium.ResourceAdapterLoader.Framework # Acer # OAMServer.Primary
2006-11-10 21.09.32 # Warning  # objectActive # Object active (new): Framework_Primary@OAMServer.Primary (reported by ObjectRegistry) #  # 514 # 82380199 # com.appium.impl.core.xee.XProcessImpl # Acer # OAMServer.Primary
2006-11-10 21.09.32 #  # gatewayDown # Failed to obtain IpAccess of gateway NSIM: TheOrb: Could not open socket at localhost:15000 #  # 346 # 82380201 # com.appium.ParlayAdaptor.Wrappers.Parlay32.Framework.GatewayHandler # Acer # OAMServer.Primary
2006-11-10 21.09.32 # Warning  # processActive # Process active: OAMServer.Primary #  # 560 # 82380202 # com.appium.impl.core.xee.XProcessImpl # Acer # OAMServer.Primary
2006-11-10 21.09.32 #  # gatewayDown # Failed to obtain IpAccess of gateway XTE: TheOrb: Could not open socket at localhost:14702 #  # 346 # 82380203 # com.appium.ParlayAdaptor.Wrappers.Parlay32.Framework.GatewayHandler # Acer # OAMServer.Primary
2006-11-10 21.09.46 # Warning  # objectActive # Object active (new): GraphDataEventReceiver_Primary@OAMServer.Primary (reported by ObjectRegistry) #  # 514 # 82380207 # com.appium.impl.core.xee.XProcessImpl # Acer # OAMServer.Primary
2006-11-10 21.10.14 # Warning  # objectActive # Object active (new): XTransport_XTE Parlay@XContainer.XTE Parlay@localhost.0 (reported by ObjectRegistry) #  # 514 # 82380213 # com.appium.impl.core.xee.XProcessImpl # Acer # OAMServer.Primary
2006-11-10 21.10.14 # Warning  # processOnline # Process online: XContainer.XTE Parlay@localhost.0 (inactive) #  # 563 # 82380215 # com.appium.impl.core.xee.XProcessImpl # Acer # OAMServer.Primary
2006-11-10 21.10.17 # Warning  # objectActive # Object active (new): StatusInfoAccess_XTE Parlay@XContainer.XTE Parlay@localhost.0 (reported by ObjectRegistry) #  # 514 # 82380216 # com.appium.impl.core.xee.XProcessImpl # Acer # OAMServer.Primary
2006-11-10 21.10.21 # Warning  # objectActive # Object active (new): ServiceUpdate_XTE Parlay@XContainer.XTE Parlay@localhost.0 (reported by ObjectRegistry) #  # 514 # 82380217 # com.appium.impl.core.xee.XProcessImpl # Acer # OAMServer.Primary
2006-11-10 21.10.21 # Warning  # processActive # Process active: XContainer.XTE Parlay@localhost.0 #  # 560 # 82380218 # com.appium.impl.core.xee.XProcessImpl # Acer # OAMServer.Primary
2006-11-10 21.10.25 #  # error # Couldn't start XContainer.XTE@localhost.0 because the lock port is already in use. Please configure another lock port #  # 1760 # 82380219 # com.appium.XView.Server.ProcessControlAPI$Session # Acer # OAMServer.Primary
2006-11-10 21.10.56 #  # error # Couldn't start XContainer.XTE@localhost.0 because the lock port is already in use. Please configure another lock port #  # 1760 # 82380220 # com.appium.XView.Server.ProcessControlAPI$Session # Acer # OAMServer.Primary
2006-11-10 21.11.35 # Warning  # objectActive # Object active (new): XTransport_XTE@XContainer.XTE@localhost.50 (reported by ObjectRegistry) #  # 514 # 82380221 # com.appium.impl.core.xee.XProcessImpl # Acer # OAMServer.Primary
2006-11-10 21.11.35 # Warning  # processOnline # Process online: XContainer.XTE@localhost.50 (inactive) #  # 563 # 82380223 # com.appium.impl.core.xee.XProcessImpl # Acer # OAMServer.Primary
2006-11-10 21.11.38 # Warning  # objectActive # Object active (new): StatusInfoAccess_XTE@XContainer.XTE@localhost.50 (reported by ObjectRegistry) #  # 514 # 82380224 # com.appium.impl.core.xee.XProcessImpl # Acer # OAMServer.Primary
2006-11-10 21.11.48 # Warning  # objectActive # Object active (new): ServiceUpdate_XTE@XContainer.XTE@localhost.50 (reported by ObjectRegistry) #  # 514 # 82380225 # com.appium.impl.core.xee.XProcessImpl # Acer # OAMServer.Primary
2006-11-10 21.11.48 # Warning  # processActive # Process active: XContainer.XTE@localhost.50 #  # 560 # 82380226 # com.appium.impl.core.xee.XProcessImpl # Acer # OAMServer.Primary
2006-11-10 21.11.50 # Warning  # objectActive # Object active (new): SessionBackupStore_XTE@XContainer.XTE@localhost.50 (reported by ObjectRegistry) #  # 514 # 82380227 # com.appium.impl.core.xee.XProcessImpl # Acer # OAMServer.Primary
2006-11-10 21.11.54 # Warning  # objectActive # Object active (new): SessionRegistry_XTE@XContainer.XTE@localhost.50 (reported by ObjectRegistry) #  # 514 # 82380228 # com.appium.impl.core.xee.XProcessImpl # Acer # OAMServer.Primary
2006-11-10 21.15.00 # Warning  # objectActive # Object active (new): XTransport_USTestApp@XContainer.USTestApp@localhost.100 (reported by ObjectRegistry) #  # 514 # 82380229 # com.appium.impl.core.xee.XProcessImpl # Acer # OAMServer.Primary
2006-11-10 21.15.00 # Warning  # processOnline # Process online: XContainer.USTestApp@localhost.100 (inactive) #  # 563 # 82380231 # com.appium.impl.core.xee.XProcessImpl # Acer # OAMServer.Primary
2006-11-10 21.15.08 # Warning  # objectActive # Object active (new): StatusInfoAccess_USTestApp@XContainer.USTestApp@localhost.100 (reported by ObjectRegistry) #  # 514 # 82380232 # com.appium.impl.core.xee.XProcessImpl # Acer # OAMServer.Primary
2006-11-10 21.15.20 # Warning  # objectActive # Object active (new): VoiceServerAccess_USTestApp@XContainer.USTestApp@localhost.100 (reported by ObjectRegistry) #  # 514 # 82380233 # com.appium.impl.core.xee.XProcessImpl # Acer # OAMServer.Primary
2006-11-10 21.15.20 # Warning  # objectActive # Object active (new): SessionBackupStore_USTestApp@XContainer.USTestApp@localhost.100 (reported by ObjectRegistry) #  # 514 # 82380234 # com.appium.impl.core.xee.XProcessImpl # Acer # OAMServer.Primary
2006-11-10 21.15.20 # Warning  # objectActive # Object active (new): ServiceUpdate_USTestApp@XContainer.USTestApp@localhost.100 (reported by ObjectRegistry) #  # 514 # 82380235 # com.appium.impl.core.xee.XProcessImpl # Acer # OAMServer.Primary
2006-11-10 21.15.31 # Warning  # processActive # Process active: XContainer.USTestApp@localhost.100 #  # 560 # 82380236 # com.appium.impl.core.xee.XProcessImpl # Acer # OAMServer.Primary
2006-11-10 21.41.58 # Warning  # objectOffline # Object offline: ServiceUpdate_XTE Parlay@XContainer.XTE Parlay@localhost.0 (reported by Surveillance ) #  # 517 # 82380238 # com.appium.impl.core.xee.XProcessImpl # Acer # OAMServer.Primary
2006-11-10 21.41.59 # Warning  # objectOffline # Object offline: StatusInfoAccess_XTE Parlay@XContainer.XTE Parlay@localhost.0 (reported by Surveillance ) #  # 517 # 82380239 # com.appium.impl.core.xee.XProcessImpl # Acer # OAMServer.Primary
2006-11-10 21.41.59 # Critical # processOffline # Process offline: XContainer.XTE Parlay@localhost.0 #  # 562 # 82380240 # com.appium.impl.core.xee.XProcessImpl # Acer # OAMServer.Primary
2006-11-10 21.41.59 # Warning  # objectOffline # Object offline: XTransport_XTE Parlay@XContainer.XTE Parlay@localhost.0 (reported by Surveillance ) #  # 517 # 82380241 # com.appium.impl.core.xee.XProcessImpl # Acer # OAMServer.Primary
2006-11-10 21.42.07 # Warning  # processDeactivated # Process deactivated: XContainer.XTE@localhost.50 #  # 561 # 82380243 # com.appium.impl.core.xee.XProcessImpl # Acer # OAMServer.Primary
2006-11-10 21.42.07 # Warning  # processDeactivated # Process deactivated: XContainer.USTestApp@localhost.100 #  # 561 # 82380244 # com.appium.impl.core.xee.XProcessImpl # Acer # OAMServer.Primary
2006-11-10 21.42.00 # Minor    # warning # Could not get grid of status info from other process # org.omg.CORBA.TRANSIENT: no usable profile in IOR  minor code: 0x4f4d0002  completed: No # 0 # 82380242 # com.appium.Basement.OAM.StatusOverview.StatusInfoAccessClient # Acer # OAMServer.Primary
2006-11-10 21.42.15 # Warning  # objectOffline # Object offline: ServiceUpdate_XTE@XContainer.XTE@localhost.50 (reported by Surveillance ) #  # 517 # 82380247 # com.appium.impl.core.xee.XProcessImpl # Acer # OAMServer.Primary
2006-11-10 21.42.15 # Warning  # objectOffline # Object offline: SessionBackupStore_XTE@XContainer.XTE@localhost.50 (reported by Surveillance ) #  # 517 # 82380248 # com.appium.impl.core.xee.XProcessImpl # Acer # OAMServer.Primary
2006-11-10 21.42.15 # Warning  # objectOffline # Object offline: SessionRegistry_XTE@XContainer.XTE@localhost.50 (reported by Surveillance ) #  # 517 # 82380249 # com.appium.impl.core.xee.XProcessImpl # Acer # OAMServer.Primary
2006-11-10 21.42.15 # Warning  # objectOffline # Object offline: StatusInfoAccess_XTE@XContainer.XTE@localhost.50 (reported by Surveillance ) #  # 517 # 82380250 # com.appium.impl.core.xee.XProcessImpl # Acer # OAMServer.Primary
2006-11-10 21.42.15 # Critical # processOffline # Process offline: XContainer.XTE@localhost.50 #  # 562 # 82380251 # com.appium.impl.core.xee.XProcessImpl # Acer # OAMServer.Primary
2006-11-10 21.42.15 # Warning  # objectOffline # Object offline: XTransport_XTE@XContainer.XTE@localhost.50 (reported by Surveillance ) #  # 517 # 82380252 # com.appium.impl.core.xee.XProcessImpl # Acer # OAMServer.Primary
2006-11-10 21.42.16 # Warning  # objectOffline # Object offline: ServiceUpdate_USTestApp@XContainer.USTestApp@localhost.100 (reported by Surveillance ) #  # 517 # 82380254 # com.appium.impl.core.xee.XProcessImpl # Acer # OAMServer.Primary
2006-11-10 21.42.16 # Warning  # objectOffline # Object offline: SessionBackupStore_USTestApp@XContainer.USTestApp@localhost.100 (reported by Surveillance ) #  # 517 # 82380255 # com.appium.impl.core.xee.XProcessImpl # Acer # OAMServer.Primary
2006-11-10 21.42.16 # Warning  # objectOffline # Object offline: StatusInfoAccess_USTestApp@XContainer.USTestApp@localhost.100 (reported by Surveillance ) #  # 517 # 82380256 # com.appium.impl.core.xee.XProcessImpl # Acer # OAMServer.Primary
2006-11-10 21.42.16 # Warning  # objectOffline # Object offline: VoiceServerAccess_USTestApp@XContainer.USTestApp@localhost.100 (reported by Surveillance ) #  # 517 # 82380257 # com.appium.impl.core.xee.XProcessImpl # Acer # OAMServer.Primary
2006-11-10 21.42.16 # Critical # processOffline # Process offline: XContainer.USTestApp@localhost.100 #  # 562 # 82380258 # com.appium.impl.core.xee.XProcessImpl # Acer # OAMServer.Primary
2006-11-10 21.42.16 # Warning  # objectOffline # Object offline: XTransport_USTestApp@XContainer.USTestApp@localhost.100 (reported by Surveillance ) #  # 517 # 82380259 # com.appium.impl.core.xee.XProcessImpl # Acer # OAMServer.Primary
2006-11-10 21.42.19 # Minor    # warning # Group cont. error 4  # org.omg.CORBA.NO_RESPONSE: Connection timeout  minor code: 0x0  completed: No # 1685 # 82380260 # com.appium.Registry.Config # Acer # OAMServer.Primary
