
2006-10-28 20.48.25 # Warning  # systemEvent # Starting System Statistics... #  # 697 # 81252059 # com.appium.SystemInfo.SystemStatisticsModule # Acer # OAMServer.Primary
2006-10-28 20.48.25 # Warning  # objectActive # Object active (new): StatusInfoAccess_Primary@OAMServer.Primary (reported by ObjectRegistry) #  # 514 # 81252071 # com.appium.impl.core.xee.XProcessImpl # Acer # OAMServer.Primary
2006-10-28 20.48.27 # Warning  # objectActive # Object active (new): TraceReceiver_Primary@OAMServer.Primary (reported by ObjectRegistry) #  # 514 # 81252079 # com.appium.impl.core.xee.XProcessImpl # Acer # OAMServer.Primary
2006-10-28 20.48.28 # Warning  # systemEvent # Starting System Info... #  # 1659 # 81252083 # com.appium.SystemInfo.SystemInfoModule # Acer # OAMServer.Primary
2006-10-28 20.48.29 # Warning  # objectActive # Object active (new): XNodeDatabase_Primary@OAMServer.Primary (reported by ObjectRegistry) #  # 514 # 81252087 # com.appium.impl.core.xee.XProcessImpl # Acer # OAMServer.Primary
2006-10-28 20.48.39 # Warning  # objectActive # Object active (new): ServiceUpdate_Primary@OAMServer.Primary (reported by ObjectRegistry) #  # 514 # 81252146 # com.appium.impl.core.xee.XProcessImpl # Acer # OAMServer.Primary
2006-10-28 20.48.39 # Warning  # processActive # Process active: OAMServer.Primary #  # 560 # 81252151 # com.appium.impl.core.xee.XProcessImpl # Acer # OAMServer.Primary
2006-10-28 20.48.39 # Warning  # objectActive # Object active (new): Framework_Primary@OAMServer.Primary (reported by ObjectRegistry) #  # 514 # 81252153 # com.appium.impl.core.xee.XProcessImpl # Acer # OAMServer.Primary
2006-10-28 20.48.40 #  # gatewayDown # Failed to obtain IpAccess of gateway NSIM: TheOrb: Could not open socket at localhost:15000 #  # 346 # 81252154 # com.appium.ParlayAdaptor.Wrappers.Parlay32.Framework.GatewayHandler # Acer # OAMServer.Primary
2006-10-28 20.48.52 # Warning  # objectActive # Object active (new): GraphDataEventReceiver_Primary@OAMServer.Primary (reported by ObjectRegistry) #  # 514 # 81252161 # com.appium.impl.core.xee.XProcessImpl # Acer # OAMServer.Primary
2006-10-28 20.49.06 # Warning  # processOnline # Process online: Distributor.Trrigering@localhost.0 (inactive) #  # 563 # 81252162 # com.appium.impl.core.xee.XProcessImpl # Acer # OAMServer.Primary
2006-10-28 20.49.06 # Warning  # objectActive # Object active (new): XTransport_Trrigering@Distributor.Trrigering@localhost.0 (reported by ObjectRegistry) #  # 514 # 81252164 # com.appium.impl.core.xee.XProcessImpl # Acer # OAMServer.Primary
2006-10-28 20.49.08 # Warning  # objectActive # Object active (new): StatusInfoAccess_Trrigering@Distributor.Trrigering@localhost.0 (reported by ObjectRegistry) #  # 514 # 81252165 # com.appium.impl.core.xee.XProcessImpl # Acer # OAMServer.Primary
2006-10-28 20.49.08 # Warning  # objectActive # Object active (new): SessionRegistry_Trrigering@Distributor.Trrigering@localhost.0 (reported by ObjectRegistry) #  # 514 # 81252166 # com.appium.impl.core.xee.XProcessImpl # Acer # OAMServer.Primary
2006-10-28 20.49.08 # Warning  # objectActive # Object active (new): ServiceUpdate_Trrigering@Distributor.Trrigering@localhost.0 (reported by ObjectRegistry) #  # 514 # 81252167 # com.appium.impl.core.xee.XProcessImpl # Acer # OAMServer.Primary
2006-10-28 20.49.13 # Warning  # processActive # Process active: Distributor.Trrigering@localhost.0 #  # 560 # 81252168 # com.appium.impl.core.xee.XProcessImpl # Acer # OAMServer.Primary
2006-10-28 20.50.06 # Warning  # processOnline # Process online: NSim.Default@localhost.0 (inactive) #  # 563 # 81252169 # com.appium.impl.core.xee.XProcessImpl # Acer # OAMServer.Primary
2006-10-28 20.50.06 # Warning  # objectActive # Object active (new): XTransport_Default@NSim.Default@localhost.0 (reported by ObjectRegistry) #  # 514 # 81252171 # com.appium.impl.core.xee.XProcessImpl # Acer # OAMServer.Primary
2006-10-28 20.50.07 # Warning  # objectActive # Object active (new): StatusInfoAccess_Default@NSim.Default@localhost.0 (reported by ObjectRegistry) #  # 514 # 81252172 # com.appium.impl.core.xee.XProcessImpl # Acer # OAMServer.Primary
2006-10-28 20.50.11 # Warning  # objectActive # Object active (new): ServiceUpdate_Default@NSim.Default@localhost.0 (reported by ObjectRegistry) #  # 514 # 81252173 # com.appium.impl.core.xee.XProcessImpl # Acer # OAMServer.Primary
2006-10-28 20.50.11 # Warning  # processActive # Process active: NSim.Default@localhost.0 #  # 560 # 81252174 # com.appium.impl.core.xee.XProcessImpl # Acer # OAMServer.Primary
2006-10-28 20.50.49 # Warning  # marker # ========== Administrator Marker ========== #  # 508 # 81252175 # com.appium.Log # Acer # OAMServer.Primary
2006-10-28 20.51.00 # Warning  # processOnline # Process online: XContainer.Collect Calls@localhost.50 (inactive) #  # 563 # 81252176 # com.appium.impl.core.xee.XProcessImpl # Acer # OAMServer.Primary
2006-10-28 20.51.00 # Warning  # objectActive # Object active (new): XTransport_Collect Calls@XContainer.Collect Calls@localhost.50 (reported by ObjectRegistry) #  # 514 # 81252178 # com.appium.impl.core.xee.XProcessImpl # Acer # OAMServer.Primary
2006-10-28 20.51.04 # Warning  # objectActive # Object active (new): StatusInfoAccess_Collect Calls@XContainer.Collect Calls@localhost.50 (reported by ObjectRegistry) #  # 514 # 81252179 # com.appium.impl.core.xee.XProcessImpl # Acer # OAMServer.Primary
2006-10-28 20.51.22 # Warning  # objectActive # Object active (new): ServiceUpdate_Collect Calls@XContainer.Collect Calls@localhost.50 (reported by ObjectRegistry) #  # 514 # 81252180 # com.appium.impl.core.xee.XProcessImpl # Acer # OAMServer.Primary
2006-10-28 20.51.22 # Warning  # processActive # Process active: XContainer.Collect Calls@localhost.50 #  # 560 # 81252181 # com.appium.impl.core.xee.XProcessImpl # Acer # OAMServer.Primary
2006-10-28 20.56.23 # Warning  # objectOffline # Object offline: ServiceUpdate_Collect Calls@XContainer.Collect Calls@localhost.50 (reported by Surveillance ) #  # 517 # 81252184 # com.appium.impl.core.xee.XProcessImpl # Acer # OAMServer.Primary
2006-10-28 20.56.24 # Warning  # objectOffline # Object offline: StatusInfoAccess_Collect Calls@XContainer.Collect Calls@localhost.50 (reported by Surveillance ) #  # 517 # 81252185 # com.appium.impl.core.xee.XProcessImpl # Acer # OAMServer.Primary
2006-10-28 20.56.24 # Critical # processOffline # Process offline: XContainer.Collect Calls@localhost.50 #  # 562 # 81252186 # com.appium.impl.core.xee.XProcessImpl # Acer # OAMServer.Primary
2006-10-28 20.56.25 # Warning  # objectOffline # Object offline: XTransport_Collect Calls@XContainer.Collect Calls@localhost.50 (reported by Surveillance ) #  # 517 # 81252187 # com.appium.impl.core.xee.XProcessImpl # Acer # OAMServer.Primary
2006-10-28 20.56.25 # Critical # processOffline # Process offline: NSim.Default@localhost.0 #  # 562 # 81252189 # com.appium.impl.core.xee.XProcessImpl # Acer # OAMServer.Primary
2006-10-28 20.56.25 # Warning  # objectOffline # Object offline: ServiceUpdate_Default@NSim.Default@localhost.0 (reported by Surveillance ) #  # 517 # 81252190 # com.appium.impl.core.xee.XProcessImpl # Acer # OAMServer.Primary
2006-10-28 20.56.23 # Minor    # warning # Could not get grid of status info from other process # org.omg.CORBA.NO_RESPONSE: Connection timeout  minor code: 0x0  completed: No # 0 # 81252183 # com.appium.Basement.OAM.StatusOverview.StatusInfoAccessClient # Acer # OAMServer.Primary
2006-10-28 20.56.25 # Warning  # objectOffline # Object offline: StatusInfoAccess_Default@NSim.Default@localhost.0 (reported by Surveillance ) #  # 517 # 81252191 # com.appium.impl.core.xee.XProcessImpl # Acer # OAMServer.Primary
2006-10-28 20.56.26 # Warning  # objectOffline # Object offline: XTransport_Default@NSim.Default@localhost.0 (reported by Surveillance ) #  # 517 # 81252192 # com.appium.impl.core.xee.XProcessImpl # Acer # OAMServer.Primary
2006-10-28 20.56.26 # Minor    # warning # Could not get grid of status info from other process # org.omg.CORBA.COMM_FAILURE: socket() failed: java.net.NoRouteToHostException: No route to host: connect  minor code: 0x4f4f0005  completed: No # 0 # 81252193 # com.appium.Basement.OAM.StatusOverview.StatusInfoAccessClient # Acer # OAMServer.Primary
2006-10-28 20.56.26 # Warning  # processActive # Process active: XContainer.Collect Calls@localhost.50 #  # 560 # 81252194 # com.appium.impl.core.xee.XProcessImpl # Acer # OAMServer.Primary
2006-10-28 20.56.28 # Warning  # objectActive # Object active: XTransport_Collect Calls@XContainer.Collect Calls@localhost.50 (reported by ObjectRegistry) #  # 515 # 81252196 # com.appium.impl.core.xee.XProcessImpl # Acer # OAMServer.Primary
2006-10-28 20.56.28 # Warning  # objectActive # Object active: StatusInfoAccess_Collect Calls@XContainer.Collect Calls@localhost.50 (reported by ObjectRegistry) #  # 515 # 81252197 # com.appium.impl.core.xee.XProcessImpl # Acer # OAMServer.Primary
2006-10-28 20.56.28 # Warning  # objectActive # Object active: ServiceUpdate_Collect Calls@XContainer.Collect Calls@localhost.50 (reported by ObjectRegistry) #  # 515 # 81252198 # com.appium.impl.core.xee.XProcessImpl # Acer # OAMServer.Primary
2006-10-28 20.57.48 # Warning  # processActive # Process active: NSim.Default@localhost.0 #  # 560 # 81252200 # com.appium.impl.core.xee.XProcessImpl # Acer # OAMServer.Primary
2006-10-28 20.57.48 # Warning  # objectActive # Object active: XTransport_Default@NSim.Default@localhost.0 (reported by ObjectRegistry) #  # 515 # 81252202 # com.appium.impl.core.xee.XProcessImpl # Acer # OAMServer.Primary
2006-10-28 20.57.48 # Warning  # objectActive # Object active: StatusInfoAccess_Default@NSim.Default@localhost.0 (reported by ObjectRegistry) #  # 515 # 81252203 # com.appium.impl.core.xee.XProcessImpl # Acer # OAMServer.Primary
2006-10-28 20.57.48 # Warning  # objectActive # Object active: ServiceUpdate_Default@NSim.Default@localhost.0 (reported by ObjectRegistry) #  # 515 # 81252204 # com.appium.impl.core.xee.XProcessImpl # Acer # OAMServer.Primary
2006-10-28 20.58.54 # Warning  # processActive # Process active: XContainer.Collect Calls@localhost.50 #  # 560 # 81252205 # com.appium.impl.core.xee.XProcessImpl # Acer # OAMServer.Primary
2006-10-28 20.58.55 # Warning  # objectActive # Object active: XTransport_Collect Calls@XContainer.Collect Calls@localhost.50 (reported by ObjectRegistry) #  # 515 # 81252207 # com.appium.impl.core.xee.XProcessImpl # Acer # OAMServer.Primary
2006-10-28 20.58.55 # Warning  # objectActive # Object active: StatusInfoAccess_Collect Calls@XContainer.Collect Calls@localhost.50 (reported by ObjectRegistry) #  # 515 # 81252208 # com.appium.impl.core.xee.XProcessImpl # Acer # OAMServer.Primary
2006-10-28 20.58.55 # Warning  # objectActive # Object active: ServiceUpdate_Collect Calls@XContainer.Collect Calls@localhost.50 (reported by ObjectRegistry) #  # 515 # 81252209 # com.appium.impl.core.xee.XProcessImpl # Acer # OAMServer.Primary
2006-10-28 21.02.50 # Minor    # warning # Could not get grid of status info from other process # org.omg.CORBA.COMM_FAILURE: socket() failed: java.net.NoRouteToHostException: No route to host: connect  minor code: 0x4f4f0005  completed: No # 0 # 81252212 # com.appium.Basement.OAM.StatusOverview.StatusInfoAccessClient # Acer # OAMServer.Primary
2006-10-28 21.02.52 # Warning  # objectOffline # Object offline: ServiceUpdate_Collect Calls@XContainer.Collect Calls@localhost.50 (reported by Surveillance ) #  # 517 # 81252215 # com.appium.impl.core.xee.XProcessImpl # Acer # OAMServer.Primary
2006-10-28 21.02.52 # Warning  # objectOffline # Object offline: StatusInfoAccess_Collect Calls@XContainer.Collect Calls@localhost.50 (reported by Surveillance ) #  # 517 # 81252216 # com.appium.impl.core.xee.XProcessImpl # Acer # OAMServer.Primary
2006-10-28 21.02.52 # Critical # processOffline # Process offline: XContainer.Collect Calls@localhost.50 #  # 562 # 81252217 # com.appium.impl.core.xee.XProcessImpl # Acer # OAMServer.Primary
2006-10-28 21.02.52 # Warning  # objectOffline # Object offline: XTransport_Collect Calls@XContainer.Collect Calls@localhost.50 (reported by Surveillance ) #  # 517 # 81252218 # com.appium.impl.core.xee.XProcessImpl # Acer # OAMServer.Primary
2006-10-28 21.02.55 # Critical # processOffline # Process offline: NSim.Default@localhost.0 #  # 562 # 81252220 # com.appium.impl.core.xee.XProcessImpl # Acer # OAMServer.Primary
2006-10-28 21.02.55 # Warning  # objectOffline # Object offline: ServiceUpdate_Default@NSim.Default@localhost.0 (reported by Surveillance ) #  # 517 # 81252221 # com.appium.impl.core.xee.XProcessImpl # Acer # OAMServer.Primary
2006-10-28 21.02.55 # Warning  # objectOffline # Object offline: StatusInfoAccess_Default@NSim.Default@localhost.0 (reported by Surveillance ) #  # 517 # 81252222 # com.appium.impl.core.xee.XProcessImpl # Acer # OAMServer.Primary
2006-10-28 21.02.55 # Warning  # objectOffline # Object offline: XTransport_Default@NSim.Default@localhost.0 (reported by Surveillance ) #  # 517 # 81252223 # com.appium.impl.core.xee.XProcessImpl # Acer # OAMServer.Primary
2006-10-28 21.03.09 #  # gatewayDown # Failed to obtain IpAccess of gateway NSIM: socket() failed: java.net.NoRouteToHostException: No route to host: connect #  # 346 # 81252224 # com.appium.ParlayAdaptor.Wrappers.Parlay32.Framework.GatewayHandler # Acer # OAMServer.Primary
2006-10-28 21.03.09 #  # parlayServiceOffline # Failed to get service P_MPCC_NSIM: org.omg.CORBA.COMM_FAILURE #  # 535 # 81252225 # com.appium.ParlayAdaptor.Wrappers.Parlay32.Framework.GatewayHandler # Acer # OAMServer.Primary
2006-10-28 21.03.09 #  # cannotObtainParlayService # Cannot obtain Parlay service NSIM:P_MPCC_NSIM[0]: socket() failed: java.net.NoRouteToHostException: No route to host: connect #  # 1131 # 81252226 # com.appium.ResourceAdapterLoader.Framework # Acer # OAMServer.Primary
2006-10-28 21.03.19 #  # gatewayDown # Failed to obtain IpAccess of gateway NSIM: socket() failed: java.net.NoRouteToHostException: No route to host: connect #  # 346 # 81252227 # com.appium.ParlayAdaptor.Wrappers.Parlay32.Framework.GatewayHandler # Acer # OAMServer.Primary
2006-10-28 21.03.19 #  # parlayServiceOffline # Failed to get service P_MPCC_NSIM: org.omg.CORBA.COMM_FAILURE #  # 535 # 81252228 # com.appium.ParlayAdaptor.Wrappers.Parlay32.Framework.GatewayHandler # Acer # OAMServer.Primary
2006-10-28 21.03.19 #  # cannotObtainParlayService # Cannot obtain Parlay service NSIM:P_MPCC_NSIM[0]: socket() failed: java.net.NoRouteToHostException: No route to host: connect #  # 1131 # 81252229 # com.appium.ResourceAdapterLoader.Framework # Acer # OAMServer.Primary
2006-10-28 21.03.29 #  # gatewayDown # Failed to obtain IpAccess of gateway NSIM: socket() failed: java.net.NoRouteToHostException: No route to host: connect #  # 346 # 81252230 # com.appium.ParlayAdaptor.Wrappers.Parlay32.Framework.GatewayHandler # Acer # OAMServer.Primary
2006-10-28 21.03.29 #  # parlayServiceOffline # Failed to get service P_MPCC_NSIM: org.omg.CORBA.COMM_FAILURE #  # 535 # 81252231 # com.appium.ParlayAdaptor.Wrappers.Parlay32.Framework.GatewayHandler # Acer # OAMServer.Primary
2006-10-28 21.03.29 #  # cannotObtainParlayService # Cannot obtain Parlay service NSIM:P_MPCC_NSIM[0]: socket() failed: java.net.NoRouteToHostException: No route to host: connect #  # 1131 # 81252232 # com.appium.ResourceAdapterLoader.Framework # Acer # OAMServer.Primary
2006-10-28 21.03.39 #  # gatewayDown # Failed to obtain IpAccess of gateway NSIM: socket() failed: java.net.NoRouteToHostException: No route to host: connect #  # 346 # 81252233 # com.appium.ParlayAdaptor.Wrappers.Parlay32.Framework.GatewayHandler # Acer # OAMServer.Primary
2006-10-28 21.03.39 #  # parlayServiceOffline # Failed to get service P_MPCC_NSIM: org.omg.CORBA.COMM_FAILURE #  # 535 # 81252234 # com.appium.ParlayAdaptor.Wrappers.Parlay32.Framework.GatewayHandler # Acer # OAMServer.Primary
2006-10-28 21.03.39 #  # cannotObtainParlayService # Cannot obtain Parlay service NSIM:P_MPCC_NSIM[0]: socket() failed: java.net.NoRouteToHostException: No route to host: connect #  # 1131 # 81252235 # com.appium.ResourceAdapterLoader.Framework # Acer # OAMServer.Primary
2006-10-28 21.03.49 #  # gatewayDown # Failed to obtain IpAccess of gateway NSIM: socket() failed: java.net.NoRouteToHostException: No route to host: connect #  # 346 # 81252236 # com.appium.ParlayAdaptor.Wrappers.Parlay32.Framework.GatewayHandler # Acer # OAMServer.Primary
2006-10-28 21.03.49 #  # parlayServiceOffline # Failed to get service P_MPCC_NSIM: org.omg.CORBA.COMM_FAILURE #  # 535 # 81252237 # com.appium.ParlayAdaptor.Wrappers.Parlay32.Framework.GatewayHandler # Acer # OAMServer.Primary
2006-10-28 21.03.49 #  # cannotObtainParlayService # Cannot obtain Parlay service NSIM:P_MPCC_NSIM[0]: socket() failed: java.net.NoRouteToHostException: No route to host: connect #  # 1131 # 81252238 # com.appium.ResourceAdapterLoader.Framework # Acer # OAMServer.Primary
2006-10-28 21.03.56 # Warning  # processActive # Process active: XContainer.Collect Calls@localhost.50 #  # 560 # 81252239 # com.appium.impl.core.xee.XProcessImpl # Acer # OAMServer.Primary
2006-10-28 21.03.56 # Warning  # objectActive # Object active: XTransport_Collect Calls@XContainer.Collect Calls@localhost.50 (reported by ObjectRegistry) #  # 515 # 81252241 # com.appium.impl.core.xee.XProcessImpl # Acer # OAMServer.Primary
2006-10-28 21.03.56 # Warning  # objectActive # Object active: StatusInfoAccess_Collect Calls@XContainer.Collect Calls@localhost.50 (reported by ObjectRegistry) #  # 515 # 81252242 # com.appium.impl.core.xee.XProcessImpl # Acer # OAMServer.Primary
2006-10-28 21.03.56 # Warning  # objectActive # Object active: ServiceUpdate_Collect Calls@XContainer.Collect Calls@localhost.50 (reported by ObjectRegistry) #  # 515 # 81252243 # com.appium.impl.core.xee.XProcessImpl # Acer # OAMServer.Primary
2006-10-28 21.03.59 #  # gatewayDown # Failed to obtain IpAccess of gateway NSIM: socket() failed: java.net.NoRouteToHostException: No route to host: connect #  # 346 # 81252245 # com.appium.ParlayAdaptor.Wrappers.Parlay32.Framework.GatewayHandler # Acer # OAMServer.Primary
2006-10-28 21.03.59 #  # parlayServiceOffline # Failed to get service P_MPCC_NSIM: org.omg.CORBA.COMM_FAILURE #  # 535 # 81252246 # com.appium.ParlayAdaptor.Wrappers.Parlay32.Framework.GatewayHandler # Acer # OAMServer.Primary
2006-10-28 21.03.59 #  # cannotObtainParlayService # Cannot obtain Parlay service NSIM:P_MPCC_NSIM[0]: socket() failed: java.net.NoRouteToHostException: No route to host: connect #  # 1131 # 81252247 # com.appium.ResourceAdapterLoader.Framework # Acer # OAMServer.Primary
2006-10-28 21.04.10 # Minor    # warning # Not calling setCallback, callback object is not activated #  # 725 # 81252249 # com.appium.ParlayAdaptor.Wrappers.Parlay32.Framework.ServiceHandler$MultiPartyCallControlSubServiceHandler # Acer # OAMServer.Primary
2006-10-28 21.04.22 #  # gatewayDown # Failed to obtain IpAccess of gateway NSIM: Connection timeout #  # 346 # 81252250 # com.appium.ParlayAdaptor.Wrappers.Parlay32.Framework.GatewayHandler # Acer # OAMServer.Primary
2006-10-28 21.04.23 #  # parlayServiceOffline # Failed to get service P_MPCC_NSIM: org.omg.CORBA.NO_RESPONSE #  # 535 # 81252251 # com.appium.ParlayAdaptor.Wrappers.Parlay32.Framework.GatewayHandler # Acer # OAMServer.Primary
2006-10-28 21.04.23 #  # cannotObtainParlayService # Cannot obtain Parlay service NSIM:P_MPCC_NSIM[0]: Connection timeout #  # 1131 # 81252252 # com.appium.ResourceAdapterLoader.Framework # Acer # OAMServer.Primary
2006-10-28 21.04.38 #  # gatewayDown # Failed to obtain IpAccess of gateway NSIM: Connection timeout #  # 346 # 81252253 # com.appium.ParlayAdaptor.Wrappers.Parlay32.Framework.GatewayHandler # Acer # OAMServer.Primary
2006-10-28 21.04.38 #  # error # Couldn't start XContainer.Collect Calls@localhost.50 because the lock port is already in use. Please configure another lock port #  # 1760 # 81252254 # com.appium.XView.Server.ProcessControlAPI$Session # Acer # OAMServer.Primary
2006-10-28 21.04.39 #  # parlayServiceOffline # Failed to get service P_MPCC_NSIM: org.omg.CORBA.NO_RESPONSE #  # 535 # 81252256 # com.appium.ParlayAdaptor.Wrappers.Parlay32.Framework.GatewayHandler # Acer # OAMServer.Primary
2006-10-28 21.04.39 #  # cannotObtainParlayService # Cannot obtain Parlay service NSIM:P_MPCC_NSIM[0]: Connection timeout #  # 1131 # 81252257 # com.appium.ResourceAdapterLoader.Framework # Acer # OAMServer.Primary
2006-10-28 21.04.53 #  # gatewayDown # Failed to obtain IpAccess of gateway NSIM: Connection timeout #  # 346 # 81252258 # com.appium.ParlayAdaptor.Wrappers.Parlay32.Framework.GatewayHandler # Acer # OAMServer.Primary
2006-10-28 21.04.54 #  # parlayServiceOffline # Failed to get service P_MPCC_NSIM: org.omg.CORBA.NO_RESPONSE #  # 535 # 81252259 # com.appium.ParlayAdaptor.Wrappers.Parlay32.Framework.GatewayHandler # Acer # OAMServer.Primary
2006-10-28 21.04.54 #  # cannotObtainParlayService # Cannot obtain Parlay service NSIM:P_MPCC_NSIM[0]: Connection timeout #  # 1131 # 81252260 # com.appium.ResourceAdapterLoader.Framework # Acer # OAMServer.Primary
2006-10-28 21.04.57 #  # error # Couldn't start XContainer.Collect Calls@localhost.50 because the lock port is already in use. Please configure another lock port [*2] #  # 1760 # 81252261 # com.appium.XView.Server.ProcessControlAPI$Session # Acer # OAMServer.Primary
2006-10-28 21.05.08 #  # gatewayDown # Failed to obtain IpAccess of gateway NSIM: Connection timeout #  # 346 # 81252262 # com.appium.ParlayAdaptor.Wrappers.Parlay32.Framework.GatewayHandler # Acer # OAMServer.Primary
2006-10-28 21.05.09 #  # parlayServiceOffline # Failed to get service P_MPCC_NSIM: org.omg.CORBA.NO_RESPONSE #  # 535 # 81252263 # com.appium.ParlayAdaptor.Wrappers.Parlay32.Framework.GatewayHandler # Acer # OAMServer.Primary
2006-10-28 21.05.09 #  # cannotObtainParlayService # Cannot obtain Parlay service NSIM:P_MPCC_NSIM[0]: Connection timeout #  # 1131 # 81252264 # com.appium.ResourceAdapterLoader.Framework # Acer # OAMServer.Primary
2006-10-28 21.05.21 # Warning  # processActive # Process active: NSim.Default@localhost.0 #  # 560 # 81252265 # com.appium.impl.core.xee.XProcessImpl # Acer # OAMServer.Primary
2006-10-28 21.05.23 # Warning  # objectActive # Object active: StatusInfoAccess_Default@NSim.Default@localhost.0 (reported by ObjectRegistry) #  # 515 # 81252267 # com.appium.impl.core.xee.XProcessImpl # Acer # OAMServer.Primary
2006-10-28 21.05.24 #  # error # Couldn't start XContainer.Collect Calls@localhost.50 because the lock port is already in use. Please configure another lock port #  # 1760 # 81252268 # com.appium.XView.Server.ProcessControlAPI$Session # Acer # OAMServer.Primary
2006-10-28 21.05.25 #  # gatewayDown # Failed to obtain IpAccess of gateway NSIM: Connection timeout #  # 346 # 81252269 # com.appium.ParlayAdaptor.Wrappers.Parlay32.Framework.GatewayHandler # Acer # OAMServer.Primary
2006-10-28 21.05.25 # Warning  # objectActive # Object active: ServiceUpdate_Default@NSim.Default@localhost.0 (reported by ObjectRegistry) #  # 515 # 81252270 # com.appium.impl.core.xee.XProcessImpl # Acer # OAMServer.Primary
2006-10-28 21.05.27 #  # parlayServiceOffline # Failed to get service P_MPCC_NSIM: org.omg.CORBA.NO_RESPONSE #  # 535 # 81252271 # com.appium.ParlayAdaptor.Wrappers.Parlay32.Framework.GatewayHandler # Acer # OAMServer.Primary
2006-10-28 21.05.27 #  # cannotObtainParlayService # Cannot obtain Parlay service NSIM:P_MPCC_NSIM[0]: Connection timeout #  # 1131 # 81252272 # com.appium.ResourceAdapterLoader.Framework # Acer # OAMServer.Primary
2006-10-28 21.05.27 # Warning  # objectActive # Object active: XTransport_Default@NSim.Default@localhost.0 (reported by ObjectRegistry) #  # 515 # 81252273 # com.appium.impl.core.xee.XProcessImpl # Acer # OAMServer.Primary
2006-10-28 21.05.37 #  # gatewayDown # Failed to obtain IpAccess of gateway NSIM: socket() failed: java.net.NoRouteToHostException: No route to host: connect #  # 346 # 81252275 # com.appium.ParlayAdaptor.Wrappers.Parlay32.Framework.GatewayHandler # Acer # OAMServer.Primary
2006-10-28 21.05.37 #  # parlayServiceOffline # Failed to get service P_MPCC_NSIM: org.omg.CORBA.COMM_FAILURE #  # 535 # 81252276 # com.appium.ParlayAdaptor.Wrappers.Parlay32.Framework.GatewayHandler # Acer # OAMServer.Primary
2006-10-28 21.05.37 #  # cannotObtainParlayService # Cannot obtain Parlay service NSIM:P_MPCC_NSIM[0]: socket() failed: java.net.NoRouteToHostException: No route to host: connect #  # 1131 # 81252277 # com.appium.ResourceAdapterLoader.Framework # Acer # OAMServer.Primary
2006-10-28 21.05.50 #  # error # Couldn't start XContainer.Collect Calls@localhost.50 because the lock port is already in use. Please configure another lock port #  # 1760 # 81252278 # com.appium.XView.Server.ProcessControlAPI$Session # Acer # OAMServer.Primary
2006-10-28 21.05.50 #  # gatewayDown # Failed to obtain IpAccess of gateway NSIM: TheOrb: Error while reading the IOR from localhost:15000 #  # 346 # 81252279 # com.appium.ParlayAdaptor.Wrappers.Parlay32.Framework.GatewayHandler # Acer # OAMServer.Primary
2006-10-28 21.05.50 #  # parlayServiceOffline # Failed to get service P_MPCC_NSIM: java.lang.Exception #  # 535 # 81252280 # com.appium.ParlayAdaptor.Wrappers.Parlay32.Framework.GatewayHandler # Acer # OAMServer.Primary
2006-10-28 21.05.50 #  # cannotObtainParlayService # Cannot obtain Parlay service NSIM:P_MPCC_NSIM[0]: TheOrb: Error while reading the IOR from localhost:15000 #  # 1131 # 81252281 # com.appium.ResourceAdapterLoader.Framework # Acer # OAMServer.Primary
2006-10-28 21.05.57 #  # error # Couldn't start XContainer.Collect Calls@localhost.50 because the lock port is already in use. Please configure another lock port #  # 1760 # 81252282 # com.appium.XView.Server.ProcessControlAPI$Session # Acer # OAMServer.Primary
2006-10-28 21.05.59 #  # error # Couldn't start NSim.Default@localhost.0 because the lock port is already in use. Please configure another lock port #  # 1760 # 81252283 # com.appium.XView.Server.ProcessControlAPI$Session # Acer # OAMServer.Primary
2006-10-28 21.06.01 #  # gatewayDown # Failed to obtain IpAccess of gateway NSIM: TheOrb: Could not open socket at localhost:15000 #  # 346 # 81252284 # com.appium.ParlayAdaptor.Wrappers.Parlay32.Framework.GatewayHandler # Acer # OAMServer.Primary
2006-10-28 21.06.01 #  # parlayServiceOffline # Failed to get service P_MPCC_NSIM: java.lang.Exception #  # 535 # 81252285 # com.appium.ParlayAdaptor.Wrappers.Parlay32.Framework.GatewayHandler # Acer # OAMServer.Primary
2006-10-28 21.06.01 #  # cannotObtainParlayService # Cannot obtain Parlay service NSIM:P_MPCC_NSIM[0]: TheOrb: Could not open socket at localhost:15000 #  # 1131 # 81252286 # com.appium.ResourceAdapterLoader.Framework # Acer # OAMServer.Primary
2006-10-28 21.06.10 # Warning  # objectActive # Object active: XTransport_Default@NSim.Default@localhost.0 (reported by ObjectRegistry) #  # 515 # 81252287 # com.appium.impl.core.xee.XProcessImpl # Acer # OAMServer.Primary
2006-10-28 21.06.10 # Warning  # processOnline # Process online: NSim.Default@localhost.0 (inactive) #  # 563 # 81252288 # com.appium.impl.core.xee.XProcessImpl # Acer # OAMServer.Primary
2006-10-28 21.06.12 #  # gatewayDown # Failed to obtain IpAccess of gateway NSIM: TheOrb: Could not open socket at localhost:15000 #  # 346 # 81252290 # com.appium.ParlayAdaptor.Wrappers.Parlay32.Framework.GatewayHandler # Acer # OAMServer.Primary
2006-10-28 21.06.12 #  # parlayServiceOffline # Failed to get service P_MPCC_NSIM: java.lang.Exception #  # 535 # 81252291 # com.appium.ParlayAdaptor.Wrappers.Parlay32.Framework.GatewayHandler # Acer # OAMServer.Primary
2006-10-28 21.06.12 #  # cannotObtainParlayService # Cannot obtain Parlay service NSIM:P_MPCC_NSIM[0]: TheOrb: Could not open socket at localhost:15000 #  # 1131 # 81252292 # com.appium.ResourceAdapterLoader.Framework # Acer # OAMServer.Primary
2006-10-28 21.06.13 # Warning  # objectActive # Object active: StatusInfoAccess_Default@NSim.Default@localhost.0 (reported by ObjectRegistry) #  # 515 # 81252293 # com.appium.impl.core.xee.XProcessImpl # Acer # OAMServer.Primary
2006-10-28 21.06.16 #  # error # Couldn't start XContainer.Collect Calls@localhost.50 because the lock port is already in use. Please configure another lock port #  # 1760 # 81252294 # com.appium.XView.Server.ProcessControlAPI$Session # Acer # OAMServer.Primary
2006-10-28 21.06.20 # Warning  # objectActive # Object active: ServiceUpdate_Default@NSim.Default@localhost.0 (reported by ObjectRegistry) #  # 515 # 81252295 # com.appium.impl.core.xee.XProcessImpl # Acer # OAMServer.Primary
2006-10-28 21.06.20 # Warning  # processActive # Process active: NSim.Default@localhost.0 #  # 560 # 81252296 # com.appium.impl.core.xee.XProcessImpl # Acer # OAMServer.Primary
2006-10-28 21.06.26 # Minor    # warning # Not calling setCallback, callback object is not activated #  # 725 # 81252298 # com.appium.ParlayAdaptor.Wrappers.Parlay32.Framework.ServiceHandler$MultiPartyCallControlSubServiceHandler # Acer # OAMServer.Primary
2006-10-28 21.06.31 # Warning  # processActive # Process active: XContainer.Collect Calls@localhost.50 #  # 560 # 81252299 # com.appium.impl.core.xee.XProcessImpl # Acer # OAMServer.Primary
2006-10-28 21.06.33 # Warning  # objectActive # Object active: XTransport_Collect Calls@XContainer.Collect Calls@localhost.50 (reported by ObjectRegistry) #  # 515 # 81252301 # com.appium.impl.core.xee.XProcessImpl # Acer # OAMServer.Primary
2006-10-28 21.06.34 # Warning  # objectActive # Object active: StatusInfoAccess_Collect Calls@XContainer.Collect Calls@localhost.50 (reported by ObjectRegistry) #  # 515 # 81252302 # com.appium.impl.core.xee.XProcessImpl # Acer # OAMServer.Primary
2006-10-28 21.06.35 # Warning  # objectActive # Object active: ServiceUpdate_Collect Calls@XContainer.Collect Calls@localhost.50 (reported by ObjectRegistry) #  # 515 # 81252303 # com.appium.impl.core.xee.XProcessImpl # Acer # OAMServer.Primary
2006-10-28 21.06.47 #  # error # Couldn't start XContainer.Collect Calls@localhost.50 because the lock port is already in use. Please configure another lock port #  # 1760 # 81252305 # com.appium.XView.Server.ProcessControlAPI$Session # Acer # OAMServer.Primary
2006-10-28 21.07.19 #  # error # Couldn't start XContainer.Collect Calls@localhost.50 because the lock port is already in use. Please configure another lock port #  # 1760 # 81252306 # com.appium.XView.Server.ProcessControlAPI$Session # Acer # OAMServer.Primary
2006-10-28 21.07.46 #  # error # Couldn't start XContainer.Collect Calls@localhost.50 because the lock port is already in use. Please configure another lock port #  # 1760 # 81252307 # com.appium.XView.Server.ProcessControlAPI$Session # Acer # OAMServer.Primary
2006-10-28 21.09.02 # Warning  # objectActive # Object active: XTransport_Collect Calls@XContainer.Collect Calls@localhost.50 (reported by ObjectRegistry) #  # 515 # 81252308 # com.appium.impl.core.xee.XProcessImpl # Acer # OAMServer.Primary
2006-10-28 21.09.03 # Warning  # objectActive # Object active: StatusInfoAccess_Collect Calls@XContainer.Collect Calls@localhost.50 (reported by ObjectRegistry) #  # 515 # 81252309 # com.appium.impl.core.xee.XProcessImpl # Acer # OAMServer.Primary
2006-10-28 21.09.04 # Warning  # objectActive # Object active: ServiceUpdate_Collect Calls@XContainer.Collect Calls@localhost.50 (reported by ObjectRegistry) #  # 515 # 81252310 # com.appium.impl.core.xee.XProcessImpl # Acer # OAMServer.Primary
2006-10-28 21.09.05 # Warning  # processActive # Process active: XContainer.Collect Calls@localhost.50 #  # 560 # 81252311 # com.appium.impl.core.xee.XProcessImpl # Acer # OAMServer.Primary
2006-10-28 21.11.32 # Warning  # objectActive # Object active: XTransport_Collect Calls@XContainer.Collect Calls@localhost.50 (reported by ObjectRegistry) #  # 515 # 81252314 # com.appium.impl.core.xee.XProcessImpl # Acer # OAMServer.Primary
2006-10-28 21.11.33 # Warning  # processActive # Process active: XContainer.Collect Calls@localhost.50 #  # 560 # 81252315 # com.appium.impl.core.xee.XProcessImpl # Acer # OAMServer.Primary
2006-10-28 21.11.35 # Warning  # objectActive # Object active: StatusInfoAccess_Collect Calls@XContainer.Collect Calls@localhost.50 (reported by ObjectRegistry) #  # 515 # 81252317 # com.appium.impl.core.xee.XProcessImpl # Acer # OAMServer.Primary
2006-10-28 21.11.36 # Warning  # objectActive # Object active: ServiceUpdate_Collect Calls@XContainer.Collect Calls@localhost.50 (reported by ObjectRegistry) #  # 515 # 81252318 # com.appium.impl.core.xee.XProcessImpl # Acer # OAMServer.Primary
2006-10-28 21.13.04 # Critical # processOffline # Process offline: NSim.Default@localhost.0 #  # 562 # 81252321 # com.appium.impl.core.xee.XProcessImpl # Acer # OAMServer.Primary
2006-10-28 21.13.09 # Warning  # objectOffline # Object offline: ServiceUpdate_Default@NSim.Default@localhost.0 (reported by Surveillance ) #  # 517 # 81252323 # com.appium.impl.core.xee.XProcessImpl # Acer # OAMServer.Primary
2006-10-28 21.13.09 # Warning  # objectOffline # Object offline: StatusInfoAccess_Default@NSim.Default@localhost.0 (reported by Surveillance ) #  # 517 # 81252324 # com.appium.impl.core.xee.XProcessImpl # Acer # OAMServer.Primary
2006-10-28 21.13.09 # Warning  # objectOffline # Object offline: XTransport_Default@NSim.Default@localhost.0 (reported by Surveillance ) #  # 517 # 81252325 # com.appium.impl.core.xee.XProcessImpl # Acer # OAMServer.Primary
2006-10-28 21.13.09 # Minor    # warning # Could not get grid of status info from other process [*2] # org.omg.CORBA.NO_RESPONSE: Connection timeout  minor code: 0x0  completed: No # 0 # 81252322 # com.appium.Basement.OAM.StatusOverview.StatusInfoAccessClient # Acer # OAMServer.Primary
2006-10-28 21.13.18 # Minor    # warning # Failed to call endAccess: org.omg.CORBA.NO_RESPONSE #  # 1313 # 81252326 # com.appium.ParlayAdaptor.Wrappers.Parlay32.Framework.GatewayHandler # Acer # OAMServer.Primary
