
2006-11-04 19.04.24 # Warning  # systemEvent # Starting System Statistics... #  # 697 # 81854221 # com.appium.SystemInfo.SystemStatisticsModule # localhost # XContainer.XTE@localhost.250
2006-11-04 19.04.24 # Warning  # objectActive # Object active (new): StatusInfoAccess_XTE@XContainer.XTE@localhost.250 (reported by ObjectRegistry) #  # 514 # 81854234 # com.appium.impl.core.xee.XProcessImpl # localhost # XContainer.XTE@localhost.250
2006-11-04 19.04.26 # Minor    # warning # Could not add system default DNS to round robin list used for outgoing SIP requests. #  # 1794 # 81854236 # com.appium.IMS.SIP # localhost # XContainer.XTE@localhost.250
2006-11-04 19.04.28 # Warning  # objectActive # Object active (new): ServiceUpdate_XTE@XContainer.XTE@localhost.250 (reported by ObjectRegistry) #  # 514 # 81854271 # com.appium.impl.core.xee.XProcessImpl # localhost # XContainer.XTE@localhost.250
2006-11-04 19.04.28 # Warning  # objectActive # Object activated: XContainer.XTE@localhost.250 (reported by ObjectRegistry) #  # 513 # 81854272 # com.appium.impl.core.xee.XProcessImpl # localhost # XContainer.XTE@localhost.250
2006-11-04 19.04.30 # Warning  # systemEvent # Starting XTE... #  # 0 # 81854275 # com.appium.XTE.XTEModule # localhost # XContainer.XTE@localhost.250
2006-11-04 19.04.30 # Warning  # objectActive # Object active (new): SessionBackupStore_XTE@XContainer.XTE@localhost.250 (reported by ObjectRegistry) #  # 514 # 81854276 # com.appium.impl.core.xee.XProcessImpl # localhost # XContainer.XTE@localhost.250
2006-11-04 19.04.33 # Warning  # objectActive # Object active (new): SessionRegistry_XTE@XContainer.XTE@localhost.250 (reported by ObjectRegistry) #  # 514 # 81854278 # com.appium.impl.core.xee.XProcessImpl # localhost # XContainer.XTE@localhost.250
2006-11-04 19.05.03 #  # error # Failed to load com.appium.XTE.ParlayModule/ParlayModule # java.lang.NoClassDefFoundError: org/csapi/fw/fw_access/trust_and_security/IpInitialPOA # 1740 # 81854279 # com.appium.impl.core.xee.XManagerImpl.virtual # localhost # XContainer.XTE@localhost.250
2006-11-04 19.05.03 #  # error # Required XHandler not found. API=com.appium.XTE.Interfaces.XTEModules, ID=ParlayModule. # java.lang.Exception: Failed to load com.appium.XTE.ParlayModule/ParlayModule # 0 # 81854280 # com.appium.impl.core.xee.XManagerImpl.virtual # localhost # XContainer.XTE@localhost.250
2006-11-04 19.05.06 #  # error # Failed to load com.appium.XTE.ParlayModule/ParlayModule # java.lang.NoClassDefFoundError: org/csapi/fw/fw_access/trust_and_security/IpInitialPOA # 1740 # 81854287 # com.appium.impl.core.xee.XManagerImpl.virtual # localhost # XContainer.XTE@localhost.250
2006-11-04 19.05.06 #  # error # Required XHandler not found. API=com.appium.XTE.Interfaces.XTEModules, ID=ParlayModule. # java.lang.Exception: Failed to load com.appium.XTE.ParlayModule/ParlayModule # 0 # 81854288 # com.appium.impl.core.xee.XManagerImpl.virtual # localhost # XContainer.XTE@localhost.250
2006-11-04 19.05.06 #  # error # Failed to load com.appium.XTE.ModuleLoaderImpl/XTE Module Loader # java.lang.Exception: Required XHandler not found. API=com.appium.XTE.Interfaces.XTEModules, ID=ParlayModule. # 1740 # 81854289 # com.appium.impl.core.xee.XManagerImpl.virtual # localhost # XContainer.XTE@localhost.250
2006-11-04 19.05.06 #  # error # Error loading XHandler # java.lang.Exception: Failed to load com.appium.XTE.ModuleLoaderImpl/XTE Module Loader # 651 # 81854290 # com.appium.impl.core.xee.XManagerImpl.virtual.VirtualProcessImplMain # localhost # XContainer.XTE@localhost.250
2006-11-04 19.05.56 #  # error # Missing dependency: database API=com.appium.core.xstorage.XDatabase$TableSpace. (no specific ID required) # java.lang.Exception: No such XHandler defined: API = com.appium.core.xstorage.XDatabase$TableSpace # 0 # 81854305 # com.appium.impl.core.xee.XManagerImpl.virtual # localhost # XContainer.XTE@localhost.250
2006-11-04 19.05.56 # Minor    # warning # Configuration error: database: Missing dependency: database API=com.appium.core.xstorage.XDatabase$TableSpace. (no specific ID required) #  # 1791 # 81854306 # com.appium.impl.core.xee.XManagerImpl.virtual # localhost # XContainer.XTE@localhost.250
2006-11-04 19.06.03 #  # error # Failed to load com.appium.XTE.ParlayModule/ParlayModule [*2] # java.lang.NoClassDefFoundError: org/csapi/fw/fw_access/trust_and_security/IpInitialPOA # 1740 # 81854307 # com.appium.impl.core.xee.XManagerImpl.virtual # localhost # XContainer.XTE@localhost.250
2006-11-04 19.06.03 #  # error # Required XHandler not found. API=com.appium.XTE.Interfaces.XTEModules, ID=ParlayModule. [*2] # java.lang.Exception: Failed to load com.appium.XTE.ParlayModule/ParlayModule # 0 # 81854308 # com.appium.impl.core.xee.XManagerImpl.virtual # localhost # XContainer.XTE@localhost.250
2006-11-04 19.06.14 #  # error # Failed to load com.appium.XTE.ParlayModule/ParlayModule # java.lang.NoClassDefFoundError: org/csapi/fw/fw_access/trust_and_security/IpInitialPOA # 1740 # 81854315 # com.appium.impl.core.xee.XManagerImpl.virtual # localhost # XContainer.XTE@localhost.250
2006-11-04 19.06.14 #  # error # Required XHandler not found. API=com.appium.XTE.Interfaces.XTEModules, ID=ParlayModule. # java.lang.Exception: Failed to load com.appium.XTE.ParlayModule/ParlayModule # 0 # 81854316 # com.appium.impl.core.xee.XManagerImpl.virtual # localhost # XContainer.XTE@localhost.250
2006-11-04 19.06.14 #  # error # Failed to load com.appium.XTE.ModuleLoaderImpl/XTE Module Loader # java.lang.Exception: Required XHandler not found. API=com.appium.XTE.Interfaces.XTEModules, ID=ParlayModule. # 1740 # 81854317 # com.appium.impl.core.xee.XManagerImpl.virtual # localhost # XContainer.XTE@localhost.250
2006-11-04 19.06.14 #  # error # Error loading XHandler # java.lang.Exception: Failed to load com.appium.XTE.ModuleLoaderImpl/XTE Module Loader # 651 # 81854318 # com.appium.impl.core.xee.XManagerImpl.virtual.VirtualProcessImplMain # localhost # XContainer.XTE@localhost.250
2006-11-04 19.07.02 # Warning  # objectActive # Object activated: XContainer.XTE@localhost.250 (reported by ObjectRegistry) #  # 513 # 81854356 # com.appium.impl.core.xee.XProcessImpl # localhost # XContainer.XTE@localhost.250
2006-11-04 19.07.12 # Warning  # objectOnline # Object online (new): XContainer.XTE@localhost.0 (inactive, reported by ObjectRegistry) #  # 518 # 81854357 # com.appium.impl.core.xee.XProcessImpl # localhost # XContainer.XTE@localhost.250
2006-11-04 19.07.12 # Warning  # objectActive # Object active (new): XTransport_XTE@XContainer.XTE@localhost.0 (reported by ObjectRegistry) #  # 514 # 81854359 # com.appium.impl.core.xee.XProcessImpl # localhost # XContainer.XTE@localhost.250
2006-11-04 19.07.16 # Warning  # objectActive # Object active (new): StatusInfoAccess_XTE@XContainer.XTE@localhost.0 (reported by ObjectRegistry) #  # 514 # 81854360 # com.appium.impl.core.xee.XProcessImpl # localhost # XContainer.XTE@localhost.250
2006-11-04 19.07.20 # Warning  # objectActive # Object active (new): ServiceUpdate_XTE@XContainer.XTE@localhost.0 (reported by ObjectRegistry) #  # 514 # 81854361 # com.appium.impl.core.xee.XProcessImpl # localhost # XContainer.XTE@localhost.250
2006-11-04 19.07.20 # Warning  # objectActive # Object activated: XContainer.XTE@localhost.0 (reported by ObjectRegistry) #  # 513 # 81854362 # com.appium.impl.core.xee.XProcessImpl # localhost # XContainer.XTE@localhost.250
2006-11-04 19.07.21 # Warning  # objectActive # Object active (new): SessionRegistry_XTE@XContainer.XTE@localhost.0 (reported by ObjectRegistry) #  # 514 # 81854363 # com.appium.impl.core.xee.XProcessImpl # localhost # XContainer.XTE@localhost.250
2006-11-04 19.41.45 # Major    # refreshFailed # Refresh failed of configuration object Session Initiators Config # java.lang.ArrayIndexOutOfBoundsException: 3 # 575 # 81854364 # XNodeConfigObject # localhost # XContainer.XTE@localhost.250
2006-11-04 19.42.26 #  # error # Failed to load com.appium.XTE.ParlayModule/ParlayModule [*2] # java.lang.NoClassDefFoundError: org/csapi/fw/fw_access/trust_and_security/IpInitialPOA # 1740 # 81854365 # com.appium.impl.core.xee.XManagerImpl.virtual # localhost # XContainer.XTE@localhost.250
2006-11-04 19.42.26 #  # error # Required XHandler not found. API=com.appium.XTE.Interfaces.XTEModules, ID=ParlayModule. [*2] # java.lang.Exception: Failed to load com.appium.XTE.ParlayModule/ParlayModule # 0 # 81854366 # com.appium.impl.core.xee.XManagerImpl.virtual # localhost # XContainer.XTE@localhost.250
2006-11-04 19.42.52 #  # error # Failed to load com.appium.XTE.ParlayModule/ParlayModule # java.lang.NoClassDefFoundError: org/csapi/fw/fw_access/trust_and_security/IpInitialPOA # 1740 # 81854373 # com.appium.impl.core.xee.XManagerImpl.virtual # localhost # XContainer.XTE@localhost.250
2006-11-04 19.42.52 #  # error # Required XHandler not found. API=com.appium.XTE.Interfaces.XTEModules, ID=ParlayModule. # java.lang.Exception: Failed to load com.appium.XTE.ParlayModule/ParlayModule # 0 # 81854374 # com.appium.impl.core.xee.XManagerImpl.virtual # localhost # XContainer.XTE@localhost.250
2006-11-04 19.42.52 #  # error # Failed to load com.appium.XTE.ModuleLoaderImpl/XTE Module Loader # java.lang.Exception: Required XHandler not found. API=com.appium.XTE.Interfaces.XTEModules, ID=ParlayModule. # 1740 # 81854375 # com.appium.impl.core.xee.XManagerImpl.virtual # localhost # XContainer.XTE@localhost.250
2006-11-04 19.42.52 #  # error # Error loading XHandler # java.lang.Exception: Failed to load com.appium.XTE.ModuleLoaderImpl/XTE Module Loader # 651 # 81854376 # com.appium.impl.core.xee.XManagerImpl.virtual.VirtualProcessImplMain # localhost # XContainer.XTE@localhost.250
2006-11-04 19.42.54 #  # error # Failed to load com.appium.XTE.ParlayModule/ParlayModule # java.lang.NoClassDefFoundError: org/csapi/fw/fw_access/trust_and_security/IpInitialPOA # 1740 # 81854377 # com.appium.impl.core.xee.XManagerImpl.virtual # localhost # XContainer.XTE@localhost.250
2006-11-04 19.42.54 #  # error # Required XHandler not found. API=com.appium.XTE.Interfaces.XTEModules, ID=ParlayModule. # java.lang.Exception: Failed to load com.appium.XTE.ParlayModule/ParlayModule # 0 # 81854378 # com.appium.impl.core.xee.XManagerImpl.virtual # localhost # XContainer.XTE@localhost.250
