
2006-11-04 17.34.05 # Warning  # objectActive # Object active (new): StatusInfoAccess_XTE@XContainer.XTE@localhost.0 (reported by ObjectRegistry) #  # 514 # 81848803 # com.appium.impl.core.xee.XProcessImpl # localhost # XContainer.XTE@localhost.0
2006-11-04 17.34.05 # Warning  # systemEvent # Starting System Statistics... #  # 697 # 81848809 # com.appium.SystemInfo.SystemStatisticsModule # localhost # XContainer.XTE@localhost.0
2006-11-04 17.34.08 # Warning  # objectActive # Object active (new): ServiceUpdate_XTE@XContainer.XTE@localhost.0 (reported by ObjectRegistry) #  # 514 # 81848841 # com.appium.impl.core.xee.XProcessImpl # localhost # XContainer.XTE@localhost.0
2006-11-04 17.34.08 # Warning  # systemEvent # Starting XTE... #  # 0 # 81848844 # com.appium.XTE.XTEModule # localhost # XContainer.XTE@localhost.0
2006-11-04 17.34.09 # Warning  # objectActive # Object active (new): SessionRegistry_XTE@XContainer.XTE@localhost.0 (reported by ObjectRegistry) #  # 514 # 81848846 # com.appium.impl.core.xee.XProcessImpl # localhost # XContainer.XTE@localhost.0
2006-11-04 17.34.53 #  # error # Missing dependency: database API=com.appium.core.xstorage.XDatabase$TableSpace. (no specific ID required) # java.lang.Exception: No such XHandler defined: API = com.appium.core.xstorage.XDatabase$TableSpace # 0 # 81848847 # com.appium.impl.core.xee.XManagerImpl.virtual # localhost # XContainer.XTE@localhost.0
2006-11-04 17.34.53 # Minor    # warning # Configuration error: database: Missing dependency: database API=com.appium.core.xstorage.XDatabase$TableSpace. (no specific ID required) #  # 1791 # 81848848 # com.appium.impl.core.xee.XManagerImpl.virtual # localhost # XContainer.XTE@localhost.0
2006-11-04 17.35.00 #  # error # Failed to load com.appium.XTE.ParlayModule/ParlayModule # java.lang.NoClassDefFoundError: org/csapi/fw/fw_access/trust_and_security/IpInitialPOA # 1740 # 81848849 # com.appium.impl.core.xee.XManagerImpl.virtual # localhost # XContainer.XTE@localhost.0
2006-11-04 17.35.00 #  # error # Required XHandler not found. API=com.appium.XTE.Interfaces.XTEModules, ID=ParlayModule. # java.lang.Exception: Failed to load com.appium.XTE.ParlayModule/ParlayModule # 0 # 81848850 # com.appium.impl.core.xee.XManagerImpl.virtual # localhost # XContainer.XTE@localhost.0
2006-11-04 17.35.02 #  # error # Failed to load com.appium.XTE.ParlayModule/ParlayModule # java.lang.NoClassDefFoundError: org/csapi/fw/fw_access/trust_and_security/IpInitialPOA # 1740 # 81848857 # com.appium.impl.core.xee.XManagerImpl.virtual # localhost # XContainer.XTE@localhost.0
2006-11-04 17.35.02 #  # error # Required XHandler not found. API=com.appium.XTE.Interfaces.XTEModules, ID=ParlayModule. # java.lang.Exception: Failed to load com.appium.XTE.ParlayModule/ParlayModule # 0 # 81848858 # com.appium.impl.core.xee.XManagerImpl.virtual # localhost # XContainer.XTE@localhost.0
2006-11-04 17.35.02 #  # error # Failed to load com.appium.XTE.ModuleLoaderImpl/XTE Module Loader # java.lang.Exception: Required XHandler not found. API=com.appium.XTE.Interfaces.XTEModules, ID=ParlayModule. # 1740 # 81848859 # com.appium.impl.core.xee.XManagerImpl.virtual # localhost # XContainer.XTE@localhost.0
2006-11-04 17.35.02 #  # error # Error loading XHandler # java.lang.Exception: Failed to load com.appium.XTE.ModuleLoaderImpl/XTE Module Loader # 651 # 81848860 # com.appium.impl.core.xee.XManagerImpl.virtual.VirtualProcessImplMain # localhost # XContainer.XTE@localhost.0
2006-11-04 17.35.10 #  # error # Failed to load com.appium.XTE.ParlayModule/ParlayModule [*2] # java.lang.NoClassDefFoundError: org/csapi/fw/fw_access/trust_and_security/IpInitialPOA # 1740 # 81848869 # com.appium.impl.core.xee.XManagerImpl.virtual # localhost # XContainer.XTE@localhost.0
2006-11-04 17.35.10 #  # error # Required XHandler not found. API=com.appium.XTE.Interfaces.XTEModules, ID=ParlayModule. [*2] # java.lang.Exception: Failed to load com.appium.XTE.ParlayModule/ParlayModule # 0 # 81848870 # com.appium.impl.core.xee.XManagerImpl.virtual # localhost # XContainer.XTE@localhost.0
2006-11-04 17.35.10 #  # error # Failed to load com.appium.XTE.ModuleLoaderImpl/XTE Module Loader # java.lang.Exception: Required XHandler not found. API=com.appium.XTE.Interfaces.XTEModules, ID=ParlayModule. # 1740 # 81848871 # com.appium.impl.core.xee.XManagerImpl.virtual # localhost # XContainer.XTE@localhost.0
2006-11-04 17.35.10 #  # error # Error loading XHandler # java.lang.Exception: Failed to load com.appium.XTE.ModuleLoaderImpl/XTE Module Loader # 651 # 81848872 # com.appium.impl.core.xee.XManagerImpl.virtual.VirtualProcessImplMain # localhost # XContainer.XTE@localhost.0
2006-11-04 17.35.31 # Minor    # warning # Could not add system default DNS to round robin list used for outgoing SIP requests. #  # 1794 # 81848882 # com.appium.IMS.SIP # localhost # XContainer.XTE@localhost.0
2006-11-04 17.35.34 #  # error # Set object pool size failed # java.lang.NullPointerException # 281 # 81848898 # com.appium.TAS.SessionContainer.ObjectPool # localhost # XContainer.XTE@localhost.0
2006-11-04 17.35.45 # Minor    # warning # Could not add system default DNS to round robin list used for outgoing SIP requests. [*2] #  # 1794 # 81848906 # com.appium.IMS.SIP # localhost # XContainer.XTE@localhost.0
2006-11-04 17.35.48 # Warning  # objectActive # Object active (new): SessionBackupStore_XTE@XContainer.XTE@localhost.0 (reported by ObjectRegistry) #  # 514 # 81848929 # com.appium.impl.core.xee.XProcessImpl # localhost # XContainer.XTE@localhost.0
2006-11-04 17.35.48 # Warning  # objectActive # Object activated: XContainer.XTE@localhost.0 (reported by ObjectRegistry) #  # 513 # 81848930 # com.appium.impl.core.xee.XProcessImpl # localhost # XContainer.XTE@localhost.0
2006-11-04 17.37.47 # Warning  # objectOnline # Object online (new): XContainer.XTE@localhost.250 (inactive, reported by ObjectRegistry) #  # 518 # 81848931 # com.appium.impl.core.xee.XProcessImpl # localhost # XContainer.XTE@localhost.0
2006-11-04 17.37.47 # Warning  # objectActive # Object active (new): XTransport_XTE@XContainer.XTE@localhost.250 (reported by ObjectRegistry) #  # 514 # 81848933 # com.appium.impl.core.xee.XProcessImpl # localhost # XContainer.XTE@localhost.0
2006-11-04 17.38.34 # Warning  # objectActive # Object active (new): StatusInfoAccess_XTE@XContainer.XTE@localhost.250 (reported by ObjectRegistry) #  # 514 # 81848934 # com.appium.impl.core.xee.XProcessImpl # localhost # XContainer.XTE@localhost.0
2006-11-04 18.22.43 # Warning  # objectOffline # Object offline: Distributor.Trrigering@localhost.0 (reported by Surveillance ) #  # 517 # 81848938 # com.appium.impl.core.xee.XProcessImpl # localhost # XContainer.XTE@localhost.0
2006-11-04 18.22.45 # Warning  # objectOffline # Object offline: ServiceUpdate_Trrigering@Distributor.Trrigering@localhost.0 (reported by Surveillance ) #  # 517 # 81848939 # com.appium.impl.core.xee.XProcessImpl # localhost # XContainer.XTE@localhost.0
2006-11-04 18.22.45 # Warning  # objectOffline # Object offline: SessionRegistry_Trrigering@Distributor.Trrigering@localhost.0 (reported by Surveillance ) #  # 517 # 81848940 # com.appium.impl.core.xee.XProcessImpl # localhost # XContainer.XTE@localhost.0
2006-11-04 18.22.45 # Warning  # objectOffline # Object offline: StatusInfoAccess_Trrigering@Distributor.Trrigering@localhost.0 (reported by Surveillance ) #  # 517 # 81848941 # com.appium.impl.core.xee.XProcessImpl # localhost # XContainer.XTE@localhost.0
2006-11-04 18.22.45 # Warning  # objectOffline # Object offline: XTransport_Trrigering@Distributor.Trrigering@localhost.0 (reported by Surveillance ) #  # 517 # 81848942 # com.appium.impl.core.xee.XProcessImpl # localhost # XContainer.XTE@localhost.0
2006-11-04 18.22.47 # Warning  # objectOffline # Object offline: NSim.Default@localhost.0 (reported by Surveillance ) #  # 517 # 81848944 # com.appium.impl.core.xee.XProcessImpl # localhost # XContainer.XTE@localhost.0
2006-11-04 18.22.47 # Warning  # objectOffline # Object offline: ServiceUpdate_Default@NSim.Default@localhost.0 (reported by Surveillance ) #  # 517 # 81848945 # com.appium.impl.core.xee.XProcessImpl # localhost # XContainer.XTE@localhost.0
2006-11-04 18.22.47 # Warning  # objectOffline # Object offline: StatusInfoAccess_Default@NSim.Default@localhost.0 (reported by Surveillance ) #  # 517 # 81848946 # com.appium.impl.core.xee.XProcessImpl # localhost # XContainer.XTE@localhost.0
2006-11-04 18.22.47 # Warning  # objectOffline # Object offline: XTransport_Default@NSim.Default@localhost.0 (reported by Surveillance ) #  # 517 # 81848947 # com.appium.impl.core.xee.XProcessImpl # localhost # XContainer.XTE@localhost.0
