
2006-10-28 19.58.24 #  # error # LOGGING ENDS HERE since logging is disabled for Debug in the Log configuration (this line is only here because startup log files cannot be deleted if opened in Windows) (msg no. 1) #  # 756 # 81249026 # com.appium.Monitoring.Log.LogImplMain # Acer # OAMServer.Primary
2006-10-28 19.58.24 #  # error # LOGGING ENDS HERE since logging is disabled for Debug in the Log configuration (this line is only here because startup log files cannot be deleted if opened in Windows) (msg no. 2) #  # 756 # 81249027 # com.appium.Monitoring.Log.LogImplMain # Acer # OAMServer.Primary
2006-10-28 19.58.24 #  # error # LOGGING ENDS HERE since logging is disabled for Debug in the Log configuration (this line is only here because startup log files cannot be deleted if opened in Windows) (msg no. 3) #  # 756 # 81249028 # com.appium.Monitoring.Log.LogImplMain # Acer # OAMServer.Primary
2006-10-28 19.58.24 #  # error # LOGGING ENDS HERE since logging is disabled for Debug in the Log configuration (this line is only here because startup log files cannot be deleted if opened in Windows) (msg no. 4) #  # 756 # 81249029 # com.appium.Monitoring.Log.LogImplMain # Acer # OAMServer.Primary
2006-10-28 19.58.24 #  # error # LOGGING ENDS HERE since logging is disabled for Debug in the Log configuration (this line is only here because startup log files cannot be deleted if opened in Windows) (msg no. 5) #  # 756 # 81249030 # com.appium.Monitoring.Log.LogImplMain # Acer # OAMServer.Primary
2006-10-28 19.58.24 #  # error # LOGGING ENDS HERE since logging is disabled for Debug in the Log configuration (this line is only here because startup log files cannot be deleted if opened in Windows) (msg no. 6) #  # 756 # 81249031 # com.appium.Monitoring.Log.LogImplMain # Acer # OAMServer.Primary
2006-10-28 19.58.24 #  # error # LOGGING ENDS HERE since logging is disabled for Debug in the Log configuration (this line is only here because startup log files cannot be deleted if opened in Windows) (msg no. 7) #  # 756 # 81249032 # com.appium.Monitoring.Log.LogImplMain # Acer # OAMServer.Primary
2006-10-28 19.58.24 #  # error # LOGGING ENDS HERE since logging is disabled for Debug in the Log configuration (this line is only here because startup log files cannot be deleted if opened in Windows) (msg no. 8) #  # 756 # 81249033 # com.appium.Monitoring.Log.LogImplMain # Acer # OAMServer.Primary
2006-10-28 19.58.24 #  # error # LOGGING ENDS HERE since logging is disabled for Debug in the Log configuration (this line is only here because startup log files cannot be deleted if opened in Windows) (msg no. 9) #  # 756 # 81249034 # com.appium.Monitoring.Log.LogImplMain # Acer # OAMServer.Primary
2006-10-28 19.58.24 #  # error # LOGGING ENDS HERE since logging is disabled for Debug in the Log configuration (this line is only here because startup log files cannot be deleted if opened in Windows) (msg no. 10) #  # 756 # 81249035 # com.appium.Monitoring.Log.LogImplMain # Acer # OAMServer.Primary
2006-10-28 19.58.25 # Warning  # objectActive # Object active (new): StatusInfoAccess_Primary@OAMServer.Primary (reported by ObjectRegistry) #  # 514 # 81249044 # com.appium.impl.core.xee.XProcessImpl # Acer # OAMServer.Primary
2006-10-28 19.58.30 # Warning  # systemEvent # Starting System Statistics... #  # 697 # 81249053 # com.appium.SystemInfo.SystemStatisticsModule # Acer # OAMServer.Primary
2006-10-28 19.58.32 # Warning  # objectActive # Object active (new): TraceReceiver_Primary@OAMServer.Primary (reported by ObjectRegistry) #  # 514 # 81249070 # com.appium.impl.core.xee.XProcessImpl # Acer # OAMServer.Primary
2006-10-28 19.58.32 # Warning  # systemEvent # Starting System Info... #  # 1659 # 81249074 # com.appium.SystemInfo.SystemInfoModule # Acer # OAMServer.Primary
2006-10-28 19.58.33 # Warning  # objectActive # Object active (new): XNodeDatabase_Primary@OAMServer.Primary (reported by ObjectRegistry) #  # 514 # 81249082 # com.appium.impl.core.xee.XProcessImpl # Acer # OAMServer.Primary
2006-10-28 19.58.39 # Warning  # objectActive # Object active (new): ServiceUpdate_Primary@OAMServer.Primary (reported by ObjectRegistry) #  # 514 # 81249130 # com.appium.impl.core.xee.XProcessImpl # Acer # OAMServer.Primary
2006-10-28 19.58.40 # Warning  # processActive # Process active: OAMServer.Primary #  # 560 # 81249142 # com.appium.impl.core.xee.XProcessImpl # Acer # OAMServer.Primary
2006-10-28 19.58.40 # Warning  # objectActive # Object active (new): Framework_Primary@OAMServer.Primary (reported by ObjectRegistry) #  # 514 # 81249144 # com.appium.impl.core.xee.XProcessImpl # Acer # OAMServer.Primary
2006-10-28 19.59.51 # Warning  # objectActive # Object active (new): GraphDataEventReceiver_Primary@OAMServer.Primary (reported by ObjectRegistry) #  # 514 # 81249147 # com.appium.impl.core.xee.XProcessImpl # Acer # OAMServer.Primary
2006-10-28 20.02.14 #  # error # Missing dependency: database API=com.appium.core.xstorage.XDatabase$TableSpace. (no specific ID required) # java.lang.Exception: No such XHandler defined: API = com.appium.core.xstorage.XDatabase$TableSpace # 0 # 81249150 # com.appium.impl.core.xee.XManagerImpl.virtual # Acer # OAMServer.Primary
2006-10-28 20.02.14 # Minor    # warning # Configuration error: database: Missing dependency: database API=com.appium.core.xstorage.XDatabase$TableSpace. (no specific ID required) #  # 1791 # 81249151 # com.appium.impl.core.xee.XManagerImpl.virtual # Acer # OAMServer.Primary
2006-10-28 20.02.22 # Minor    # warning # Configuration error: outboundProxy: The mandatory attribute 'outboundProxy' is missing in the configuration! #  # 1791 # 81249152 # com.appium.impl.core.xee.XManagerImpl.virtual # Acer # OAMServer.Primary
2006-10-28 20.07.22 #  # gatewayDown # Failed to obtain IpAccess of gateway NSIM: TheOrb: Could not open socket at localhost:15000 #  # 346 # 81249155 # com.appium.ParlayAdaptor.Wrappers.Parlay32.Framework.GatewayHandler # Acer # OAMServer.Primary
2006-10-28 20.07.23 #  # gatewayDown # Failed to obtain IpAccess of gateway NSIM: TheOrb: Could not open socket at localhost:15000 #  # 346 # 81249157 # com.appium.ParlayAdaptor.Wrappers.Parlay32.Framework.GatewayHandler # Acer # OAMServer.Primary
2006-10-28 20.07.24 #  # gatewayDown # Failed to obtain IpAccess of gateway NSIM: TheOrb: Could not open socket at localhost:15000 #  # 346 # 81249158 # com.appium.ParlayAdaptor.Wrappers.Parlay32.Framework.GatewayHandler # Acer # OAMServer.Primary
2006-10-28 20.08.07 # Minor    # warning # Feature  not found! #  # 702 # 81249159 # com.appium.Basement.Registry.FeatureSearchTree # Acer # OAMServer.Primary
2006-10-28 20.11.24 #  # error # Couldn't start NSim.NSim@localhost.0 because the lock port is already in use. Please configure another lock port #  # 1760 # 81249161 # com.appium.XView.Server.ProcessControlAPI$Session # Acer # OAMServer.Primary
