
2006-11-04 17.17.44 # Warning  # objectActive # Object active (new): StatusInfoAccess_Primary@OAMServer.Primary (reported by ObjectRegistry) #  # 514 # 81847799 # com.appium.impl.core.xee.XProcessImpl # Acer # OAMServer.Primary
2006-11-04 17.17.52 # Warning  # systemEvent # Starting System Statistics... #  # 697 # 81847811 # com.appium.SystemInfo.SystemStatisticsModule # Acer # OAMServer.Primary
2006-11-04 17.17.53 # Warning  # objectActive # Object active (new): TraceReceiver_Primary@OAMServer.Primary (reported by ObjectRegistry) #  # 514 # 81847828 # com.appium.impl.core.xee.XProcessImpl # Acer # OAMServer.Primary
2006-11-04 17.17.54 # Warning  # systemEvent # Starting System Info... #  # 1659 # 81847832 # com.appium.SystemInfo.SystemInfoModule # Acer # OAMServer.Primary
2006-11-04 17.17.54 # Warning  # objectActive # Object active (new): XNodeDatabase_Primary@OAMServer.Primary (reported by ObjectRegistry) #  # 514 # 81847836 # com.appium.impl.core.xee.XProcessImpl # Acer # OAMServer.Primary
2006-11-04 17.17.59 # Warning  # objectActive # Object active (new): ServiceUpdate_Primary@OAMServer.Primary (reported by ObjectRegistry) #  # 514 # 81847895 # com.appium.impl.core.xee.XProcessImpl # Acer # OAMServer.Primary
2006-11-04 17.17.59 #  # cannotObtainParlayService # Cannot obtain Parlay service NSIM:P_MPCC_NSIM[0] #  # 1131 # 81847899 # com.appium.ResourceAdapterLoader.Framework # Acer # OAMServer.Primary
2006-11-04 17.17.59 # Warning  # processActive # Process active: OAMServer.Primary #  # 560 # 81847901 # com.appium.impl.core.xee.XProcessImpl # Acer # OAMServer.Primary
2006-11-04 17.17.59 # Warning  # objectActive # Object active (new): Framework_Primary@OAMServer.Primary (reported by ObjectRegistry) #  # 514 # 81847903 # com.appium.impl.core.xee.XProcessImpl # Acer # OAMServer.Primary
2006-11-04 17.18.00 #  # gatewayDown # Failed to obtain IpAccess of gateway NSIM: TheOrb: Could not open socket at localhost:15000 #  # 346 # 81847904 # com.appium.ParlayAdaptor.Wrappers.Parlay32.Framework.GatewayHandler # Acer # OAMServer.Primary
2006-11-04 17.18.09 # Warning  # objectActive # Object active (new): GraphDataEventReceiver_Primary@OAMServer.Primary (reported by ObjectRegistry) #  # 514 # 81847908 # com.appium.impl.core.xee.XProcessImpl # Acer # OAMServer.Primary
2006-11-04 17.18.48 # Warning  # processOnline # Process online: XContainer.Collect Calls@localhost.50 (inactive) #  # 563 # 81847912 # com.appium.impl.core.xee.XProcessImpl # Acer # OAMServer.Primary
2006-11-04 17.18.48 # Warning  # objectActive # Object active (new): XTransport_Collect Calls@XContainer.Collect Calls@localhost.50 (reported by ObjectRegistry) #  # 514 # 81847914 # com.appium.impl.core.xee.XProcessImpl # Acer # OAMServer.Primary
2006-11-04 17.18.48 # Warning  # processOnline # Process online: NSim.Default@localhost.0 (inactive) #  # 563 # 81847915 # com.appium.impl.core.xee.XProcessImpl # Acer # OAMServer.Primary
2006-11-04 17.18.48 # Warning  # objectActive # Object active (new): XTransport_Default@NSim.Default@localhost.0 (reported by ObjectRegistry) #  # 514 # 81847917 # com.appium.impl.core.xee.XProcessImpl # Acer # OAMServer.Primary
2006-11-04 17.18.48 # Warning  # processOnline # Process online: Distributor.Trrigering@localhost.0 (inactive) #  # 563 # 81847918 # com.appium.impl.core.xee.XProcessImpl # Acer # OAMServer.Primary
2006-11-04 17.18.49 # Warning  # objectActive # Object active (new): XTransport_Trrigering@Distributor.Trrigering@localhost.0 (reported by ObjectRegistry) #  # 514 # 81847920 # com.appium.impl.core.xee.XProcessImpl # Acer # OAMServer.Primary
2006-11-04 17.18.54 # Warning  # objectActive # Object active (new): StatusInfoAccess_Default@NSim.Default@localhost.0 (reported by ObjectRegistry) #  # 514 # 81847921 # com.appium.impl.core.xee.XProcessImpl # Acer # OAMServer.Primary
2006-11-04 17.18.54 # Warning  # objectActive # Object active (new): StatusInfoAccess_Collect Calls@XContainer.Collect Calls@localhost.50 (reported by ObjectRegistry) #  # 514 # 81847922 # com.appium.impl.core.xee.XProcessImpl # Acer # OAMServer.Primary
2006-11-04 17.18.54 # Warning  # objectActive # Object active (new): StatusInfoAccess_Trrigering@Distributor.Trrigering@localhost.0 (reported by ObjectRegistry) #  # 514 # 81847923 # com.appium.impl.core.xee.XProcessImpl # Acer # OAMServer.Primary
2006-11-04 17.19.03 # Warning  # objectActive # Object active (new): SessionRegistry_Trrigering@Distributor.Trrigering@localhost.0 (reported by ObjectRegistry) #  # 514 # 81847924 # com.appium.impl.core.xee.XProcessImpl # Acer # OAMServer.Primary
2006-11-04 17.19.03 # Warning  # objectActive # Object active (new): ServiceUpdate_Trrigering@Distributor.Trrigering@localhost.0 (reported by ObjectRegistry) #  # 514 # 81847925 # com.appium.impl.core.xee.XProcessImpl # Acer # OAMServer.Primary
2006-11-04 17.19.18 # Warning  # objectActive # Object active (new): ServiceUpdate_Default@NSim.Default@localhost.0 (reported by ObjectRegistry) #  # 514 # 81847926 # com.appium.impl.core.xee.XProcessImpl # Acer # OAMServer.Primary
2006-11-04 17.19.18 # Warning  # objectActive # Object active (new): ServiceUpdate_Collect Calls@XContainer.Collect Calls@localhost.50 (reported by ObjectRegistry) #  # 514 # 81847927 # com.appium.impl.core.xee.XProcessImpl # Acer # OAMServer.Primary
2006-11-04 17.19.18 # Warning  # processActive # Process active: XContainer.Collect Calls@localhost.50 #  # 560 # 81847928 # com.appium.impl.core.xee.XProcessImpl # Acer # OAMServer.Primary
2006-11-04 17.19.19 # Warning  # processActive # Process active: NSim.Default@localhost.0 #  # 560 # 81847929 # com.appium.impl.core.xee.XProcessImpl # Acer # OAMServer.Primary
2006-11-04 17.19.25 # Warning  # processActive # Process active: Distributor.Trrigering@localhost.0 #  # 560 # 81847930 # com.appium.impl.core.xee.XProcessImpl # Acer # OAMServer.Primary
2006-11-04 17.25.50 # Warning  # objectOffline # Object offline: ServiceUpdate_Collect Calls@XContainer.Collect Calls@localhost.50 (reported by Surveillance ) #  # 517 # 81847933 # com.appium.impl.core.xee.XProcessImpl # Acer # OAMServer.Primary
2006-11-04 17.25.51 # Warning  # objectOffline # Object offline: StatusInfoAccess_Collect Calls@XContainer.Collect Calls@localhost.50 (reported by Surveillance ) #  # 517 # 81847934 # com.appium.impl.core.xee.XProcessImpl # Acer # OAMServer.Primary
2006-11-04 17.25.51 # Critical # processOffline # Process offline: XContainer.Collect Calls@localhost.50 #  # 562 # 81847935 # com.appium.impl.core.xee.XProcessImpl # Acer # OAMServer.Primary
2006-11-04 17.25.51 # Warning  # objectOffline # Object offline: XTransport_Collect Calls@XContainer.Collect Calls@localhost.50 (reported by Surveillance ) #  # 517 # 81847936 # com.appium.impl.core.xee.XProcessImpl # Acer # OAMServer.Primary
2006-11-04 17.26.32 #  # gatewayDown # Failed to obtain IpAccess of gateway XTE: TheOrb: Could not open socket at localhost:14702 #  # 346 # 81847937 # com.appium.ParlayAdaptor.Wrappers.Parlay32.Framework.GatewayHandler # Acer # OAMServer.Primary
2006-11-04 17.26.33 #  # gatewayDown # Failed to obtain IpAccess of gateway XTE: TheOrb: Could not open socket at localhost:14702 #  # 346 # 81847939 # com.appium.ParlayAdaptor.Wrappers.Parlay32.Framework.GatewayHandler # Acer # OAMServer.Primary
2006-11-04 17.26.34 #  # gatewayDown # Failed to obtain IpAccess of gateway XTE: TheOrb: Could not open socket at localhost:14702 #  # 346 # 81847940 # com.appium.ParlayAdaptor.Wrappers.Parlay32.Framework.GatewayHandler # Acer # OAMServer.Primary
2006-11-04 17.27.13 # Warning  # processOnline # Process online: XContainer.XTE@localhost.0 (inactive) #  # 563 # 81847941 # com.appium.impl.core.xee.XProcessImpl # Acer # OAMServer.Primary
2006-11-04 17.27.16 # Warning  # objectActive # Object active (new): XTransport_XTE@XContainer.XTE@localhost.0 (reported by ObjectRegistry) #  # 514 # 81847943 # com.appium.impl.core.xee.XProcessImpl # Acer # OAMServer.Primary
2006-11-04 17.27.16 # Warning  # objectActive # Object active (new): StatusInfoAccess_XTE@XContainer.XTE@localhost.0 (reported by ObjectRegistry) #  # 514 # 81847944 # com.appium.impl.core.xee.XProcessImpl # Acer # OAMServer.Primary
2006-11-04 17.27.23 # Warning  # objectActive # Object active (new): ServiceUpdate_XTE@XContainer.XTE@localhost.0 (reported by ObjectRegistry) #  # 514 # 81847945 # com.appium.impl.core.xee.XProcessImpl # Acer # OAMServer.Primary
2006-11-04 17.27.23 # Warning  # processActive # Process active: XContainer.XTE@localhost.0 #  # 560 # 81847946 # com.appium.impl.core.xee.XProcessImpl # Acer # OAMServer.Primary
2006-11-04 17.27.27 # Minor    # warning # Feature  not found! #  # 702 # 81847947 # com.appium.Basement.Registry.FeatureSearchTree # Acer # OAMServer.Primary
2006-11-04 17.28.22 #  # gatewayDown # Failed to obtain IpAccess of gateway XTE: TheOrb: Could not open socket at localhost:14702 #  # 346 # 81847948 # com.appium.ParlayAdaptor.Wrappers.Parlay32.Framework.GatewayHandler # Acer # OAMServer.Primary
2006-11-04 17.28.22 #  # parlayServiceOffline # Failed to get service P_US_TCTESTGW: java.lang.Exception #  # 535 # 81847949 # com.appium.ParlayAdaptor.Wrappers.Parlay32.Framework.GatewayHandler # Acer # OAMServer.Primary
2006-11-04 17.28.22 #  # cannotObtainParlayService # Cannot obtain Parlay service XTE:P_US_TCTESTGW: TheOrb: Could not open socket at localhost:14702 #  # 1131 # 81847950 # com.appium.ResourceAdapterLoader.Framework # Acer # OAMServer.Primary
2006-11-04 17.28.23 #  # gatewayDown # Failed to obtain IpAccess of gateway XTE: TheOrb: Could not open socket at localhost:14702 #  # 346 # 81847951 # com.appium.ParlayAdaptor.Wrappers.Parlay32.Framework.GatewayHandler # Acer # OAMServer.Primary
2006-11-04 17.28.27 #  # gatewayDown # Failed to obtain IpAccess of gateway XTE: TheOrb: Could not open socket at localhost:14702 #  # 346 # 81847952 # com.appium.ParlayAdaptor.Wrappers.Parlay32.Framework.GatewayHandler # Acer # OAMServer.Primary
2006-11-04 17.29.33 #  # gatewayDown # Failed to obtain IpAccess of gateway XTE: TheOrb: Could not open socket at localhost:14702 #  # 346 # 81847953 # com.appium.ParlayAdaptor.Wrappers.Parlay32.Framework.GatewayHandler # Acer # OAMServer.Primary
2006-11-04 17.29.33 #  # parlayServiceOffline # Failed to get service P_USER_STATUS: java.lang.Exception #  # 535 # 81847954 # com.appium.ParlayAdaptor.Wrappers.Parlay32.Framework.GatewayHandler # Acer # OAMServer.Primary
2006-11-04 17.29.33 #  # cannotObtainParlayService # Cannot obtain Parlay service XTE:P_USER_STATUS: TheOrb: Could not open socket at localhost:14702 #  # 1131 # 81847955 # com.appium.ResourceAdapterLoader.Framework # Acer # OAMServer.Primary
2006-11-04 17.29.34 #  # gatewayDown # Failed to obtain IpAccess of gateway XTE: TheOrb: Could not open socket at localhost:14702 #  # 346 # 81847956 # com.appium.ParlayAdaptor.Wrappers.Parlay32.Framework.GatewayHandler # Acer # OAMServer.Primary
2006-11-04 17.29.36 #  # gatewayDown # Failed to obtain IpAccess of gateway XTE: TheOrb: Could not open socket at localhost:14702 #  # 346 # 81847957 # com.appium.ParlayAdaptor.Wrappers.Parlay32.Framework.GatewayHandler # Acer # OAMServer.Primary
2006-11-04 17.29.58 #  # gatewayDown # Failed to obtain IpAccess of gateway XTE: TheOrb: Could not open socket at localhost:14702 #  # 346 # 81847958 # com.appium.ParlayAdaptor.Wrappers.Parlay32.Framework.GatewayHandler # Acer # OAMServer.Primary
2006-11-04 17.29.58 #  # parlayServiceOffline # Failed to get service P_ULC_TCTESTGW: java.lang.Exception #  # 535 # 81847959 # com.appium.ParlayAdaptor.Wrappers.Parlay32.Framework.GatewayHandler # Acer # OAMServer.Primary
2006-11-04 17.29.58 #  # cannotObtainParlayService # Cannot obtain Parlay service XTE:P_ULC_TCTESTGW: TheOrb: Could not open socket at localhost:14702 #  # 1131 # 81847960 # com.appium.ResourceAdapterLoader.Framework # Acer # OAMServer.Primary
2006-11-04 17.29.59 #  # gatewayDown # Failed to obtain IpAccess of gateway XTE: TheOrb: Could not open socket at localhost:14702 #  # 346 # 81847961 # com.appium.ParlayAdaptor.Wrappers.Parlay32.Framework.GatewayHandler # Acer # OAMServer.Primary
2006-11-04 17.30.06 #  # gatewayDown # Failed to obtain IpAccess of gateway XTE: TheOrb: Could not open socket at localhost:14702 #  # 346 # 81847962 # com.appium.ParlayAdaptor.Wrappers.Parlay32.Framework.GatewayHandler # Acer # OAMServer.Primary
2006-11-04 17.30.17 #  # gatewayDown # Failed to obtain IpAccess of gateway XTE: TheOrb: Could not open socket at localhost:14702 #  # 346 # 81847963 # com.appium.ParlayAdaptor.Wrappers.Parlay32.Framework.GatewayHandler # Acer # OAMServer.Primary
2006-11-04 17.31.40 # Warning  # objectOffline # Object offline: ServiceUpdate_XTE@XContainer.XTE@localhost.0 (reported by Surveillance ) #  # 517 # 81847965 # com.appium.impl.core.xee.XProcessImpl # Acer # OAMServer.Primary
2006-11-04 17.31.40 # Warning  # objectOffline # Object offline: StatusInfoAccess_XTE@XContainer.XTE@localhost.0 (reported by Surveillance ) #  # 517 # 81847966 # com.appium.impl.core.xee.XProcessImpl # Acer # OAMServer.Primary
2006-11-04 17.31.40 # Critical # processOffline # Process offline: XContainer.XTE@localhost.0 #  # 562 # 81847967 # com.appium.impl.core.xee.XProcessImpl # Acer # OAMServer.Primary
2006-11-04 17.31.40 # Warning  # objectOffline # Object offline: XTransport_XTE@XContainer.XTE@localhost.0 (reported by Surveillance ) #  # 517 # 81847968 # com.appium.impl.core.xee.XProcessImpl # Acer # OAMServer.Primary
2006-11-04 17.31.42 # Minor    # warning # Could not get grid of status info from other process # org.omg.CORBA.NO_RESPONSE: Connection timeout  minor code: 0x0  completed: No # 0 # 81847969 # com.appium.Basement.OAM.StatusOverview.StatusInfoAccessClient # Acer # OAMServer.Primary
2006-11-04 17.32.22 #  # error # Missing dependency: database API=com.appium.core.xstorage.XDatabase$TableSpace. (no specific ID required) # java.lang.Exception: No such XHandler defined: API = com.appium.core.xstorage.XDatabase$TableSpace # 0 # 81847970 # com.appium.impl.core.xee.XManagerImpl.virtual # Acer # OAMServer.Primary
2006-11-04 17.32.22 # Minor    # warning # Configuration error: database: Missing dependency: database API=com.appium.core.xstorage.XDatabase$TableSpace. (no specific ID required) #  # 1791 # 81847971 # com.appium.impl.core.xee.XManagerImpl.virtual # Acer # OAMServer.Primary
2006-11-04 17.32.41 #  # error # Failed to load com.appium.XTE.ParlayModule/ParlayModule # java.lang.NoClassDefFoundError: org/csapi/fw/fw_access/trust_and_security/IpInitialPOA # 1740 # 81847972 # com.appium.impl.core.xee.XManagerImpl.virtual # Acer # OAMServer.Primary
2006-11-04 17.32.41 #  # error # Required XHandler not found. API=com.appium.XTE.Interfaces.XTEModules, ID=ParlayModule. # java.lang.Exception: Failed to load com.appium.XTE.ParlayModule/ParlayModule # 0 # 81847973 # com.appium.impl.core.xee.XManagerImpl.virtual # Acer # OAMServer.Primary
2006-11-04 17.32.42 #  # error # Failed to load com.appium.XTE.ParlayModule/ParlayModule # java.lang.NoClassDefFoundError: org/csapi/fw/fw_access/trust_and_security/IpInitialPOA # 1740 # 81847974 # com.appium.impl.core.xee.XManagerImpl.virtual # Acer # OAMServer.Primary
2006-11-04 17.32.43 #  # error # Required XHandler not found. API=com.appium.XTE.Interfaces.XTEModules, ID=ParlayModule. # java.lang.Exception: Failed to load com.appium.XTE.ParlayModule/ParlayModule # 0 # 81847975 # com.appium.impl.core.xee.XManagerImpl.virtual # Acer # OAMServer.Primary
2006-11-04 17.34.02 # Warning  # processOnline # Process online: XContainer.XTE@localhost.0 (inactive) #  # 563 # 81847978 # com.appium.impl.core.xee.XProcessImpl # Acer # OAMServer.Primary
2006-11-04 17.34.02 # Warning  # objectActive # Object active: XTransport_XTE@XContainer.XTE@localhost.0 (reported by ObjectRegistry) #  # 515 # 81847980 # com.appium.impl.core.xee.XProcessImpl # Acer # OAMServer.Primary
2006-11-04 17.34.05 # Warning  # objectActive # Object active: StatusInfoAccess_XTE@XContainer.XTE@localhost.0 (reported by ObjectRegistry) #  # 515 # 81847981 # com.appium.impl.core.xee.XProcessImpl # Acer # OAMServer.Primary
2006-11-04 17.34.08 # Warning  # objectActive # Object active: ServiceUpdate_XTE@XContainer.XTE@localhost.0 (reported by ObjectRegistry) #  # 515 # 81847982 # com.appium.impl.core.xee.XProcessImpl # Acer # OAMServer.Primary
2006-11-04 17.34.09 # Warning  # objectActive # Object active (new): SessionRegistry_XTE@XContainer.XTE@localhost.0 (reported by ObjectRegistry) #  # 514 # 81847983 # com.appium.impl.core.xee.XProcessImpl # Acer # OAMServer.Primary
2006-11-04 17.35.47 # Warning  # objectActive # Object active (new): SessionBackupStore_XTE@XContainer.XTE@localhost.0 (reported by ObjectRegistry) #  # 514 # 81847984 # com.appium.impl.core.xee.XProcessImpl # Acer # OAMServer.Primary
2006-11-04 17.35.48 # Warning  # processActive # Process active: XContainer.XTE@localhost.0 #  # 560 # 81847985 # com.appium.impl.core.xee.XProcessImpl # Acer # OAMServer.Primary
2006-11-04 17.37.43 # Warning  # processOnline # Process online: XContainer.XTE@localhost.250 (inactive) #  # 563 # 81847986 # com.appium.impl.core.xee.XProcessImpl # Acer # OAMServer.Primary
2006-11-04 17.37.44 # Warning  # objectActive # Object active (new): XTransport_XTE@XContainer.XTE@localhost.250 (reported by ObjectRegistry) #  # 514 # 81847988 # com.appium.impl.core.xee.XProcessImpl # Acer # OAMServer.Primary
2006-11-04 17.37.59 #  # error # Lock wait timeout expired (5760903) locked by the included stack # com.appium.impl.core.xee.LockImpl.LockImplMain$STACK_TRACE # 855 # 81847989 # com.appium.impl.core.xee.LockImpl.LockImplMain # Acer # OAMServer.Primary
2006-11-04 17.38.03 #  # error # Internal error while saving group connectsions # java.lang.Exception: Could not lock neither primary nor secondary file storage! # 1057 # 81847990 # com.appium.XView.Server.Backend.Coordinates # Acer # OAMServer.Primary
2006-11-04 17.38.31 # Warning  # objectActive # Object active (new): StatusInfoAccess_XTE@XContainer.XTE@localhost.250 (reported by ObjectRegistry) #  # 514 # 81847991 # com.appium.impl.core.xee.XProcessImpl # Acer # OAMServer.Primary
2006-11-04 18.22.25 # Warning  # processDeactivated # Process deactivated: NSim.Default@localhost.0 #  # 561 # 81847994 # com.appium.impl.core.xee.XProcessImpl # Acer # OAMServer.Primary
2006-11-04 18.22.25 # Warning  # processDeactivated # Process deactivated: Distributor.Trrigering@localhost.0 #  # 561 # 81847995 # com.appium.impl.core.xee.XProcessImpl # Acer # OAMServer.Primary
2006-11-04 18.22.40 # Critical # processOffline # Process offline: Distributor.Trrigering@localhost.0 #  # 562 # 81847997 # com.appium.impl.core.xee.XProcessImpl # Acer # OAMServer.Primary
2006-11-04 18.22.40 # Warning  # objectOffline # Object offline: ServiceUpdate_Trrigering@Distributor.Trrigering@localhost.0 (reported by Surveillance ) #  # 517 # 81847998 # com.appium.impl.core.xee.XProcessImpl # Acer # OAMServer.Primary
2006-11-04 18.22.40 # Warning  # objectOffline # Object offline: SessionRegistry_Trrigering@Distributor.Trrigering@localhost.0 (reported by Surveillance ) #  # 517 # 81847999 # com.appium.impl.core.xee.XProcessImpl # Acer # OAMServer.Primary
2006-11-04 18.22.40 # Warning  # objectOffline # Object offline: StatusInfoAccess_Trrigering@Distributor.Trrigering@localhost.0 (reported by Surveillance ) #  # 517 # 81848000 # com.appium.impl.core.xee.XProcessImpl # Acer # OAMServer.Primary
2006-11-04 18.22.40 # Warning  # objectOffline # Object offline: XTransport_Trrigering@Distributor.Trrigering@localhost.0 (reported by Surveillance ) #  # 517 # 81848001 # com.appium.impl.core.xee.XProcessImpl # Acer # OAMServer.Primary
2006-11-04 18.22.46 # Critical # processOffline # Process offline: NSim.Default@localhost.0 #  # 562 # 81848003 # com.appium.impl.core.xee.XProcessImpl # Acer # OAMServer.Primary
2006-11-04 18.22.46 # Warning  # objectOffline # Object offline: ServiceUpdate_Default@NSim.Default@localhost.0 (reported by Surveillance ) #  # 517 # 81848004 # com.appium.impl.core.xee.XProcessImpl # Acer # OAMServer.Primary
2006-11-04 18.22.46 # Warning  # objectOffline # Object offline: StatusInfoAccess_Default@NSim.Default@localhost.0 (reported by Surveillance ) #  # 517 # 81848005 # com.appium.impl.core.xee.XProcessImpl # Acer # OAMServer.Primary
2006-11-04 18.22.46 # Warning  # objectOffline # Object offline: XTransport_Default@NSim.Default@localhost.0 (reported by Surveillance ) #  # 517 # 81848006 # com.appium.impl.core.xee.XProcessImpl # Acer # OAMServer.Primary
2006-11-04 18.22.46 # Minor    # warning # Could not get grid of status info from other process # org.omg.CORBA.TRANSIENT: no usable profile in IOR  minor code: 0x4f4d0002  completed: No # 0 # 81848007 # com.appium.Basement.OAM.StatusOverview.StatusInfoAccessClient # Acer # OAMServer.Primary
2006-11-04 18.22.51 # Minor    # warning # Could not get grid of status info from other process # org.omg.CORBA.NO_RESPONSE: Connection timeout  minor code: 0x0  completed: No # 0 # 81848008 # com.appium.Basement.OAM.StatusOverview.StatusInfoAccessClient # Acer # OAMServer.Primary
2006-11-04 18.23.29 # Warning  # processDeactivated # Process deactivated: XContainer.XTE@localhost.0 #  # 561 # 81848009 # com.appium.impl.core.xee.XProcessImpl # Acer # OAMServer.Primary
2006-11-04 18.23.33 # Warning  # objectOffline # Object offline: StatusInfoAccess_XTE@XContainer.XTE@localhost.250 (reported by Surveillance ) #  # 517 # 81848011 # com.appium.impl.core.xee.XProcessImpl # Acer # OAMServer.Primary
2006-11-04 18.23.33 # Critical # processOffline # Process offline: XContainer.XTE@localhost.250 #  # 562 # 81848012 # com.appium.impl.core.xee.XProcessImpl # Acer # OAMServer.Primary
2006-11-04 18.23.33 # Warning  # objectOffline # Object offline: XTransport_XTE@XContainer.XTE@localhost.250 (reported by Surveillance ) #  # 517 # 81848013 # com.appium.impl.core.xee.XProcessImpl # Acer # OAMServer.Primary
2006-11-04 18.23.34 # Minor    # warning # Could not get grid of status info from other process # org.omg.CORBA.NO_RESPONSE: Connection timeout  minor code: 0x0  completed: No # 0 # 81848014 # com.appium.Basement.OAM.StatusOverview.StatusInfoAccessClient # Acer # OAMServer.Primary
2006-11-04 18.23.35 # Minor    # warning # Could not get grid of status info from other process # org.omg.CORBA.NO_RESPONSE: Connection timeout  minor code: 0x0  completed: No # 0 # 81848015 # com.appium.Basement.OAM.StatusOverview.StatusInfoAccessClient # Acer # OAMServer.Primary
2006-11-04 18.23.37 # Warning  # objectOffline # Object offline: ServiceUpdate_XTE@XContainer.XTE@localhost.0 (reported by Surveillance ) #  # 517 # 81848017 # com.appium.impl.core.xee.XProcessImpl # Acer # OAMServer.Primary
2006-11-04 18.23.37 # Warning  # objectOffline # Object offline: SessionBackupStore_XTE@XContainer.XTE@localhost.0 (reported by Surveillance ) #  # 517 # 81848018 # com.appium.impl.core.xee.XProcessImpl # Acer # OAMServer.Primary
2006-11-04 18.23.37 # Warning  # objectOffline # Object offline: SessionRegistry_XTE@XContainer.XTE@localhost.0 (reported by Surveillance ) #  # 517 # 81848019 # com.appium.impl.core.xee.XProcessImpl # Acer # OAMServer.Primary
2006-11-04 18.23.37 # Warning  # objectOffline # Object offline: StatusInfoAccess_XTE@XContainer.XTE@localhost.0 (reported by Surveillance ) #  # 517 # 81848020 # com.appium.impl.core.xee.XProcessImpl # Acer # OAMServer.Primary
2006-11-04 18.23.37 # Critical # processOffline # Process offline: XContainer.XTE@localhost.0 #  # 562 # 81848021 # com.appium.impl.core.xee.XProcessImpl # Acer # OAMServer.Primary
2006-11-04 18.23.37 # Warning  # objectOffline # Object offline: XTransport_XTE@XContainer.XTE@localhost.0 (reported by Surveillance ) #  # 517 # 81848022 # com.appium.impl.core.xee.XProcessImpl # Acer # OAMServer.Primary
2006-11-04 18.24.09 # Warning  # processDeactivated # Process deactivated: OAMServer.Primary #  # 561 # 81848023 # com.appium.impl.core.xee.XProcessImpl # Acer # OAMServer.Primary
2006-11-04 18.24.09 # Minor    # warning # Failed to call endAccess: org.omg.CORBA.NO_RESPONSE #  # 1313 # 81848024 # com.appium.ParlayAdaptor.Wrappers.Parlay32.Framework.GatewayHandler # Acer # OAMServer.Primary
