
2006-10-28 20.16.50 #  # error # LOGGING ENDS HERE since logging is disabled for Debug in the Log configuration (this line is only here because startup log files cannot be deleted if opened in Windows) (msg no. 1) #  # 756 # 81250147 # com.appium.Monitoring.Log.LogImplMain # Acer # OAMServer.Primary
2006-10-28 20.16.50 #  # error # LOGGING ENDS HERE since logging is disabled for Debug in the Log configuration (this line is only here because startup log files cannot be deleted if opened in Windows) (msg no. 2) #  # 756 # 81250148 # com.appium.Monitoring.Log.LogImplMain # Acer # OAMServer.Primary
2006-10-28 20.16.50 #  # error # LOGGING ENDS HERE since logging is disabled for Debug in the Log configuration (this line is only here because startup log files cannot be deleted if opened in Windows) (msg no. 3) #  # 756 # 81250149 # com.appium.Monitoring.Log.LogImplMain # Acer # OAMServer.Primary
2006-10-28 20.16.50 #  # error # LOGGING ENDS HERE since logging is disabled for Debug in the Log configuration (this line is only here because startup log files cannot be deleted if opened in Windows) (msg no. 4) #  # 756 # 81250150 # com.appium.Monitoring.Log.LogImplMain # Acer # OAMServer.Primary
2006-10-28 20.16.50 #  # error # LOGGING ENDS HERE since logging is disabled for Debug in the Log configuration (this line is only here because startup log files cannot be deleted if opened in Windows) (msg no. 5) #  # 756 # 81250151 # com.appium.Monitoring.Log.LogImplMain # Acer # OAMServer.Primary
2006-10-28 20.16.50 #  # error # LOGGING ENDS HERE since logging is disabled for Debug in the Log configuration (this line is only here because startup log files cannot be deleted if opened in Windows) (msg no. 6) #  # 756 # 81250152 # com.appium.Monitoring.Log.LogImplMain # Acer # OAMServer.Primary
2006-10-28 20.16.50 #  # error # LOGGING ENDS HERE since logging is disabled for Debug in the Log configuration (this line is only here because startup log files cannot be deleted if opened in Windows) (msg no. 7) #  # 756 # 81250153 # com.appium.Monitoring.Log.LogImplMain # Acer # OAMServer.Primary
2006-10-28 20.16.50 #  # error # LOGGING ENDS HERE since logging is disabled for Debug in the Log configuration (this line is only here because startup log files cannot be deleted if opened in Windows) (msg no. 8) #  # 756 # 81250154 # com.appium.Monitoring.Log.LogImplMain # Acer # OAMServer.Primary
2006-10-28 20.16.50 #  # error # LOGGING ENDS HERE since logging is disabled for Debug in the Log configuration (this line is only here because startup log files cannot be deleted if opened in Windows) (msg no. 9) #  # 756 # 81250155 # com.appium.Monitoring.Log.LogImplMain # Acer # OAMServer.Primary
2006-10-28 20.16.50 #  # error # LOGGING ENDS HERE since logging is disabled for Debug in the Log configuration (this line is only here because startup log files cannot be deleted if opened in Windows) (msg no. 10) #  # 756 # 81250156 # com.appium.Monitoring.Log.LogImplMain # Acer # OAMServer.Primary
2006-10-28 20.16.50 # Warning  # objectActive # Object active (new): StatusInfoAccess_Primary@OAMServer.Primary (reported by ObjectRegistry) #  # 514 # 81250166 # com.appium.impl.core.xee.XProcessImpl # Acer # OAMServer.Primary
2006-10-28 20.16.51 # Warning  # systemEvent # Starting System Statistics... #  # 697 # 81250174 # com.appium.SystemInfo.SystemStatisticsModule # Acer # OAMServer.Primary
2006-10-28 20.16.53 # Warning  # objectActive # Object active (new): TraceReceiver_Primary@OAMServer.Primary (reported by ObjectRegistry) #  # 514 # 81250191 # com.appium.impl.core.xee.XProcessImpl # Acer # OAMServer.Primary
2006-10-28 20.16.53 # Warning  # systemEvent # Starting System Info... #  # 1659 # 81250195 # com.appium.SystemInfo.SystemInfoModule # Acer # OAMServer.Primary
2006-10-28 20.16.54 # Warning  # objectActive # Object active (new): XNodeDatabase_Primary@OAMServer.Primary (reported by ObjectRegistry) #  # 514 # 81250199 # com.appium.impl.core.xee.XProcessImpl # Acer # OAMServer.Primary
2006-10-28 20.17.01 # Warning  # objectActive # Object active (new): ServiceUpdate_Primary@OAMServer.Primary (reported by ObjectRegistry) #  # 514 # 81250258 # com.appium.impl.core.xee.XProcessImpl # Acer # OAMServer.Primary
2006-10-28 20.17.03 # Warning  # objectActive # Object active (new): GraphDataEventReceiver_Primary@OAMServer.Primary (reported by ObjectRegistry) #  # 514 # 81250266 # com.appium.impl.core.xee.XProcessImpl # Acer # OAMServer.Primary
2006-10-28 20.17.03 # Warning  # objectActive # Object active (new): Framework_Primary@OAMServer.Primary (reported by ObjectRegistry) #  # 514 # 81250267 # com.appium.impl.core.xee.XProcessImpl # Acer # OAMServer.Primary
2006-10-28 20.17.04 # Warning  # processActive # Process active: OAMServer.Primary #  # 560 # 81250272 # com.appium.impl.core.xee.XProcessImpl # Acer # OAMServer.Primary
2006-10-28 20.17.04 #  # gatewayDown # Failed to obtain IpAccess of gateway NSIM: TheOrb: Could not open socket at localhost:15000 #  # 346 # 81250273 # com.appium.ParlayAdaptor.Wrappers.Parlay32.Framework.GatewayHandler # Acer # OAMServer.Primary
2006-10-28 20.17.46 # Warning  # processOnline # Process online: NSim.Default@Acer.0 (inactive) #  # 563 # 81250274 # com.appium.impl.core.xee.XProcessImpl # Acer # OAMServer.Primary
2006-10-28 20.17.46 #  # error # Cannot report object up # java.lang.NullPointerException # 138 # 81250276 # com.appium.Basement.Registry.ActiveObjectList_XEEAdapted # Acer # OAMServer.Primary
2006-10-28 20.17.47 # Warning  # objectActive # Object active (new): XTransport_Default@NSim.Default@Acer.0 (reported by ObjectRegistry) #  # 514 # 81250277 # com.appium.impl.core.xee.XProcessImpl # Acer # OAMServer.Primary
2006-10-28 20.17.47 # Warning  # objectActive # Object active (new): StatusInfoAccess_Default@NSim.Default@Acer.0 (reported by ObjectRegistry) #  # 514 # 81250278 # com.appium.impl.core.xee.XProcessImpl # Acer # OAMServer.Primary
2006-10-28 20.17.50 # Warning  # objectActive # Object active (new): ServiceUpdate_Default@NSim.Default@Acer.0 (reported by ObjectRegistry) #  # 514 # 81250279 # com.appium.impl.core.xee.XProcessImpl # Acer # OAMServer.Primary
2006-10-28 20.17.50 # Warning  # processActive # Process active: NSim.Default@Acer.0 #  # 560 # 81250280 # com.appium.impl.core.xee.XProcessImpl # Acer # OAMServer.Primary
2006-10-28 20.18.17 # Warning  # processOnline # Process online: Distributor.Trrigering@localhost.0 (inactive) #  # 563 # 81250282 # com.appium.impl.core.xee.XProcessImpl # Acer # OAMServer.Primary
2006-10-28 20.18.17 # Warning  # objectActive # Object active (new): XTransport_Trrigering@Distributor.Trrigering@localhost.0 (reported by ObjectRegistry) #  # 514 # 81250284 # com.appium.impl.core.xee.XProcessImpl # Acer # OAMServer.Primary
2006-10-28 20.18.20 # Warning  # objectActive # Object active (new): StatusInfoAccess_Trrigering@Distributor.Trrigering@localhost.0 (reported by ObjectRegistry) #  # 514 # 81250285 # com.appium.impl.core.xee.XProcessImpl # Acer # OAMServer.Primary
2006-10-28 20.18.22 # Warning  # objectActive # Object active (new): SessionRegistry_Trrigering@Distributor.Trrigering@localhost.0 (reported by ObjectRegistry) #  # 514 # 81250286 # com.appium.impl.core.xee.XProcessImpl # Acer # OAMServer.Primary
2006-10-28 20.18.22 # Warning  # objectActive # Object active (new): ServiceUpdate_Trrigering@Distributor.Trrigering@localhost.0 (reported by ObjectRegistry) #  # 514 # 81250287 # com.appium.impl.core.xee.XProcessImpl # Acer # OAMServer.Primary
2006-10-28 20.18.28 # Warning  # processActive # Process active: Distributor.Trrigering@localhost.0 #  # 560 # 81250288 # com.appium.impl.core.xee.XProcessImpl # Acer # OAMServer.Primary
2006-10-28 20.19.31 # Minor    # warning # Feature  not found! #  # 702 # 81250289 # com.appium.Basement.Registry.FeatureSearchTree # Acer # OAMServer.Primary
2006-10-28 20.20.32 # Warning  # objectActive # Object active (new): XTransport_Collect Calls@XContainer.Collect Calls@localhost.50 (reported by ObjectRegistry) #  # 514 # 81250290 # com.appium.impl.core.xee.XProcessImpl # Acer # OAMServer.Primary
2006-10-28 20.20.32 # Warning  # processOnline # Process online: XContainer.Collect Calls@localhost.50 (inactive) #  # 563 # 81250292 # com.appium.impl.core.xee.XProcessImpl # Acer # OAMServer.Primary
2006-10-28 20.20.42 # Warning  # objectActive # Object active (new): StatusInfoAccess_Collect Calls@XContainer.Collect Calls@localhost.50 (reported by ObjectRegistry) #  # 514 # 81250293 # com.appium.impl.core.xee.XProcessImpl # Acer # OAMServer.Primary
2006-10-28 20.30.34 # Minor    # warning # Could not get grid of status info from other process # org.omg.CORBA.NO_RESPONSE: Connection timeout  minor code: 0x0  completed: No # 0 # 81250318 # com.appium.Basement.OAM.StatusOverview.StatusInfoAccessClient # Acer # OAMServer.Primary
2006-10-28 20.30.35 # Warning  # objectOffline # Object offline: StatusInfoAccess_Collect Calls@XContainer.Collect Calls@localhost.50 (reported by Surveillance ) #  # 517 # 81250320 # com.appium.impl.core.xee.XProcessImpl # Acer # OAMServer.Primary
2006-10-28 20.30.35 # Critical # processOffline # Process offline: XContainer.Collect Calls@localhost.50 #  # 562 # 81250321 # com.appium.impl.core.xee.XProcessImpl # Acer # OAMServer.Primary
2006-10-28 20.30.35 # Warning  # objectOffline # Object offline: XTransport_Collect Calls@XContainer.Collect Calls@localhost.50 (reported by Surveillance ) #  # 517 # 81250322 # com.appium.impl.core.xee.XProcessImpl # Acer # OAMServer.Primary
2006-10-28 20.31.45 # Warning  # processOnline # Process online: XContainer.Collect Calls@localhost.50 (inactive) #  # 563 # 81250339 # com.appium.impl.core.xee.XProcessImpl # Acer # OAMServer.Primary
2006-10-28 20.31.45 # Warning  # objectActive # Object active: XTransport_Collect Calls@XContainer.Collect Calls@localhost.50 (reported by ObjectRegistry) #  # 515 # 81250341 # com.appium.impl.core.xee.XProcessImpl # Acer # OAMServer.Primary
2006-10-28 20.31.49 # Warning  # objectActive # Object active: StatusInfoAccess_Collect Calls@XContainer.Collect Calls@localhost.50 (reported by ObjectRegistry) #  # 515 # 81250342 # com.appium.impl.core.xee.XProcessImpl # Acer # OAMServer.Primary
2006-10-28 20.36.59 # Minor    # warning # Could not get grid of status info from other process # org.omg.CORBA.NO_RESPONSE: Connection timeout  minor code: 0x0  completed: No # 0 # 81250343 # com.appium.Basement.OAM.StatusOverview.StatusInfoAccessClient # Acer # OAMServer.Primary
2006-10-28 20.37.01 # Warning  # objectOffline # Object offline: StatusInfoAccess_Collect Calls@XContainer.Collect Calls@localhost.50 (reported by Surveillance ) #  # 517 # 81250345 # com.appium.impl.core.xee.XProcessImpl # Acer # OAMServer.Primary
2006-10-28 20.37.01 # Critical # processOffline # Process offline: XContainer.Collect Calls@localhost.50 #  # 562 # 81250346 # com.appium.impl.core.xee.XProcessImpl # Acer # OAMServer.Primary
2006-10-28 20.37.01 # Warning  # objectOffline # Object offline: XTransport_Collect Calls@XContainer.Collect Calls@localhost.50 (reported by Surveillance ) #  # 517 # 81250347 # com.appium.impl.core.xee.XProcessImpl # Acer # OAMServer.Primary
2006-10-28 20.37.43 # Warning  # processDeactivated # Process deactivated: OAMServer.Primary #  # 561 # 81250348 # com.appium.impl.core.xee.XProcessImpl # Acer # OAMServer.Primary
