
2006-10-28 20.50.08 # Warning  # objectActive # Object active (new): StatusInfoAccess_Default@NSim.Default@localhost.0 (reported by ObjectRegistry) #  # 514 # 81252165 # com.appium.impl.core.xee.XProcessImpl # localhost # NSim.Default@localhost.0
2006-10-28 20.50.08 # Warning  # systemEvent # Starting System Statistics... #  # 697 # 81252173 # com.appium.SystemInfo.SystemStatisticsModule # localhost # NSim.Default@localhost.0
2006-10-28 20.50.10 # Warning  # systemEvent # Starting NSim... #  # 1239 # 81252196 # Gateway # localhost # NSim.Default@localhost.0
2006-10-28 20.50.11 # Warning  # objectActive # Object activated: NSim.Default@localhost.0 (reported by ObjectRegistry) #  # 513 # 81252198 # com.appium.impl.core.xee.XProcessImpl # localhost # NSim.Default@localhost.0
2006-10-28 20.50.11 # Warning  # objectActive # Object active (new): ServiceUpdate_Default@NSim.Default@localhost.0 (reported by ObjectRegistry) #  # 514 # 81252199 # com.appium.impl.core.xee.XProcessImpl # localhost # NSim.Default@localhost.0
2006-10-28 20.50.49 # Warning  # marker # ========== Administrator Marker ========== #  # 508 # 81252201 # com.appium.Log # localhost # NSim.Default@localhost.0
2006-10-28 20.51.00 # Warning  # objectOnline # Object online (new): XContainer.Collect Calls@localhost.50 (inactive, reported by ObjectRegistry) #  # 518 # 81252202 # com.appium.impl.core.xee.XProcessImpl # localhost # NSim.Default@localhost.0
2006-10-28 20.51.00 # Warning  # objectActive # Object active (new): XTransport_Collect Calls@XContainer.Collect Calls@localhost.50 (reported by ObjectRegistry) #  # 514 # 81252204 # com.appium.impl.core.xee.XProcessImpl # localhost # NSim.Default@localhost.0
2006-10-28 20.51.05 # Warning  # objectActive # Object active (new): StatusInfoAccess_Collect Calls@XContainer.Collect Calls@localhost.50 (reported by ObjectRegistry) #  # 514 # 81252205 # com.appium.impl.core.xee.XProcessImpl # localhost # NSim.Default@localhost.0
2006-10-28 20.51.22 # Warning  # objectActive # Object active (new): ServiceUpdate_Collect Calls@XContainer.Collect Calls@localhost.50 (reported by ObjectRegistry) #  # 514 # 81252206 # com.appium.impl.core.xee.XProcessImpl # localhost # NSim.Default@localhost.0
2006-10-28 20.51.22 # Warning  # objectActive # Object activated: XContainer.Collect Calls@localhost.50 (reported by ObjectRegistry) #  # 513 # 81252207 # com.appium.impl.core.xee.XProcessImpl # localhost # NSim.Default@localhost.0
2006-10-28 20.56.33 # Warning  # objectOffline # Object offline: ServiceUpdate_Collect Calls@XContainer.Collect Calls@localhost.50 (reported by Surveillance ) #  # 517 # 81252209 # com.appium.impl.core.xee.XProcessImpl # localhost # NSim.Default@localhost.0
2006-10-28 20.56.34 # Warning  # objectOffline # Object offline: StatusInfoAccess_Collect Calls@XContainer.Collect Calls@localhost.50 (reported by Surveillance ) #  # 517 # 81252210 # com.appium.impl.core.xee.XProcessImpl # localhost # NSim.Default@localhost.0
2006-10-28 20.56.34 # Warning  # objectOffline # Object offline: XContainer.Collect Calls@localhost.50 (reported by Surveillance ) #  # 517 # 81252211 # com.appium.impl.core.xee.XProcessImpl # localhost # NSim.Default@localhost.0
2006-10-28 20.56.34 # Warning  # objectOffline # Object offline: XTransport_Collect Calls@XContainer.Collect Calls@localhost.50 (reported by Surveillance ) #  # 517 # 81252212 # com.appium.impl.core.xee.XProcessImpl # localhost # NSim.Default@localhost.0
2006-10-28 20.58.55 # Warning  # objectActive # Object active: ServiceUpdate_Collect Calls@XContainer.Collect Calls@localhost.50 (reported by ObjectRegistry) #  # 515 # 81252213 # com.appium.impl.core.xee.XProcessImpl # localhost # NSim.Default@localhost.0
2006-10-28 20.58.56 # Warning  # objectActive # Object active: StatusInfoAccess_Collect Calls@XContainer.Collect Calls@localhost.50 (reported by ObjectRegistry) #  # 515 # 81252214 # com.appium.impl.core.xee.XProcessImpl # localhost # NSim.Default@localhost.0
2006-10-28 20.58.56 # Warning  # objectActive # Object active: XContainer.Collect Calls@localhost.50 (reported by ObjectRegistry) #  # 515 # 81252215 # com.appium.impl.core.xee.XProcessImpl # localhost # NSim.Default@localhost.0
2006-10-28 20.58.56 # Warning  # objectActive # Object active: XTransport_Collect Calls@XContainer.Collect Calls@localhost.50 (reported by ObjectRegistry) #  # 515 # 81252216 # com.appium.impl.core.xee.XProcessImpl # localhost # NSim.Default@localhost.0
2006-10-28 21.02.53 # Warning  # objectOffline # Object offline: ServiceUpdate_Collect Calls@XContainer.Collect Calls@localhost.50 (reported by Surveillance ) #  # 517 # 81252218 # com.appium.impl.core.xee.XProcessImpl # localhost # NSim.Default@localhost.0
2006-10-28 21.02.53 # Warning  # objectOffline # Object offline: StatusInfoAccess_Collect Calls@XContainer.Collect Calls@localhost.50 (reported by Surveillance ) #  # 517 # 81252219 # com.appium.impl.core.xee.XProcessImpl # localhost # NSim.Default@localhost.0
2006-10-28 21.02.53 # Warning  # objectOffline # Object offline: XContainer.Collect Calls@localhost.50 (reported by Surveillance ) #  # 517 # 81252220 # com.appium.impl.core.xee.XProcessImpl # localhost # NSim.Default@localhost.0
2006-10-28 21.02.53 # Warning  # objectOffline # Object offline: XTransport_Collect Calls@XContainer.Collect Calls@localhost.50 (reported by Surveillance ) #  # 517 # 81252221 # com.appium.impl.core.xee.XProcessImpl # localhost # NSim.Default@localhost.0
