
2006-11-04 17.18.54 # Warning  # objectActive # Object active (new): StatusInfoAccess_Collect Calls@XContainer.Collect Calls@localhost.50 (reported by ObjectRegistry) #  # 514 # 81847864 # com.appium.impl.core.xee.XProcessImpl # localhost # NSim.Default@localhost.0
2006-11-04 17.18.54 # Warning  # objectActive # Object active (new): StatusInfoAccess_Default@NSim.Default@localhost.0 (reported by ObjectRegistry) #  # 514 # 81847865 # com.appium.impl.core.xee.XProcessImpl # localhost # NSim.Default@localhost.0
2006-11-04 17.18.55 # Warning  # objectActive # Object active (new): StatusInfoAccess_Trrigering@Distributor.Trrigering@localhost.0 (reported by ObjectRegistry) #  # 514 # 81847867 # com.appium.impl.core.xee.XProcessImpl # localhost # NSim.Default@localhost.0
2006-11-04 17.19.02 # Warning  # systemEvent # Starting System Statistics... #  # 697 # 81847878 # com.appium.SystemInfo.SystemStatisticsModule # localhost # NSim.Default@localhost.0
2006-11-04 17.19.03 # Warning  # objectActive # Object active (new): ServiceUpdate_Trrigering@Distributor.Trrigering@localhost.0 (reported by ObjectRegistry) #  # 514 # 81847889 # com.appium.impl.core.xee.XProcessImpl # localhost # NSim.Default@localhost.0
2006-11-04 17.19.03 # Warning  # objectActive # Object active (new): SessionRegistry_Trrigering@Distributor.Trrigering@localhost.0 (reported by ObjectRegistry) #  # 514 # 81847890 # com.appium.impl.core.xee.XProcessImpl # localhost # NSim.Default@localhost.0
2006-11-04 17.19.18 # Warning  # systemEvent # Starting NSim... #  # 1239 # 81847903 # Gateway # localhost # NSim.Default@localhost.0
2006-11-04 17.19.18 # Warning  # objectActive # Object activated: NSim.Default@localhost.0 (reported by Surveillance  ) #  # 513 # 81847904 # com.appium.impl.core.xee.XProcessImpl # localhost # NSim.Default@localhost.0
2006-11-04 17.19.19 # Warning  # objectActive # Object active (new): ServiceUpdate_Collect Calls@XContainer.Collect Calls@localhost.50 (reported by ObjectRegistry) #  # 514 # 81847906 # com.appium.impl.core.xee.XProcessImpl # localhost # NSim.Default@localhost.0
2006-11-04 17.19.19 # Warning  # objectActive # Object active (new): ServiceUpdate_Default@NSim.Default@localhost.0 (reported by ObjectRegistry) #  # 514 # 81847907 # com.appium.impl.core.xee.XProcessImpl # localhost # NSim.Default@localhost.0
2006-11-04 17.19.19 # Warning  # objectActive # Object activated: XContainer.Collect Calls@localhost.50 (reported by ObjectRegistry) #  # 513 # 81847908 # com.appium.impl.core.xee.XProcessImpl # localhost # NSim.Default@localhost.0
2006-11-04 17.19.25 # Warning  # objectActive # Object activated: Distributor.Trrigering@localhost.0 (reported by Surveillance  ) #  # 513 # 81847909 # com.appium.impl.core.xee.XProcessImpl # localhost # NSim.Default@localhost.0
2006-11-04 17.25.52 # Warning  # objectOffline # Object offline: ServiceUpdate_Collect Calls@XContainer.Collect Calls@localhost.50 (reported by Surveillance ) #  # 517 # 81847913 # com.appium.impl.core.xee.XProcessImpl # localhost # NSim.Default@localhost.0
2006-11-04 17.25.52 # Warning  # objectOffline # Object offline: StatusInfoAccess_Collect Calls@XContainer.Collect Calls@localhost.50 (reported by Surveillance ) #  # 517 # 81847914 # com.appium.impl.core.xee.XProcessImpl # localhost # NSim.Default@localhost.0
2006-11-04 17.25.52 # Warning  # objectOffline # Object offline: XContainer.Collect Calls@localhost.50 (reported by Surveillance ) #  # 517 # 81847915 # com.appium.impl.core.xee.XProcessImpl # localhost # NSim.Default@localhost.0
2006-11-04 17.25.52 # Warning  # objectOffline # Object offline: XTransport_Collect Calls@XContainer.Collect Calls@localhost.50 (reported by Surveillance ) #  # 517 # 81847916 # com.appium.impl.core.xee.XProcessImpl # localhost # NSim.Default@localhost.0
2006-11-04 17.27.13 # Warning  # objectOnline # Object online (new): XContainer.XTE@localhost.0 (inactive, reported by ObjectRegistry) #  # 518 # 81847917 # com.appium.impl.core.xee.XProcessImpl # localhost # NSim.Default@localhost.0
2006-11-04 17.27.16 # Warning  # objectActive # Object active (new): StatusInfoAccess_XTE@XContainer.XTE@localhost.0 (reported by ObjectRegistry) #  # 514 # 81847919 # com.appium.impl.core.xee.XProcessImpl # localhost # NSim.Default@localhost.0
2006-11-04 17.27.16 # Warning  # objectActive # Object active (new): XTransport_XTE@XContainer.XTE@localhost.0 (reported by ObjectRegistry) #  # 514 # 81847920 # com.appium.impl.core.xee.XProcessImpl # localhost # NSim.Default@localhost.0
2006-11-04 17.27.23 # Warning  # objectActive # Object active (new): ServiceUpdate_XTE@XContainer.XTE@localhost.0 (reported by ObjectRegistry) #  # 514 # 81847921 # com.appium.impl.core.xee.XProcessImpl # localhost # NSim.Default@localhost.0
2006-11-04 17.27.23 # Warning  # objectActive # Object activated: XContainer.XTE@localhost.0 (reported by ObjectRegistry) #  # 513 # 81847922 # com.appium.impl.core.xee.XProcessImpl # localhost # NSim.Default@localhost.0
2006-11-04 17.31.37 # Warning  # objectOffline # Object offline: ServiceUpdate_XTE@XContainer.XTE@localhost.0 (reported by Surveillance ) #  # 517 # 81847924 # com.appium.impl.core.xee.XProcessImpl # localhost # NSim.Default@localhost.0
2006-11-04 17.31.37 # Warning  # objectOffline # Object offline: StatusInfoAccess_XTE@XContainer.XTE@localhost.0 (reported by Surveillance ) #  # 517 # 81847925 # com.appium.impl.core.xee.XProcessImpl # localhost # NSim.Default@localhost.0
2006-11-04 17.31.37 # Warning  # objectOffline # Object offline: XContainer.XTE@localhost.0 (reported by Surveillance ) #  # 517 # 81847926 # com.appium.impl.core.xee.XProcessImpl # localhost # NSim.Default@localhost.0
2006-11-04 17.31.40 # Warning  # objectOffline # Object offline: XTransport_XTE@XContainer.XTE@localhost.0 (reported by Surveillance ) #  # 517 # 81847927 # com.appium.impl.core.xee.XProcessImpl # localhost # NSim.Default@localhost.0
2006-11-04 17.34.02 # Warning  # objectOnline # Object online again: XContainer.XTE@localhost.0 (inactive, reported by ObjectRegistry) #  # 519 # 81847928 # com.appium.impl.core.xee.XProcessImpl # localhost # NSim.Default@localhost.0
2006-11-04 17.34.02 # Warning  # objectActive # Object active: XTransport_XTE@XContainer.XTE@localhost.0 (reported by ObjectRegistry) #  # 515 # 81847929 # com.appium.impl.core.xee.XProcessImpl # localhost # NSim.Default@localhost.0
2006-11-04 17.34.05 # Warning  # objectActive # Object active: StatusInfoAccess_XTE@XContainer.XTE@localhost.0 (reported by ObjectRegistry) #  # 515 # 81847930 # com.appium.impl.core.xee.XProcessImpl # localhost # NSim.Default@localhost.0
2006-11-04 17.34.08 # Warning  # objectActive # Object active: ServiceUpdate_XTE@XContainer.XTE@localhost.0 (reported by ObjectRegistry) #  # 515 # 81847931 # com.appium.impl.core.xee.XProcessImpl # localhost # NSim.Default@localhost.0
2006-11-04 17.34.09 # Warning  # objectActive # Object active (new): SessionRegistry_XTE@XContainer.XTE@localhost.0 (reported by ObjectRegistry) #  # 514 # 81847932 # com.appium.impl.core.xee.XProcessImpl # localhost # NSim.Default@localhost.0
2006-11-04 17.35.46 # Warning  # objectActive # Object activated: XContainer.XTE@localhost.0 (reported by Surveillance  ) #  # 513 # 81847933 # com.appium.impl.core.xee.XProcessImpl # localhost # NSim.Default@localhost.0
2006-11-04 17.35.47 # Warning  # objectActive # Object active (new): SessionBackupStore_XTE@XContainer.XTE@localhost.0 (reported by ObjectRegistry) #  # 514 # 81847934 # com.appium.impl.core.xee.XProcessImpl # localhost # NSim.Default@localhost.0
2006-11-04 17.35.59 # Minor    # warning # Could not find local ExecDaemon #  # 698 # 81847936 # com.appium.SystemInfo.ProcessInfo # localhost # NSim.Default@localhost.0
2006-11-04 17.37.50 # Warning  # objectOnline # Object online (new): XContainer.XTE@localhost.250 (inactive, reported by ObjectRegistry) #  # 518 # 81847937 # com.appium.impl.core.xee.XProcessImpl # localhost # NSim.Default@localhost.0
2006-11-04 17.37.53 # Warning  # objectActive # Object active (new): XTransport_XTE@XContainer.XTE@localhost.250 (reported by ObjectRegistry) #  # 514 # 81847939 # com.appium.impl.core.xee.XProcessImpl # localhost # NSim.Default@localhost.0
2006-11-04 17.38.34 # Warning  # objectActive # Object active (new): StatusInfoAccess_XTE@XContainer.XTE@localhost.250 (reported by ObjectRegistry) #  # 514 # 81847940 # com.appium.impl.core.xee.XProcessImpl # localhost # NSim.Default@localhost.0
