
2006-11-04 17.18.54 # Warning  # objectActive # Object active (new): StatusInfoAccess_Collect Calls@XContainer.Collect Calls@localhost.50 (reported by ObjectRegistry) #  # 514 # 81847866 # com.appium.impl.core.xee.XProcessImpl # localhost # Distributor.Trrigering@localhost.0
2006-11-04 17.18.54 # Warning  # objectActive # Object active (new): StatusInfoAccess_Default@NSim.Default@localhost.0 (reported by ObjectRegistry) #  # 514 # 81847867 # com.appium.impl.core.xee.XProcessImpl # localhost # Distributor.Trrigering@localhost.0
2006-11-04 17.18.55 # Warning  # objectActive # Object active (new): StatusInfoAccess_Trrigering@Distributor.Trrigering@localhost.0 (reported by ObjectRegistry) #  # 514 # 81847872 # com.appium.impl.core.xee.XProcessImpl # localhost # Distributor.Trrigering@localhost.0
2006-11-04 17.19.02 # Warning  # systemEvent # Starting System Statistics... #  # 697 # 81847879 # com.appium.SystemInfo.SystemStatisticsModule # localhost # Distributor.Trrigering@localhost.0
2006-11-04 17.19.03 # Warning  # objectActive # Object active (new): ServiceUpdate_Trrigering@Distributor.Trrigering@localhost.0 (reported by ObjectRegistry) #  # 514 # 81847897 # com.appium.impl.core.xee.XProcessImpl # localhost # Distributor.Trrigering@localhost.0
2006-11-04 17.19.03 # Warning  # objectActive # Object active (new): SessionRegistry_Trrigering@Distributor.Trrigering@localhost.0 (reported by ObjectRegistry) #  # 514 # 81847898 # com.appium.impl.core.xee.XProcessImpl # localhost # Distributor.Trrigering@localhost.0
2006-11-04 17.19.18 # Warning  # objectActive # Object activated: NSim.Default@localhost.0 (reported by Surveillance  ) #  # 513 # 81847915 # com.appium.impl.core.xee.XProcessImpl # localhost # Distributor.Trrigering@localhost.0
2006-11-04 17.19.18 # Warning  # objectActive # Object activated: XContainer.Collect Calls@localhost.50 (reported by Surveillance  ) #  # 513 # 81847916 # com.appium.impl.core.xee.XProcessImpl # localhost # Distributor.Trrigering@localhost.0
2006-11-04 17.19.19 # Warning  # objectActive # Object active (new): ServiceUpdate_Collect Calls@XContainer.Collect Calls@localhost.50 (reported by ObjectRegistry) #  # 514 # 81847918 # com.appium.impl.core.xee.XProcessImpl # localhost # Distributor.Trrigering@localhost.0
2006-11-04 17.19.19 # Warning  # objectActive # Object active (new): ServiceUpdate_Default@NSim.Default@localhost.0 (reported by ObjectRegistry) #  # 514 # 81847919 # com.appium.impl.core.xee.XProcessImpl # localhost # Distributor.Trrigering@localhost.0
2006-11-04 17.19.24 # Warning  # objectActive # Object activated: Distributor.Trrigering@localhost.0 (reported by Surveillance  ) #  # 513 # 81847929 # com.appium.impl.core.xee.XProcessImpl # localhost # Distributor.Trrigering@localhost.0
2006-11-04 17.25.49 # Warning  # objectOffline # Object offline: ServiceUpdate_Collect Calls@XContainer.Collect Calls@localhost.50 (reported by Surveillance ) #  # 517 # 81847935 # com.appium.impl.core.xee.XProcessImpl # localhost # Distributor.Trrigering@localhost.0
2006-11-04 17.25.49 # Warning  # objectOffline # Object offline: StatusInfoAccess_Collect Calls@XContainer.Collect Calls@localhost.50 (reported by Surveillance ) #  # 517 # 81847936 # com.appium.impl.core.xee.XProcessImpl # localhost # Distributor.Trrigering@localhost.0
2006-11-04 17.25.49 # Warning  # objectOffline # Object offline: XContainer.Collect Calls@localhost.50 (reported by Surveillance ) #  # 517 # 81847937 # com.appium.impl.core.xee.XProcessImpl # localhost # Distributor.Trrigering@localhost.0
2006-11-04 17.25.49 # Warning  # objectOffline # Object offline: XTransport_Collect Calls@XContainer.Collect Calls@localhost.50 (reported by Surveillance ) #  # 517 # 81847938 # com.appium.impl.core.xee.XProcessImpl # localhost # Distributor.Trrigering@localhost.0
2006-11-04 17.27.13 # Warning  # objectOnline # Object online (new): XContainer.XTE@localhost.0 (inactive, reported by ObjectRegistry) #  # 518 # 81847939 # com.appium.impl.core.xee.XProcessImpl # localhost # Distributor.Trrigering@localhost.0
2006-11-04 17.27.16 # Warning  # objectActive # Object active (new): StatusInfoAccess_XTE@XContainer.XTE@localhost.0 (reported by ObjectRegistry) #  # 514 # 81847941 # com.appium.impl.core.xee.XProcessImpl # localhost # Distributor.Trrigering@localhost.0
2006-11-04 17.27.16 # Warning  # objectActive # Object active (new): XTransport_XTE@XContainer.XTE@localhost.0 (reported by ObjectRegistry) #  # 514 # 81847942 # com.appium.impl.core.xee.XProcessImpl # localhost # Distributor.Trrigering@localhost.0
2006-11-04 17.27.23 # Warning  # objectActive # Object active (new): ServiceUpdate_XTE@XContainer.XTE@localhost.0 (reported by ObjectRegistry) #  # 514 # 81847943 # com.appium.impl.core.xee.XProcessImpl # localhost # Distributor.Trrigering@localhost.0
2006-11-04 17.27.23 # Warning  # objectActive # Object activated: XContainer.XTE@localhost.0 (reported by ObjectRegistry) #  # 513 # 81847944 # com.appium.impl.core.xee.XProcessImpl # localhost # Distributor.Trrigering@localhost.0
2006-11-04 17.31.38 # Warning  # objectOffline # Object offline: ServiceUpdate_XTE@XContainer.XTE@localhost.0 (reported by Surveillance ) #  # 517 # 81847946 # com.appium.impl.core.xee.XProcessImpl # localhost # Distributor.Trrigering@localhost.0
2006-11-04 17.31.39 # Warning  # objectOffline # Object offline: StatusInfoAccess_XTE@XContainer.XTE@localhost.0 (reported by Surveillance ) #  # 517 # 81847947 # com.appium.impl.core.xee.XProcessImpl # localhost # Distributor.Trrigering@localhost.0
2006-11-04 17.31.39 # Warning  # objectOffline # Object offline: XContainer.XTE@localhost.0 (reported by Surveillance ) #  # 517 # 81847948 # com.appium.impl.core.xee.XProcessImpl # localhost # Distributor.Trrigering@localhost.0
2006-11-04 17.31.40 # Warning  # objectOffline # Object offline: XTransport_XTE@XContainer.XTE@localhost.0 (reported by Surveillance ) #  # 517 # 81847949 # com.appium.impl.core.xee.XProcessImpl # localhost # Distributor.Trrigering@localhost.0
2006-11-04 17.34.02 # Warning  # objectOnline # Object online again: XContainer.XTE@localhost.0 (inactive, reported by ObjectRegistry) #  # 519 # 81847950 # com.appium.impl.core.xee.XProcessImpl # localhost # Distributor.Trrigering@localhost.0
2006-11-04 17.34.02 # Warning  # objectActive # Object active: XTransport_XTE@XContainer.XTE@localhost.0 (reported by ObjectRegistry) #  # 515 # 81847951 # com.appium.impl.core.xee.XProcessImpl # localhost # Distributor.Trrigering@localhost.0
2006-11-04 17.34.05 # Warning  # objectActive # Object active: StatusInfoAccess_XTE@XContainer.XTE@localhost.0 (reported by ObjectRegistry) #  # 515 # 81847952 # com.appium.impl.core.xee.XProcessImpl # localhost # Distributor.Trrigering@localhost.0
2006-11-04 17.34.08 # Warning  # objectActive # Object active: ServiceUpdate_XTE@XContainer.XTE@localhost.0 (reported by ObjectRegistry) #  # 515 # 81847953 # com.appium.impl.core.xee.XProcessImpl # localhost # Distributor.Trrigering@localhost.0
2006-11-04 17.34.09 # Warning  # objectActive # Object active (new): SessionRegistry_XTE@XContainer.XTE@localhost.0 (reported by ObjectRegistry) #  # 514 # 81847954 # com.appium.impl.core.xee.XProcessImpl # localhost # Distributor.Trrigering@localhost.0
2006-11-04 17.35.47 # Warning  # objectActive # Object active (new): SessionBackupStore_XTE@XContainer.XTE@localhost.0 (reported by ObjectRegistry) #  # 514 # 81847955 # com.appium.impl.core.xee.XProcessImpl # localhost # Distributor.Trrigering@localhost.0
2006-11-04 17.35.49 # Warning  # objectActive # Object activated: XContainer.XTE@localhost.0 (reported by Surveillance  ) #  # 513 # 81847956 # com.appium.impl.core.xee.XProcessImpl # localhost # Distributor.Trrigering@localhost.0
2006-11-04 17.37.49 # Warning  # objectOnline # Object online (new): XContainer.XTE@localhost.250 (inactive, reported by ObjectRegistry) #  # 518 # 81847957 # com.appium.impl.core.xee.XProcessImpl # localhost # Distributor.Trrigering@localhost.0
2006-11-04 17.38.03 # Warning  # objectActive # Object active (new): XTransport_XTE@XContainer.XTE@localhost.250 (reported by ObjectRegistry) #  # 514 # 81847959 # com.appium.impl.core.xee.XProcessImpl # localhost # Distributor.Trrigering@localhost.0
2006-11-04 17.38.35 # Warning  # objectActive # Object active (new): StatusInfoAccess_XTE@XContainer.XTE@localhost.250 (reported by ObjectRegistry) #  # 514 # 81847960 # com.appium.impl.core.xee.XProcessImpl # localhost # Distributor.Trrigering@localhost.0
