
2006-11-08 21.28.45 # Warning  # objectActive # Object active (new): StatusInfoAccess_XTE@XContainer.XTE@localhost.0 (reported by ObjectRegistry) #  # 514 # 82208465 # com.appium.impl.core.xee.XProcessImpl # localhost # XContainer.XTE@localhost.0
2006-11-08 21.28.45 # Warning  # objectActive # Object active (new): XTransport_XTE@XContainer.XTE@localhost.0 (reported by ObjectRegistry) #  # 514 # 82208466 # com.appium.impl.core.xee.XProcessImpl # localhost # XContainer.XTE@localhost.0
2006-11-08 21.28.46 # Warning  # systemEvent # Starting System Statistics... #  # 697 # 82208475 # com.appium.SystemInfo.SystemStatisticsModule # localhost # XContainer.XTE@localhost.0
2006-11-08 21.28.50 # Minor    # warning # Could not add system default DNS to round robin list used for outgoing SIP requests. #  # 1794 # 82208487 # com.appium.IMS.SIP # localhost # XContainer.XTE@localhost.0
2006-11-08 21.28.54 # Warning  # objectActive # Object active (new): ServiceUpdate_XTE@XContainer.XTE@localhost.0 (reported by ObjectRegistry) #  # 514 # 82208522 # com.appium.impl.core.xee.XProcessImpl # localhost # XContainer.XTE@localhost.0
2006-11-08 21.28.54 # Warning  # objectActive # Object activated: XContainer.XTE@localhost.0 (reported by ObjectRegistry) #  # 513 # 82208523 # com.appium.impl.core.xee.XProcessImpl # localhost # XContainer.XTE@localhost.0
2006-11-08 21.28.56 # Warning  # objectActive # Object active (new): SessionBackupStore_XTE@XContainer.XTE@localhost.0 (reported by ObjectRegistry) #  # 514 # 82208526 # com.appium.impl.core.xee.XProcessImpl # localhost # XContainer.XTE@localhost.0
2006-11-08 21.29.01 # Warning  # systemEvent # Starting XTE... #  # 0 # 82208527 # com.appium.XTE.XTEModule # localhost # XContainer.XTE@localhost.0
2006-11-08 21.29.01 # Warning  # objectActive # Object active (new): SessionRegistry_XTE@XContainer.XTE@localhost.0 (reported by ObjectRegistry) #  # 514 # 82208529 # com.appium.impl.core.xee.XProcessImpl # localhost # XContainer.XTE@localhost.0
2006-11-08 21.31.30 # Minor    # warning # Could not add system default DNS to round robin list used for outgoing SIP requests. [*2] #  # 1794 # 82208537 # com.appium.IMS.SIP # localhost # XContainer.XTE@localhost.0
2006-11-08 21.31.56 # Warning  # objectOnline # Object online (new): XContainer.USTestApp@localhost.50 (inactive, reported by ObjectRegistry) #  # 518 # 82208547 # com.appium.impl.core.xee.XProcessImpl # localhost # XContainer.XTE@localhost.0
2006-11-08 21.31.56 # Warning  # objectActive # Object active (new): XTransport_USTestApp@XContainer.USTestApp@localhost.50 (reported by ObjectRegistry) #  # 514 # 82208549 # com.appium.impl.core.xee.XProcessImpl # localhost # XContainer.XTE@localhost.0
2006-11-08 21.31.59 # Warning  # objectActive # Object active (new): StatusInfoAccess_USTestApp@XContainer.USTestApp@localhost.50 (reported by ObjectRegistry) #  # 514 # 82208550 # com.appium.impl.core.xee.XProcessImpl # localhost # XContainer.XTE@localhost.0
2006-11-08 21.32.09 # Warning  # objectActive # Object active (new): VoiceServerAccess_USTestApp@XContainer.USTestApp@localhost.50 (reported by ObjectRegistry) #  # 514 # 82208551 # com.appium.impl.core.xee.XProcessImpl # localhost # XContainer.XTE@localhost.0
2006-11-08 21.32.10 # Warning  # objectActive # Object active (new): ServiceUpdate_USTestApp@XContainer.USTestApp@localhost.50 (reported by ObjectRegistry) #  # 514 # 82208552 # com.appium.impl.core.xee.XProcessImpl # localhost # XContainer.XTE@localhost.0
2006-11-08 21.32.11 # Warning  # objectActive # Object active (new): SessionBackupStore_USTestApp@XContainer.USTestApp@localhost.50 (reported by ObjectRegistry) #  # 514 # 82208553 # com.appium.impl.core.xee.XProcessImpl # localhost # XContainer.XTE@localhost.0
2006-11-08 21.33.02 # Warning  # objectActive # Object activated: XContainer.USTestApp@localhost.50 (reported by Surveillance  ) #  # 513 # 82208554 # com.appium.impl.core.xee.XProcessImpl # localhost # XContainer.XTE@localhost.0
2006-11-08 21.35.25 # Warning  # objectOnline # Object online (new): NSim.Default@localhost.0 (inactive, reported by ObjectRegistry) #  # 518 # 82208555 # com.appium.impl.core.xee.XProcessImpl # localhost # XContainer.XTE@localhost.0
2006-11-08 21.35.27 # Warning  # objectActive # Object active (new): XTransport_Default@NSim.Default@localhost.0 (reported by ObjectRegistry) #  # 514 # 82208557 # com.appium.impl.core.xee.XProcessImpl # localhost # XContainer.XTE@localhost.0
2006-11-08 21.35.32 # Warning  # objectActive # Object active (new): StatusInfoAccess_Default@NSim.Default@localhost.0 (reported by ObjectRegistry) #  # 514 # 82208558 # com.appium.impl.core.xee.XProcessImpl # localhost # XContainer.XTE@localhost.0
2006-11-08 21.35.45 # Warning  # objectActive # Object activated: NSim.Default@localhost.0 (reported by ObjectRegistry) #  # 513 # 82208559 # com.appium.impl.core.xee.XProcessImpl # localhost # XContainer.XTE@localhost.0
2006-11-08 21.35.45 # Warning  # objectActive # Object active (new): ServiceUpdate_Default@NSim.Default@localhost.0 (reported by ObjectRegistry) #  # 514 # 82208560 # com.appium.impl.core.xee.XProcessImpl # localhost # XContainer.XTE@localhost.0
2006-11-08 21.37.12 #  # error # failed to set Header # java.lang.reflect.InvocationTargetException # 0 # 82208561 # com.appium.XTE.Config.RequestConfig # localhost # XContainer.XTE@localhost.0
2006-11-08 21.51.55 #  # error # failed to set Header # java.lang.reflect.InvocationTargetException # 0 # 82208562 # com.appium.XTE.Config.RequestConfig # localhost # XContainer.XTE@localhost.0
2006-11-08 21.52.43 # Minor    # warning # Could not find local ExecDaemon #  # 698 # 82208563 # com.appium.SystemInfo.ProcessInfo # localhost # XContainer.XTE@localhost.0
2006-11-08 21.54.27 #  # error # failed to set Header # java.lang.reflect.InvocationTargetException # 0 # 82208564 # com.appium.XTE.Config.RequestConfig # localhost # XContainer.XTE@localhost.0
2006-11-08 21.56.05 # Warning  # objectOffline # Object offline: ServiceUpdate_USTestApp@XContainer.USTestApp@localhost.50 (reported by Surveillance ) #  # 517 # 82208569 # com.appium.impl.core.xee.XProcessImpl # localhost # XContainer.XTE@localhost.0
2006-11-08 21.56.05 # Warning  # objectOffline # Object offline: SessionBackupStore_USTestApp@XContainer.USTestApp@localhost.50 (reported by Surveillance ) #  # 517 # 82208570 # com.appium.impl.core.xee.XProcessImpl # localhost # XContainer.XTE@localhost.0
2006-11-08 21.56.05 # Warning  # objectOffline # Object offline: StatusInfoAccess_USTestApp@XContainer.USTestApp@localhost.50 (reported by Surveillance ) #  # 517 # 82208571 # com.appium.impl.core.xee.XProcessImpl # localhost # XContainer.XTE@localhost.0
2006-11-08 21.56.05 # Warning  # objectOffline # Object offline: VoiceServerAccess_USTestApp@XContainer.USTestApp@localhost.50 (reported by Surveillance ) #  # 517 # 82208572 # com.appium.impl.core.xee.XProcessImpl # localhost # XContainer.XTE@localhost.0
2006-11-08 21.56.05 # Warning  # objectOffline # Object offline: XContainer.USTestApp@localhost.50 (reported by Surveillance ) #  # 517 # 82208573 # com.appium.impl.core.xee.XProcessImpl # localhost # XContainer.XTE@localhost.0
2006-11-08 21.56.05 # Warning  # objectOffline # Object offline: XTransport_USTestApp@XContainer.USTestApp@localhost.50 (reported by Surveillance ) #  # 517 # 82208574 # com.appium.impl.core.xee.XProcessImpl # localhost # XContainer.XTE@localhost.0
2006-11-08 21.56.29 # Warning  # objectOffline # Object offline: NSim.Default@localhost.0 (reported by Surveillance ) #  # 517 # 82208577 # com.appium.impl.core.xee.XProcessImpl # localhost # XContainer.XTE@localhost.0
2006-11-08 21.56.29 # Warning  # objectOffline # Object offline: ServiceUpdate_Default@NSim.Default@localhost.0 (reported by Surveillance ) #  # 517 # 82208578 # com.appium.impl.core.xee.XProcessImpl # localhost # XContainer.XTE@localhost.0
2006-11-08 21.56.29 # Warning  # objectOffline # Object offline: StatusInfoAccess_Default@NSim.Default@localhost.0 (reported by Surveillance ) #  # 517 # 82208579 # com.appium.impl.core.xee.XProcessImpl # localhost # XContainer.XTE@localhost.0
2006-11-08 21.56.29 # Warning  # objectOffline # Object offline: XTransport_Default@NSim.Default@localhost.0 (reported by Surveillance ) #  # 517 # 82208580 # com.appium.impl.core.xee.XProcessImpl # localhost # XContainer.XTE@localhost.0
2006-11-08 21.57.09 # Warning  # objectOffline # Object offline: Framework_Primary@OAMServer.Primary (reported by Surveillance ) #  # 517 # 82208584 # com.appium.impl.core.xee.XProcessImpl # localhost # XContainer.XTE@localhost.0
2006-11-08 21.57.10 # Warning  # objectOffline # Object offline: GraphDataEventReceiver_Primary@OAMServer.Primary (reported by Surveillance ) #  # 517 # 82208585 # com.appium.impl.core.xee.XProcessImpl # localhost # XContainer.XTE@localhost.0
2006-11-08 21.57.11 # Warning  # objectOffline # Object offline: OAMServer.Primary (reported by Surveillance ) #  # 517 # 82208586 # com.appium.impl.core.xee.XProcessImpl # localhost # XContainer.XTE@localhost.0
2006-11-08 21.57.12 # Warning  # objectOffline # Object offline: ServiceUpdate_Primary@OAMServer.Primary (reported by Surveillance ) #  # 517 # 82208587 # com.appium.impl.core.xee.XProcessImpl # localhost # XContainer.XTE@localhost.0
2006-11-08 21.57.14 # Warning  # objectOffline # Object offline: StatusInfoAccess_Primary@OAMServer.Primary (reported by Surveillance ) #  # 517 # 82208588 # com.appium.impl.core.xee.XProcessImpl # localhost # XContainer.XTE@localhost.0
2006-11-08 21.57.15 # Warning  # objectOffline # Object offline: TraceReceiver_Primary@OAMServer.Primary (reported by Surveillance ) #  # 517 # 82208589 # com.appium.impl.core.xee.XProcessImpl # localhost # XContainer.XTE@localhost.0
2006-11-08 21.57.16 # Warning  # objectOffline # Object offline: XNodeDatabase_Primary@OAMServer.Primary (reported by Surveillance ) #  # 517 # 82208590 # com.appium.impl.core.xee.XProcessImpl # localhost # XContainer.XTE@localhost.0
2006-11-08 21.57.17 # Warning  # objectOffline # Object offline: XTransport_Primary@OAMServer.Primary (reported by Surveillance ) #  # 517 # 82208591 # com.appium.impl.core.xee.XProcessImpl # localhost # XContainer.XTE@localhost.0
